./ci/test_run_all.sh
Setting specific values in env
Fallback to default values in env (if not yet set)
CCACHE_TEMPDIR=/tmp/.ccache-temp
BASE_OUTDIR=/tmp/cirrus-ci-build/ci/scratch/out/x86_64-pc-linux-gnu
TSAN_OPTIONS=suppressions=/tmp/cirrus-ci-build/test/sanitizer_suppressions/tsan:halt_on_error=1:log_path=/tmp/cirrus-ci-build/ci/scratch/sanitizer-output/tsan
CCACHE_SIZE=200M
CCACHE_DIR=/tmp/ccache_dir
BASE_BUILD_DIR=/tmp/cirrus-ci-build/ci/scratch/build
BASE_ROOT_DIR=/tmp/cirrus-ci-build
CCACHE_COMPRESS=1
ASAN_OPTIONS=detect_stack_use_after_return=1:check_initialization_order=1:strict_init_order=1
LSAN_OPTIONS=suppressions=/tmp/cirrus-ci-build/test/sanitizer_suppressions/lsan
BOOST_TEST_RANDOM=1
BITCOIN_CONFIG=-DWITH_ZMQ=ON -DCMAKE_CXX_FLAGS='-DARENA_DEBUG -DDEBUG_LOCKORDER -DDEBUG_LOCKCONTENTION -g' -DSANITIZERS=thread
UBSAN_OPTIONS=suppressions=/tmp/cirrus-ci-build/test/sanitizer_suppressions/ubsan:print_stacktrace=1:halt_on_error=1:report_error_type=1
BASE_SCRATCH_DIR=/tmp/cirrus-ci-build/ci/scratch
CCACHE_NOHASHDIR=1
LC_ALL=C.UTF-8
PREVIOUS_RELEASES_DIR=/tmp/cirrus-ci-build/releases/x86_64-pc-linux-gnu
DEBIAN_FRONTEND=noninteractive
Running on host system without docker wrapper
Hit:1 http://archive.ubuntu.com/ubuntu jammy InRelease
Hit:2 http://security.ubuntu.com/ubuntu jammy-security InRelease
Hit:3 http://archive.ubuntu.com/ubuntu jammy-updates InRelease
Hit:4 http://archive.ubuntu.com/ubuntu jammy-backports InRelease
Reading package lists...
Reading package lists...
Building dependency tree...
Reading state information...
Skipping ca-certificates, it is already installed and upgrade is not set.
ca-certificates set to manually installed.
Skipping procps, it is already installed and upgrade is not set.
Skipping git, it is already installed and upgrade is not set.
The following additional packages will be installed:
  autoconf binutils binutils-common binutils-x86-64-linux-gnu bsdextrautils
  bzip2 cmake-data cpp cpp-11 dh-elpa-helper dpkg-dev emacsen-common file g++
  g++-11 gcc gcc-11 gcc-11-base lib32gcc-s1 lib32stdc++6 libarchive13 libasan6
  libatomic1 libbinutils libc++1-13 libc++abi1-13 libc-dev-bin libc6-dev
  libc6-i386 libcc1-0 libclang-common-13-dev libclang-cpp13 libclang1-13
  libcrypt-dev libctf-nobfd0 libctf0 libcurl4 libdpkg-perl libgc1
  libgcc-11-dev libglib2.0-0 libgomp1 libhiredis0.14 libicu70 libisl23 libitm1
  libjsoncpp25 libllvm13 liblsan0 libmagic-mgc libmagic1 libmpc3 libmpdec3
  libmpfr6 libnorm1 libnsl-dev libobjc-11-dev libobjc4 libpfm4 libpgm-5.3-0
  libpopt0 libpython3-stdlib libpython3.10-minimal libpython3.10-stdlib
  libquadmath0 libreadline8 librhash0 libsigsegv2 libsodium23 libsqlite3-0
  libstdc++-11-dev libtirpc-dev libtsan0 libubsan1 libunwind-13
  libunwind-13-dev libuv1 libxml2 libzmq5 linux-libc-dev llvm-13-linker-tools
  llvm-13-runtime lto-disabled-list m4 make media-types ncal
  python3-cffi-backend python3-minimal python3-pkg-resources python3-py
  python3.10 python3.10-minimal readline-common rpcsvc-proto xz-utils
Suggested packages:
  autoconf-archive gnu-standards autoconf-doc gettext binutils-doc bison-doc
  calendar whois vacation mailutils bzip2-doc distcc | icecc clang-13-doc
  cmake-doc ninja-build cmake-format cpp-doc gcc-11-locales debian-keyring
  g++-multilib g++-11-multilib gcc-11-doc gcc-multilib manpages-dev flex gdb
  gcc-doc gcc-11-multilib lrzip clang glibc-doc gnupg bzr libstdc++-11-doc
  libtool-doc gfortran | fortran95-compiler gcj-jdk llvm-13-doc m4-doc
  make-doc python3-doc python3-tk python3-venv python3-setuptools subversion
  python3-pytest python3.10-venv python3.10-doc binfmt-support readline-doc
  openssh-server
Recommended packages:
  llvm-13-dev fakeroot gnupg libalgorithm-merge-perl manpages manpages-dev
  libc-devtools libfile-fcntllock-perl liblocale-gettext-perl libglib2.0-data
  shared-mime-info xdg-user-dirs libltdl-dev binfmt-support
The following NEW packages will be installed:
  autoconf automake autotools-dev binutils binutils-common
  binutils-x86-64-linux-gnu bison bsdextrautils bsdmainutils build-essential
  bzip2 ccache clang-13 cmake cmake-data cpp cpp-11 curl dh-elpa-helper
  dpkg-dev emacsen-common file g++ g++-11 gcc gcc-11 gcc-11-base lib32gcc-s1
  lib32stdc++6 libarchive13 libasan6 libatomic1 libbinutils libc++-13-dev
  libc++1-13 libc++abi-13-dev libc++abi1-13 libc-dev-bin libc6-dev libc6-i386
  libcc1-0 libclang-common-13-dev libclang-cpp13 libclang1-13 libcrypt-dev
  libctf-nobfd0 libctf0 libcurl4 libdpkg-perl libgc1 libgcc-11-dev
  libglib2.0-0 libgomp1 libhiredis0.14 libicu70 libisl23 libitm1 libjsoncpp25
  libllvm13 liblsan0 libmagic-mgc libmagic1 libmpc3 libmpdec3 libmpfr6
  libnorm1 libnsl-dev libobjc-11-dev libobjc4 libpfm4 libpgm-5.3-0 libpopt0
  libpython3-stdlib libpython3.10-minimal libpython3.10-stdlib libquadmath0
  libreadline8 librhash0 libsigsegv2 libsodium23 libsqlite3-0 libstdc++-11-dev
  libtirpc-dev libtool libtsan0 libubsan1 libunwind-13 libunwind-13-dev libuv1
  libxml2 libzmq5 linux-libc-dev llvm-13 llvm-13-linker-tools llvm-13-runtime
  lto-disabled-list m4 make media-types ncal pkg-config python3
  python3-cffi-backend python3-minimal python3-pkg-resources python3-py
  python3-zmq python3.10 python3.10-minimal readline-common rpcsvc-proto rsync
  xz-utils
0 upgraded, 113 newly installed, 0 to remove and 0 not upgraded.
Need to get 162 MB of archives.
After this operation, 688 MB of additional disk space will be used.
Get:1 http://archive.ubuntu.com/ubuntu jammy-updates/main amd64 libpython3.10-minimal amd64 3.10.6-1~22.04.1 [810 kB]
Get:2 http://archive.ubuntu.com/ubuntu jammy-updates/main amd64 python3.10-minimal amd64 3.10.6-1~22.04.1 [2263 kB]
Get:3 http://archive.ubuntu.com/ubuntu jammy-updates/main amd64 python3-minimal amd64 3.10.6-1~22.04 [24.3 kB]
Get:4 http://archive.ubuntu.com/ubuntu jammy/main amd64 media-types all 7.0.0 [25.5 kB]
Get:5 http://archive.ubuntu.com/ubuntu jammy/main amd64 libmpdec3 amd64 2.5.1-2build2 [86.8 kB]
Get:6 http://archive.ubuntu.com/ubuntu jammy/main amd64 readline-common all 8.1.2-1 [53.5 kB]
Get:7 http://archive.ubuntu.com/ubuntu jammy/main amd64 libreadline8 amd64 8.1.2-1 [153 kB]
Get:8 http://archive.ubuntu.com/ubuntu jammy-updates/main amd64 libsqlite3-0 amd64 3.37.2-2ubuntu0.1 [641 kB]
Get:9 http://archive.ubuntu.com/ubuntu jammy-updates/main amd64 libpython3.10-stdlib amd64 3.10.6-1~22.04.1 [1831 kB]
Get:10 http://archive.ubuntu.com/ubuntu jammy-updates/main amd64 python3.10 amd64 3.10.6-1~22.04.1 [497 kB]
Get:11 http://archive.ubuntu.com/ubuntu jammy-updates/main amd64 libpython3-stdlib amd64 3.10.6-1~22.04 [6910 B]
Get:12 http://archive.ubuntu.com/ubuntu jammy-updates/main amd64 python3 amd64 3.10.6-1~22.04 [22.8 kB]
Get:13 http://archive.ubuntu.com/ubuntu jammy/main amd64 libpopt0 amd64 1.18-3build1 [28.2 kB]
Get:14 http://archive.ubuntu.com/ubuntu jammy-updates/main amd64 rsync amd64 3.2.3-8ubuntu3.1 [404 kB]
Get:15 http://archive.ubuntu.com/ubuntu jammy/main amd64 libglib2.0-0 amd64 2.72.1-1 [1460 kB]
Get:16 http://archive.ubuntu.com/ubuntu jammy/main amd64 libicu70 amd64 70.1-2 [10.6 MB]
Get:17 http://archive.ubuntu.com/ubuntu jammy-updates/main amd64 libxml2 amd64 2.9.13+dfsg-1ubuntu0.1 [763 kB]
Get:18 http://archive.ubuntu.com/ubuntu jammy/main amd64 python3-pkg-resources all 59.6.0-1.2 [132 kB]
Get:19 http://archive.ubuntu.com/ubuntu jammy/main amd64 bsdextrautils amd64 2.37.2-4ubuntu3 [71.1 kB]
Get:20 http://archive.ubuntu.com/ubuntu jammy/main amd64 libmagic-mgc amd64 1:5.41-3 [257 kB]
Get:21 http://archive.ubuntu.com/ubuntu jammy/main amd64 libmagic1 amd64 1:5.41-3 [87.2 kB]
Get:22 http://archive.ubuntu.com/ubuntu jammy/main amd64 file amd64 1:5.41-3 [21.5 kB]
Get:23 http://archive.ubuntu.com/ubuntu jammy/main amd64 libuv1 amd64 1.43.0-1 [93.1 kB]
Get:24 http://archive.ubuntu.com/ubuntu jammy/main amd64 xz-utils amd64 5.2.5-2ubuntu1 [84.8 kB]
Get:25 http://archive.ubuntu.com/ubuntu jammy/main amd64 libsigsegv2 amd64 2.13-1ubuntu3 [14.6 kB]
Get:26 http://archive.ubuntu.com/ubuntu jammy/main amd64 m4 amd64 1.4.18-5ubuntu2 [199 kB]
Get:27 http://archive.ubuntu.com/ubuntu jammy/main amd64 autoconf all 2.71-2 [338 kB]
Get:28 http://archive.ubuntu.com/ubuntu jammy/main amd64 autotools-dev all 20220109.1 [44.9 kB]
Get:29 http://archive.ubuntu.com/ubuntu jammy/main amd64 automake all 1:1.16.5-1.3 [558 kB]
Get:30 http://archive.ubuntu.com/ubuntu jammy-updates/main amd64 binutils-common amd64 2.38-4ubuntu2 [221 kB]
Get:31 http://archive.ubuntu.com/ubuntu jammy-updates/main amd64 libbinutils amd64 2.38-4ubuntu2 [661 kB]
Get:32 http://archive.ubuntu.com/ubuntu jammy-updates/main amd64 libctf-nobfd0 amd64 2.38-4ubuntu2 [107 kB]
Get:33 http://archive.ubuntu.com/ubuntu jammy-updates/main amd64 libctf0 amd64 2.38-4ubuntu2 [103 kB]
Get:34 http://archive.ubuntu.com/ubuntu jammy-updates/main amd64 binutils-x86-64-linux-gnu amd64 2.38-4ubuntu2 [2328 kB]
Get:35 http://archive.ubuntu.com/ubuntu jammy-updates/main amd64 binutils amd64 2.38-4ubuntu2 [3198 B]
Get:36 http://archive.ubuntu.com/ubuntu jammy/main amd64 bison amd64 2:3.8.2+dfsg-1build1 [748 kB]
Get:37 http://archive.ubuntu.com/ubuntu jammy/universe amd64 ncal amd64 12.1.7+nmu3ubuntu2 [20.2 kB]
Get:38 http://archive.ubuntu.com/ubuntu jammy/universe amd64 bsdmainutils all 12.1.7+nmu3ubuntu2 [3170 B]
Get:39 http://archive.ubuntu.com/ubuntu jammy-updates/main amd64 libc-dev-bin amd64 2.35-0ubuntu3.1 [20.4 kB]
Get:40 http://archive.ubuntu.com/ubuntu jammy-updates/main amd64 linux-libc-dev amd64 5.15.0-53.59 [1344 kB]
Get:41 http://archive.ubuntu.com/ubuntu jammy/main amd64 libcrypt-dev amd64 1:4.4.27-1 [112 kB]
Get:42 http://archive.ubuntu.com/ubuntu jammy/main amd64 rpcsvc-proto amd64 1.4.2-0ubuntu6 [68.5 kB]
Get:43 http://archive.ubuntu.com/ubuntu jammy-updates/main amd64 libtirpc-dev amd64 1.3.2-2ubuntu0.1 [192 kB]
Get:44 http://archive.ubuntu.com/ubuntu jammy/main amd64 libnsl-dev amd64 1.3.0-2build2 [71.3 kB]
Get:45 http://archive.ubuntu.com/ubuntu jammy-updates/main amd64 libc6-dev amd64 2.35-0ubuntu3.1 [2099 kB]
Get:46 http://archive.ubuntu.com/ubuntu jammy-updates/main amd64 gcc-11-base amd64 11.3.0-1ubuntu1~22.04 [20.8 kB]
Get:47 http://archive.ubuntu.com/ubuntu jammy/main amd64 libisl23 amd64 0.24-2build1 [727 kB]
Get:48 http://archive.ubuntu.com/ubuntu jammy/main amd64 libmpfr6 amd64 4.1.0-3build3 [1425 kB]
Get:49 http://archive.ubuntu.com/ubuntu jammy/main amd64 libmpc3 amd64 1.2.1-2build1 [46.9 kB]
Get:50 http://archive.ubuntu.com/ubuntu jammy-updates/main amd64 cpp-11 amd64 11.3.0-1ubuntu1~22.04 [9967 kB]
Get:51 http://archive.ubuntu.com/ubuntu jammy/main amd64 cpp amd64 4:11.2.0-1ubuntu1 [27.7 kB]
Get:52 http://archive.ubuntu.com/ubuntu jammy-updates/main amd64 libcc1-0 amd64 12.1.0-2ubuntu1~22.04 [47.4 kB]
Get:53 http://archive.ubuntu.com/ubuntu jammy-updates/main amd64 libgomp1 amd64 12.1.0-2ubuntu1~22.04 [126 kB]
Get:54 http://archive.ubuntu.com/ubuntu jammy-updates/main amd64 libitm1 amd64 12.1.0-2ubuntu1~22.04 [30.2 kB]
Get:55 http://archive.ubuntu.com/ubuntu jammy-updates/main amd64 libatomic1 amd64 12.1.0-2ubuntu1~22.04 [10.4 kB]
Get:56 http://archive.ubuntu.com/ubuntu jammy-updates/main amd64 libasan6 amd64 11.3.0-1ubuntu1~22.04 [2284 kB]
Get:57 http://archive.ubuntu.com/ubuntu jammy-updates/main amd64 liblsan0 amd64 12.1.0-2ubuntu1~22.04 [1069 kB]
Get:58 http://archive.ubuntu.com/ubuntu jammy-updates/main amd64 libtsan0 amd64 11.3.0-1ubuntu1~22.04 [2262 kB]
Get:59 http://archive.ubuntu.com/ubuntu jammy-updates/main amd64 libubsan1 amd64 12.1.0-2ubuntu1~22.04 [976 kB]
Get:60 http://archive.ubuntu.com/ubuntu jammy-updates/main amd64 libquadmath0 amd64 12.1.0-2ubuntu1~22.04 [154 kB]
Get:61 http://archive.ubuntu.com/ubuntu jammy-updates/main amd64 libgcc-11-dev amd64 11.3.0-1ubuntu1~22.04 [2517 kB]
Get:62 http://archive.ubuntu.com/ubuntu jammy-updates/main amd64 gcc-11 amd64 11.3.0-1ubuntu1~22.04 [20.1 MB]
Get:63 http://archive.ubuntu.com/ubuntu jammy/main amd64 gcc amd64 4:11.2.0-1ubuntu1 [5112 B]
Get:64 http://archive.ubuntu.com/ubuntu jammy-updates/main amd64 libstdc++-11-dev amd64 11.3.0-1ubuntu1~22.04 [2087 kB]
Get:65 http://archive.ubuntu.com/ubuntu jammy-updates/main amd64 g++-11 amd64 11.3.0-1ubuntu1~22.04 [11.4 MB]
Get:66 http://archive.ubuntu.com/ubuntu jammy/main amd64 g++ amd64 4:11.2.0-1ubuntu1 [1412 B]
Get:67 http://archive.ubuntu.com/ubuntu jammy/main amd64 make amd64 4.3-4.1build1 [180 kB]
Get:68 http://archive.ubuntu.com/ubuntu jammy-updates/main amd64 libdpkg-perl all 1.21.1ubuntu2.1 [237 kB]
Get:69 http://archive.ubuntu.com/ubuntu jammy/main amd64 bzip2 amd64 1.0.8-5build1 [34.8 kB]
Get:70 http://archive.ubuntu.com/ubuntu jammy/main amd64 lto-disabled-list all 24 [12.5 kB]
Get:71 http://archive.ubuntu.com/ubuntu jammy-updates/main amd64 dpkg-dev all 1.21.1ubuntu2.1 [922 kB]
Get:72 http://archive.ubuntu.com/ubuntu jammy/main amd64 build-essential amd64 12.9ubuntu3 [4744 B]
Get:73 http://archive.ubuntu.com/ubuntu jammy/universe amd64 libhiredis0.14 amd64 0.14.1-2 [32.8 kB]
Get:74 http://archive.ubuntu.com/ubuntu jammy/universe amd64 ccache amd64 4.5.1-1 [495 kB]
Get:75 http://archive.ubuntu.com/ubuntu jammy-updates/main amd64 libllvm13 amd64 1:13.0.1-2ubuntu2.1 [22.2 MB]
Get:76 http://archive.ubuntu.com/ubuntu jammy-updates/main amd64 libclang-cpp13 amd64 1:13.0.1-2ubuntu2.1 [11.8 MB]
Get:77 http://archive.ubuntu.com/ubuntu jammy/main amd64 libgc1 amd64 1:8.0.6-1.1build1 [96.8 kB]
Get:78 http://archive.ubuntu.com/ubuntu jammy-updates/universe amd64 libobjc4 amd64 12.1.0-2ubuntu1~22.04 [48.7 kB]
Get:79 http://archive.ubuntu.com/ubuntu jammy-updates/universe amd64 libobjc-11-dev amd64 11.3.0-1ubuntu1~22.04 [196 kB]
Get:80 http://archive.ubuntu.com/ubuntu jammy-updates/main amd64 libc6-i386 amd64 2.35-0ubuntu3.1 [2837 kB]
Get:81 http://archive.ubuntu.com/ubuntu jammy-updates/main amd64 lib32gcc-s1 amd64 12.1.0-2ubuntu1~22.04 [64.5 kB]
Get:82 http://archive.ubuntu.com/ubuntu jammy-updates/main amd64 lib32stdc++6 amd64 12.1.0-2ubuntu1~22.04 [737 kB]
Get:83 http://archive.ubuntu.com/ubuntu jammy-updates/universe amd64 libclang-common-13-dev amd64 1:13.0.1-2ubuntu2.1 [5788 kB]
Get:84 http://archive.ubuntu.com/ubuntu jammy-updates/main amd64 llvm-13-linker-tools amd64 1:13.0.1-2ubuntu2.1 [1313 kB]
Get:85 http://archive.ubuntu.com/ubuntu jammy-updates/universe amd64 libclang1-13 amd64 1:13.0.1-2ubuntu2.1 [6879 kB]
Get:86 http://archive.ubuntu.com/ubuntu jammy-updates/universe amd64 clang-13 amd64 1:13.0.1-2ubuntu2.1 [80.3 kB]
Get:87 http://archive.ubuntu.com/ubuntu jammy/main amd64 libarchive13 amd64 3.6.0-1ubuntu1 [368 kB]
Get:88 http://archive.ubuntu.com/ubuntu jammy-updates/main amd64 libcurl4 amd64 7.81.0-1ubuntu1.6 [290 kB]
Get:89 http://archive.ubuntu.com/ubuntu jammy/main amd64 libjsoncpp25 amd64 1.9.5-3 [80.0 kB]
Get:90 http://archive.ubuntu.com/ubuntu jammy/main amd64 librhash0 amd64 1.4.2-1ubuntu1 [125 kB]
Get:91 http://archive.ubuntu.com/ubuntu jammy/main amd64 dh-elpa-helper all 2.0.9ubuntu1 [7610 B]
Get:92 http://archive.ubuntu.com/ubuntu jammy/main amd64 emacsen-common all 3.0.4 [14.9 kB]
Get:93 http://archive.ubuntu.com/ubuntu jammy-updates/main amd64 cmake-data all 3.22.1-1ubuntu1.22.04.1 [1913 kB]
Get:94 http://archive.ubuntu.com/ubuntu jammy-updates/main amd64 cmake amd64 3.22.1-1ubuntu1.22.04.1 [5013 kB]
Get:95 http://archive.ubuntu.com/ubuntu jammy-updates/main amd64 curl amd64 7.81.0-1ubuntu1.6 [194 kB]
Get:96 http://archive.ubuntu.com/ubuntu jammy-updates/main amd64 libunwind-13 amd64 1:13.0.1-2ubuntu2.1 [20.9 kB]
Get:97 http://archive.ubuntu.com/ubuntu jammy-updates/universe amd64 libc++abi1-13 amd64 1:13.0.1-2ubuntu2.1 [68.4 kB]
Get:98 http://archive.ubuntu.com/ubuntu jammy-updates/universe amd64 libc++1-13 amd64 1:13.0.1-2ubuntu2.1 [236 kB]
Get:99 http://archive.ubuntu.com/ubuntu jammy-updates/main amd64 libunwind-13-dev amd64 1:13.0.1-2ubuntu2.1 [37.4 kB]
Get:100 http://archive.ubuntu.com/ubuntu jammy-updates/universe amd64 libc++-13-dev amd64 1:13.0.1-2ubuntu2.1 [844 kB]
Get:101 http://archive.ubuntu.com/ubuntu jammy-updates/universe amd64 libc++abi-13-dev amd64 1:13.0.1-2ubuntu2.1 [93.5 kB]
Get:102 http://archive.ubuntu.com/ubuntu jammy/universe amd64 libnorm1 amd64 1.5.9+dfsg-2 [221 kB]
Get:103 http://archive.ubuntu.com/ubuntu jammy/universe amd64 libpgm-5.3-0 amd64 5.3.128~dfsg-2 [161 kB]
Get:104 http://archive.ubuntu.com/ubuntu jammy/main amd64 libsodium23 amd64 1.0.18-1build2 [164 kB]
Get:105 http://archive.ubuntu.com/ubuntu jammy/main amd64 libtool all 2.4.6-15build2 [164 kB]
Get:106 http://archive.ubuntu.com/ubuntu jammy/universe amd64 libzmq5 amd64 4.3.4-2 [256 kB]
Get:107 http://archive.ubuntu.com/ubuntu jammy-updates/main amd64 llvm-13-runtime amd64 1:13.0.1-2ubuntu2.1 [233 kB]
Get:108 http://archive.ubuntu.com/ubuntu jammy/main amd64 libpfm4 amd64 4.11.1+git32-gd0b85fb-1 [278 kB]
Get:109 http://archive.ubuntu.com/ubuntu jammy-updates/main amd64 llvm-13 amd64 1:13.0.1-2ubuntu2.1 [11.9 MB]
Get:110 http://archive.ubuntu.com/ubuntu jammy/main amd64 pkg-config amd64 0.29.2-1ubuntu3 [48.2 kB]
Get:111 http://archive.ubuntu.com/ubuntu jammy/main amd64 python3-cffi-backend amd64 1.15.0-1build2 [77.4 kB]
Get:112 http://archive.ubuntu.com/ubuntu jammy/universe amd64 python3-py all 1.10.0-1 [71.9 kB]
Get:113 http://archive.ubuntu.com/ubuntu jammy/universe amd64 python3-zmq amd64 22.3.0-1build1 [283 kB]
debconf: delaying package configuration, since apt-utils is not installed
Fetched 162 MB in 3s (52.2 MB/s)
Selecting previously unselected package libpython3.10-minimal:amd64.
(Reading database ... (Reading database ... 5%(Reading database ... 10%(Reading database ... 15%(Reading database ... 20%(Reading database ... 25%(Reading database ... 30%(Reading database ... 35%(Reading database ... 40%(Reading database ... 45%(Reading database ... 50%(Reading database ... 55%(Reading database ... 60%(Reading database ... 65%(Reading database ... 70%(Reading database ... 75%(Reading database ... 80%(Reading database ... 85%(Reading database ... 90%(Reading database ... 95%(Reading database ... 100%(Reading database ... 8352 files and directories currently installed.)
Preparing to unpack .../libpython3.10-minimal_3.10.6-1~22.04.1_amd64.deb ...
Unpacking libpython3.10-minimal:amd64 (3.10.6-1~22.04.1) ...
Selecting previously unselected package python3.10-minimal.
Preparing to unpack .../python3.10-minimal_3.10.6-1~22.04.1_amd64.deb ...
Unpacking python3.10-minimal (3.10.6-1~22.04.1) ...
Setting up libpython3.10-minimal:amd64 (3.10.6-1~22.04.1) ...
Setting up python3.10-minimal (3.10.6-1~22.04.1) ...
Selecting previously unselected package python3-minimal.
(Reading database ... (Reading database ... 5%(Reading database ... 10%(Reading database ... 15%(Reading database ... 20%(Reading database ... 25%(Reading database ... 30%(Reading database ... 35%(Reading database ... 40%(Reading database ... 45%(Reading database ... 50%(Reading database ... 55%(Reading database ... 60%(Reading database ... 65%(Reading database ... 70%(Reading database ... 75%(Reading database ... 80%(Reading database ... 85%(Reading database ... 90%(Reading database ... 95%(Reading database ... 100%(Reading database ... 8646 files and directories currently installed.)
Preparing to unpack .../0-python3-minimal_3.10.6-1~22.04_amd64.deb ...
Unpacking python3-minimal (3.10.6-1~22.04) ...
Selecting previously unselected package media-types.
Preparing to unpack .../1-media-types_7.0.0_all.deb ...
Unpacking media-types (7.0.0) ...
Selecting previously unselected package libmpdec3:amd64.
Preparing to unpack .../2-libmpdec3_2.5.1-2build2_amd64.deb ...
Unpacking libmpdec3:amd64 (2.5.1-2build2) ...
Selecting previously unselected package readline-common.
Preparing to unpack .../3-readline-common_8.1.2-1_all.deb ...
Unpacking readline-common (8.1.2-1) ...
Selecting previously unselected package libreadline8:amd64.
Preparing to unpack .../4-libreadline8_8.1.2-1_amd64.deb ...
Unpacking libreadline8:amd64 (8.1.2-1) ...
Selecting previously unselected package libsqlite3-0:amd64.
Preparing to unpack .../5-libsqlite3-0_3.37.2-2ubuntu0.1_amd64.deb ...
Unpacking libsqlite3-0:amd64 (3.37.2-2ubuntu0.1) ...
Selecting previously unselected package libpython3.10-stdlib:amd64.
Preparing to unpack .../6-libpython3.10-stdlib_3.10.6-1~22.04.1_amd64.deb ...
Unpacking libpython3.10-stdlib:amd64 (3.10.6-1~22.04.1) ...
Selecting previously unselected package python3.10.
Preparing to unpack .../7-python3.10_3.10.6-1~22.04.1_amd64.deb ...
Unpacking python3.10 (3.10.6-1~22.04.1) ...
Selecting previously unselected package libpython3-stdlib:amd64.
Preparing to unpack .../8-libpython3-stdlib_3.10.6-1~22.04_amd64.deb ...
Unpacking libpython3-stdlib:amd64 (3.10.6-1~22.04) ...
Setting up python3-minimal (3.10.6-1~22.04) ...
Selecting previously unselected package python3.
(Reading database ... (Reading database ... 5%(Reading database ... 10%(Reading database ... 15%(Reading database ... 20%(Reading database ... 25%(Reading database ... 30%(Reading database ... 35%(Reading database ... 40%(Reading database ... 45%(Reading database ... 50%(Reading database ... 55%(Reading database ... 60%(Reading database ... 65%(Reading database ... 70%(Reading database ... 75%(Reading database ... 80%(Reading database ... 85%(Reading database ... 90%(Reading database ... 95%(Reading database ... 100%(Reading database ... 9075 files and directories currently installed.)
Preparing to unpack .../000-python3_3.10.6-1~22.04_amd64.deb ...
Unpacking python3 (3.10.6-1~22.04) ...
Selecting previously unselected package libpopt0:amd64.
Preparing to unpack .../001-libpopt0_1.18-3build1_amd64.deb ...
Unpacking libpopt0:amd64 (1.18-3build1) ...
Selecting previously unselected package rsync.
Preparing to unpack .../002-rsync_3.2.3-8ubuntu3.1_amd64.deb ...
Unpacking rsync (3.2.3-8ubuntu3.1) ...
Selecting previously unselected package libglib2.0-0:amd64.
Preparing to unpack .../003-libglib2.0-0_2.72.1-1_amd64.deb ...
Unpacking libglib2.0-0:amd64 (2.72.1-1) ...
Selecting previously unselected package libicu70:amd64.
Preparing to unpack .../004-libicu70_70.1-2_amd64.deb ...
Unpacking libicu70:amd64 (70.1-2) ...
Selecting previously unselected package libxml2:amd64.
Preparing to unpack .../005-libxml2_2.9.13+dfsg-1ubuntu0.1_amd64.deb ...
Unpacking libxml2:amd64 (2.9.13+dfsg-1ubuntu0.1) ...
Selecting previously unselected package python3-pkg-resources.
Preparing to unpack .../006-python3-pkg-resources_59.6.0-1.2_all.deb ...
Unpacking python3-pkg-resources (59.6.0-1.2) ...
Selecting previously unselected package bsdextrautils.
Preparing to unpack .../007-bsdextrautils_2.37.2-4ubuntu3_amd64.deb ...
Unpacking bsdextrautils (2.37.2-4ubuntu3) ...
Selecting previously unselected package libmagic-mgc.
Preparing to unpack .../008-libmagic-mgc_1%3a5.41-3_amd64.deb ...
Unpacking libmagic-mgc (1:5.41-3) ...
Selecting previously unselected package libmagic1:amd64.
Preparing to unpack .../009-libmagic1_1%3a5.41-3_amd64.deb ...
Unpacking libmagic1:amd64 (1:5.41-3) ...
Selecting previously unselected package file.
Preparing to unpack .../010-file_1%3a5.41-3_amd64.deb ...
Unpacking file (1:5.41-3) ...
Selecting previously unselected package libuv1:amd64.
Preparing to unpack .../011-libuv1_1.43.0-1_amd64.deb ...
Unpacking libuv1:amd64 (1.43.0-1) ...
Selecting previously unselected package xz-utils.
Preparing to unpack .../012-xz-utils_5.2.5-2ubuntu1_amd64.deb ...
Unpacking xz-utils (5.2.5-2ubuntu1) ...
Selecting previously unselected package libsigsegv2:amd64.
Preparing to unpack .../013-libsigsegv2_2.13-1ubuntu3_amd64.deb ...
Unpacking libsigsegv2:amd64 (2.13-1ubuntu3) ...
Selecting previously unselected package m4.
Preparing to unpack .../014-m4_1.4.18-5ubuntu2_amd64.deb ...
Unpacking m4 (1.4.18-5ubuntu2) ...
Selecting previously unselected package autoconf.
Preparing to unpack .../015-autoconf_2.71-2_all.deb ...
Unpacking autoconf (2.71-2) ...
Selecting previously unselected package autotools-dev.
Preparing to unpack .../016-autotools-dev_20220109.1_all.deb ...
Unpacking autotools-dev (20220109.1) ...
Selecting previously unselected package automake.
Preparing to unpack .../017-automake_1%3a1.16.5-1.3_all.deb ...
Unpacking automake (1:1.16.5-1.3) ...
Selecting previously unselected package binutils-common:amd64.
Preparing to unpack .../018-binutils-common_2.38-4ubuntu2_amd64.deb ...
Unpacking binutils-common:amd64 (2.38-4ubuntu2) ...
Selecting previously unselected package libbinutils:amd64.
Preparing to unpack .../019-libbinutils_2.38-4ubuntu2_amd64.deb ...
Unpacking libbinutils:amd64 (2.38-4ubuntu2) ...
Selecting previously unselected package libctf-nobfd0:amd64.
Preparing to unpack .../020-libctf-nobfd0_2.38-4ubuntu2_amd64.deb ...
Unpacking libctf-nobfd0:amd64 (2.38-4ubuntu2) ...
Selecting previously unselected package libctf0:amd64.
Preparing to unpack .../021-libctf0_2.38-4ubuntu2_amd64.deb ...
Unpacking libctf0:amd64 (2.38-4ubuntu2) ...
Selecting previously unselected package binutils-x86-64-linux-gnu.
Preparing to unpack .../022-binutils-x86-64-linux-gnu_2.38-4ubuntu2_amd64.deb ...
Unpacking binutils-x86-64-linux-gnu (2.38-4ubuntu2) ...
Selecting previously unselected package binutils.
Preparing to unpack .../023-binutils_2.38-4ubuntu2_amd64.deb ...
Unpacking binutils (2.38-4ubuntu2) ...
Selecting previously unselected package bison.
Preparing to unpack .../024-bison_2%3a3.8.2+dfsg-1build1_amd64.deb ...
Unpacking bison (2:3.8.2+dfsg-1build1) ...
Selecting previously unselected package ncal.
Preparing to unpack .../025-ncal_12.1.7+nmu3ubuntu2_amd64.deb ...
Unpacking ncal (12.1.7+nmu3ubuntu2) ...
Selecting previously unselected package bsdmainutils.
Preparing to unpack .../026-bsdmainutils_12.1.7+nmu3ubuntu2_all.deb ...
Unpacking bsdmainutils (12.1.7+nmu3ubuntu2) ...
Selecting previously unselected package libc-dev-bin.
Preparing to unpack .../027-libc-dev-bin_2.35-0ubuntu3.1_amd64.deb ...
Unpacking libc-dev-bin (2.35-0ubuntu3.1) ...
Selecting previously unselected package linux-libc-dev:amd64.
Preparing to unpack .../028-linux-libc-dev_5.15.0-53.59_amd64.deb ...
Unpacking linux-libc-dev:amd64 (5.15.0-53.59) ...
Selecting previously unselected package libcrypt-dev:amd64.
Preparing to unpack .../029-libcrypt-dev_1%3a4.4.27-1_amd64.deb ...
Unpacking libcrypt-dev:amd64 (1:4.4.27-1) ...
Selecting previously unselected package rpcsvc-proto.
Preparing to unpack .../030-rpcsvc-proto_1.4.2-0ubuntu6_amd64.deb ...
Unpacking rpcsvc-proto (1.4.2-0ubuntu6) ...
Selecting previously unselected package libtirpc-dev:amd64.
Preparing to unpack .../031-libtirpc-dev_1.3.2-2ubuntu0.1_amd64.deb ...
Unpacking libtirpc-dev:amd64 (1.3.2-2ubuntu0.1) ...
Selecting previously unselected package libnsl-dev:amd64.
Preparing to unpack .../032-libnsl-dev_1.3.0-2build2_amd64.deb ...
Unpacking libnsl-dev:amd64 (1.3.0-2build2) ...
Selecting previously unselected package libc6-dev:amd64.
Preparing to unpack .../033-libc6-dev_2.35-0ubuntu3.1_amd64.deb ...
Unpacking libc6-dev:amd64 (2.35-0ubuntu3.1) ...
Selecting previously unselected package gcc-11-base:amd64.
Preparing to unpack .../034-gcc-11-base_11.3.0-1ubuntu1~22.04_amd64.deb ...
Unpacking gcc-11-base:amd64 (11.3.0-1ubuntu1~22.04) ...
Selecting previously unselected package libisl23:amd64.
Preparing to unpack .../035-libisl23_0.24-2build1_amd64.deb ...
Unpacking libisl23:amd64 (0.24-2build1) ...
Selecting previously unselected package libmpfr6:amd64.
Preparing to unpack .../036-libmpfr6_4.1.0-3build3_amd64.deb ...
Unpacking libmpfr6:amd64 (4.1.0-3build3) ...
Selecting previously unselected package libmpc3:amd64.
Preparing to unpack .../037-libmpc3_1.2.1-2build1_amd64.deb ...
Unpacking libmpc3:amd64 (1.2.1-2build1) ...
Selecting previously unselected package cpp-11.
Preparing to unpack .../038-cpp-11_11.3.0-1ubuntu1~22.04_amd64.deb ...
Unpacking cpp-11 (11.3.0-1ubuntu1~22.04) ...
Selecting previously unselected package cpp.
Preparing to unpack .../039-cpp_4%3a11.2.0-1ubuntu1_amd64.deb ...
Unpacking cpp (4:11.2.0-1ubuntu1) ...
Selecting previously unselected package libcc1-0:amd64.
Preparing to unpack .../040-libcc1-0_12.1.0-2ubuntu1~22.04_amd64.deb ...
Unpacking libcc1-0:amd64 (12.1.0-2ubuntu1~22.04) ...
Selecting previously unselected package libgomp1:amd64.
Preparing to unpack .../041-libgomp1_12.1.0-2ubuntu1~22.04_amd64.deb ...
Unpacking libgomp1:amd64 (12.1.0-2ubuntu1~22.04) ...
Selecting previously unselected package libitm1:amd64.
Preparing to unpack .../042-libitm1_12.1.0-2ubuntu1~22.04_amd64.deb ...
Unpacking libitm1:amd64 (12.1.0-2ubuntu1~22.04) ...
Selecting previously unselected package libatomic1:amd64.
Preparing to unpack .../043-libatomic1_12.1.0-2ubuntu1~22.04_amd64.deb ...
Unpacking libatomic1:amd64 (12.1.0-2ubuntu1~22.04) ...
Selecting previously unselected package libasan6:amd64.
Preparing to unpack .../044-libasan6_11.3.0-1ubuntu1~22.04_amd64.deb ...
Unpacking libasan6:amd64 (11.3.0-1ubuntu1~22.04) ...
Selecting previously unselected package liblsan0:amd64.
Preparing to unpack .../045-liblsan0_12.1.0-2ubuntu1~22.04_amd64.deb ...
Unpacking liblsan0:amd64 (12.1.0-2ubuntu1~22.04) ...
Selecting previously unselected package libtsan0:amd64.
Preparing to unpack .../046-libtsan0_11.3.0-1ubuntu1~22.04_amd64.deb ...
Unpacking libtsan0:amd64 (11.3.0-1ubuntu1~22.04) ...
Selecting previously unselected package libubsan1:amd64.
Preparing to unpack .../047-libubsan1_12.1.0-2ubuntu1~22.04_amd64.deb ...
Unpacking libubsan1:amd64 (12.1.0-2ubuntu1~22.04) ...
Selecting previously unselected package libquadmath0:amd64.
Preparing to unpack .../048-libquadmath0_12.1.0-2ubuntu1~22.04_amd64.deb ...
Unpacking libquadmath0:amd64 (12.1.0-2ubuntu1~22.04) ...
Selecting previously unselected package libgcc-11-dev:amd64.
Preparing to unpack .../049-libgcc-11-dev_11.3.0-1ubuntu1~22.04_amd64.deb ...
Unpacking libgcc-11-dev:amd64 (11.3.0-1ubuntu1~22.04) ...
Selecting previously unselected package gcc-11.
Preparing to unpack .../050-gcc-11_11.3.0-1ubuntu1~22.04_amd64.deb ...
Unpacking gcc-11 (11.3.0-1ubuntu1~22.04) ...
Selecting previously unselected package gcc.
Preparing to unpack .../051-gcc_4%3a11.2.0-1ubuntu1_amd64.deb ...
Unpacking gcc (4:11.2.0-1ubuntu1) ...
Selecting previously unselected package libstdc++-11-dev:amd64.
Preparing to unpack .../052-libstdc++-11-dev_11.3.0-1ubuntu1~22.04_amd64.deb ...
Unpacking libstdc++-11-dev:amd64 (11.3.0-1ubuntu1~22.04) ...
Selecting previously unselected package g++-11.
Preparing to unpack .../053-g++-11_11.3.0-1ubuntu1~22.04_amd64.deb ...
Unpacking g++-11 (11.3.0-1ubuntu1~22.04) ...
Selecting previously unselected package g++.
Preparing to unpack .../054-g++_4%3a11.2.0-1ubuntu1_amd64.deb ...
Unpacking g++ (4:11.2.0-1ubuntu1) ...
Selecting previously unselected package make.
Preparing to unpack .../055-make_4.3-4.1build1_amd64.deb ...
Unpacking make (4.3-4.1build1) ...
Selecting previously unselected package libdpkg-perl.
Preparing to unpack .../056-libdpkg-perl_1.21.1ubuntu2.1_all.deb ...
Unpacking libdpkg-perl (1.21.1ubuntu2.1) ...
Selecting previously unselected package bzip2.
Preparing to unpack .../057-bzip2_1.0.8-5build1_amd64.deb ...
Unpacking bzip2 (1.0.8-5build1) ...
Selecting previously unselected package lto-disabled-list.
Preparing to unpack .../058-lto-disabled-list_24_all.deb ...
Unpacking lto-disabled-list (24) ...
Selecting previously unselected package dpkg-dev.
Preparing to unpack .../059-dpkg-dev_1.21.1ubuntu2.1_all.deb ...
Unpacking dpkg-dev (1.21.1ubuntu2.1) ...
Selecting previously unselected package build-essential.
Preparing to unpack .../060-build-essential_12.9ubuntu3_amd64.deb ...
Unpacking build-essential (12.9ubuntu3) ...
Selecting previously unselected package libhiredis0.14:amd64.
Preparing to unpack .../061-libhiredis0.14_0.14.1-2_amd64.deb ...
Unpacking libhiredis0.14:amd64 (0.14.1-2) ...
Selecting previously unselected package ccache.
Preparing to unpack .../062-ccache_4.5.1-1_amd64.deb ...
Unpacking ccache (4.5.1-1) ...
Selecting previously unselected package libllvm13:amd64.
Preparing to unpack .../063-libllvm13_1%3a13.0.1-2ubuntu2.1_amd64.deb ...
Unpacking libllvm13:amd64 (1:13.0.1-2ubuntu2.1) ...
Selecting previously unselected package libclang-cpp13.
Preparing to unpack .../064-libclang-cpp13_1%3a13.0.1-2ubuntu2.1_amd64.deb ...
Unpacking libclang-cpp13 (1:13.0.1-2ubuntu2.1) ...
Selecting previously unselected package libgc1:amd64.
Preparing to unpack .../065-libgc1_1%3a8.0.6-1.1build1_amd64.deb ...
Unpacking libgc1:amd64 (1:8.0.6-1.1build1) ...
Selecting previously unselected package libobjc4:amd64.
Preparing to unpack .../066-libobjc4_12.1.0-2ubuntu1~22.04_amd64.deb ...
Unpacking libobjc4:amd64 (12.1.0-2ubuntu1~22.04) ...
Selecting previously unselected package libobjc-11-dev:amd64.
Preparing to unpack .../067-libobjc-11-dev_11.3.0-1ubuntu1~22.04_amd64.deb ...
Unpacking libobjc-11-dev:amd64 (11.3.0-1ubuntu1~22.04) ...
Selecting previously unselected package libc6-i386.
Preparing to unpack .../068-libc6-i386_2.35-0ubuntu3.1_amd64.deb ...
Unpacking libc6-i386 (2.35-0ubuntu3.1) ...
Selecting previously unselected package lib32gcc-s1.
Preparing to unpack .../069-lib32gcc-s1_12.1.0-2ubuntu1~22.04_amd64.deb ...
Unpacking lib32gcc-s1 (12.1.0-2ubuntu1~22.04) ...
Selecting previously unselected package lib32stdc++6.
Preparing to unpack .../070-lib32stdc++6_12.1.0-2ubuntu1~22.04_amd64.deb ...
Unpacking lib32stdc++6 (12.1.0-2ubuntu1~22.04) ...
Selecting previously unselected package libclang-common-13-dev.
Preparing to unpack .../071-libclang-common-13-dev_1%3a13.0.1-2ubuntu2.1_amd64.deb ...
Unpacking libclang-common-13-dev (1:13.0.1-2ubuntu2.1) ...
Selecting previously unselected package llvm-13-linker-tools.
Preparing to unpack .../072-llvm-13-linker-tools_1%3a13.0.1-2ubuntu2.1_amd64.deb ...
Unpacking llvm-13-linker-tools (1:13.0.1-2ubuntu2.1) ...
Selecting previously unselected package libclang1-13.
Preparing to unpack .../073-libclang1-13_1%3a13.0.1-2ubuntu2.1_amd64.deb ...
Unpacking libclang1-13 (1:13.0.1-2ubuntu2.1) ...
Selecting previously unselected package clang-13.
Preparing to unpack .../074-clang-13_1%3a13.0.1-2ubuntu2.1_amd64.deb ...
Unpacking clang-13 (1:13.0.1-2ubuntu2.1) ...
Selecting previously unselected package libarchive13:amd64.
Preparing to unpack .../075-libarchive13_3.6.0-1ubuntu1_amd64.deb ...
Unpacking libarchive13:amd64 (3.6.0-1ubuntu1) ...
Selecting previously unselected package libcurl4:amd64.
Preparing to unpack .../076-libcurl4_7.81.0-1ubuntu1.6_amd64.deb ...
Unpacking libcurl4:amd64 (7.81.0-1ubuntu1.6) ...
Selecting previously unselected package libjsoncpp25:amd64.
Preparing to unpack .../077-libjsoncpp25_1.9.5-3_amd64.deb ...
Unpacking libjsoncpp25:amd64 (1.9.5-3) ...
Selecting previously unselected package librhash0:amd64.
Preparing to unpack .../078-librhash0_1.4.2-1ubuntu1_amd64.deb ...
Unpacking librhash0:amd64 (1.4.2-1ubuntu1) ...
Selecting previously unselected package dh-elpa-helper.
Preparing to unpack .../079-dh-elpa-helper_2.0.9ubuntu1_all.deb ...
Unpacking dh-elpa-helper (2.0.9ubuntu1) ...
Selecting previously unselected package emacsen-common.
Preparing to unpack .../080-emacsen-common_3.0.4_all.deb ...
Unpacking emacsen-common (3.0.4) ...
Selecting previously unselected package cmake-data.
Preparing to unpack .../081-cmake-data_3.22.1-1ubuntu1.22.04.1_all.deb ...
Unpacking cmake-data (3.22.1-1ubuntu1.22.04.1) ...
Selecting previously unselected package cmake.
Preparing to unpack .../082-cmake_3.22.1-1ubuntu1.22.04.1_amd64.deb ...
Unpacking cmake (3.22.1-1ubuntu1.22.04.1) ...
Selecting previously unselected package curl.
Preparing to unpack .../083-curl_7.81.0-1ubuntu1.6_amd64.deb ...
Unpacking curl (7.81.0-1ubuntu1.6) ...
Selecting previously unselected package libunwind-13:amd64.
Preparing to unpack .../084-libunwind-13_1%3a13.0.1-2ubuntu2.1_amd64.deb ...
Unpacking libunwind-13:amd64 (1:13.0.1-2ubuntu2.1) ...
Selecting previously unselected package libc++abi1-13:amd64.
Preparing to unpack .../085-libc++abi1-13_1%3a13.0.1-2ubuntu2.1_amd64.deb ...
Unpacking libc++abi1-13:amd64 (1:13.0.1-2ubuntu2.1) ...
Selecting previously unselected package libc++1-13:amd64.
Preparing to unpack .../086-libc++1-13_1%3a13.0.1-2ubuntu2.1_amd64.deb ...
Unpacking libc++1-13:amd64 (1:13.0.1-2ubuntu2.1) ...
Selecting previously unselected package libunwind-13-dev:amd64.
Preparing to unpack .../087-libunwind-13-dev_1%3a13.0.1-2ubuntu2.1_amd64.deb ...
Unpacking libunwind-13-dev:amd64 (1:13.0.1-2ubuntu2.1) ...
Selecting previously unselected package libc++-13-dev:amd64.
Preparing to unpack .../088-libc++-13-dev_1%3a13.0.1-2ubuntu2.1_amd64.deb ...
Unpacking libc++-13-dev:amd64 (1:13.0.1-2ubuntu2.1) ...
Selecting previously unselected package libc++abi-13-dev:amd64.
Preparing to unpack .../089-libc++abi-13-dev_1%3a13.0.1-2ubuntu2.1_amd64.deb ...
Unpacking libc++abi-13-dev:amd64 (1:13.0.1-2ubuntu2.1) ...
Selecting previously unselected package libnorm1:amd64.
Preparing to unpack .../090-libnorm1_1.5.9+dfsg-2_amd64.deb ...
Unpacking libnorm1:amd64 (1.5.9+dfsg-2) ...
Selecting previously unselected package libpgm-5.3-0:amd64.
Preparing to unpack .../091-libpgm-5.3-0_5.3.128~dfsg-2_amd64.deb ...
Unpacking libpgm-5.3-0:amd64 (5.3.128~dfsg-2) ...
Selecting previously unselected package libsodium23:amd64.
Preparing to unpack .../092-libsodium23_1.0.18-1build2_amd64.deb ...
Unpacking libsodium23:amd64 (1.0.18-1build2) ...
Selecting previously unselected package libtool.
Preparing to unpack .../093-libtool_2.4.6-15build2_all.deb ...
Unpacking libtool (2.4.6-15build2) ...
Selecting previously unselected package libzmq5:amd64.
Preparing to unpack .../094-libzmq5_4.3.4-2_amd64.deb ...
Unpacking libzmq5:amd64 (4.3.4-2) ...
Selecting previously unselected package llvm-13-runtime.
Preparing to unpack .../095-llvm-13-runtime_1%3a13.0.1-2ubuntu2.1_amd64.deb ...
Unpacking llvm-13-runtime (1:13.0.1-2ubuntu2.1) ...
Selecting previously unselected package libpfm4:amd64.
Preparing to unpack .../096-libpfm4_4.11.1+git32-gd0b85fb-1_amd64.deb ...
Unpacking libpfm4:amd64 (4.11.1+git32-gd0b85fb-1) ...
Selecting previously unselected package llvm-13.
Preparing to unpack .../097-llvm-13_1%3a13.0.1-2ubuntu2.1_amd64.deb ...
Unpacking llvm-13 (1:13.0.1-2ubuntu2.1) ...
Selecting previously unselected package pkg-config.
Preparing to unpack .../098-pkg-config_0.29.2-1ubuntu3_amd64.deb ...
Unpacking pkg-config (0.29.2-1ubuntu3) ...
Selecting previously unselected package python3-cffi-backend:amd64.
Preparing to unpack .../099-python3-cffi-backend_1.15.0-1build2_amd64.deb ...
Unpacking python3-cffi-backend:amd64 (1.15.0-1build2) ...
Selecting previously unselected package python3-py.
Preparing to unpack .../100-python3-py_1.10.0-1_all.deb ...
Unpacking python3-py (1.10.0-1) ...
Selecting previously unselected package python3-zmq.
Preparing to unpack .../101-python3-zmq_22.3.0-1build1_amd64.deb ...
Unpacking python3-zmq (22.3.0-1build1) ...
Setting up media-types (7.0.0) ...
Setting up gcc-11-base:amd64 (11.3.0-1ubuntu1~22.04) ...
Setting up lto-disabled-list (24) ...
Setting up libsodium23:amd64 (1.0.18-1build2) ...
Setting up bsdextrautils (2.37.2-4ubuntu3) ...
update-alternatives: using /usr/bin/write.ul to provide /usr/bin/write (write) in auto mode
update-alternatives: warning: skip creation of /usr/share/man/man1/write.1.gz because associated file /usr/share/man/man1/write.ul.1.gz (of link group write) doesn't exist
Setting up libmagic-mgc (1:5.41-3) ...
Setting up ncal (12.1.7+nmu3ubuntu2) ...
Setting up libglib2.0-0:amd64 (2.72.1-1) ...
No schema files found: doing nothing.
Setting up libpgm-5.3-0:amd64 (5.3.128~dfsg-2) ...
Setting up libsqlite3-0:amd64 (3.37.2-2ubuntu0.1) ...
Setting up libnorm1:amd64 (1.5.9+dfsg-2) ...
Setting up binutils-common:amd64 (2.38-4ubuntu2) ...
Setting up libmagic1:amd64 (1:5.41-3) ...
Setting up linux-libc-dev:amd64 (5.15.0-53.59) ...
Setting up libctf-nobfd0:amd64 (2.38-4ubuntu2) ...
Setting up file (1:5.41-3) ...
Setting up libgomp1:amd64 (12.1.0-2ubuntu1~22.04) ...
Setting up bzip2 (1.0.8-5build1) ...
Setting up libasan6:amd64 (11.3.0-1ubuntu1~22.04) ...
Setting up autotools-dev (20220109.1) ...
Setting up libtirpc-dev:amd64 (1.3.2-2ubuntu0.1) ...
Setting up libuv1:amd64 (1.43.0-1) ...
Setting up libpfm4:amd64 (4.11.1+git32-gd0b85fb-1) ...
Setting up rpcsvc-proto (1.4.2-0ubuntu6) ...
Setting up libunwind-13:amd64 (1:13.0.1-2ubuntu2.1) ...
Setting up emacsen-common (3.0.4) ...
Setting up make (4.3-4.1build1) ...
Setting up libmpfr6:amd64 (4.1.0-3build3) ...
Setting up dh-elpa-helper (2.0.9ubuntu1) ...
Setting up libsigsegv2:amd64 (2.13-1ubuntu3) ...
Setting up xz-utils (5.2.5-2ubuntu1) ...
update-alternatives: using /usr/bin/xz to provide /usr/bin/lzma (lzma) in auto mode
update-alternatives: warning: skip creation of /usr/share/man/man1/lzma.1.gz because associated file /usr/share/man/man1/xz.1.gz (of link group lzma) doesn't exist
update-alternatives: warning: skip creation of /usr/share/man/man1/unlzma.1.gz because associated file /usr/share/man/man1/unxz.1.gz (of link group lzma) doesn't exist
update-alternatives: warning: skip creation of /usr/share/man/man1/lzcat.1.gz because associated file /usr/share/man/man1/xzcat.1.gz (of link group lzma) doesn't exist
update-alternatives: warning: skip creation of /usr/share/man/man1/lzmore.1.gz because associated file /usr/share/man/man1/xzmore.1.gz (of link group lzma) doesn't exist
update-alternatives: warning: skip creation of /usr/share/man/man1/lzless.1.gz because associated file /usr/share/man/man1/xzless.1.gz (of link group lzma) doesn't exist
update-alternatives: warning: skip creation of /usr/share/man/man1/lzdiff.1.gz because associated file /usr/share/man/man1/xzdiff.1.gz (of link group lzma) doesn't exist
update-alternatives: warning: skip creation of /usr/share/man/man1/lzcmp.1.gz because associated file /usr/share/man/man1/xzcmp.1.gz (of link group lzma) doesn't exist
update-alternatives: warning: skip creation of /usr/share/man/man1/lzgrep.1.gz because associated file /usr/share/man/man1/xzgrep.1.gz (of link group lzma) doesn't exist
update-alternatives: warning: skip creation of /usr/share/man/man1/lzegrep.1.gz because associated file /usr/share/man/man1/xzegrep.1.gz (of link group lzma) doesn't exist
update-alternatives: warning: skip creation of /usr/share/man/man1/lzfgrep.1.gz because associated file /usr/share/man/man1/xzfgrep.1.gz (of link group lzma) doesn't exist
Setting up libquadmath0:amd64 (12.1.0-2ubuntu1~22.04) ...
Setting up bsdmainutils (12.1.7+nmu3ubuntu2) ...
Setting up libmpc3:amd64 (1.2.1-2build1) ...
Setting up libatomic1:amd64 (12.1.0-2ubuntu1~22.04) ...
Setting up libjsoncpp25:amd64 (1.9.5-3) ...
Setting up libgc1:amd64 (1:8.0.6-1.1build1) ...
Setting up libdpkg-perl (1.21.1ubuntu2.1) ...
Setting up libubsan1:amd64 (12.1.0-2ubuntu1~22.04) ...
Setting up libnsl-dev:amd64 (1.3.0-2build2) ...
Setting up librhash0:amd64 (1.4.2-1ubuntu1) ...
Setting up libcrypt-dev:amd64 (1:4.4.27-1) ...
Setting up libmpdec3:amd64 (2.5.1-2build2) ...
Setting up libc6-i386 (2.35-0ubuntu3.1) ...
Setting up libcurl4:amd64 (7.81.0-1ubuntu1.6) ...
Setting up cmake-data (3.22.1-1ubuntu1.22.04.1) ...
Setting up curl (7.81.0-1ubuntu1.6) ...
Setting up libbinutils:amd64 (2.38-4ubuntu2) ...
Setting up libisl23:amd64 (0.24-2build1) ...
Setting up libunwind-13-dev:amd64 (1:13.0.1-2ubuntu2.1) ...
Setting up libc-dev-bin (2.35-0ubuntu3.1) ...
Setting up readline-common (8.1.2-1) ...
Setting up libcc1-0:amd64 (12.1.0-2ubuntu1~22.04) ...
Setting up liblsan0:amd64 (12.1.0-2ubuntu1~22.04) ...
Setting up libitm1:amd64 (12.1.0-2ubuntu1~22.04) ...
Setting up libc++abi1-13:amd64 (1:13.0.1-2ubuntu2.1) ...
Setting up libpopt0:amd64 (1.18-3build1) ...
Setting up libicu70:amd64 (70.1-2) ...
Setting up libhiredis0.14:amd64 (0.14.1-2) ...
Setting up libtsan0:amd64 (11.3.0-1ubuntu1~22.04) ...
Setting up libctf0:amd64 (2.38-4ubuntu2) ...
Setting up cpp-11 (11.3.0-1ubuntu1~22.04) ...
Setting up libzmq5:amd64 (4.3.4-2) ...
Setting up libreadline8:amd64 (8.1.2-1) ...
Setting up ccache (4.5.1-1) ...
Updating symlinks in /usr/lib/ccache ...
Setting up m4 (1.4.18-5ubuntu2) ...
Setting up libc++1-13:amd64 (1:13.0.1-2ubuntu2.1) ...
Setting up libobjc4:amd64 (12.1.0-2ubuntu1~22.04) ...
Setting up libc++abi-13-dev:amd64 (1:13.0.1-2ubuntu2.1) ...
Setting up libpython3.10-stdlib:amd64 (3.10.6-1~22.04.1) ...
Setting up lib32gcc-s1 (12.1.0-2ubuntu1~22.04) ...
Setting up lib32stdc++6 (12.1.0-2ubuntu1~22.04) ...
Setting up pkg-config (0.29.2-1ubuntu3) ...
Setting up libc++-13-dev:amd64 (1:13.0.1-2ubuntu2.1) ...
Setting up autoconf (2.71-2) ...
Setting up libgcc-11-dev:amd64 (11.3.0-1ubuntu1~22.04) ...
Setting up cpp (4:11.2.0-1ubuntu1) ...
Setting up bison (2:3.8.2+dfsg-1build1) ...
update-alternatives: using /usr/bin/bison.yacc to provide /usr/bin/yacc (yacc) in auto mode
update-alternatives: warning: skip creation of /usr/share/man/man1/yacc.1.gz because associated file /usr/share/man/man1/bison.yacc.1.gz (of link group yacc) doesn't exist
Setting up libc6-dev:amd64 (2.35-0ubuntu3.1) ...
Setting up libxml2:amd64 (2.9.13+dfsg-1ubuntu0.1) ...
Setting up rsync (3.2.3-8ubuntu3.1) ...
invoke-rc.d: could not determine current runlevel
invoke-rc.d: policy-rc.d denied execution of start.
Setting up libpython3-stdlib:amd64 (3.10.6-1~22.04) ...
Setting up binutils-x86-64-linux-gnu (2.38-4ubuntu2) ...
Setting up automake (1:1.16.5-1.3) ...
update-alternatives: using /usr/bin/automake-1.16 to provide /usr/bin/automake (automake) in auto mode
update-alternatives: warning: skip creation of /usr/share/man/man1/automake.1.gz because associated file /usr/share/man/man1/automake-1.16.1.gz (of link group automake) doesn't exist
update-alternatives: warning: skip creation of /usr/share/man/man1/aclocal.1.gz because associated file /usr/share/man/man1/aclocal-1.16.1.gz (of link group automake) doesn't exist
Setting up python3.10 (3.10.6-1~22.04.1) ...
Setting up libarchive13:amd64 (3.6.0-1ubuntu1) ...
Setting up libobjc-11-dev:amd64 (11.3.0-1ubuntu1~22.04) ...
Setting up python3 (3.10.6-1~22.04) ...
Setting up binutils (2.38-4ubuntu2) ...
Setting up dpkg-dev (1.21.1ubuntu2.1) ...
Setting up libllvm13:amd64 (1:13.0.1-2ubuntu2.1) ...
Setting up libstdc++-11-dev:amd64 (11.3.0-1ubuntu1~22.04) ...
Setting up gcc-11 (11.3.0-1ubuntu1~22.04) ...
Setting up llvm-13-runtime (1:13.0.1-2ubuntu2.1) ...
Setting up cmake (3.22.1-1ubuntu1.22.04.1) ...
Setting up libclang-common-13-dev (1:13.0.1-2ubuntu2.1) ...
Setting up python3-cffi-backend:amd64 (1.15.0-1build2) ...
Setting up python3-pkg-resources (59.6.0-1.2) ...
Setting up python3-py (1.10.0-1) ...
Setting up libtool (2.4.6-15build2) ...
Setting up g++-11 (11.3.0-1ubuntu1~22.04) ...
Setting up gcc (4:11.2.0-1ubuntu1) ...
Setting up llvm-13-linker-tools (1:13.0.1-2ubuntu2.1) ...
Setting up libclang1-13 (1:13.0.1-2ubuntu2.1) ...
Setting up python3-zmq (22.3.0-1build1) ...
Setting up libclang-cpp13 (1:13.0.1-2ubuntu2.1) ...
Setting up g++ (4:11.2.0-1ubuntu1) ...
update-alternatives: using /usr/bin/g++ to provide /usr/bin/c++ (c++) in auto mode
update-alternatives: warning: skip creation of /usr/share/man/man1/c++.1.gz because associated file /usr/share/man/man1/g++.1.gz (of link group c++) doesn't exist
Setting up build-essential (12.9ubuntu3) ...
Setting up clang-13 (1:13.0.1-2ubuntu2.1) ...
Setting up llvm-13 (1:13.0.1-2ubuntu2.1) ...
Processing triggers for libc-bin (2.35-0ubuntu3.1) ...
               total        used        free      shared  buff/cache   available
Mem:           125Gi       2.9Gi        59Gi       2.0Mi        63Gi       121Gi
Swap:             0B          0B          0B
Number of CPUs (nproc): 32
Byte Order: Little Endian
Free disk space:
Filesystem      Size  Used Avail Use% Mounted on
overlay         488G   69G  420G  15% /
tmpfs            64M     0   64M   0% /dev
tmpfs            63G     0   63G   0% /sys/fs/cgroup
/dev/sda1       488G   69G  420G  15% /tmp
tmpfs           117G     0  117G   0% /dev/shm
tmpfs            63G     0   63G   0% /proc/acpi
tmpfs            63G     0   63G   0% /proc/scsi
tmpfs            63G     0   63G   0% /sys/firmware
  % Total    % Received % Xferd  Average Speed   Time    Time     Time  Current
                                 Dload  Upload   Total   Spent    Left  Speed
  0     0    0     0    0     0      0      0 --:--:-- --:--:-- --:--:--     0  0     0    0     0    0     0      0      0 --:--:-- --:--:-- --:--:--     0
 70 9026k   70 6346k    0     0  6988k      0  0:00:01 --:--:--  0:00:01 6988k100 9026k  100 9026k    0     0  9192k      0 --:--:-- --:--:-- --:--:-- 35.8M
make: Entering directory '/tmp/cirrus-ci-build/depends'
Fetching boost_1_80_0.tar.bz2 from https://boostorg.jfrog.io/artifactory/main/release/1.80.0/source/
  % Total    % Received % Xferd  Average Speed   Time    Time     Time  Current
                                 Dload  Upload   Total   Spent    Left  Speed
  0     0    0     0    0     0      0      0 --:--:-- --:--:-- --:--:--     0  0     0    0     0    0     0      0      0 --:--:-- --:--:-- --:--:--     0
  0  110M    0 15710    0     0  19825      0  1:37:24 --:--:--  1:37:24 19825 27  110M   27 29.9M    0     0  16.6M      0  0:00:06  0:00:01  0:00:05 29.7M 67  110M   67 74.3M    0     0  26.9M      0  0:00:04  0:00:02  0:00:02 37.7M100  110M  100  110M    0     0  31.0M      0  0:00:03  0:00:03 --:--:-- 39.9M
/tmp/cirrus-ci-build/depends/work/download/boost-1.80.0/boost_1_80_0.tar.bz2.temp: OK
Extracting boost...
/tmp/cirrus-ci-build/depends/sources/boost_1_80_0.tar.bz2: OK
Preprocessing boost...
Configuring boost...
Building boost...
Staging boost...
Postprocessing boost...
Caching boost...
Fetching libevent-2.1.12-stable.tar.gz from https://github.com/libevent/libevent/releases/download/release-2.1.12-stable/
  % Total    % Received % Xferd  Average Speed   Time    Time     Time  Current
                                 Dload  Upload   Total   Spent    Left  Speed
  0     0    0     0    0     0      0      0 --:--:-- --:--:-- --:--:--     0  0     0    0     0    0     0      0      0 --:--:-- --:--:-- --:--:--     0
100 1075k  100 1075k    0     0  2306k      0 --:--:-- --:--:-- --:--:-- 2306k
/tmp/cirrus-ci-build/depends/work/download/libevent-2.1.12-stable/libevent-2.1.12-stable.tar.gz.temp: OK
Extracting libevent...
/tmp/cirrus-ci-build/depends/sources/libevent-2.1.12-stable.tar.gz: OK
Preprocessing libevent...
Configuring libevent...
Building libevent...
Staging libevent...
Postprocessing libevent...
Caching libevent...
Fetching freetype-2.11.0.tar.xz from https://download.savannah.gnu.org/releases/freetype
  % Total    % Received % Xferd  Average Speed   Time    Time     Time  Current
                                 Dload  Upload   Total   Spent    Left  Speed
  0     0    0     0    0     0      0      0 --:--:-- --:--:-- --:--:--     0  0     0    0     0    0     0      0      0 --:--:-- --:--:-- --:--:--     0  0     0    0     0    0     0      0      0 --:--:-- --:--:-- --:--:--     0
100 2203k  100 2203k    0     0  2184k      0  0:00:01  0:00:01 --:--:-- 2184k
/tmp/cirrus-ci-build/depends/work/download/freetype-2.11.0/freetype-2.11.0.tar.xz.temp: OK
Extracting freetype...
/tmp/cirrus-ci-build/depends/sources/freetype-2.11.0.tar.xz: OK
Preprocessing freetype...
Configuring freetype...
Building freetype...
Staging freetype...
Postprocessing freetype...
Caching freetype...
Fetching expat-2.4.8.tar.xz from https://github.com/libexpat/libexpat/releases/download/R_2_4_8/
  % Total    % Received % Xferd  Average Speed   Time    Time     Time  Current
                                 Dload  Upload   Total   Spent    Left  Speed
  0     0    0     0    0     0      0      0 --:--:-- --:--:-- --:--:--     0  0     0    0     0    0     0      0      0 --:--:-- --:--:-- --:--:--     0
100  443k  100  443k    0     0   916k      0 --:--:-- --:--:-- --:--:--  916k
/tmp/cirrus-ci-build/depends/work/download/expat-2.4.8/expat-2.4.8.tar.xz.temp: OK
Extracting expat...
/tmp/cirrus-ci-build/depends/sources/expat-2.4.8.tar.xz: OK
Preprocessing expat...
Configuring expat...
Building expat...
Staging expat...
Postprocessing expat...
Caching expat...
Fetching fontconfig-2.12.6.tar.bz2 from https://www.freedesktop.org/software/fontconfig/release/
  % Total    % Received % Xferd  Average Speed   Time    Time     Time  Current
                                 Dload  Upload   Total   Spent    Left  Speed
  0     0    0     0    0     0      0      0 --:--:-- --:--:-- --:--:--     0  0     0    0     0    0     0      0      0 --:--:-- --:--:-- --:--:--     0100 1586k  100 1586k    0     0  2612k      0 --:--:-- --:--:-- --:--:-- 2609k
/tmp/cirrus-ci-build/depends/work/download/fontconfig-2.12.6/fontconfig-2.12.6.tar.bz2.temp: OK
Extracting fontconfig...
/tmp/cirrus-ci-build/depends/sources/fontconfig-2.12.6.tar.bz2: OK
Preprocessing fontconfig...
Configuring fontconfig...
Building fontconfig...
Staging fontconfig...
Postprocessing fontconfig...
Caching fontconfig...
Fetching xcb-proto-1.14.1.tar.xz from https://xorg.freedesktop.org/archive/individual/proto
  % Total    % Received % Xferd  Average Speed   Time    Time     Time  Current
                                 Dload  Upload   Total   Spent    Left  Speed
  0     0    0     0    0     0      0      0 --:--:-- --:--:-- --:--:--     0100  140k  100  140k    0     0   311k      0 --:--:-- --:--:-- --:--:--  311k
/tmp/cirrus-ci-build/depends/work/download/xcb_proto-1.14.1/xcb-proto-1.14.1.tar.xz.temp: OK
Extracting xcb_proto...
/tmp/cirrus-ci-build/depends/sources/xcb-proto-1.14.1.tar.xz: OK
Preprocessing xcb_proto...
Configuring xcb_proto...
Building xcb_proto...
Staging xcb_proto...
Postprocessing xcb_proto...
Caching xcb_proto...
Fetching xproto-7.0.31.tar.bz2 from https://xorg.freedesktop.org/releases/individual/proto
  % Total    % Received % Xferd  Average Speed   Time    Time     Time  Current
                                 Dload  Upload   Total   Spent    Left  Speed
  0     0    0     0    0     0      0      0 --:--:-- --:--:-- --:--:--     0100  293k  100  293k    0     0   772k      0 --:--:-- --:--:-- --:--:--  773k
/tmp/cirrus-ci-build/depends/work/download/xproto-7.0.31/xproto-7.0.31.tar.bz2.temp: OK
Extracting xproto...
/tmp/cirrus-ci-build/depends/sources/xproto-7.0.31.tar.bz2: OK
Preprocessing xproto...
Configuring xproto...
Building xproto...
Staging xproto...
Postprocessing xproto...
Caching xproto...
Fetching libXau-1.0.9.tar.bz2 from https://xorg.freedesktop.org/releases/individual/lib/
  % Total    % Received % Xferd  Average Speed   Time    Time     Time  Current
                                 Dload  Upload   Total   Spent    Left  Speed
  0     0    0     0    0     0      0      0 --:--:-- --:--:-- --:--:--     0  5  315k    5 16384    0     0  68725      0  0:00:04 --:--:--  0:00:04 68552100  315k  100  315k    0     0   815k      0 --:--:-- --:--:-- --:--:--  814k
/tmp/cirrus-ci-build/depends/work/download/libXau-1.0.9/libXau-1.0.9.tar.bz2.temp: OK
Extracting libXau...
/tmp/cirrus-ci-build/depends/sources/libXau-1.0.9.tar.bz2: OK
Preprocessing libXau...
Configuring libXau...
Building libXau...
Staging libXau...
Postprocessing libXau...
Caching libXau...
Fetching libxcb-1.14.tar.xz from https://xcb.freedesktop.org/dist
  % Total    % Received % Xferd  Average Speed   Time    Time     Time  Current
                                 Dload  Upload   Total   Spent    Left  Speed
  0     0    0     0    0     0      0      0 --:--:-- --:--:-- --:--:--     0100  429k  100  429k    0     0   984k      0 --:--:-- --:--:-- --:--:--  986k
/tmp/cirrus-ci-build/depends/work/download/libxcb-1.14/libxcb-1.14.tar.xz.temp: OK
Extracting libxcb...
/tmp/cirrus-ci-build/depends/sources/libxcb-1.14.tar.xz: OK
Preprocessing libxcb...
Configuring libxcb...
Building libxcb...
Staging libxcb...
Postprocessing libxcb...
Caching libxcb...
Fetching libxkbcommon-0.8.4.tar.xz from https://xkbcommon.org/download/
  % Total    % Received % Xferd  Average Speed   Time    Time     Time  Current
                                 Dload  Upload   Total   Spent    Left  Speed
  0     0    0     0    0     0      0      0 --:--:-- --:--:-- --:--:--     0 30  633k   30  192k    0     0   252k      0  0:00:02 --:--:--  0:00:02  252k100  633k  100  633k    0     0   669k      0 --:--:-- --:--:-- --:--:--  669k
/tmp/cirrus-ci-build/depends/work/download/libxkbcommon-0.8.4/libxkbcommon-0.8.4.tar.xz.temp: OK
Extracting libxkbcommon...
/tmp/cirrus-ci-build/depends/sources/libxkbcommon-0.8.4.tar.xz: OK
Preprocessing libxkbcommon...
Configuring libxkbcommon...
Building libxkbcommon...
Staging libxkbcommon...
Postprocessing libxkbcommon...
Caching libxkbcommon...
Fetching xcb-util-0.4.0.tar.bz2 from https://xcb.freedesktop.org/dist
  % Total    % Received % Xferd  Average Speed   Time    Time     Time  Current
                                 Dload  Upload   Total   Spent    Left  Speed
  0     0    0     0    0     0      0      0 --:--:-- --:--:-- --:--:--     0 11  290k   11 32768    0     0  85310      0  0:00:03 --:--:--  0:00:03 85111100  290k  100  290k    0     0   603k      0 --:--:-- --:--:-- --:--:--  602k
/tmp/cirrus-ci-build/depends/work/download/libxcb_util-0.4.0/xcb-util-0.4.0.tar.bz2.temp: OK
Extracting libxcb_util...
/tmp/cirrus-ci-build/depends/sources/xcb-util-0.4.0.tar.bz2: OK
Preprocessing libxcb_util...
Configuring libxcb_util...
Building libxcb_util...
Staging libxcb_util...
Postprocessing libxcb_util...
Caching libxcb_util...
Fetching xcb-util-renderutil-0.3.9.tar.bz2 from https://xcb.freedesktop.org/dist
  % Total    % Received % Xferd  Average Speed   Time    Time     Time  Current
                                 Dload  Upload   Total   Spent    Left  Speed
  0     0    0     0    0     0      0      0 --:--:-- --:--:-- --:--:--     0  0     0    0     0    0     0      0      0 --:--:-- --:--:-- --:--:--     0100  286k  100  286k    0     0   731k      0 --:--:-- --:--:-- --:--:--  731k
/tmp/cirrus-ci-build/depends/work/download/libxcb_util_render-0.3.9/xcb-util-renderutil-0.3.9.tar.bz2.temp: OK
Extracting libxcb_util_render...
/tmp/cirrus-ci-build/depends/sources/xcb-util-renderutil-0.3.9.tar.bz2: OK
Preprocessing libxcb_util_render...
Configuring libxcb_util_render...
Building libxcb_util_render...
Staging libxcb_util_render...
Postprocessing libxcb_util_render...
Caching libxcb_util_render...
Fetching xcb-util-keysyms-0.4.0.tar.bz2 from https://xcb.freedesktop.org/dist
  % Total    % Received % Xferd  Average Speed   Time    Time     Time  Current
                                 Dload  Upload   Total   Spent    Left  Speed
  0     0    0     0    0     0      0      0 --:--:-- --:--:-- --:--:--     0100  283k  100  283k    0     0   745k      0 --:--:-- --:--:-- --:--:--  746k
/tmp/cirrus-ci-build/depends/work/download/libxcb_util_keysyms-0.4.0/xcb-util-keysyms-0.4.0.tar.bz2.temp: OK
Extracting libxcb_util_keysyms...
/tmp/cirrus-ci-build/depends/sources/xcb-util-keysyms-0.4.0.tar.bz2: OK
Preprocessing libxcb_util_keysyms...
Configuring libxcb_util_keysyms...
Building libxcb_util_keysyms...
Staging libxcb_util_keysyms...
Postprocessing libxcb_util_keysyms...
Caching libxcb_util_keysyms...
Fetching xcb-util-image-0.4.0.tar.bz2 from https://xcb.freedesktop.org/dist
  % Total    % Received % Xferd  Average Speed   Time    Time     Time  Current
                                 Dload  Upload   Total   Spent    Left  Speed
  0     0    0     0    0     0      0      0 --:--:-- --:--:-- --:--:--     0 29  320k   29 98304    0     0   285k      0  0:00:01 --:--:--  0:00:01  285k100  320k  100  320k    0     0   829k      0 --:--:-- --:--:-- --:--:--  829k
/tmp/cirrus-ci-build/depends/work/download/libxcb_util_image-0.4.0/xcb-util-image-0.4.0.tar.bz2.temp: OK
Extracting libxcb_util_image...
/tmp/cirrus-ci-build/depends/sources/xcb-util-image-0.4.0.tar.bz2: OK
Preprocessing libxcb_util_image...
Configuring libxcb_util_image...
Building libxcb_util_image...
Staging libxcb_util_image...
Postprocessing libxcb_util_image...
Caching libxcb_util_image...
Fetching xcb-util-wm-0.4.1.tar.bz2 from https://xcb.freedesktop.org/dist
  % Total    % Received % Xferd  Average Speed   Time    Time     Time  Current
                                 Dload  Upload   Total   Spent    Left  Speed
  0     0    0     0    0     0      0      0 --:--:-- --:--:-- --:--:--     0100  314k  100  314k    0     0   805k      0 --:--:-- --:--:-- --:--:--  805k
/tmp/cirrus-ci-build/depends/work/download/libxcb_util_wm-0.4.1/xcb-util-wm-0.4.1.tar.bz2.temp: OK
Extracting libxcb_util_wm...
/tmp/cirrus-ci-build/depends/sources/xcb-util-wm-0.4.1.tar.bz2: OK
Preprocessing libxcb_util_wm...
Configuring libxcb_util_wm...
Building libxcb_util_wm...
Staging libxcb_util_wm...
Postprocessing libxcb_util_wm...
Caching libxcb_util_wm...
Fetching qtbase-everywhere-opensource-src-5.15.5.tar.xz from https://download.qt.io/official_releases/qt/5.15/5.15.5/submodules
  % Total    % Received % Xferd  Average Speed   Time    Time     Time  Current
                                 Dload  Upload   Total   Spent    Left  Speed
  0     0    0     0    0     0      0      0 --:--:-- --:--:-- --:--:--     0  0     0    0     0    0     0      0      0 --:--:-- --:--:-- --:--:--     0100   295  100   295    0     0    406      0 --:--:-- --:--:-- --:--:--   406
100 47.9M  100 47.9M    0     0  30.9M      0  0:00:01  0:00:01 --:--:-- 30.9M
/tmp/cirrus-ci-build/depends/work/download/qt-5.15.5/qtbase-everywhere-opensource-src-5.15.5.tar.xz.temp: OK
Fetching qttranslations-everywhere-opensource-src-5.15.5.tar.xz from https://download.qt.io/official_releases/qt/5.15/5.15.5/submodules
  % Total    % Received % Xferd  Average Speed   Time    Time     Time  Current
                                 Dload  Upload   Total   Spent    Left  Speed
  0     0    0     0    0     0      0      0 --:--:-- --:--:-- --:--:--     0100   303  100   303    0     0    528      0 --:--:-- --:--:-- --:--:--   529
  4 1580k    4 65536    0     0  82763      0  0:00:19 --:--:--  0:00:19 82763100 1580k  100 1580k    0     0  1727k      0 --:--:-- --:--:-- --:--:-- 12.0M
/tmp/cirrus-ci-build/depends/work/download/qt-5.15.5/qttranslations-everywhere-opensource-src-5.15.5.tar.xz.temp: OK
Fetching qttools-everywhere-opensource-src-5.15.5.tar.xz from https://download.qt.io/official_releases/qt/5.15/5.15.5/submodules
  % Total    % Received % Xferd  Average Speed   Time    Time     Time  Current
                                 Dload  Upload   Total   Spent    Left  Speed
  0     0    0     0    0     0      0      0 --:--:-- --:--:-- --:--:--     0100   296  100   296    0     0    518      0 --:--:-- --:--:-- --:--:--   519
  0 8689k    0 49134    0     0  57226      0  0:02:35 --:--:--  0:02:35 57226100 8689k  100 8689k    0     0  8120k      0  0:00:01  0:00:01 --:--:-- 39.9M
/tmp/cirrus-ci-build/depends/work/download/qt-5.15.5/qttools-everywhere-opensource-src-5.15.5.tar.xz.temp: OK
Extracting qt...
/tmp/cirrus-ci-build/depends/sources/qtbase-everywhere-opensource-src-5.15.5.tar.xz: OK
/tmp/cirrus-ci-build/depends/sources/qttranslations-everywhere-opensource-src-5.15.5.tar.xz: OK
/tmp/cirrus-ci-build/depends/sources/qttools-everywhere-opensource-src-5.15.5.tar.xz: OK
Preprocessing qt...
Configuring qt...
Building qt...
Staging qt...
Postprocessing qt...
Caching qt...
Fetching qrencode-3.4.4.tar.bz2 from https://fukuchi.org/works/qrencode/
  % Total    % Received % Xferd  Average Speed   Time    Time     Time  Current
                                 Dload  Upload   Total   Spent    Left  Speed
  0     0    0     0    0     0      0      0 --:--:-- --:--:-- --:--:--     0100  360k  100  360k    0     0   913k      0 --:--:-- --:--:-- --:--:--  914k
/tmp/cirrus-ci-build/depends/work/download/qrencode-3.4.4/qrencode-3.4.4.tar.bz2.temp: OK
Extracting qrencode...
/tmp/cirrus-ci-build/depends/sources/qrencode-3.4.4.tar.bz2: OK
Preprocessing qrencode...
Configuring qrencode...
Building qrencode...
Staging qrencode...
Postprocessing qrencode...
Caching qrencode...
Fetching db-4.8.30.NC.tar.gz from https://download.oracle.com/berkeley-db
  % Total    % Received % Xferd  Average Speed   Time    Time     Time  Current
                                 Dload  Upload   Total   Spent    Left  Speed
  0     0    0     0    0     0      0      0 --:--:-- --:--:-- --:--:--     0  0     0    0     0    0     0      0      0 --:--:-- --:--:-- --:--:--     0100 21.7M  100 21.7M    0     0  33.0M      0 --:--:-- --:--:-- --:--:-- 33.0M
/tmp/cirrus-ci-build/depends/work/download/bdb-4.8.30/db-4.8.30.NC.tar.gz.temp: OK
Extracting bdb...
/tmp/cirrus-ci-build/depends/sources/db-4.8.30.NC.tar.gz: OK
Preprocessing bdb...
Configuring bdb...
Building bdb...
Staging bdb...
Postprocessing bdb...
Caching bdb...
Fetching sqlite-autoconf-3380500.tar.gz from https://sqlite.org/2022/
  % Total    % Received % Xferd  Average Speed   Time    Time     Time  Current
                                 Dload  Upload   Total   Spent    Left  Speed
  0     0    0     0    0     0      0      0 --:--:-- --:--:-- --:--:--     0100 2962k  100 2962k    0     0  7633k      0 --:--:-- --:--:-- --:--:-- 7653k
/tmp/cirrus-ci-build/depends/work/download/sqlite-3380500/sqlite-autoconf-3380500.tar.gz.temp: OK
Extracting sqlite...
/tmp/cirrus-ci-build/depends/sources/sqlite-autoconf-3380500.tar.gz: OK
Preprocessing sqlite...
Configuring sqlite...
Building sqlite...
Staging sqlite...
Postprocessing sqlite...
Caching sqlite...
Fetching miniupnpc-2.2.2.tar.gz from https://miniupnp.tuxfamily.org/files/
  % Total    % Received % Xferd  Average Speed   Time    Time     Time  Current
                                 Dload  Upload   Total   Spent    Left  Speed
  0     0    0     0    0     0      0      0 --:--:-- --:--:-- --:--:--     0  0     0    0     0    0     0      0      0 --:--:-- --:--:-- --:--:--     0100   97k  100   97k    0     0  72590      0  0:00:01  0:00:01 --:--:-- 72627
/tmp/cirrus-ci-build/depends/work/download/miniupnpc-2.2.2/miniupnpc-2.2.2.tar.gz.temp: OK
Extracting miniupnpc...
/tmp/cirrus-ci-build/depends/sources/miniupnpc-2.2.2.tar.gz: OK
Preprocessing miniupnpc...
Configuring miniupnpc...
Building miniupnpc...
Staging miniupnpc...
Postprocessing miniupnpc...
Caching miniupnpc...
Fetching 07004b97cf691774efebe70404cf22201e4d330d.tar.gz from https://github.com/miniupnp/libnatpmp/archive
  % Total    % Received % Xferd  Average Speed   Time    Time     Time  Current
                                 Dload  Upload   Total   Spent    Left  Speed
  0     0    0     0    0     0      0      0 --:--:-- --:--:-- --:--:--     0  0     0    0     0    0     0      0      0 --:--:-- --:--:-- --:--:--     0  0     0    0     0    0     0      0      0 --:--:-- --:--:-- --:--:--     0
100 27663  100 27663    0     0  70922      0 --:--:-- --:--:-- --:--:-- 70922
/tmp/cirrus-ci-build/depends/work/download/libnatpmp-07004b97cf691774efebe70404cf22201e4d330d/07004b97cf691774efebe70404cf22201e4d330d.tar.gz.temp: OK
Extracting libnatpmp...
/tmp/cirrus-ci-build/depends/sources/07004b97cf691774efebe70404cf22201e4d330d.tar.gz: OK
Preprocessing libnatpmp...
Configuring libnatpmp...
Building libnatpmp...
Staging libnatpmp...
Postprocessing libnatpmp...
Caching libnatpmp...
Fetching systemtap-4.7.tar.gz from https://sourceware.org/systemtap/ftp/releases/
  % Total    % Received % Xferd  Average Speed   Time    Time     Time  Current
                                 Dload  Upload   Total   Spent    Left  Speed
  0     0    0     0    0     0      0      0 --:--:-- --:--:-- --:--:--     0  0     0    0     0    0     0      0      0 --:--:-- --:--:-- --:--:--     0  0   196    0     0    0     0      0      0 --:--:-- --:--:-- --:--:--     0
curl: (22) The requested URL returned error: 404
Fetching systemtap-4.7.tar.gz from https://bitcoincore.org/depends-sources
  % Total    % Received % Xferd  Average Speed   Time    Time     Time  Current
                                 Dload  Upload   Total   Spent    Left  Speed
  0     0    0     0    0     0      0      0 --:--:-- --:--:-- --:--:--     0100 5479k  100 5479k    0     0  6147k      0 --:--:-- --:--:-- --:--:-- 6150k
/tmp/cirrus-ci-build/depends/work/download/systemtap-4.7/systemtap-4.7.tar.gz.temp: OK
Extracting systemtap...
/tmp/cirrus-ci-build/depends/sources/systemtap-4.7.tar.gz: OK
Preprocessing systemtap...
Configuring systemtap...
Building systemtap...
Staging systemtap...
Postprocessing systemtap...
Caching systemtap...
Fetching zeromq-4.3.4.tar.gz from https://github.com/zeromq/libzmq/releases/download/v4.3.4/
  % Total    % Received % Xferd  Average Speed   Time    Time     Time  Current
                                 Dload  Upload   Total   Spent    Left  Speed
  0     0    0     0    0     0      0      0 --:--:-- --:--:-- --:--:--     0  0     0    0     0    0     0      0      0 --:--:-- --:--:-- --:--:--     0
100 2428k  100 2428k    0     0  4693k      0 --:--:-- --:--:-- --:--:-- 4693k
/tmp/cirrus-ci-build/depends/work/download/zeromq-4.3.4/zeromq-4.3.4.tar.gz.temp: OK
Extracting zeromq...
/tmp/cirrus-ci-build/depends/sources/zeromq-4.3.4.tar.gz: OK
Preprocessing zeromq...
Configuring zeromq...
Building zeromq...
Staging zeromq...
Postprocessing zeromq...
Caching zeromq...
copying packages: boost libevent qt expat libxcb xcb_proto libXau xproto freetype fontconfig libxkbcommon libxcb_util libxcb_util_render libxcb_util_keysyms libxcb_util_image libxcb_util_wm qrencode bdb sqlite miniupnpc libnatpmp systemtap zeromq
to: /tmp/cirrus-ci-build/depends/x86_64-pc-linux-gnu
make: Leaving directory '/tmp/cirrus-ci-build/depends'
Statistics zeroed
Set cache size limit to 200.0 MB
-- The CXX compiler identification is Clang 13.0.1
-- The C compiler identification is Clang 13.0.1
-- The ASM compiler identification is Clang with GNU-like command-line
-- Found assembler: /usr/bin/clang-13
-- Detecting CXX compiler ABI info
-- Detecting CXX compiler ABI info - done
-- Check for working CXX compiler: /usr/bin/clang++-13 - skipped
-- Detecting CXX compile features
-- Detecting CXX compile features - done
-- Detecting C compiler ABI info
-- Detecting C compiler ABI info - done
-- Check for working C compiler: /usr/bin/clang-13 - skipped
-- Detecting C compile features
-- Detecting C compile features - done
-- Performing Test C_SUPPORTS_O0
-- Performing Test C_SUPPORTS_O0 - Success
-- Performing Test C_SUPPORTS_G3
-- Performing Test C_SUPPORTS_G3 - Success
-- Performing Test CXX_SUPPORTS_O0
-- Performing Test CXX_SUPPORTS_O0 - Success
-- Performing Test CXX_SUPPORTS_G3
-- Performing Test CXX_SUPPORTS_G3 - Success
-- Performing Test CXX_SUPPORTS_FTRAPV
-- Performing Test CXX_SUPPORTS_FTRAPV - Success
-- Performing Test C_SUPPORTS_O2
-- Performing Test C_SUPPORTS_O2 - Success
-- Performing Test C_SUPPORTS_G
-- Performing Test C_SUPPORTS_G - Success
-- Performing Test CXX_SUPPORTS_O2
-- Performing Test CXX_SUPPORTS_O2 - Success
-- Performing Test CXX_SUPPORTS_G
-- Performing Test CXX_SUPPORTS_G - Success
-- Setting build type to "Release" as none was specified
-- Performing Test CXX_SUPPORTS_WSTACK_PROTECTOR
-- Performing Test CXX_SUPPORTS_WSTACK_PROTECTOR - Success
-- Performing Test CXX_SUPPORTS_FSTACK_PROTECTOR_ALL
-- Performing Test CXX_SUPPORTS_FSTACK_PROTECTOR_ALL - Success
-- Performing Test CXX_SUPPORTS_FCF_PROTECTION_FULL
-- Performing Test CXX_SUPPORTS_FCF_PROTECTION_FULL - Success
-- Performing Test CXX_SUPPORTS_FSTACK_CLASH_PROTECTION
-- Performing Test CXX_SUPPORTS_FSTACK_CLASH_PROTECTION - Success
-- Performing Test LINKER_SUPPORTS_WL___ENABLE_RELOC_SECTION
-- Performing Test LINKER_SUPPORTS_WL___ENABLE_RELOC_SECTION - Failed
-- Performing Test LINKER_SUPPORTS_WL___DYNAMICBASE
-- Performing Test LINKER_SUPPORTS_WL___DYNAMICBASE - Failed
-- Performing Test LINKER_SUPPORTS_WL___NXCOMPAT
-- Performing Test LINKER_SUPPORTS_WL___NXCOMPAT - Failed
-- Performing Test LINKER_SUPPORTS_WL___HIGH_ENTROPY_VA
-- Performing Test LINKER_SUPPORTS_WL___HIGH_ENTROPY_VA - Failed
-- Performing Test LINKER_SUPPORTS_WL__Z_RELRO
-- Performing Test LINKER_SUPPORTS_WL__Z_RELRO - Success
-- Performing Test LINKER_SUPPORTS_WL__Z_NOW
-- Performing Test LINKER_SUPPORTS_WL__Z_NOW - Success
-- Performing Test LINKER_SUPPORTS_WL__Z_SEPARATE_CODE
-- Performing Test LINKER_SUPPORTS_WL__Z_SEPARATE_CODE - Success
-- Performing Test CXX_SUPPORTS_WERROR
-- Performing Test CXX_SUPPORTS_WERROR - Success
-- Performing Test CXX_SUPPORTS_WERROR_RETURN_TYPE
-- Performing Test CXX_SUPPORTS_WERROR_RETURN_TYPE - Success
-- Looking for C++ include byteswap.h
-- Looking for C++ include byteswap.h - found
-- Looking for C++ include endian.h
-- Looking for C++ include endian.h - found
-- Looking for C++ include stdio.h
-- Looking for C++ include stdio.h - found
-- Looking for C++ include stdlib.h
-- Looking for C++ include stdlib.h - found
-- Looking for C++ include string.h
-- Looking for C++ include string.h - found
-- Looking for C++ include strings.h
-- Looking for C++ include strings.h - found
-- Looking for C++ include sys/endian.h
-- Looking for C++ include sys/endian.h - not found
-- Looking for C++ include sys/prctl.h
-- Looking for C++ include sys/prctl.h - found
-- Looking for C++ include sys/resources.h
-- Looking for C++ include sys/resources.h - not found
-- Looking for C++ include sys/select.h
-- Looking for C++ include sys/select.h - found
-- Looking for C++ include sys/stat.h
-- Looking for C++ include sys/stat.h - found
-- Looking for C++ include sys/sysctl.h
-- Looking for C++ include sys/sysctl.h - not found
-- Looking for C++ include sys/types.h
-- Looking for C++ include sys/types.h - found
-- Looking for C++ include sys/vmmeter.h
-- Looking for C++ include sys/vmmeter.h - not found
-- Looking for C++ include unistd.h
-- Looking for C++ include unistd.h - found
-- Looking for C++ include vm/vm_param.h
-- Looking for C++ include vm/vm_param.h - not found
-- Looking for bswap_16
-- Looking for bswap_16 - found
-- Looking for bswap_32
-- Looking for bswap_32 - found
-- Looking for bswap_64
-- Looking for bswap_64 - found
-- Looking for be16toh
-- Looking for be16toh - found
-- Looking for be32toh
-- Looking for be32toh - found
-- Looking for be64toh
-- Looking for be64toh - found
-- Looking for htobe16
-- Looking for htobe16 - found
-- Looking for htobe32
-- Looking for htobe32 - found
-- Looking for htobe64
-- Looking for htobe64 - found
-- Looking for htole16
-- Looking for htole16 - found
-- Looking for htole32
-- Looking for htole32 - found
-- Looking for htole64
-- Looking for htole64 - found
-- Looking for le16toh
-- Looking for le16toh - found
-- Looking for le32toh
-- Looking for le32toh - found
-- Looking for le64toh
-- Looking for le64toh - found
-- Looking for fdatasync
-- Looking for fdatasync - found
-- Looking for fork
-- Looking for fork - found
-- Looking for pipe2
-- Looking for pipe2 - found
-- Looking for setsid
-- Looking for setsid - found
-- Performing Test HAVE_GMTIME_R
-- Performing Test HAVE_GMTIME_R - Success
-- Performing Test HAVE_SYSTEM
-- Performing Test HAVE_SYSTEM - Success
-- Performing Test STRERROR_R_CHAR_P
-- Performing Test STRERROR_R_CHAR_P - Success
-- Performing Test HAVE_DEFAULT_VISIBILITY_ATTRIBUTE
-- Performing Test HAVE_DEFAULT_VISIBILITY_ATTRIBUTE - Success
-- Performing Test HAVE_CLMUL
-- Performing Test HAVE_CLMUL - Success
-- Performing Test HAVE_CLZ
-- Performing Test HAVE_CLZ - Success
-- Performing Test STD_FILESYSTEM_WORKS_WITHOUT_LINK
-- Performing Test STD_FILESYSTEM_WORKS_WITHOUT_LINK - Success
-- Looking for pthread.h
-- Looking for pthread.h - found
-- Performing Test CMAKE_HAVE_LIBC_PTHREAD
-- Performing Test CMAKE_HAVE_LIBC_PTHREAD - Success
-- Found Threads: TRUE  
-- Found Boost: /tmp/cirrus-ci-build/depends/x86_64-pc-linux-gnu/include (found suitable version "1.80.0", minimum required is "1.64.0")  
-- Found PkgConfig: /usr/bin/pkg-config (found version "0.29.2") 
-- Checking for module 'libevent>=2.1.8'
--   Found libevent, version 2.1.12-stable
-- Checking for module 'libevent_pthreads>=2.1.8'
--   Found libevent_pthreads, version 2.1.12-stable
-- Performing Test CXX_SUPPORTS_FSANITIZE_THREAD
-- Performing Test CXX_SUPPORTS_FSANITIZE_THREAD - Success
-- Performing Test LINKER_SUPPORTS_FSANITIZE_THREAD
-- Performing Test LINKER_SUPPORTS_FSANITIZE_THREAD - Success
CMake Warning at CMakeLists.txt:383 (message):
  Specifying -DSANITIZERS forces -DWITH_SECCOMP=OFF since the sanitizers
  introduce use of syscalls not allowed by the bitcoind syscall sandbox
  (-sandbox=<mode>).


-- Checking for module 'sqlite3>=3.7.17'
--   Found sqlite3, version 3.38.5
-- Found BerkeleyDB: /tmp/cirrus-ci-build/depends/x86_64-pc-linux-gnu/lib/libdb_cxx-4.8.a (found suitable version "4.8", minimum required is "4.8") 
-- Found NATPMP: /tmp/cirrus-ci-build/depends/x86_64-pc-linux-gnu/lib/libnatpmp.a  
-- Found MiniUPnPc: /tmp/cirrus-ci-build/depends/x86_64-pc-linux-gnu/lib/libminiupnpc.a  
-- Checking for module 'libzmq>=4'
--   Found libzmq, version 4.3.4
-- Performing Test HAVE_USDT_H
-- Performing Test HAVE_USDT_H - Failed
-- Checking for module 'libqrencode'
--   Found libqrencode, version 3.4.4
-- Performing Test HAVE_BOOST_PROCESS_H
-- Performing Test HAVE_BOOST_PROCESS_H - Success
-- Performing Test CRC32C_HAVE_NO_DEPRECATED
-- Performing Test CRC32C_HAVE_NO_DEPRECATED - Success
-- Performing Test CRC32C_HAVE_NO_SIGN_COMPARE
-- Performing Test CRC32C_HAVE_NO_SIGN_COMPARE - Success
-- Performing Test CRC32C_HAVE_NO_UNUSED_PARAMETER
-- Performing Test CRC32C_HAVE_NO_UNUSED_PARAMETER - Success
-- Performing Test CRC32C_HAVE_NO_MISSING_FIELD_INITIALIZERS
-- Performing Test CRC32C_HAVE_NO_MISSING_FIELD_INITIALIZERS - Success
-- Performing Test HAVE_BUILTIN_PREFETCH
-- Performing Test HAVE_BUILTIN_PREFETCH - Success
-- Performing Test HAVE_MM_PREFETCH
-- Performing Test HAVE_MM_PREFETCH - Success
-- Performing Test HAVE_SSE42
-- Performing Test HAVE_SSE42 - Success
-- Performing Test HAVE_ARM64_CRC32C
-- Performing Test HAVE_ARM64_CRC32C - Failed
-- Performing Test HAVE_STRONG_GETAUXVAL
-- Performing Test HAVE_STRONG_GETAUXVAL - Failed
-- Performing Test HAVE_WEAK_GETAUXVAL
-- Performing Test HAVE_WEAK_GETAUXVAL - Success
-- Looking for F_FULLFSYNC
-- Looking for F_FULLFSYNC - not found
-- Looking for O_CLOEXEC
-- Looking for O_CLOEXEC - found
-- Performing Test HAVE_CXX17_HAS_INCLUDE
-- Performing Test HAVE_CXX17_HAS_INCLUDE - Success
-- Performing Test HAVE_SSE41
-- Performing Test HAVE_SSE41 - Success
-- Performing Test HAVE_AVX2
-- Performing Test HAVE_AVX2 - Success
-- Performing Test HAVE_X86_SHANI
-- Performing Test HAVE_X86_SHANI - Success
-- Performing Test HAVE_ARM_SHANI
-- Performing Test HAVE_ARM_SHANI - Failed
-- Found Qt: /tmp/cirrus-ci-build/depends/x86_64-pc-linux-gnu/lib/cmake/Qt5 (found suitable version "5.15.5", minimum required is "5.11.3")


Configure summary
=================
Executables:
  bitcoind ............................ ON
  bitcoin-cli ......................... ON
  bitcoin-tx .......................... ON
  bitcoin-util ........................ ON
  bitcoin-chainstate (experimental) ... OFF
  bitcoin-wallet ...................... ON
Libraries:
  build shared ........................ ON
  build static ........................ ON
  libbitcoinconsensus ................. ON
  libbitcoinkernel (experimental) ..... OFF
Wallet support:
  SQLite, descriptor wallets .......... ON
  Berkeley DB, legacy wallets ......... ON
Optional packages:
  GUI ................................. Qt5
  QR code (GUI) ....................... ON
  external signer ..................... ON
  NAT-PMP ............................. ON
  UPnP ................................ ON
  ZeroMQ .............................. ON
  USDT tracing ........................ OFF
  experimental syscall sandbox ........ OFF
Tests:
  test_bitcoin ........................ ON
  bench_bitcoin ....................... ON

Cross compiling ....................... TRUE, for Linux, x86_64
Preprocessor defined macros ........... 
C compiler ............................ /usr/bin/clang-13
CFLAGS ................................ -pipe -std=c11 -O2
C++ compiler .......................... /usr/bin/clang++-13
CXXFLAGS .............................. -DARENA_DEBUG -DDEBUG_LOCKORDER -DDEBUG_LOCKCONTENTION -g
Common compile options ................ -Wstack-protector -fstack-protector-all -fcf-protection=full -fstack-clash-protection -Werror -fsanitize=thread
Common link options ................... -Wl,-z,relro -Wl,-z,now -Wl,-z,separate-code -fsanitize=thread
Build type:
 - CMAKE_BUILD_TYPE ................... Release
 - CFLAGS ............................. -O2 -g
 - CXXFLAGS ........................... -O2 -g
 - LDFLAGS for executables ............ 
 - LDFLAGS for shared libraries ....... 
Use assembly routines ................. ON
Treat compiler warnings as errors ..... ON
Use ccache for compiling .............. ON


-- Configuring done
-- Generating done
-- Build files have been written to: /tmp/cirrus-ci-build/ci/scratch/build
[  0%] Building CXX object src/univalue/CMakeFiles/univalue.dir/lib/univalue_get.cpp.o
[  0%] Building CXX object src/CMakeFiles/bitcoin_consensus.dir/arith_uint256.cpp.o
[  0%] Building CXX object src/univalue/CMakeFiles/univalue.dir/lib/univalue.cpp.o
[  0%] Building CXX object src/crc32c/CMakeFiles/crc32c_sse42.dir/src/crc32c_sse42.cc.o
[  0%] Building CXX object CMakeFiles/minisketch.dir/src/minisketch/src/minisketch.cpp.o
[  0%] Building CXX object src/CMakeFiles/bitcoin_consensus.dir/consensus/merkle.cpp.o
[  0%] Building CXX object src/univalue/CMakeFiles/univalue.dir/lib/univalue_read.cpp.o
[  0%] Building CXX object src/crypto/CMakeFiles/bitcoin_crypto.dir/sha256_sse4.cpp.o
[  0%] Building C object CMakeFiles/secp256k1.dir/src/secp256k1/src/secp256k1.c.o
[  0%] Building CXX object src/crc32c/CMakeFiles/crc32c_arm64.dir/src/crc32c_arm64.cc.o
[  0%] Building CXX object src/crypto/CMakeFiles/bitcoin_crypto.dir/sha256_sse41.cpp.o
[  0%] Built target crc32c_sse42
[  0%] Built target crc32c_arm64
[  0%] Building C object CMakeFiles/secp256k1.dir/src/secp256k1/src/precomputed_ecmult_gen.c.o
[  0%] Building C object CMakeFiles/secp256k1.dir/src/secp256k1/src/precomputed_ecmult.c.o
[  0%] Building CXX object src/CMakeFiles/bitcoin_consensus.dir/consensus/tx_check.cpp.o
[  0%] Building CXX object src/CMakeFiles/bitcoin_consensus.dir/hash.cpp.o
[  0%] Building CXX object src/crypto/CMakeFiles/bitcoin_crypto.dir/sha256_avx2.cpp.o
[  0%] Building CXX object CMakeFiles/minisketch.dir/src/minisketch/src/fields/generic_1byte.cpp.o
[  1%] Building CXX object src/CMakeFiles/bitcoin_consensus.dir/primitives/block.cpp.o
[  1%] Building CXX object src/crypto/CMakeFiles/bitcoin_crypto.dir/sha256_x86_shani.cpp.o
[  2%] Building CXX object CMakeFiles/minisketch.dir/src/minisketch/src/fields/generic_3bytes.cpp.o
[  2%] Building CXX object CMakeFiles/minisketch.dir/src/minisketch/src/fields/generic_2bytes.cpp.o
[  2%] Building CXX object src/CMakeFiles/bitcoin_consensus.dir/primitives/transaction.cpp.o
[  2%] Building CXX object src/crypto/CMakeFiles/bitcoin_crypto.dir/aes.cpp.o
[  3%] Building CXX object src/crypto/CMakeFiles/bitcoin_crypto.dir/chacha_poly_aead.cpp.o
[  3%] Building CXX object src/CMakeFiles/bitcoin_consensus.dir/pubkey.cpp.o
[  3%] Building CXX object src/crypto/CMakeFiles/bitcoin_crypto.dir/chacha20.cpp.o
[  3%] Building CXX object CMakeFiles/minisketch.dir/src/minisketch/src/fields/generic_4bytes.cpp.o
[  3%] Building CXX object src/crypto/CMakeFiles/bitcoin_crypto.dir/hkdf_sha256_32.cpp.o
[  3%] Building CXX object src/crypto/CMakeFiles/bitcoin_crypto.dir/hmac_sha256.cpp.o
[  3%] Building CXX object src/CMakeFiles/bitcoin_consensus.dir/script/interpreter.cpp.o
[  3%] Building CXX object src/CMakeFiles/bitcoin_consensus.dir/script/script.cpp.o
[  3%] Building CXX object src/crypto/CMakeFiles/bitcoin_crypto.dir/hmac_sha512.cpp.o
[  3%] Building CXX object src/crypto/CMakeFiles/bitcoin_crypto.dir/poly1305.cpp.o
[  3%] Building CXX object CMakeFiles/minisketch.dir/src/minisketch/src/fields/generic_6bytes.cpp.o
[  3%] Building CXX object CMakeFiles/minisketch.dir/src/minisketch/src/fields/generic_5bytes.cpp.o
[  3%] Building CXX object src/crypto/CMakeFiles/bitcoin_crypto.dir/muhash.cpp.o
[  3%] Building CXX object src/univalue/CMakeFiles/univalue.dir/lib/univalue_write.cpp.o
[  4%] Building CXX object src/crypto/CMakeFiles/bitcoin_crypto.dir/ripemd160.cpp.o
[  4%] Building CXX object src/crypto/CMakeFiles/bitcoin_crypto.dir/sha1.cpp.o
[  4%] Building CXX object src/CMakeFiles/bitcoin_consensus.dir/script/script_error.cpp.o
[  4%] Building CXX object src/crypto/CMakeFiles/bitcoin_crypto.dir/sha256.cpp.o
[  4%] Building CXX object CMakeFiles/minisketch.dir/src/minisketch/src/fields/generic_7bytes.cpp.o
[  4%] Building CXX object src/crypto/CMakeFiles/bitcoin_crypto.dir/sha3.cpp.o
[  4%] Building CXX object CMakeFiles/minisketch.dir/src/minisketch/src/fields/generic_8bytes.cpp.o
[  4%] Building CXX object CMakeFiles/minisketch.dir/src/minisketch/src/fields/clmul_1byte.cpp.o
[  4%] Building CXX object src/crypto/CMakeFiles/bitcoin_crypto.dir/sha512.cpp.o
[  4%] Building CXX object src/crypto/CMakeFiles/bitcoin_crypto.dir/siphash.cpp.o
[  4%] Building CXX object src/CMakeFiles/bitcoin_consensus.dir/uint256.cpp.o
[  5%] Building CXX object src/CMakeFiles/bitcoin_consensus.dir/util/strencodings.cpp.o
[  6%] Building CXX object CMakeFiles/minisketch.dir/src/minisketch/src/fields/clmul_2bytes.cpp.o
[  6%] Building CXX object CMakeFiles/minisketch.dir/src/minisketch/src/fields/clmul_3bytes.cpp.o
[  6%] Built target bitcoin_crypto
[  6%] Building CXX object src/crc32c/CMakeFiles/crc32c.dir/src/crc32c_portable.cc.o
[  6%] Building CXX object CMakeFiles/minisketch.dir/src/minisketch/src/fields/clmul_4bytes.cpp.o
[  7%] Building CXX object src/crc32c/CMakeFiles/crc32c.dir/src/crc32c.cc.o
[  7%] Linking CXX static library libcrc32c.a
[  7%] Building CXX object CMakeFiles/minisketch.dir/src/minisketch/src/fields/clmul_5bytes.cpp.o
[  7%] Built target crc32c
[  7%] Building CXX object CMakeFiles/minisketch.dir/src/minisketch/src/fields/clmul_6bytes.cpp.o
[  7%] Building CXX object CMakeFiles/minisketch.dir/src/minisketch/src/fields/clmul_7bytes.cpp.o
[  7%] Building CXX object CMakeFiles/minisketch.dir/src/minisketch/src/fields/clmul_8bytes.cpp.o
[  7%] Building CXX object src/leveldb/CMakeFiles/leveldb.dir/db/builder.cc.o
[  7%] Building CXX object src/leveldb/CMakeFiles/leveldb.dir/db/c.cc.o
[  7%] Building CXX object src/leveldb/CMakeFiles/leveldb.dir/db/db_impl.cc.o
[  8%] Building CXX object src/leveldb/CMakeFiles/leveldb.dir/db/db_iter.cc.o
[  8%] Building CXX object src/leveldb/CMakeFiles/leveldb.dir/db/dbformat.cc.o
[  8%] Building CXX object src/leveldb/CMakeFiles/leveldb.dir/db/dumpfile.cc.o
[  8%] Building CXX object src/leveldb/CMakeFiles/leveldb.dir/db/filename.cc.o
[  8%] Building CXX object src/leveldb/CMakeFiles/leveldb.dir/db/log_reader.cc.o
[  8%] Building CXX object src/leveldb/CMakeFiles/leveldb.dir/db/log_writer.cc.o
[  8%] Building CXX object src/leveldb/CMakeFiles/leveldb.dir/db/memtable.cc.o
[  9%] Building CXX object src/leveldb/CMakeFiles/leveldb.dir/db/repair.cc.o
[  9%] Building CXX object src/leveldb/CMakeFiles/leveldb.dir/db/table_cache.cc.o
[  9%] Building CXX object src/leveldb/CMakeFiles/leveldb.dir/db/version_edit.cc.o
[  9%] Building CXX object src/leveldb/CMakeFiles/leveldb.dir/db/version_set.cc.o
[  9%] Building CXX object src/leveldb/CMakeFiles/leveldb.dir/db/write_batch.cc.o
[ 10%] Linking CXX static library libunivalue.a
[ 10%] Built target univalue
[ 10%] Building CXX object src/leveldb/CMakeFiles/leveldb.dir/table/block_builder.cc.o
[ 10%] Building CXX object src/leveldb/CMakeFiles/leveldb.dir/table/block.cc.o
[ 10%] Built target bitcoin_consensus
[ 10%] Building CXX object src/util/CMakeFiles/bitcoin_util.dir/asmap.cpp.o
[ 10%] Building CXX object src/util/CMakeFiles/bitcoin_util.dir/bip32.cpp.o
[ 11%] Building CXX object src/util/CMakeFiles/bitcoin_util.dir/bytevectorhash.cpp.o
[ 11%] Building CXX object src/util/CMakeFiles/bitcoin_util.dir/check.cpp.o
[ 11%] Building CXX object src/util/CMakeFiles/bitcoin_util.dir/error.cpp.o
[ 11%] Building CXX object src/util/CMakeFiles/bitcoin_util.dir/fees.cpp.o
[ 12%] Building CXX object src/leveldb/CMakeFiles/leveldb.dir/table/filter_block.cc.o
[ 12%] Building CXX object src/leveldb/CMakeFiles/leveldb.dir/table/format.cc.o
[ 12%] Building CXX object src/util/CMakeFiles/bitcoin_util.dir/getuniquepath.cpp.o
[ 12%] Building CXX object src/util/CMakeFiles/bitcoin_util.dir/hasher.cpp.o
[ 12%] Building CXX object src/util/CMakeFiles/bitcoin_util.dir/message.cpp.o
[ 12%] Building CXX object src/CMakeFiles/rpc_client.dir/rpc/client.cpp.o
[ 13%] Building CXX object src/util/CMakeFiles/bitcoin_util.dir/moneystr.cpp.o
[ 13%] Linking CXX static library librpc_client.a
[ 13%] Built target rpc_client
[ 13%] Building CXX object src/util/CMakeFiles/bitcoin_util.dir/rbf.cpp.o
[ 13%] Building CXX object src/util/CMakeFiles/bitcoin_util.dir/readwritefile.cpp.o
[ 13%] Building CXX object src/util/CMakeFiles/bitcoin_util.dir/settings.cpp.o
[ 13%] Building CXX object src/util/CMakeFiles/bitcoin_util.dir/serfloat.cpp.o
[ 13%] Building CXX object src/util/CMakeFiles/bitcoin_util.dir/sock.cpp.o
[ 14%] Building CXX object src/util/CMakeFiles/bitcoin_util.dir/spanparsing.cpp.o
[ 14%] Building CXX object src/util/CMakeFiles/bitcoin_util.dir/strencodings.cpp.o
[ 14%] Building CXX object src/util/CMakeFiles/bitcoin_util.dir/string.cpp.o
[ 14%] Building CXX object src/util/CMakeFiles/bitcoin_util.dir/syscall_sandbox.cpp.o
[ 14%] Building CXX object src/util/CMakeFiles/bitcoin_util.dir/syserror.cpp.o
[ 14%] Building CXX object src/util/CMakeFiles/bitcoin_util.dir/system.cpp.o
[ 14%] Building CXX object src/util/CMakeFiles/bitcoin_util.dir/thread.cpp.o
[ 15%] Building CXX object src/util/CMakeFiles/bitcoin_util.dir/threadinterrupt.cpp.o
[ 15%] Building CXX object src/util/CMakeFiles/bitcoin_util.dir/threadnames.cpp.o
[ 15%] Building CXX object src/util/CMakeFiles/bitcoin_util.dir/time.cpp.o
[ 15%] Building CXX object src/util/CMakeFiles/bitcoin_util.dir/tokenpipe.cpp.o
[ 15%] Building CXX object src/util/CMakeFiles/bitcoin_util.dir/__/chainparamsbase.cpp.o
[ 15%] Building CXX object src/util/CMakeFiles/bitcoin_util.dir/__/clientversion.cpp.o
[ 15%] Building CXX object src/util/CMakeFiles/bitcoin_util.dir/__/fs.cpp.o
[ 16%] Building CXX object src/util/CMakeFiles/bitcoin_util.dir/__/interfaces/handler.cpp.o
[ 16%] Building CXX object src/util/CMakeFiles/bitcoin_util.dir/__/interfaces/echo.cpp.o
[ 16%] Building CXX object src/util/CMakeFiles/bitcoin_util.dir/__/interfaces/init.cpp.o
[ 16%] Building CXX object src/util/CMakeFiles/bitcoin_util.dir/__/logging.cpp.o
[ 16%] Building CXX object src/util/CMakeFiles/bitcoin_util.dir/__/random.cpp.o
[ 16%] Building CXX object src/util/CMakeFiles/bitcoin_util.dir/__/randomenv.cpp.o
[ 16%] Building CXX object src/util/CMakeFiles/bitcoin_util.dir/__/rpc/request.cpp.o
[ 17%] Building CXX object src/util/CMakeFiles/bitcoin_util.dir/__/support/cleanse.cpp.o
[ 17%] Building CXX object src/util/CMakeFiles/bitcoin_util.dir/__/support/lockedpool.cpp.o
[ 17%] Building CXX object src/util/CMakeFiles/bitcoin_util.dir/__/sync.cpp.o
[ 17%] Building CXX object src/leveldb/CMakeFiles/leveldb.dir/table/iterator.cc.o
[ 17%] Building CXX object src/leveldb/CMakeFiles/leveldb.dir/table/merger.cc.o
[ 17%] Building CXX object src/leveldb/CMakeFiles/leveldb.dir/table/table_builder.cc.o
[ 17%] Building CXX object src/leveldb/CMakeFiles/leveldb.dir/table/table.cc.o
[ 17%] Building CXX object src/leveldb/CMakeFiles/leveldb.dir/table/two_level_iterator.cc.o
[ 18%] Building CXX object src/leveldb/CMakeFiles/leveldb.dir/util/arena.cc.o
[ 18%] Building CXX object src/leveldb/CMakeFiles/leveldb.dir/util/bloom.cc.o
[ 18%] Building CXX object src/leveldb/CMakeFiles/leveldb.dir/util/cache.cc.o
[ 18%] Building CXX object src/leveldb/CMakeFiles/leveldb.dir/util/coding.cc.o
[ 18%] Building CXX object src/leveldb/CMakeFiles/leveldb.dir/util/comparator.cc.o
[ 18%] Building CXX object src/leveldb/CMakeFiles/leveldb.dir/util/crc32c.cc.o
[ 19%] Building CXX object src/leveldb/CMakeFiles/leveldb.dir/util/env.cc.o
[ 19%] Building CXX object src/leveldb/CMakeFiles/leveldb.dir/util/filter_policy.cc.o
[ 19%] Building CXX object src/leveldb/CMakeFiles/leveldb.dir/util/hash.cc.o
[ 19%] Building CXX object src/leveldb/CMakeFiles/leveldb.dir/util/logging.cc.o
[ 19%] Building CXX object src/leveldb/CMakeFiles/leveldb.dir/util/options.cc.o
[ 20%] Linking C static library libsecp256k1.a
[ 21%] Linking CXX static library libminisketch.a
[ 21%] Building CXX object src/leveldb/CMakeFiles/leveldb.dir/util/status.cc.o
[ 21%] Building CXX object src/leveldb/CMakeFiles/leveldb.dir/util/env_posix.cc.o
[ 21%] Built target secp256k1
[ 22%] Building CXX object src/leveldb/CMakeFiles/leveldb.dir/helpers/memenv/memenv.cc.o
[ 22%] Built target minisketch
[ 23%] Building CXX object src/script/CMakeFiles/bitcoinconsensus.dir/bitcoinconsensus.cpp.o
[ 23%] Building CXX object src/script/CMakeFiles/bitcoinconsensus.dir/__/support/cleanse.cpp.o
[ 23%] Building CXX object src/script/CMakeFiles/bitcoinconsensus_static.dir/bitcoinconsensus.cpp.o
[ 23%] Building CXX object src/script/CMakeFiles/bitcoinconsensus.dir/interpreter.cpp.o
[ 23%] Building CXX object src/script/CMakeFiles/bitcoinconsensus.dir/script.cpp.o
[ 23%] Building CXX object src/script/CMakeFiles/bitcoinconsensus_static.dir/__/support/cleanse.cpp.o
[ 23%] Building CXX object src/script/CMakeFiles/bitcoinconsensus.dir/script_error.cpp.o
[ 23%] Building CXX object src/script/CMakeFiles/bitcoinconsensus.dir/__/arith_uint256.cpp.o
[ 23%] Building CXX object src/script/CMakeFiles/bitcoinconsensus.dir/__/consensus/merkle.cpp.o
[ 24%] Building CXX object src/script/CMakeFiles/bitcoinconsensus.dir/__/consensus/tx_check.cpp.o
[ 24%] Building CXX object src/script/CMakeFiles/bitcoinconsensus.dir/__/hash.cpp.o
[ 24%] Building CXX object src/script/CMakeFiles/bitcoinconsensus.dir/__/primitives/block.cpp.o
[ 24%] Building CXX object src/script/CMakeFiles/bitcoinconsensus_static.dir/interpreter.cpp.o
[ 24%] Building CXX object src/script/CMakeFiles/bitcoinconsensus_static.dir/script.cpp.o
[ 24%] Building CXX object src/script/CMakeFiles/bitcoinconsensus_static.dir/script_error.cpp.o
[ 24%] Building CXX object src/script/CMakeFiles/bitcoinconsensus.dir/__/primitives/transaction.cpp.o
[ 24%] Building CXX object src/script/CMakeFiles/bitcoinconsensus.dir/__/pubkey.cpp.o
[ 24%] Building CXX object src/script/CMakeFiles/bitcoinconsensus.dir/__/uint256.cpp.o
[ 25%] Building CXX object src/script/CMakeFiles/bitcoinconsensus.dir/__/util/strencodings.cpp.o
[ 26%] Building CXX object src/script/CMakeFiles/bitcoinconsensus_static.dir/__/arith_uint256.cpp.o
[ 26%] Building CXX object src/script/CMakeFiles/bitcoinconsensus_static.dir/__/consensus/merkle.cpp.o
[ 26%] Building CXX object src/script/CMakeFiles/bitcoinconsensus_static.dir/__/consensus/tx_check.cpp.o
[ 26%] Linking CXX shared library libbitcoinconsensus.so
[ 26%] Building CXX object src/script/CMakeFiles/bitcoinconsensus_static.dir/__/hash.cpp.o
[ 26%] Building CXX object src/script/CMakeFiles/bitcoinconsensus_static.dir/__/primitives/block.cpp.o
[ 26%] Building CXX object src/script/CMakeFiles/bitcoinconsensus_static.dir/__/primitives/transaction.cpp.o
[ 26%] Building CXX object src/script/CMakeFiles/bitcoinconsensus_static.dir/__/pubkey.cpp.o
[ 26%] Built target bitcoinconsensus
[ 27%] Building CXX object src/script/CMakeFiles/bitcoinconsensus_static.dir/__/uint256.cpp.o
[ 27%] Building CXX object src/script/CMakeFiles/bitcoinconsensus_static.dir/__/util/strencodings.cpp.o
[ 27%] Linking CXX static library libleveldb.a
[ 27%] Built target leveldb
[ 27%] Building CXX object src/zmq/CMakeFiles/bitcoin_zmq.dir/zmqpublishnotifier.cpp.o
[ 27%] Building CXX object src/zmq/CMakeFiles/bitcoin_zmq.dir/zmqutil.cpp.o
[ 27%] Building CXX object src/zmq/CMakeFiles/bitcoin_zmq.dir/zmqabstractnotifier.cpp.o
[ 27%] Building CXX object src/zmq/CMakeFiles/bitcoin_zmq.dir/zmqnotificationinterface.cpp.o
[ 27%] Building CXX object src/zmq/CMakeFiles/bitcoin_zmq.dir/zmqrpc.cpp.o
[ 27%] Linking CXX static library libbitcoin_util.a
[ 27%] Built target bitcoin_util
[ 27%] Building CXX object src/CMakeFiles/bitcoin_common.dir/bech32.cpp.o
[ 27%] Building CXX object src/CMakeFiles/bitcoin_common.dir/base58.cpp.o
[ 27%] Building CXX object src/CMakeFiles/bitcoin_common.dir/chainparams.cpp.o
[ 27%] Building CXX object src/CMakeFiles/bitcoin_common.dir/common/bloom.cpp.o
[ 28%] Building CXX object src/CMakeFiles/bitcoin_common.dir/common/run_command.cpp.o
[ 28%] Building CXX object src/CMakeFiles/bitcoin_common.dir/compressor.cpp.o
[ 28%] Building CXX object src/CMakeFiles/bitcoin_common.dir/core_read.cpp.o
[ 28%] Building CXX object src/CMakeFiles/bitcoin_common.dir/coins.cpp.o
[ 28%] Building CXX object src/CMakeFiles/bitcoin_common.dir/deploymentinfo.cpp.o
[ 28%] Building CXX object src/CMakeFiles/bitcoin_common.dir/core_write.cpp.o
[ 28%] Building CXX object src/CMakeFiles/bitcoin_common.dir/external_signer.cpp.o
[ 28%] Building CXX object src/CMakeFiles/bitcoin_common.dir/init/common.cpp.o
[ 28%] Building CXX object src/CMakeFiles/bitcoin_common.dir/key.cpp.o
[ 29%] Building CXX object src/CMakeFiles/bitcoin_common.dir/key_io.cpp.o
[ 29%] Building CXX object src/CMakeFiles/bitcoin_common.dir/merkleblock.cpp.o
[ 29%] Building CXX object src/CMakeFiles/bitcoin_common.dir/net_types.cpp.o
[ 29%] Building CXX object src/CMakeFiles/bitcoin_common.dir/netaddress.cpp.o
[ 29%] Building CXX object src/CMakeFiles/bitcoin_common.dir/netbase.cpp.o
[ 29%] Building CXX object src/CMakeFiles/bitcoin_common.dir/net_permissions.cpp.o
[ 30%] Building CXX object src/CMakeFiles/bitcoin_common.dir/outputtype.cpp.o
[ 30%] Building CXX object src/CMakeFiles/bitcoin_common.dir/policy/policy.cpp.o
[ 30%] Building CXX object src/CMakeFiles/bitcoin_common.dir/policy/feerate.cpp.o
[ 30%] Building CXX object src/CMakeFiles/bitcoin_common.dir/protocol.cpp.o
[ 30%] Building CXX object src/CMakeFiles/bitcoin_common.dir/psbt.cpp.o
[ 30%] Building CXX object src/CMakeFiles/bitcoin_common.dir/rpc/rawtransaction_util.cpp.o
[ 30%] Building CXX object src/CMakeFiles/bitcoin_common.dir/rpc/external_signer.cpp.o
[ 31%] Building CXX object src/CMakeFiles/bitcoin_common.dir/scheduler.cpp.o
[ 31%] Building CXX object src/CMakeFiles/bitcoin_common.dir/rpc/util.cpp.o
[ 31%] Building CXX object src/CMakeFiles/bitcoin_common.dir/script/descriptor.cpp.o
[ 31%] Building CXX object src/CMakeFiles/bitcoin_common.dir/script/miniscript.cpp.o
[ 31%] Building CXX object src/CMakeFiles/bitcoin_common.dir/script/sign.cpp.o
[ 31%] Building CXX object src/CMakeFiles/bitcoin_common.dir/script/signingprovider.cpp.o
[ 31%] Building CXX object src/CMakeFiles/bitcoin_common.dir/script/standard.cpp.o
[ 32%] Building CXX object src/CMakeFiles/bitcoin_common.dir/warnings.cpp.o
[ 32%] Building CXX object src/CMakeFiles/bitcoin_common.dir/common/url.cpp.o
[ 32%] Linking CXX static library libbitcoin_zmq.a
[ 32%] Built target bitcoin_zmq
[ 32%] Linking CXX static library libbitcoinconsensus.a
[ 32%] Built target bitcoinconsensus_static
[ 32%] Linking CXX static library libbitcoin_common.a
[ 32%] Built target bitcoin_common
[ 32%] Building CXX object src/CMakeFiles/bitcoin-cli.dir/bitcoin-cli.cpp.o
[ 32%] Building CXX object src/CMakeFiles/bitcoin-cli.dir/compat/stdin.cpp.o
[ 32%] Building CXX object src/wallet/CMakeFiles/bitcoin_wallet.dir/coincontrol.cpp.o
[ 32%] Building CXX object src/wallet/CMakeFiles/bitcoin_wallet.dir/coinselection.cpp.o
[ 33%] Building CXX object src/wallet/CMakeFiles/bitcoin_wallet.dir/crypter.cpp.o
[ 33%] Building CXX object src/wallet/CMakeFiles/bitcoin_wallet.dir/dump.cpp.o
[ 33%] Building CXX object src/wallet/CMakeFiles/bitcoin_wallet.dir/db.cpp.o
[ 33%] Building CXX object src/wallet/CMakeFiles/bitcoin_wallet.dir/context.cpp.o
[ 34%] Building CXX object src/CMakeFiles/bitcoin-tx.dir/bitcoin-tx.cpp.o
[ 34%] Building CXX object src/CMakeFiles/bitcoin-util.dir/bitcoin-util.cpp.o
[ 34%] Building CXX object src/wallet/CMakeFiles/bitcoin_wallet.dir/external_signer_scriptpubkeyman.cpp.o
[ 34%] Building CXX object src/wallet/CMakeFiles/bitcoin_wallet.dir/feebumper.cpp.o
[ 34%] Building CXX object src/wallet/CMakeFiles/bitcoin_wallet.dir/fees.cpp.o
[ 35%] Building CXX object src/wallet/CMakeFiles/bitcoin_wallet.dir/interfaces.cpp.o
[ 35%] Building CXX object src/wallet/CMakeFiles/bitcoin_wallet.dir/load.cpp.o
[ 35%] Linking CXX executable bitcoin-util
[ 36%] Linking CXX executable bitcoin-cli
[ 36%] Linking CXX executable bitcoin-tx
[ 36%] Building CXX object src/wallet/CMakeFiles/bitcoin_wallet.dir/receive.cpp.o
[ 36%] Building CXX object src/wallet/CMakeFiles/bitcoin_wallet.dir/rpc/addresses.cpp.o
[ 36%] Building CXX object src/wallet/CMakeFiles/bitcoin_wallet.dir/rpc/backup.cpp.o
[ 36%] Building CXX object src/wallet/CMakeFiles/bitcoin_wallet.dir/rpc/encrypt.cpp.o
[ 36%] Building CXX object src/wallet/CMakeFiles/bitcoin_wallet.dir/rpc/coins.cpp.o
[ 37%] Building CXX object src/wallet/CMakeFiles/bitcoin_wallet.dir/rpc/spend.cpp.o
[ 37%] Building CXX object src/wallet/CMakeFiles/bitcoin_wallet.dir/rpc/signmessage.cpp.o
[ 37%] Building CXX object src/wallet/CMakeFiles/bitcoin_wallet.dir/rpc/transactions.cpp.o
[ 37%] Building CXX object src/wallet/CMakeFiles/bitcoin_wallet.dir/rpc/util.cpp.o
[ 37%] Building CXX object src/wallet/CMakeFiles/bitcoin_wallet.dir/rpc/wallet.cpp.o
[ 37%] Building CXX object src/wallet/CMakeFiles/bitcoin_wallet.dir/scriptpubkeyman.cpp.o
[ 37%] Building CXX object src/wallet/CMakeFiles/bitcoin_wallet.dir/spend.cpp.o
[ 38%] Building CXX object src/wallet/CMakeFiles/bitcoin_wallet.dir/transaction.cpp.o
[ 38%] Building CXX object src/wallet/CMakeFiles/bitcoin_wallet.dir/wallet.cpp.o
[ 38%] Building CXX object src/wallet/CMakeFiles/bitcoin_wallet.dir/walletdb.cpp.o
[ 38%] Building CXX object src/wallet/CMakeFiles/bitcoin_wallet.dir/walletutil.cpp.o
[ 38%] Building CXX object src/wallet/CMakeFiles/bitcoin_wallet.dir/sqlite.cpp.o
[ 38%] Building CXX object src/wallet/CMakeFiles/bitcoin_wallet.dir/bdb.cpp.o
[ 38%] Building CXX object src/wallet/CMakeFiles/bitcoin_wallet.dir/salvage.cpp.o
[ 39%] Linking CXX static library libbitcoin_wallet.a
[ 39%] Built target bitcoin-util
[ 39%] Built target bitcoin-cli
[ 39%] Built target bitcoin-tx
[ 39%] Built target bitcoin_wallet
[ 39%] Automatic MOC and UIC for target bitcoinqt
[ 39%] Building CXX object src/CMakeFiles/bitcoin-wallet.dir/bitcoin-wallet.cpp.o
[ 39%] Building CXX object src/CMakeFiles/bitcoin-wallet.dir/init/bitcoin-wallet.cpp.o
[ 40%] Building CXX object src/CMakeFiles/bitcoin_node.dir/addrman.cpp.o
[ 40%] Building CXX object src/CMakeFiles/bitcoin_node.dir/banman.cpp.o
[ 40%] Building CXX object src/CMakeFiles/bitcoin_node.dir/blockencodings.cpp.o
[ 40%] Building CXX object src/CMakeFiles/bitcoin_node.dir/chain.cpp.o
[ 40%] Building CXX object src/CMakeFiles/bitcoin-wallet.dir/wallet/wallettool.cpp.o
[ 40%] Building CXX object src/CMakeFiles/bitcoin_node.dir/addrdb.cpp.o
[ 40%] Building CXX object src/CMakeFiles/bitcoin_node.dir/blockfilter.cpp.o
[ 40%] Building CXX object src/CMakeFiles/bitcoin_node.dir/consensus/tx_verify.cpp.o
[ 40%] Building CXX object src/CMakeFiles/bitcoin_node.dir/dbwrapper.cpp.o
[ 41%] Building CXX object src/CMakeFiles/bitcoin_node.dir/deploymentstatus.cpp.o
[ 41%] Building CXX object src/CMakeFiles/bitcoin_node.dir/flatfile.cpp.o
[ 41%] Building CXX object src/CMakeFiles/bitcoin_node.dir/headerssync.cpp.o
[ 41%] Building CXX object src/CMakeFiles/bitcoin_node.dir/httprpc.cpp.o
[ 41%] Building CXX object src/CMakeFiles/bitcoin_node.dir/httpserver.cpp.o
[ 41%] Building CXX object src/CMakeFiles/bitcoin_node.dir/i2p.cpp.o
[ 41%] Building CXX object src/CMakeFiles/bitcoin_node.dir/index/base.cpp.o
[ 42%] Linking CXX executable bitcoin-wallet
[ 43%] Building CXX object src/CMakeFiles/bitcoin_node.dir/index/blockfilterindex.cpp.o
[ 43%] Building CXX object src/CMakeFiles/bitcoin_node.dir/index/txindex.cpp.o
[ 43%] Building CXX object src/CMakeFiles/bitcoin_node.dir/index/coinstatsindex.cpp.o
[ 43%] Building CXX object src/CMakeFiles/bitcoin_node.dir/init.cpp.o
[ 43%] Building CXX object src/CMakeFiles/bitcoin_node.dir/kernel/chain.cpp.o
[ 43%] Building CXX object src/CMakeFiles/bitcoin_node.dir/kernel/checks.cpp.o
[ 43%] Building CXX object src/CMakeFiles/bitcoin_node.dir/kernel/coinstats.cpp.o
[ 44%] Building CXX object src/CMakeFiles/bitcoin_node.dir/kernel/context.cpp.o
[ 44%] Building CXX object src/CMakeFiles/bitcoin_node.dir/mapport.cpp.o
[ 44%] Building CXX object src/CMakeFiles/bitcoin_node.dir/kernel/mempool_persist.cpp.o
[ 44%] Building CXX object src/CMakeFiles/bitcoin_node.dir/net.cpp.o
[ 44%] Building CXX object src/CMakeFiles/bitcoin_node.dir/netgroup.cpp.o
[ 44%] Building CXX object src/CMakeFiles/bitcoin_node.dir/net_processing.cpp.o
[ 45%] Building CXX object src/CMakeFiles/bitcoin_node.dir/node/blockstorage.cpp.o
[ 45%] Building CXX object src/CMakeFiles/bitcoin_node.dir/node/caches.cpp.o
[ 45%] Building CXX object src/CMakeFiles/bitcoin_node.dir/node/chainstate.cpp.o
[ 45%] Building CXX object src/CMakeFiles/bitcoin_node.dir/node/coin.cpp.o
[ 45%] Building CXX object src/CMakeFiles/bitcoin_node.dir/node/connection_types.cpp.o
[ 45%] Building CXX object src/CMakeFiles/bitcoin_node.dir/node/context.cpp.o
[ 45%] Building CXX object src/CMakeFiles/bitcoin_node.dir/node/chainstatemanager_args.cpp.o
[ 46%] Building CXX object src/CMakeFiles/bitcoin_node.dir/node/eviction.cpp.o
[ 46%] Building CXX object src/CMakeFiles/bitcoin_node.dir/node/interface_ui.cpp.o
[ 46%] Building CXX object src/CMakeFiles/bitcoin_node.dir/node/minisketchwrapper.cpp.o
[ 46%] Building CXX object src/CMakeFiles/bitcoin_node.dir/node/interfaces.cpp.o
[ 46%] Building CXX object src/CMakeFiles/bitcoin_node.dir/node/mempool_persist_args.cpp.o
[ 46%] Building CXX object src/CMakeFiles/bitcoin_node.dir/node/mempool_args.cpp.o
[ 46%] Building CXX object src/CMakeFiles/bitcoin_node.dir/node/miner.cpp.o
[ 47%] Building CXX object src/CMakeFiles/bitcoin_node.dir/node/psbt.cpp.o
[ 47%] Building CXX object src/CMakeFiles/bitcoin_node.dir/node/transaction.cpp.o
[ 47%] Building CXX object src/CMakeFiles/bitcoin_node.dir/node/txreconciliation.cpp.o
[ 47%] Building CXX object src/CMakeFiles/bitcoin_node.dir/node/validation_cache_args.cpp.o
[ 47%] Building CXX object src/CMakeFiles/bitcoin_node.dir/node/utxo_snapshot.cpp.o
[ 47%] Building CXX object src/CMakeFiles/bitcoin_node.dir/policy/fees.cpp.o
[ 47%] Building CXX object src/CMakeFiles/bitcoin_node.dir/noui.cpp.o
[ 48%] Building CXX object src/CMakeFiles/bitcoin_node.dir/policy/fees_args.cpp.o
[ 48%] Building CXX object src/CMakeFiles/bitcoin_node.dir/policy/packages.cpp.o
[ 48%] Building CXX object src/CMakeFiles/bitcoin_node.dir/policy/settings.cpp.o
[ 48%] Building CXX object src/CMakeFiles/bitcoin_node.dir/pow.cpp.o
[ 48%] Building CXX object src/CMakeFiles/bitcoin_node.dir/policy/rbf.cpp.o
[ 48%] Building CXX object src/CMakeFiles/bitcoin_node.dir/rest.cpp.o
[ 48%] Building CXX object src/CMakeFiles/bitcoin_node.dir/rpc/blockchain.cpp.o
[ 49%] Building CXX object src/CMakeFiles/bitcoin_node.dir/rpc/fees.cpp.o
[ 49%] Building CXX object src/CMakeFiles/bitcoin_node.dir/rpc/net.cpp.o
[ 49%] Building CXX object src/CMakeFiles/bitcoin_node.dir/rpc/mining.cpp.o
[ 49%] Building CXX object src/CMakeFiles/bitcoin_node.dir/rpc/mempool.cpp.o
[ 49%] Building CXX object src/CMakeFiles/bitcoin_node.dir/rpc/node.cpp.o
[ 49%] Building CXX object src/CMakeFiles/bitcoin_node.dir/rpc/output_script.cpp.o
[ 50%] Building CXX object src/CMakeFiles/bitcoin_node.dir/rpc/server.cpp.o
[ 50%] Building CXX object src/CMakeFiles/bitcoin_node.dir/rpc/rawtransaction.cpp.o
[ 50%] Building CXX object src/CMakeFiles/bitcoin_node.dir/rpc/server_util.cpp.o
[ 50%] Building CXX object src/CMakeFiles/bitcoin_node.dir/rpc/signmessage.cpp.o
[ 50%] Building CXX object src/CMakeFiles/bitcoin_node.dir/rpc/txoutproof.cpp.o
[ 50%] Building CXX object src/CMakeFiles/bitcoin_node.dir/shutdown.cpp.o
[ 50%] Building CXX object src/CMakeFiles/bitcoin_node.dir/script/sigcache.cpp.o
[ 51%] Building CXX object src/CMakeFiles/bitcoin_node.dir/signet.cpp.o
[ 51%] Building CXX object src/CMakeFiles/bitcoin_node.dir/torcontrol.cpp.o
[ 51%] Building CXX object src/CMakeFiles/bitcoin_node.dir/timedata.cpp.o
[ 51%] Building CXX object src/CMakeFiles/bitcoin_node.dir/txmempool.cpp.o
[ 51%] Building CXX object src/CMakeFiles/bitcoin_node.dir/txorphanage.cpp.o
[ 51%] Building CXX object src/CMakeFiles/bitcoin_node.dir/txdb.cpp.o
[ 51%] Building CXX object src/CMakeFiles/bitcoin_node.dir/txrequest.cpp.o
[ 52%] Building CXX object src/CMakeFiles/bitcoin_node.dir/validation.cpp.o
[ 52%] Building CXX object src/CMakeFiles/bitcoin_node.dir/validationinterface.cpp.o
[ 52%] Building CXX object src/CMakeFiles/bitcoin_node.dir/versionbits.cpp.o
[ 52%] Building CXX object src/CMakeFiles/bitcoin_node.dir/wallet/init.cpp.o
[ 52%] Linking CXX static library libbitcoin_node.a
[ 52%] Built target bitcoinqt_autogen
[ 52%] Generating ../../../../../src/qt/locale/bitcoin_zu.qm
[ 52%] Generating ../../../../../src/qt/locale/bitcoin_si.qm
[ 53%] Generating ../../../../../src/qt/locale/bitcoin_fr.qm
[ 53%] Automatic RCC for bitcoin.qrc
Updating '/tmp/cirrus-ci-build/src/qt/locale/bitcoin_zu.qm'...
[ 53%] Generating ../../../../../src/qt/locale/bitcoin_sl.qm
    Generated 19 translation(s) (0 finished and 19 unfinished)
    Ignored 11 untranslated source text(s)
[ 54%] Generating ../../../../../src/qt/locale/bitcoin_sk.qm
[ 54%] Generating ../../../../../src/qt/locale/bitcoin_bn.qm
[ 54%] Generating ../../../../../src/qt/locale/bitcoin_sn.qm
Updating '/tmp/cirrus-ci-build/src/qt/locale/bitcoin_si.qm'...
    Generated 249 translation(s) (0 finished and 249 unfinished)
    Ignored 11 untranslated source text(s)
Updating '/tmp/cirrus-ci-build/src/qt/locale/bitcoin_sn.qm'...
Updating '/tmp/cirrus-ci-build/src/qt/locale/bitcoin_bn.qm'...
    Generated 47 translation(s) (0 finished and 47 unfinished)
    Ignored 11 untranslated source text(s)
    Generated 83 translation(s) (0 finished and 83 unfinished)
    Ignored 11 untranslated source text(s)
Updating '/tmp/cirrus-ci-build/src/qt/locale/bitcoin_fr.qm'...
[ 54%] Generating ../../../../../src/qt/locale/bitcoin_ka.qm
Updating '/tmp/cirrus-ci-build/src/qt/locale/bitcoin_sk.qm'...
    Generated 1053 translation(s) (0 finished and 1053 unfinished)
Updating '/tmp/cirrus-ci-build/src/qt/locale/bitcoin_sl.qm'...
    Generated 1004 translation(s) (0 finished and 1004 unfinished)
    Ignored 11 untranslated source text(s)
[ 55%] Generating ../../../../../src/qt/locale/bitcoin_bs.qm
    Generated 1031 translation(s) (0 finished and 1031 unfinished)
[ 55%] Generating ../../../../../src/qt/locale/bitcoin_sq.qm
[ 55%] Generating ../../../../../src/qt/locale/bitcoin_sr.qm
Updating '/tmp/cirrus-ci-build/src/qt/locale/bitcoin_ka.qm'...
    Generated 463 translation(s) (0 finished and 463 unfinished)
    Ignored 11 untranslated source text(s)
Updating '/tmp/cirrus-ci-build/src/qt/locale/bitcoin_bs.qm'...
[ 55%] Generating ../../../../../src/qt/locale/bitcoin_ga.qm
    Generated 372 translation(s) (0 finished and 372 unfinished)
    Ignored 11 untranslated source text(s)
Updating '/tmp/cirrus-ci-build/src/qt/locale/bitcoin_sq.qm'...
    Generated 159 translation(s) (0 finished and 159 unfinished)
    Ignored 11 untranslated source text(s)
[ 55%] Generating ../../../../../src/qt/locale/bitcoin_sv.qm
[ 56%] Generating ../../../../../src/qt/locale/bitcoin_sw.qm
Updating '/tmp/cirrus-ci-build/src/qt/locale/bitcoin_sr.qm'...
[ 57%] Generating ../../../../../src/qt/locale/bitcoin_kk.qm
    Generated 795 translation(s) (0 finished and 795 unfinished)
    Ignored 11 untranslated source text(s)
Updating '/tmp/cirrus-ci-build/src/qt/locale/bitcoin_sw.qm'...
    Generated 13 translation(s) (0 finished and 13 unfinished)
    Ignored 11 untranslated source text(s)
Updating '/tmp/cirrus-ci-build/src/qt/locale/bitcoin_ga.qm'...
[ 57%] Generating ../../../../../src/qt/locale/bitcoin_gd.qm
[ 57%] Generating ../../../../../src/qt/locale/bitcoin_kl.qm
Updating '/tmp/cirrus-ci-build/src/qt/locale/bitcoin_sv.qm'...
Updating '/tmp/cirrus-ci-build/src/qt/locale/bitcoin_kk.qm'...
    Generated 837 translation(s) (0 finished and 837 unfinished)
    Ignored 11 untranslated source text(s)
    Generated 184 translation(s) (0 finished and 184 unfinished)
    Ignored 11 untranslated source text(s)
Updating '/tmp/cirrus-ci-build/src/qt/locale/bitcoin_gd.qm'...
    Generated 864 translation(s) (0 finished and 864 unfinished)
    Ignored 11 untranslated source text(s)
    Generated 19 translation(s) (0 finished and 19 unfinished)
    Ignored 11 untranslated source text(s)
Updating '/tmp/cirrus-ci-build/src/qt/locale/bitcoin_kl.qm'...
    Generated 48 translation(s) (0 finished and 48 unfinished)
    Ignored 11 untranslated source text(s)
[ 57%] Generating ../../../../../src/qt/locale/bitcoin_ko.qm
[ 57%] Generating ../../../../../src/qt/locale/bitcoin_km.qm
[ 57%] Generating ../../../../../src/qt/locale/bitcoin_ca.qm
[ 57%] Generating ../../../../../src/qt/locale/bitcoin_pt_BR.qm
[ 57%] Generating ../../../../../src/qt/locale/bitcoin_ta.qm
[ 57%] Generating ../../../../../src/qt/locale/bitcoin_te.qm
[ 57%] Generating ../../../../../src/qt/locale/bitcoin_gl.qm
Updating '/tmp/cirrus-ci-build/src/qt/locale/bitcoin_km.qm'...
Updating '/tmp/cirrus-ci-build/src/qt/locale/bitcoin_ko.qm'...
    Generated 487 translation(s) (0 finished and 487 unfinished)
    Ignored 11 untranslated source text(s)
Updating '/tmp/cirrus-ci-build/src/qt/locale/bitcoin_te.qm'...
    Generated 118 translation(s) (0 finished and 118 unfinished)
    Ignored 11 untranslated source text(s)
    Generated 970 translation(s) (0 finished and 970 unfinished)
    Ignored 11 untranslated source text(s)
Updating '/tmp/cirrus-ci-build/src/qt/locale/bitcoin_gl.qm'...
Updating '/tmp/cirrus-ci-build/src/qt/locale/bitcoin_pt_BR.qm'...
Updating '/tmp/cirrus-ci-build/src/qt/locale/bitcoin_ca.qm'...
    Generated 386 translation(s) (0 finished and 386 unfinished)
    Ignored 11 untranslated source text(s)
Updating '/tmp/cirrus-ci-build/src/qt/locale/bitcoin_ta.qm'...
    Generated 724 translation(s) (0 finished and 724 unfinished)
    Ignored 11 untranslated source text(s)
    Generated 911 translation(s) (0 finished and 911 unfinished)
    Ignored 11 untranslated source text(s)
    Generated 987 translation(s) (0 finished and 987 unfinished)
    Ignored 11 untranslated source text(s)
[ 57%] Generating ../../../../../src/qt/locale/bitcoin_zh_CN.qm
[ 57%] Generating ../../../../../src/qt/locale/bitcoin_ky.qm
[ 57%] Generating ../../../../../src/qt/locale/bitcoin_th.qm
[ 57%] Generating ../../../../../src/qt/locale/bitcoin_gu.qm
Updating '/tmp/cirrus-ci-build/src/qt/locale/bitcoin_ky.qm'...
    Generated 56 translation(s) (0 finished and 56 unfinished)
    Ignored 11 untranslated source text(s)
[ 58%] Generating ../../../../../src/qt/locale/bitcoin_la.qm
[ 58%] Generating ../../../../../src/qt/locale/bitcoin_cs.qm
[ 58%] Generating ../../../../../src/qt/locale/bitcoin_zh_TW.qm
Updating '/tmp/cirrus-ci-build/src/qt/locale/bitcoin_th.qm'...
    Generated 319 translation(s) (0 finished and 319 unfinished)
    Ignored 3 untranslated source text(s)
Updating '/tmp/cirrus-ci-build/src/qt/locale/bitcoin_gu.qm'...
    Generated 51 translation(s) (0 finished and 51 unfinished)
    Ignored 11 untranslated source text(s)
Updating '/tmp/cirrus-ci-build/src/qt/locale/bitcoin_zh_CN.qm'...
Updating '/tmp/cirrus-ci-build/src/qt/locale/bitcoin_la.qm'...
    Generated 290 translation(s) (0 finished and 290 unfinished)
    Ignored 11 untranslated source text(s)
    Generated 1016 translation(s) (0 finished and 1016 unfinished)
    Ignored 11 untranslated source text(s)
[ 58%] Generating ../../../../../src/qt/locale/bitcoin_szl.qm
Updating '/tmp/cirrus-ci-build/src/qt/locale/bitcoin_zh_TW.qm'...
Updating '/tmp/cirrus-ci-build/src/qt/locale/bitcoin_cs.qm'...
    Generated 823 translation(s) (0 finished and 823 unfinished)
    Ignored 11 untranslated source text(s)
[ 58%] Generating ../../../../../src/qt/locale/bitcoin_tr.qm
[ 59%] Generating ../../../../../src/qt/locale/bitcoin_pl.qm
    Generated 1002 translation(s) (0 finished and 1002 unfinished)
    Ignored 11 untranslated source text(s)
[ 59%] Generating ../../../../../src/qt/locale/bitcoin_ku_IQ.qm
Updating '/tmp/cirrus-ci-build/src/qt/locale/bitcoin_szl.qm'...
    Generated 378 translation(s) (0 finished and 378 unfinished)
    Ignored 11 untranslated source text(s)
[ 59%] Generating ../../../../../src/qt/locale/bitcoin_cy.qm
Updating '/tmp/cirrus-ci-build/src/qt/locale/bitcoin_ku_IQ.qm'...
    Generated 156 translation(s) (0 finished and 156 unfinished)
    Ignored 11 untranslated source text(s)
Updating '/tmp/cirrus-ci-build/src/qt/locale/bitcoin_tr.qm'...
Updating '/tmp/cirrus-ci-build/src/qt/locale/bitcoin_pl.qm'...
[ 59%] Generating ../../../../../src/qt/locale/bitcoin_he.qm
    Generated 858 translation(s) (0 finished and 858 unfinished)
    Ignored 5 untranslated source text(s)
Updating '/tmp/cirrus-ci-build/src/qt/locale/bitcoin_cy.qm'...
    Generated 198 translation(s) (0 finished and 198 unfinished)
    Ignored 11 untranslated source text(s)
[ 59%] Generating ../../../../../src/qt/locale/bitcoin_zh_HK.qm
    Generated 857 translation(s) (0 finished and 857 unfinished)
    Ignored 11 untranslated source text(s)
[ 59%] Generating ../../../../../src/qt/locale/bitcoin_pt.qm
[ 59%] Generating ../../../../../src/qt/locale/bitcoin_es_CL.qm
Updating '/tmp/cirrus-ci-build/src/qt/locale/bitcoin_zh_HK.qm'...
    Generated 129 translation(s) (0 finished and 129 unfinished)
    Ignored 11 untranslated source text(s)
[ 59%] Generating ../../../../../src/qt/locale/bitcoin_da.qm
Updating '/tmp/cirrus-ci-build/src/qt/locale/bitcoin_he.qm'...
[ 59%] Generating ../../../../../src/qt/locale/bitcoin_pam.qm
[ 59%] Generating ../../../../../src/qt/locale/bitcoin_es_CO.qm
Updating '/tmp/cirrus-ci-build/src/qt/locale/bitcoin_es_CL.qm'...
    Generated 859 translation(s) (0 finished and 859 unfinished)
    Ignored 11 untranslated source text(s)
    Generated 633 translation(s) (0 finished and 633 unfinished)
    Ignored 11 untranslated source text(s)
[ 59%] Generating ../../../../../src/qt/locale/bitcoin_de.qm
Updating '/tmp/cirrus-ci-build/src/qt/locale/bitcoin_pt.qm'...
Updating '/tmp/cirrus-ci-build/src/qt/locale/bitcoin_pam.qm'...
    Generated 238 translation(s) (0 finished and 238 unfinished)
    Ignored 11 untranslated source text(s)
    Generated 981 translation(s) (0 finished and 981 unfinished)
    Ignored 11 untranslated source text(s)
Updating '/tmp/cirrus-ci-build/src/qt/locale/bitcoin_da.qm'...
[ 59%] Generating ../../../../../src/qt/locale/bitcoin_lt.qm
Updating '/tmp/cirrus-ci-build/src/qt/locale/bitcoin_es_CO.qm'...
    Generated 861 translation(s) (0 finished and 861 unfinished)
    Ignored 11 untranslated source text(s)
    Generated 672 translation(s) (0 finished and 672 unfinished)
    Ignored 11 untranslated source text(s)
[ 60%] Generating ../../../../../src/qt/locale/bitcoin_lv.qm
[ 60%] Generating ../../../../../src/qt/locale/bitcoin_ug.qm
Updating '/tmp/cirrus-ci-build/src/qt/locale/bitcoin_de.qm'...
    Generated 1019 translation(s) (0 finished and 1019 unfinished)
    Ignored 11 untranslated source text(s)
[ 61%] Generating ../../../../../src/qt/locale/bitcoin_hr.qm
Updating '/tmp/cirrus-ci-build/src/qt/locale/bitcoin_lt.qm'...
[ 61%] Generating ../../../../../src/qt/locale/bitcoin_yo.qm
Updating '/tmp/cirrus-ci-build/src/qt/locale/bitcoin_ug.qm'...
    Generated 44 translation(s) (0 finished and 44 unfinished)
    Ignored 11 untranslated source text(s)
    Generated 693 translation(s) (0 finished and 693 unfinished)
    Ignored 11 untranslated source text(s)
Updating '/tmp/cirrus-ci-build/src/qt/locale/bitcoin_lv.qm'...
    Generated 264 translation(s) (0 finished and 264 unfinished)
    Ignored 11 untranslated source text(s)
[ 61%] Generating ../../../../../src/qt/locale/bitcoin_hu.qm
[ 61%] Generating ../../../../../src/qt/locale/bitcoin_uk.qm
Updating '/tmp/cirrus-ci-build/src/qt/locale/bitcoin_yo.qm'...
    Generated 19 translation(s) (0 finished and 19 unfinished)
    Ignored 11 untranslated source text(s)
Updating '/tmp/cirrus-ci-build/src/qt/locale/bitcoin_hr.qm'...
[ 61%] Generating ../../../../../src/qt/locale/bitcoin_ur.qm
    Generated 762 translation(s) (0 finished and 762 unfinished)
    Ignored 11 untranslated source text(s)
[ 61%] Generating ../../../../../src/qt/locale/bitcoin_gl_ES.qm
Updating '/tmp/cirrus-ci-build/src/qt/locale/bitcoin_hu.qm'...
Updating '/tmp/cirrus-ci-build/src/qt/locale/bitcoin_ur.qm'...
[ 61%] Generating ../../../../../src/qt/locale/bitcoin_mk.qm
    Generated 134 translation(s) (0 finished and 134 unfinished)
    Ignored 11 untranslated source text(s)
Updating '/tmp/cirrus-ci-build/src/qt/locale/bitcoin_uk.qm'...
[ 61%] Generating ../../../../../src/qt/locale/bitcoin_sr@latin.qm
    Generated 1055 translation(s) (0 finished and 1055 unfinished)
    Ignored 11 untranslated source text(s)
    Generated 1081 translation(s) (0 finished and 1081 unfinished)
[ 61%] Generating ../../../../../src/qt/locale/bitcoin_id.qm
Updating '/tmp/cirrus-ci-build/src/qt/locale/bitcoin_gl_ES.qm'...
    Generated 216 translation(s) (0 finished and 216 unfinished)
    Ignored 11 untranslated source text(s)
Updating '/tmp/cirrus-ci-build/src/qt/locale/bitcoin_mk.qm'...
    Generated 105 translation(s) (0 finished and 105 unfinished)
    Ignored 11 untranslated source text(s)
Updating '/tmp/cirrus-ci-build/src/qt/locale/bitcoin_sr@latin.qm'...
[ 61%] Generating ../../../../../src/qt/locale/bitcoin_ml.qm
    Generated 173 translation(s) (0 finished and 173 unfinished)
    Ignored 11 untranslated source text(s)
Updating '/tmp/cirrus-ci-build/src/qt/locale/bitcoin_ml.qm'...
[ 61%] Generating ../../../../../src/qt/locale/bitcoin_mn.qm
    Generated 287 translation(s) (0 finished and 287 unfinished)
    Ignored 11 untranslated source text(s)
[ 61%] Generating ../../../../../src/qt/locale/bitcoin_mr_IN.qm
[ 61%] Generating ../../../../../src/qt/locale/bitcoin_zh.qm
[ 61%] Generating ../../../../../src/qt/locale/bitcoin_es_DO.qm
Updating '/tmp/cirrus-ci-build/src/qt/locale/bitcoin_id.qm'...
[ 62%] Generating ../../../../../src/qt/locale/bitcoin_ms.qm
Updating '/tmp/cirrus-ci-build/src/qt/locale/bitcoin_mr_IN.qm'...
    Generated 37 translation(s) (0 finished and 37 unfinished)
    Ignored 11 untranslated source text(s)
Updating '/tmp/cirrus-ci-build/src/qt/locale/bitcoin_mn.qm'...
[ 62%] Generating ../../../../../src/qt/locale/bitcoin_uz@Cyrl.qm
    Generated 211 translation(s) (0 finished and 211 unfinished)
    Ignored 11 untranslated source text(s)
Updating '/tmp/cirrus-ci-build/src/qt/locale/bitcoin_zh.qm'...
    Generated 974 translation(s) (0 finished and 974 unfinished)
    Ignored 11 untranslated source text(s)
    Generated 30 translation(s) (0 finished and 30 unfinished)
    Ignored 11 untranslated source text(s)
Updating '/tmp/cirrus-ci-build/src/qt/locale/bitcoin_ms.qm'...
    Generated 102 translation(s) (0 finished and 102 unfinished)
    Ignored 11 untranslated source text(s)
Updating '/tmp/cirrus-ci-build/src/qt/locale/bitcoin_es_DO.qm'...
[ 62%] Generating ../../../../../src/qt/locale/bitcoin_my.qm
    Generated 402 translation(s) (0 finished and 402 unfinished)
    Ignored 11 untranslated source text(s)
Updating '/tmp/cirrus-ci-build/src/qt/locale/bitcoin_uz@Cyrl.qm'...
    Generated 378 translation(s) (0 finished and 378 unfinished)
    Ignored 11 untranslated source text(s)
[ 62%] Generating ../../../../../src/qt/locale/bitcoin_is.qm
Updating '/tmp/cirrus-ci-build/src/qt/locale/bitcoin_my.qm'...
    Generated 43 translation(s) (0 finished and 43 unfinished)
    Ignored 11 untranslated source text(s)
[ 62%] Generating ../../../../../src/qt/locale/bitcoin_vi.qm
[ 62%] Generating ../../../../../src/qt/locale/bitcoin_it.qm
[ 63%] Generating ../../../../../src/qt/locale/bitcoin_el.qm
[ 63%] Generating ../../../../../src/qt/locale/bitcoin_en.qm
[ 63%] Generating ../../../../../src/qt/locale/bitcoin_eo.qm
Updating '/tmp/cirrus-ci-build/src/qt/locale/bitcoin_is.qm'...
    Generated 168 translation(s) (0 finished and 168 unfinished)
    Ignored 11 untranslated source text(s)
[ 63%] Generating ../../../../../src/qt/locale/bitcoin_nb.qm
Updating '/tmp/cirrus-ci-build/src/qt/locale/bitcoin_vi.qm'...
    Generated 573 translation(s) (0 finished and 573 unfinished)
    Ignored 11 untranslated source text(s)
[ 63%] Generating ../../../../../src/qt/locale/bitcoin_es.qm
Updating '/tmp/cirrus-ci-build/src/qt/locale/bitcoin_eo.qm'...
Updating '/tmp/cirrus-ci-build/src/qt/locale/bitcoin_it.qm'...
    Generated 488 translation(s) (0 finished and 488 unfinished)
    Ignored 11 untranslated source text(s)
Updating '/tmp/cirrus-ci-build/src/qt/locale/bitcoin_el.qm'...
    Generated 1032 translation(s) (0 finished and 1032 unfinished)
    Ignored 11 untranslated source text(s)
[ 63%] Generating ../../../../../src/qt/locale/bitcoin_et.qm
    Generated 945 translation(s) (0 finished and 945 unfinished)
    Ignored 11 untranslated source text(s)
Updating '/tmp/cirrus-ci-build/src/qt/locale/bitcoin_en.qm'...
    Generated 161 translation(s) (131 finished and 30 unfinished)
    Ignored 988 untranslated source text(s)
Updating '/tmp/cirrus-ci-build/src/qt/locale/bitcoin_nb.qm'...
Updating '/tmp/cirrus-ci-build/src/qt/locale/bitcoin_es.qm'...
[ 63%] Generating ../../../../../src/qt/locale/bitcoin_am.qm
    Generated 577 translation(s) (0 finished and 577 unfinished)
    Ignored 11 untranslated source text(s)
Updating '/tmp/cirrus-ci-build/src/qt/locale/bitcoin_et.qm'...
    Generated 956 translation(s) (0 finished and 956 unfinished)
    Ignored 11 untranslated source text(s)
    Generated 413 translation(s) (0 finished and 413 unfinished)
    Ignored 11 untranslated source text(s)
[ 63%] Generating ../../../../../src/qt/locale/bitcoin_ne.qm
Updating '/tmp/cirrus-ci-build/src/qt/locale/bitcoin_am.qm'...
[ 63%] Generating ../../../../../src/qt/locale/bitcoin_eu.qm
    Generated 132 translation(s) (0 finished and 132 unfinished)
    Ignored 11 untranslated source text(s)
[ 63%] Generating ../../../../../src/qt/locale/bitcoin_ro.qm
[ 63%] Generating ../../../../../src/qt/locale/bitcoin_ja.qm
[ 63%] Built target bitcoin-wallet
[ 63%] Generating ../../../../../src/qt/locale/bitcoin_es_VE.qm
Updating '/tmp/cirrus-ci-build/src/qt/locale/bitcoin_ne.qm'...
    Generated 78 translation(s) (0 finished and 78 unfinished)
    Ignored 11 untranslated source text(s)
Updating '/tmp/cirrus-ci-build/src/qt/locale/bitcoin_eu.qm'...
[ 63%] Generating ../../../../../src/qt/locale/bitcoin_ar.qm
    Generated 344 translation(s) (0 finished and 344 unfinished)
    Ignored 11 untranslated source text(s)
[ 63%] Generating ../../../../../src/qt/locale/bitcoin_uz@Latn.qm
[ 64%] Generating ../../../../../src/qt/locale/bitcoin_zh-Hans.qm
Updating '/tmp/cirrus-ci-build/src/qt/locale/bitcoin_ro.qm'...
Updating '/tmp/cirrus-ci-build/src/qt/locale/bitcoin_es_VE.qm'...
    Generated 756 translation(s) (0 finished and 756 unfinished)
    Ignored 11 untranslated source text(s)
    Generated 327 translation(s) (0 finished and 327 unfinished)
    Ignored 11 untranslated source text(s)
Updating '/tmp/cirrus-ci-build/src/qt/locale/bitcoin_ja.qm'...
[ 65%] Generating ../../../../../src/qt/locale/bitcoin_nl.qm
[ 65%] Generating ../../../../../src/qt/locale/bitcoin_es_MX.qm
Updating '/tmp/cirrus-ci-build/src/qt/locale/bitcoin_uz@Latn.qm'...
    Generated 14 translation(s) (0 finished and 14 unfinished)
    Ignored 11 untranslated source text(s)
Updating '/tmp/cirrus-ci-build/src/qt/locale/bitcoin_zh-Hans.qm'...
    Generated 57 translation(s) (0 finished and 57 unfinished)
    Ignored 11 untranslated source text(s)
    Generated 1071 translation(s) (0 finished and 1071 unfinished)
[ 65%] Generating ../../../../../src/qt/locale/bitcoin_ru.qm
Updating '/tmp/cirrus-ci-build/src/qt/locale/bitcoin_ar.qm'...
[ 65%] Generating ../../../../../src/qt/locale/bitcoin_fa.qm
Updating '/tmp/cirrus-ci-build/src/qt/locale/bitcoin_es_MX.qm'...
[ 65%] Generating ../../../../../src/qt/locale/bitcoin_no.qm
    Generated 548 translation(s) (0 finished and 548 unfinished)
    Ignored 11 untranslated source text(s)
    Generated 946 translation(s) (0 finished and 946 unfinished)
    Ignored 11 untranslated source text(s)
[ 65%] Generating ../../../../../src/qt/locale/bitcoin_az.qm
Updating '/tmp/cirrus-ci-build/src/qt/locale/bitcoin_nl.qm'...
[ 65%] Generating ../../../../../src/qt/locale/bitcoin_fil.qm
[ 65%] Generating ../../../../../src/qt/locale/bitcoin_fi.qm
Updating '/tmp/cirrus-ci-build/src/qt/locale/bitcoin_no.qm'...
    Generated 25 translation(s) (0 finished and 25 unfinished)
    Ignored 11 untranslated source text(s)
    Generated 1014 translation(s) (0 finished and 1014 unfinished)
    Ignored 11 untranslated source text(s)
Updating '/tmp/cirrus-ci-build/src/qt/locale/bitcoin_az.qm'...
Updating '/tmp/cirrus-ci-build/src/qt/locale/bitcoin_ru.qm'...
    Generated 78 translation(s) (0 finished and 78 unfinished)
    Ignored 11 untranslated source text(s)
    Generated 985 translation(s) (0 finished and 985 unfinished)
    Ignored 11 untranslated source text(s)
Updating '/tmp/cirrus-ci-build/src/qt/locale/bitcoin_fa.qm'...
[ 65%] Generating ../../../../../src/qt/locale/bitcoin_be.qm
Updating '/tmp/cirrus-ci-build/src/qt/locale/bitcoin_fil.qm'...
    Generated 879 translation(s) (0 finished and 879 unfinished)
    Ignored 11 untranslated source text(s)
[ 65%] Generating ../../../../../src/qt/locale/bitcoin_sc.qm
Updating '/tmp/cirrus-ci-build/src/qt/locale/bitcoin_fi.qm'...
[ 65%] Generating ../../../../../src/qt/locale/bitcoin_bg.qm
    Generated 711 translation(s) (0 finished and 711 unfinished)
    Ignored 11 untranslated source text(s)
    Generated 964 translation(s) (0 finished and 964 unfinished)
    Ignored 11 untranslated source text(s)
Updating '/tmp/cirrus-ci-build/src/qt/locale/bitcoin_be.qm'...
    Generated 237 translation(s) (0 finished and 237 unfinished)
    Ignored 11 untranslated source text(s)
Updating '/tmp/cirrus-ci-build/src/qt/locale/bitcoin_sc.qm'...
    Generated 15 translation(s) (0 finished and 15 unfinished)
    Ignored 11 untranslated source text(s)
Updating '/tmp/cirrus-ci-build/src/qt/locale/bitcoin_bg.qm'...
    Generated 571 translation(s) (0 finished and 571 unfinished)
    Ignored 11 untranslated source text(s)
[ 66%] Automatic RCC for bitcoin_locale.qrc
[ 66%] Building CXX object src/qt/CMakeFiles/bitcoinqt.dir/bitcoinqt_autogen/mocs_compilation.cpp.o
[ 66%] Building CXX object src/qt/CMakeFiles/bitcoinqt.dir/bitcoinaddressvalidator.cpp.o
[ 67%] Building CXX object src/qt/CMakeFiles/bitcoinqt.dir/bitcoin.cpp.o
[ 67%] Building CXX object src/qt/CMakeFiles/bitcoinqt.dir/bitcoinunits.cpp.o
[ 67%] Building CXX object src/qt/CMakeFiles/bitcoinqt.dir/bitcoinamountfield.cpp.o
[ 67%] Building CXX object src/qt/CMakeFiles/bitcoinqt.dir/clientmodel.cpp.o
[ 67%] Building CXX object src/qt/CMakeFiles/bitcoinqt.dir/bantablemodel.cpp.o
[ 67%] Building CXX object src/qt/CMakeFiles/bitcoinqt.dir/bitcoingui.cpp.o
[ 68%] Building CXX object src/qt/CMakeFiles/bitcoinqt.dir/csvmodelwriter.cpp.o
[ 68%] Building CXX object src/qt/CMakeFiles/bitcoinqt.dir/guiutil.cpp.o
[ 68%] Building CXX object src/qt/CMakeFiles/bitcoinqt.dir/intro.cpp.o
[ 68%] Building CXX object src/qt/CMakeFiles/bitcoinqt.dir/modaloverlay.cpp.o
[ 68%] Building CXX object src/qt/CMakeFiles/bitcoinqt.dir/initexecutor.cpp.o
[ 68%] Building CXX object src/qt/CMakeFiles/bitcoinqt.dir/networkstyle.cpp.o
[ 68%] Building CXX object src/qt/CMakeFiles/bitcoinqt.dir/notificator.cpp.o
[ 69%] Building CXX object src/qt/CMakeFiles/bitcoinqt.dir/optionsdialog.cpp.o
[ 69%] Building CXX object src/qt/CMakeFiles/bitcoinqt.dir/optionsmodel.cpp.o
[ 69%] Building CXX object src/qt/CMakeFiles/bitcoinqt.dir/peertablemodel.cpp.o
[ 69%] Building CXX object src/qt/CMakeFiles/bitcoinqt.dir/peertablesortproxy.cpp.o
[ 69%] Building CXX object src/qt/CMakeFiles/bitcoinqt.dir/platformstyle.cpp.o
[ 69%] Building CXX object src/qt/CMakeFiles/bitcoinqt.dir/qvaluecombobox.cpp.o
[ 70%] Building CXX object src/qt/CMakeFiles/bitcoinqt.dir/qvalidatedlineedit.cpp.o
[ 70%] Building CXX object src/qt/CMakeFiles/bitcoinqt.dir/rpcconsole.cpp.o
[ 70%] Built target bitcoin_node
[ 70%] Building CXX object src/qt/CMakeFiles/bitcoinqt.dir/splashscreen.cpp.o
[ 70%] Building CXX object src/qt/CMakeFiles/bitcoinqt.dir/trafficgraphwidget.cpp.o
[ 70%] Building CXX object src/qt/CMakeFiles/bitcoinqt.dir/utilitydialog.cpp.o
[ 70%] Building CXX object src/qt/CMakeFiles/bitcoinqt.dir/addressbookpage.cpp.o
[ 70%] Building CXX object src/qt/CMakeFiles/bitcoinqt.dir/addresstablemodel.cpp.o
[ 71%] Building CXX object src/CMakeFiles/bitcoind.dir/bitcoind.cpp.o
[ 71%] Building CXX object src/qt/CMakeFiles/bitcoinqt.dir/askpassphrasedialog.cpp.o
[ 71%] Building CXX object src/qt/CMakeFiles/bitcoinqt.dir/coincontroldialog.cpp.o
[ 71%] Building CXX object src/test/util/CMakeFiles/test_util.dir/blockfilter.cpp.o
[ 71%] Building CXX object src/test/util/CMakeFiles/test_util.dir/logging.cpp.o
[ 71%] Building CXX object src/qt/CMakeFiles/bitcoinqt.dir/coincontroltreewidget.cpp.o
[ 71%] Building CXX object src/qt/CMakeFiles/bitcoinqt.dir/createwalletdialog.cpp.o
[ 71%] Building CXX object src/test/util/CMakeFiles/test_util.dir/mining.cpp.o
[ 71%] Building CXX object src/CMakeFiles/bitcoind.dir/init/bitcoind.cpp.o
[ 71%] Building CXX object src/qt/CMakeFiles/bitcoinqt.dir/editaddressdialog.cpp.o
[ 72%] Building CXX object src/test/util/CMakeFiles/test_util.dir/net.cpp.o
[ 72%] Building CXX object src/test/util/CMakeFiles/test_util.dir/setup_common.cpp.o
[ 72%] Building CXX object src/test/util/CMakeFiles/test_util.dir/script.cpp.o
[ 72%] Building CXX object src/qt/CMakeFiles/bitcoinqt.dir/openuridialog.cpp.o
[ 72%] Building CXX object src/qt/CMakeFiles/bitcoinqt.dir/overviewpage.cpp.o
[ 72%] Building CXX object src/test/util/CMakeFiles/test_util.dir/str.cpp.o
[ 72%] Linking CXX executable bitcoind
[ 73%] Building CXX object src/qt/CMakeFiles/bitcoinqt.dir/paymentserver.cpp.o
[ 73%] Building CXX object src/qt/CMakeFiles/bitcoinqt.dir/psbtoperationsdialog.cpp.o
[ 73%] Building CXX object src/test/util/CMakeFiles/test_util.dir/transaction_utils.cpp.o
[ 73%] Building CXX object src/test/util/CMakeFiles/test_util.dir/txmempool.cpp.o
[ 73%] Building CXX object src/test/util/CMakeFiles/test_util.dir/validation.cpp.o
[ 73%] Building CXX object src/qt/CMakeFiles/bitcoinqt.dir/qrimagewidget.cpp.o
[ 73%] Building CXX object src/qt/CMakeFiles/bitcoinqt.dir/receivecoinsdialog.cpp.o
[ 73%] Building CXX object src/qt/CMakeFiles/bitcoinqt.dir/receiverequestdialog.cpp.o
[ 74%] Building CXX object src/test/util/CMakeFiles/test_util.dir/wallet.cpp.o
[ 74%] Building CXX object src/qt/CMakeFiles/bitcoinqt.dir/recentrequeststablemodel.cpp.o
[ 74%] Building CXX object src/qt/CMakeFiles/bitcoinqt.dir/sendcoinsdialog.cpp.o
[ 74%] Building CXX object src/qt/CMakeFiles/bitcoinqt.dir/transactiondesc.cpp.o
[ 75%] Building CXX object src/qt/CMakeFiles/bitcoinqt.dir/sendcoinsentry.cpp.o
[ 75%] Building CXX object src/qt/CMakeFiles/bitcoinqt.dir/signverifymessagedialog.cpp.o
[ 75%] Building CXX object src/qt/CMakeFiles/bitcoinqt.dir/transactiondescdialog.cpp.o
[ 75%] Building CXX object src/qt/CMakeFiles/bitcoinqt.dir/transactionfilterproxy.cpp.o
[ 75%] Building CXX object src/qt/CMakeFiles/bitcoinqt.dir/transactionoverviewwidget.cpp.o
[ 75%] Building CXX object src/qt/CMakeFiles/bitcoinqt.dir/transactionrecord.cpp.o
[ 75%] Linking CXX static library libtest_util.a
[ 76%] Building CXX object src/qt/CMakeFiles/bitcoinqt.dir/transactiontablemodel.cpp.o
[ 76%] Building CXX object src/qt/CMakeFiles/bitcoinqt.dir/transactionview.cpp.o
[ 76%] Building CXX object src/qt/CMakeFiles/bitcoinqt.dir/walletcontroller.cpp.o
[ 76%] Building CXX object src/qt/CMakeFiles/bitcoinqt.dir/walletframe.cpp.o
[ 76%] Building CXX object src/qt/CMakeFiles/bitcoinqt.dir/walletmodel.cpp.o
[ 76%] Building CXX object src/qt/CMakeFiles/bitcoinqt.dir/walletmodeltransaction.cpp.o
[ 76%] Building CXX object src/qt/CMakeFiles/bitcoinqt.dir/walletview.cpp.o
[ 77%] Building CXX object src/qt/CMakeFiles/bitcoinqt.dir/bitcoinqt_autogen/EWIEGA46WW/qrc_bitcoin.cpp.o
[ 77%] Building CXX object src/qt/CMakeFiles/bitcoinqt.dir/__/__/depends/x86_64-pc-linux-gnu/lib/cmake/Qt5Gui/Qt5Gui_QXcbIntegrationPlugin_Import.cpp.o
[ 77%] Building CXX object src/qt/CMakeFiles/bitcoinqt.dir/bitcoinqt_autogen/EWIEGA46WW/qrc_bitcoin_locale.cpp.o
[ 77%] Linking CXX static library libbitcoinqt.a
[ 77%] Built target test_util
[ 77%] Generating data/block413567.raw.h
[ 77%] Generating data/tx_valid.json.h
[ 77%] Generating data/base58_encode_decode.json.h
[ 77%] Generating data/asmap.raw.h
[ 77%] Generating data/blockfilters.json.h
[ 77%] Generating data/key_io_valid.json.h
[ 77%] Generating data/bip341_wallet_vectors.json.h
[ 77%] Generating data/key_io_invalid.json.h
[ 78%] Generating data/script_tests.json.h
[ 78%] Generating data/sighash.json.h
[ 78%] Generating data/tx_invalid.json.h
[ 78%] Built target bitcoinqt
[ 78%] Automatic MOC and UIC for target bitcoin-qt
[ 78%] Built target bitcoin-qt_autogen
[ 78%] Building CXX object src/qt/CMakeFiles/bitcoin-qt.dir/bitcoin-qt_autogen/mocs_compilation.cpp.o
[ 78%] Building CXX object src/qt/CMakeFiles/bitcoin-qt.dir/main.cpp.o
[ 78%] Building CXX object src/qt/CMakeFiles/bitcoin-qt.dir/__/init/bitcoin-qt.cpp.o
[ 78%] Building CXX object src/qt/CMakeFiles/bitcoin-qt.dir/__/__/depends/x86_64-pc-linux-gnu/lib/cmake/Qt5Gui/Qt5Gui_QXcbIntegrationPlugin_Import.cpp.o
[ 78%] Linking CXX executable bitcoin-qt
[ 78%] Built target bitcoind
[ 78%] Built target bitcoin-qt
[ 78%] Building CXX object src/test/CMakeFiles/test_bitcoin.dir/compilerbug_tests.cpp.o
[ 78%] Building CXX object src/test/CMakeFiles/test_bitcoin.dir/allocator_tests.cpp.o
[ 78%] Building CXX object src/test/CMakeFiles/test_bitcoin.dir/addrman_tests.cpp.o
[ 78%] Building CXX object src/test/CMakeFiles/test_bitcoin.dir/banman_tests.cpp.o
[ 79%] Building CXX object src/test/CMakeFiles/test_bitcoin.dir/base58_tests.cpp.o
[ 79%] Building CXX object src/test/CMakeFiles/test_bitcoin.dir/amount_tests.cpp.o
[ 79%] Building CXX object src/test/CMakeFiles/test_bitcoin.dir/arith_uint256_tests.cpp.o
[ 79%] Building CXX object src/test/CMakeFiles/test_bitcoin.dir/base32_tests.cpp.o
[ 79%] Building CXX object src/test/CMakeFiles/test_bitcoin.dir/base64_tests.cpp.o
[ 79%] Building CXX object src/test/CMakeFiles/test_bitcoin.dir/bech32_tests.cpp.o
[ 80%] Building CXX object src/test/CMakeFiles/test_bitcoin.dir/bip32_tests.cpp.o
[ 80%] Building CXX object src/test/CMakeFiles/test_bitcoin.dir/blockchain_tests.cpp.o
[ 80%] Building CXX object src/test/CMakeFiles/test_bitcoin.dir/blockfilter_index_tests.cpp.o
[ 80%] Building CXX object src/test/CMakeFiles/test_bitcoin.dir/blockencodings_tests.cpp.o
[ 80%] Building CXX object src/test/CMakeFiles/test_bitcoin.dir/blockfilter_tests.cpp.o
[ 80%] Building CXX object src/test/CMakeFiles/test_bitcoin.dir/bswap_tests.cpp.o
[ 80%] Building CXX object src/test/CMakeFiles/test_bitcoin.dir/bloom_tests.cpp.o
[ 81%] Building CXX object src/test/CMakeFiles/test_bitcoin.dir/checkqueue_tests.cpp.o
[ 81%] Building CXX object src/test/CMakeFiles/test_bitcoin.dir/coinstatsindex_tests.cpp.o
[ 81%] Building CXX object src/test/CMakeFiles/test_bitcoin.dir/coins_tests.cpp.o
[ 81%] Building CXX object src/test/CMakeFiles/test_bitcoin.dir/compress_tests.cpp.o
[ 81%] Building CXX object src/test/CMakeFiles/test_bitcoin.dir/crypto_tests.cpp.o
[ 81%] Building CXX object src/test/CMakeFiles/test_bitcoin.dir/cuckoocache_tests.cpp.o
[ 81%] Building CXX object src/test/CMakeFiles/test_bitcoin.dir/dbwrapper_tests.cpp.o
[ 82%] Building CXX object src/test/CMakeFiles/test_bitcoin.dir/denialofservice_tests.cpp.o
[ 82%] Building CXX object src/test/CMakeFiles/test_bitcoin.dir/descriptor_tests.cpp.o
[ 82%] Building CXX object src/test/CMakeFiles/test_bitcoin.dir/flatfile_tests.cpp.o
[ 82%] Building CXX object src/test/CMakeFiles/test_bitcoin.dir/fs_tests.cpp.o
[ 82%] Building CXX object src/test/CMakeFiles/test_bitcoin.dir/getarg_tests.cpp.o
[ 82%] Building CXX object src/test/CMakeFiles/test_bitcoin.dir/hash_tests.cpp.o
[ 82%] Building CXX object src/test/CMakeFiles/test_bitcoin.dir/httpserver_tests.cpp.o
[ 83%] Building CXX object src/test/CMakeFiles/test_bitcoin.dir/headers_sync_chainwork_tests.cpp.o
[ 83%] Building CXX object src/test/CMakeFiles/test_bitcoin.dir/interfaces_tests.cpp.o
[ 83%] Building CXX object src/test/CMakeFiles/test_bitcoin.dir/i2p_tests.cpp.o
[ 83%] Building CXX object src/test/CMakeFiles/test_bitcoin.dir/key_tests.cpp.o
[ 83%] Building CXX object src/test/CMakeFiles/test_bitcoin.dir/key_io_tests.cpp.o
[ 83%] Building CXX object src/test/CMakeFiles/test_bitcoin.dir/logging_tests.cpp.o
[ 84%] Building CXX object src/test/CMakeFiles/test_bitcoin.dir/main.cpp.o
[ 84%] Building CXX object src/test/CMakeFiles/test_bitcoin.dir/mempool_tests.cpp.o
[ 84%] Building CXX object src/test/CMakeFiles/test_bitcoin.dir/merkleblock_tests.cpp.o
[ 84%] Building CXX object src/test/CMakeFiles/test_bitcoin.dir/merkle_tests.cpp.o
[ 84%] Building CXX object src/test/CMakeFiles/test_bitcoin.dir/miner_tests.cpp.o
[ 84%] Building CXX object src/test/CMakeFiles/test_bitcoin.dir/minisketch_tests.cpp.o
[ 85%] Building CXX object src/test/CMakeFiles/test_bitcoin.dir/miniscript_tests.cpp.o
[ 85%] Building CXX object src/test/CMakeFiles/test_bitcoin.dir/multisig_tests.cpp.o
[ 85%] Building CXX object src/test/CMakeFiles/test_bitcoin.dir/netbase_tests.cpp.o
[ 85%] Building CXX object src/test/CMakeFiles/test_bitcoin.dir/net_peer_eviction_tests.cpp.o
[ 85%] Building CXX object src/test/CMakeFiles/test_bitcoin.dir/net_tests.cpp.o
[ 85%] Building CXX object src/test/CMakeFiles/test_bitcoin.dir/orphanage_tests.cpp.o
[ 85%] Building CXX object src/test/CMakeFiles/test_bitcoin.dir/pmt_tests.cpp.o
[ 86%] Building CXX object src/test/CMakeFiles/test_bitcoin.dir/policyestimator_tests.cpp.o
[ 86%] Building CXX object src/test/CMakeFiles/test_bitcoin.dir/policy_fee_tests.cpp.o
[ 86%] Building CXX object src/test/CMakeFiles/test_bitcoin.dir/pow_tests.cpp.o
[ 86%] Building CXX object src/test/CMakeFiles/test_bitcoin.dir/prevector_tests.cpp.o
[ 86%] Building CXX object src/test/CMakeFiles/test_bitcoin.dir/raii_event_tests.cpp.o
[ 86%] Building CXX object src/test/CMakeFiles/test_bitcoin.dir/random_tests.cpp.o
[ 86%] Building CXX object src/test/CMakeFiles/test_bitcoin.dir/rbf_tests.cpp.o
[ 86%] Building CXX object src/test/CMakeFiles/test_bitcoin.dir/rest_tests.cpp.o
[ 87%] Building CXX object src/test/CMakeFiles/test_bitcoin.dir/result_tests.cpp.o
[ 87%] Building CXX object src/test/CMakeFiles/test_bitcoin.dir/reverselock_tests.cpp.o
[ 87%] Building CXX object src/test/CMakeFiles/test_bitcoin.dir/rpc_tests.cpp.o
[ 87%] Building CXX object src/test/CMakeFiles/test_bitcoin.dir/sanity_tests.cpp.o
[ 87%] Building CXX object src/test/CMakeFiles/test_bitcoin.dir/scheduler_tests.cpp.o
[ 87%] Building CXX object src/test/CMakeFiles/test_bitcoin.dir/scriptnum_tests.cpp.o
[ 88%] Building CXX object src/test/CMakeFiles/test_bitcoin.dir/script_p2sh_tests.cpp.o
[ 88%] Building CXX object src/test/CMakeFiles/test_bitcoin.dir/script_parse_tests.cpp.o
[ 88%] Building CXX object src/test/CMakeFiles/test_bitcoin.dir/script_segwit_tests.cpp.o
[ 88%] Building CXX object src/test/CMakeFiles/test_bitcoin.dir/script_standard_tests.cpp.o
[ 88%] Building CXX object src/test/CMakeFiles/test_bitcoin.dir/script_tests.cpp.o
[ 88%] Building CXX object src/test/CMakeFiles/test_bitcoin.dir/serfloat_tests.cpp.o
[ 88%] Building CXX object src/test/CMakeFiles/test_bitcoin.dir/serialize_tests.cpp.o
[ 89%] Building CXX object src/test/CMakeFiles/test_bitcoin.dir/settings_tests.cpp.o
[ 89%] Building CXX object src/test/CMakeFiles/test_bitcoin.dir/sighash_tests.cpp.o
[ 89%] Building CXX object src/test/CMakeFiles/test_bitcoin.dir/sigopcount_tests.cpp.o
[ 89%] Building CXX object src/test/CMakeFiles/test_bitcoin.dir/skiplist_tests.cpp.o
[ 89%] Building CXX object src/test/CMakeFiles/test_bitcoin.dir/sock_tests.cpp.o
[ 89%] Building CXX object src/test/CMakeFiles/test_bitcoin.dir/streams_tests.cpp.o
[ 89%] Building CXX object src/test/CMakeFiles/test_bitcoin.dir/sync_tests.cpp.o
[ 90%] Building CXX object src/test/CMakeFiles/test_bitcoin.dir/system_tests.cpp.o
[ 90%] Building CXX object src/test/CMakeFiles/test_bitcoin.dir/timedata_tests.cpp.o
[ 90%] Building CXX object src/test/CMakeFiles/test_bitcoin.dir/transaction_tests.cpp.o
[ 90%] Building CXX object src/test/CMakeFiles/test_bitcoin.dir/torcontrol_tests.cpp.o
[ 90%] Building CXX object src/test/CMakeFiles/test_bitcoin.dir/txindex_tests.cpp.o
[ 90%] Building CXX object src/test/CMakeFiles/test_bitcoin.dir/txpackage_tests.cpp.o
[ 90%] Building CXX object src/test/CMakeFiles/test_bitcoin.dir/txreconciliation_tests.cpp.o
[ 91%] Building CXX object src/test/CMakeFiles/test_bitcoin.dir/txrequest_tests.cpp.o
[ 91%] Building CXX object src/test/CMakeFiles/test_bitcoin.dir/txvalidationcache_tests.cpp.o
[ 91%] Building CXX object src/test/CMakeFiles/test_bitcoin.dir/txvalidation_tests.cpp.o
[ 91%] Building CXX object src/test/CMakeFiles/test_bitcoin.dir/uint256_tests.cpp.o
[ 91%] Building CXX object src/test/CMakeFiles/test_bitcoin.dir/util_tests.cpp.o
[ 91%] Building CXX object src/test/CMakeFiles/test_bitcoin.dir/validation_block_tests.cpp.o
[ 91%] Building CXX object src/test/CMakeFiles/test_bitcoin.dir/util_threadnames_tests.cpp.o
[ 92%] Building CXX object src/test/CMakeFiles/test_bitcoin.dir/validation_chainstate_tests.cpp.o
[ 92%] Building CXX object src/test/CMakeFiles/test_bitcoin.dir/validation_chainstatemanager_tests.cpp.o
[ 92%] Building CXX object src/test/CMakeFiles/test_bitcoin.dir/validation_flush_tests.cpp.o
[ 92%] Building CXX object src/test/CMakeFiles/test_bitcoin.dir/validationinterface_tests.cpp.o
[ 92%] Building CXX object src/test/CMakeFiles/test_bitcoin.dir/validation_tests.cpp.o
[ 92%] Building CXX object src/test/CMakeFiles/test_bitcoin.dir/versionbits_tests.cpp.o
[ 93%] Building CXX object src/test/CMakeFiles/test_bitcoin.dir/__/wallet/test/availablecoins_tests.cpp.o
[ 93%] Building CXX object src/test/CMakeFiles/test_bitcoin.dir/__/wallet/test/init_test_fixture.cpp.o
[ 93%] Building CXX object src/test/CMakeFiles/test_bitcoin.dir/__/wallet/test/init_tests.cpp.o
[ 93%] Building CXX object src/test/CMakeFiles/test_bitcoin.dir/__/wallet/test/coinselector_tests.cpp.o
[ 93%] Building CXX object src/test/CMakeFiles/test_bitcoin.dir/__/wallet/test/ismine_tests.cpp.o
[ 93%] Building CXX object src/test/CMakeFiles/test_bitcoin.dir/__/wallet/test/psbt_wallet_tests.cpp.o
[ 93%] Building CXX object src/test/CMakeFiles/test_bitcoin.dir/__/wallet/test/rpc_util_tests.cpp.o
[ 94%] Building CXX object src/test/CMakeFiles/test_bitcoin.dir/__/wallet/test/scriptpubkeyman_tests.cpp.o
[ 94%] Building CXX object src/test/CMakeFiles/test_bitcoin.dir/__/wallet/test/spend_tests.cpp.o
[ 94%] Building CXX object src/test/CMakeFiles/test_bitcoin.dir/__/wallet/test/util.cpp.o
[ 94%] Building CXX object src/test/CMakeFiles/test_bitcoin.dir/__/wallet/test/wallet_crypto_tests.cpp.o
[ 94%] Building CXX object src/test/CMakeFiles/test_bitcoin.dir/__/wallet/test/wallet_test_fixture.cpp.o
[ 94%] Building CXX object src/test/CMakeFiles/test_bitcoin.dir/__/wallet/test/wallet_tests.cpp.o
[ 94%] Building CXX object src/test/CMakeFiles/test_bitcoin.dir/__/wallet/test/wallet_transaction_tests.cpp.o
[ 94%] Building CXX object src/test/CMakeFiles/test_bitcoin.dir/__/wallet/test/walletload_tests.cpp.o
[ 95%] Building CXX object src/test/CMakeFiles/test_bitcoin.dir/__/wallet/test/walletdb_tests.cpp.o
[ 95%] Building CXX object src/test/CMakeFiles/test_bitcoin.dir/__/wallet/test/db_tests.cpp.o
[ 95%] Linking CXX executable test_bitcoin
[ 95%] Built target test_bitcoin
[ 95%] Building CXX object src/bench/CMakeFiles/bench_bitcoin.dir/addrman.cpp.o
[ 95%] Building CXX object src/bench/CMakeFiles/bench_bitcoin.dir/bech32.cpp.o
[ 95%] Building CXX object src/bench/CMakeFiles/bench_bitcoin.dir/bench.cpp.o
[ 96%] Building CXX object src/bench/CMakeFiles/bench_bitcoin.dir/base58.cpp.o
[ 96%] Building CXX object src/bench/CMakeFiles/bench_bitcoin.dir/block_assemble.cpp.o
[ 96%] Building CXX object src/bench/CMakeFiles/bench_bitcoin.dir/bench_bitcoin.cpp.o
[ 96%] Building CXX object src/bench/CMakeFiles/bench_bitcoin.dir/chacha20.cpp.o
[ 96%] Building CXX object src/bench/CMakeFiles/bench_bitcoin.dir/ccoins_caching.cpp.o
[ 96%] Building CXX object src/bench/CMakeFiles/bench_bitcoin.dir/chacha_poly_aead.cpp.o
[ 96%] Building CXX object src/bench/CMakeFiles/bench_bitcoin.dir/checkblock.cpp.o
[ 96%] Building CXX object src/bench/CMakeFiles/bench_bitcoin.dir/checkqueue.cpp.o
[ 96%] Building CXX object src/bench/CMakeFiles/bench_bitcoin.dir/crypto_hash.cpp.o
[ 97%] Building CXX object src/bench/CMakeFiles/bench_bitcoin.dir/descriptors.cpp.o
[ 97%] Building CXX object src/bench/CMakeFiles/bench_bitcoin.dir/data.cpp.o
[ 97%] Building CXX object src/bench/CMakeFiles/bench_bitcoin.dir/duplicate_inputs.cpp.o
[ 97%] Building CXX object src/bench/CMakeFiles/bench_bitcoin.dir/examples.cpp.o
[ 97%] Building CXX object src/bench/CMakeFiles/bench_bitcoin.dir/gcs_filter.cpp.o
[ 97%] Building CXX object src/bench/CMakeFiles/bench_bitcoin.dir/hashpadding.cpp.o
[ 98%] Building CXX object src/bench/CMakeFiles/bench_bitcoin.dir/lockedpool.cpp.o
[ 98%] Building CXX object src/bench/CMakeFiles/bench_bitcoin.dir/logging.cpp.o
[ 98%] Building CXX object src/bench/CMakeFiles/bench_bitcoin.dir/mempool_eviction.cpp.o
[ 98%] Building CXX object src/bench/CMakeFiles/bench_bitcoin.dir/mempool_stress.cpp.o
[ 98%] Building CXX object src/bench/CMakeFiles/bench_bitcoin.dir/merkle_root.cpp.o
[ 98%] Building CXX object src/bench/CMakeFiles/bench_bitcoin.dir/peer_eviction.cpp.o
[ 98%] Building CXX object src/bench/CMakeFiles/bench_bitcoin.dir/poly1305.cpp.o
[ 98%] Building CXX object src/bench/CMakeFiles/bench_bitcoin.dir/nanobench.cpp.o
[ 98%] Building CXX object src/bench/CMakeFiles/bench_bitcoin.dir/rollingbloom.cpp.o
[ 99%] Building CXX object src/bench/CMakeFiles/bench_bitcoin.dir/prevector.cpp.o
[ 99%] Building CXX object src/bench/CMakeFiles/bench_bitcoin.dir/rpc_blockchain.cpp.o
[ 99%] Building CXX object src/bench/CMakeFiles/bench_bitcoin.dir/rpc_mempool.cpp.o
[ 99%] Building CXX object src/bench/CMakeFiles/bench_bitcoin.dir/strencodings.cpp.o
[ 99%] Building CXX object src/bench/CMakeFiles/bench_bitcoin.dir/util_time.cpp.o
[ 99%] Building CXX object src/bench/CMakeFiles/bench_bitcoin.dir/verify_script.cpp.o
[100%] Building CXX object src/bench/CMakeFiles/bench_bitcoin.dir/wallet_loading.cpp.o
[100%] Building CXX object src/bench/CMakeFiles/bench_bitcoin.dir/coin_selection.cpp.o
[100%] Building CXX object src/bench/CMakeFiles/bench_bitcoin.dir/wallet_balance.cpp.o
[100%] Linking CXX executable bench_bitcoin
[100%] Built target bench_bitcoin
Install the project...
-- Install configuration: "Release"
-- Installing: /tmp/cirrus-ci-build/ci/scratch/out/x86_64-pc-linux-gnu/bin/bitcoin-wallet
-- Installing: /tmp/cirrus-ci-build/ci/scratch/out/x86_64-pc-linux-gnu/bin/bitcoind
-- Installing: /tmp/cirrus-ci-build/ci/scratch/out/x86_64-pc-linux-gnu/bin/bitcoin-cli
-- Installing: /tmp/cirrus-ci-build/ci/scratch/out/x86_64-pc-linux-gnu/bin/bitcoin-tx
-- Installing: /tmp/cirrus-ci-build/ci/scratch/out/x86_64-pc-linux-gnu/bin/bitcoin-util
-- Installing: /tmp/cirrus-ci-build/ci/scratch/out/x86_64-pc-linux-gnu/share/man/man1
-- Installing: /tmp/cirrus-ci-build/ci/scratch/out/x86_64-pc-linux-gnu/share/man/man1/bitcoin-wallet.1
-- Installing: /tmp/cirrus-ci-build/ci/scratch/out/x86_64-pc-linux-gnu/share/man/man1/bitcoind.1
-- Installing: /tmp/cirrus-ci-build/ci/scratch/out/x86_64-pc-linux-gnu/share/man/man1/bitcoin-qt.1
-- Installing: /tmp/cirrus-ci-build/ci/scratch/out/x86_64-pc-linux-gnu/share/man/man1/bitcoin-cli.1
-- Installing: /tmp/cirrus-ci-build/ci/scratch/out/x86_64-pc-linux-gnu/share/man/man1/bitcoin-tx.1
-- Installing: /tmp/cirrus-ci-build/ci/scratch/out/x86_64-pc-linux-gnu/share/man/man1/bitcoin-util.1
-- Installing: /tmp/cirrus-ci-build/ci/scratch/out/x86_64-pc-linux-gnu/lib/libbitcoinconsensus.so.0.0.0
-- Installing: /tmp/cirrus-ci-build/ci/scratch/out/x86_64-pc-linux-gnu/lib/libbitcoinconsensus.so.0
-- Installing: /tmp/cirrus-ci-build/ci/scratch/out/x86_64-pc-linux-gnu/lib/libbitcoinconsensus.so
-- Installing: /tmp/cirrus-ci-build/ci/scratch/out/x86_64-pc-linux-gnu/lib/libbitcoinconsensus.a
-- Installing: /tmp/cirrus-ci-build/ci/scratch/out/x86_64-pc-linux-gnu/include/bitcoinconsensus.h
-- Installing: /tmp/cirrus-ci-build/ci/scratch/out/x86_64-pc-linux-gnu/lib/pkgconfig/libbitcoinconsensus.pc
-- Installing: /tmp/cirrus-ci-build/ci/scratch/out/x86_64-pc-linux-gnu/bin/bitcoin-qt
-- Installing: /tmp/cirrus-ci-build/ci/scratch/out/x86_64-pc-linux-gnu/bin/test_bitcoin
-- Installing: /tmp/cirrus-ci-build/ci/scratch/out/x86_64-pc-linux-gnu/bin/bench_bitcoin
ccache version 4.5.1
Summary:
  Hits:             504 /  528 (95.45 %)
    Direct:         486 /  528 (92.05 %)
    Preprocessed:    18 /   42 (42.86 %)
  Misses:            24
    Direct:          42
    Preprocessed:    24
Primary storage:
  Hits:            1012 / 1078 (93.88 %)
  Misses:            66
  Cache size (GB): 0.18 / 0.20 (89.24 %)

Use the -v/--verbose option for more details.
4.0K	/tmp/cirrus-ci-build/depends/SDKs/
28K	/tmp/cirrus-ci-build/depends/builders/
58M	/tmp/cirrus-ci-build/depends/built/
40K	/tmp/cirrus-ci-build/depends/hosts/
148K	/tmp/cirrus-ci-build/depends/packages/
132K	/tmp/cirrus-ci-build/depends/patches/
4.0K	/tmp/cirrus-ci-build/depends/sdk-sources/
210M	/tmp/cirrus-ci-build/depends/sources/
208K	/tmp/cirrus-ci-build/depends/work/
330M	/tmp/cirrus-ci-build/depends/x86_64-pc-linux-gnu/
4.0K	/tmp/cirrus-ci-build/releases/x86_64-pc-linux-gnu
Consolidate compiler generated dependencies of target univalue
[  1%] Built target univalue
Consolidate compiler generated dependencies of target bitcoin_crypto
[  4%] Built target bitcoin_crypto
Consolidate compiler generated dependencies of target bitcoin_util
[ 12%] Built target bitcoin_util
Consolidate compiler generated dependencies of target secp256k1
[ 14%] Built target secp256k1
Consolidate compiler generated dependencies of target bitcoin_consensus
[ 16%] Built target bitcoin_consensus
Consolidate compiler generated dependencies of target bitcoin_common
[ 23%] Built target bitcoin_common
Consolidate compiler generated dependencies of target bitcoin_wallet
[ 30%] Built target bitcoin_wallet
Consolidate compiler generated dependencies of target minisketch
[ 35%] Built target minisketch
Consolidate compiler generated dependencies of target crc32c_sse42
[ 35%] Built target crc32c_sse42
Consolidate compiler generated dependencies of target crc32c_arm64
[ 35%] Built target crc32c_arm64
Consolidate compiler generated dependencies of target crc32c
[ 36%] Built target crc32c
Consolidate compiler generated dependencies of target leveldb
[ 45%] Built target leveldb
Consolidate compiler generated dependencies of target bitcoin_zmq
[ 45%] Built target bitcoin_zmq
Consolidate compiler generated dependencies of target bitcoin_node
[ 61%] Built target bitcoin_node
Consolidate compiler generated dependencies of target test_util
[ 64%] Built target test_util
Consolidate compiler generated dependencies of target bitcoinconsensus_static
[ 67%] Built target bitcoinconsensus_static
Consolidate compiler generated dependencies of target bench_bitcoin
[ 74%] Built target bench_bitcoin
Consolidate compiler generated dependencies of target rpc_client
[ 74%] Built target rpc_client
Consolidate compiler generated dependencies of target test_bitcoin
[100%] Built target test_bitcoin
Running with --sanity-check option, benchmark results will be useless.
Warning, results might be unstable:
* CPU governor is '' but should be 'performance'
* Turbo is enabled, CPU frequency will fluctuate

Recommendations
* Use 'pyperf system tune' before benchmarking. See https://github.com/psf/pyperf

|               ns/op |                op/s |    err% |     total | benchmark
|--------------------:|--------------------:|--------:|----------:|:----------
|      322,223,413.00 |                3.10 |    0.0% |      0.32 | `AddrManAdd`
|      751,594,948.00 |                1.33 |    0.0% |      0.75 | `AddrManAddThenGood`
|        6,768,359.00 |              147.75 |    0.0% |      0.01 | `AddrManGetAddr`
|           23,440.00 |           42,662.12 |    0.0% |      0.00 | `AddrManSelect`
|        4,017,469.00 |              248.91 |    0.0% |      0.00 | `AssembleBlock`

|             ns/byte |              byte/s |    err% |     total | benchmark
|--------------------:|--------------------:|--------:|----------:|:----------
|              988.75 |        1,011,378.00 |    0.0% |      0.00 | `Base58CheckEncode`
|              729.41 |        1,370,967.74 |    0.0% |      0.00 | `Base58Decode`
|              629.38 |        1,588,877.86 |    0.0% |      0.00 | `Base58Encode`
|              197.13 |        5,072,675.84 |    0.0% |      0.00 | `Bech32Decode`
|              280.97 |        3,559,114.67 |    0.0% |      0.00 | `Bech32Encode`

|               ns/op |                op/s |    err% |     total | benchmark
|--------------------:|--------------------:|--------:|----------:|:----------
|            3,680.00 |          271,739.13 |    0.0% |      0.00 | `BenchLockedPool`
|              809.00 |        1,236,093.94 |    0.0% |      0.00 | `BenchTimeDeprecated`
|              309.00 |        3,236,245.95 |    0.0% |      0.00 | `BenchTimeMillis`
|              200.00 |        5,000,000.00 |    0.0% |      0.00 | `BenchTimeMillisSys`
|              189.00 |        5,291,005.29 |    0.0% |      0.00 | `BenchTimeMock`
|      934,409,983.00 |                1.07 |    0.0% |      0.93 | `BlockToJsonVerbose`
|      468,272,521.00 |                2.14 |    0.0% |      0.47 | `BlockToJsonVerboseWrite`
|        4,987,909.00 |              200.48 |    0.0% |      0.00 | `BnBExhaustion`

|              ns/job |               job/s |    err% |     total | benchmark
|--------------------:|--------------------:|--------:|----------:|:----------
|           22,328.90 |           44,785.01 |    0.0% |      0.07 | `CCheckQueueSpeedPrevectorJob`

|               ns/op |                op/s |    err% |     total | benchmark
|--------------------:|--------------------:|--------:|----------:|:----------
|            9,390.00 |          106,496.27 |    0.0% |      0.00 | `CCoinsCaching`

|             ns/byte |              byte/s |    err% |     total | benchmark
|--------------------:|--------------------:|--------:|----------:|:----------
|                1.60 |      624,293,590.22 |    0.0% |      0.00 | `CHACHA20_1MB`
|                3.48 |      287,640,449.44 |    0.0% |      0.00 | `CHACHA20_256BYTES`
|                6.09 |      164,102,564.10 |    0.0% |      0.00 | `CHACHA20_64BYTES`
|                8.92 |      112,155,814.37 |    0.0% |      0.01 | `CHACHA20_POLY1305_AEAD_1MB_ENCRYPT_DECRYPT`
|                5.01 |      199,624,994.93 |    0.0% |      0.01 | `CHACHA20_POLY1305_AEAD_1MB_ONLY_ENCRYPT`
|               42.30 |       23,638,042.47 |    0.0% |      0.00 | `CHACHA20_POLY1305_AEAD_256BYTES_ENCRYPT_DECRYPT`
|               21.68 |       46,126,126.13 |    0.0% |      0.00 | `CHACHA20_POLY1305_AEAD_256BYTES_ONLY_ENCRYPT`
|              123.28 |        8,111,533.59 |    0.0% |      0.00 | `CHACHA20_POLY1305_AEAD_64BYTES_ENCRYPT_DECRYPT`
|               67.34 |       14,849,187.94 |    0.0% |      0.00 | `CHACHA20_POLY1305_AEAD_64BYTES_ONLY_ENCRYPT`

|               ns/op |                op/s |    err% |     total | benchmark
|--------------------:|--------------------:|--------:|----------:|:----------
|       17,768,179.00 |               56.28 |    0.0% |      0.02 | `CoinSelection`
|    1,949,069,658.00 |                0.51 |    0.0% |      1.95 | `ComplexMemPool`

|            ns/block |             block/s |    err% |     total | benchmark
|--------------------:|--------------------:|--------:|----------:|:----------
|       36,719,417.00 |               27.23 |    0.0% |      0.04 | `DeserializeAndCheckBlockTest`
|       27,770,998.00 |               36.01 |    0.0% |      0.03 | `DeserializeBlockTest`

|               ns/op |                op/s |    err% |     total | benchmark
|--------------------:|--------------------:|--------:|----------:|:----------
|       79,754,943.00 |               12.54 |    0.0% |      0.08 | `DuplicateInputs`
|          380,289.00 |            2,629.58 |    0.0% |      0.00 | `EvictionProtection0Networks250Candidates`
|          233,589.00 |            4,281.02 |    0.0% |      0.00 | `EvictionProtection1Networks250Candidates`
|          476,159.00 |            2,100.14 |    0.0% |      0.00 | `EvictionProtection2Networks250Candidates`
|          126,920.00 |            7,878.98 |    0.0% |      0.00 | `EvictionProtection3Networks050Candidates`
|          363,280.00 |            2,752.70 |    0.0% |      0.00 | `EvictionProtection3Networks100Candidates`
|          724,340.00 |            1,380.57 |    0.0% |      0.00 | `EvictionProtection3Networks250Candidates`
|      130,024,759.00 |                7.69 |    0.0% |      0.13 | `ExpandDescriptor`
|            2,440.00 |          409,836.07 |    0.0% |      0.00 | `FastRandom_1bit`
|              960.00 |        1,041,666.67 |    0.0% |      0.00 | `FastRandom_32bit`
|          378,950.00 |            2,638.87 |    0.0% |      0.00 | `GCSBlockFilterGetHash`
|       80,259,323.00 |               12.46 |    0.0% |      0.08 | `GCSFilterConstruct`
|       11,068,719.00 |               90.34 |    0.0% |      0.01 | `GCSFilterDecode`
|          583,670.00 |            1,713.30 |    0.0% |      0.00 | `GCSFilterDecodeSkipCheck`
|        1,266,490.00 |              789.58 |    0.0% |      0.00 | `GCSFilterMatch`

|             ns/byte |              byte/s |    err% |     total | benchmark
|--------------------:|--------------------:|--------:|----------:|:----------
|                1.06 |      939,188,692.93 |    0.0% |      0.00 | `HASH_1MB`
|                9.92 |      100,787,401.57 |    0.0% |      0.00 | `HASH_256BYTES`
|               23.59 |       42,384,105.96 |    0.0% |      0.00 | `HASH_64BYTES`
|               34.07 |       29,352,828.79 |    0.0% |      0.03 | `HexStrBench`

|               ns/op |                op/s |    err% |     total | benchmark
|--------------------:|--------------------:|--------:|----------:|:----------
|            1,300.00 |          769,230.77 |    0.0% |      0.00 | `LoggingNoCategory`
|           14,371.00 |           69,584.58 |    0.0% |      0.00 | `LoggingNoFile`
|           77,200.00 |           12,953.37 |    0.0% |      0.00 | `LoggingNoThreadNames`
|           58,300.00 |           17,152.66 |    0.0% |      0.00 | `LoggingYoCategory`
|           53,940.00 |           18,539.12 |    0.0% |      0.00 | `LoggingYoThreadNames`
|      721,296,540.00 |                1.39 |    0.0% |      0.72 | `MempoolCheck`
|        1,368,780.00 |              730.58 |    0.0% |      0.00 | `MempoolEviction`

|             ns/leaf |              leaf/s |    err% |     total | benchmark
|--------------------:|--------------------:|--------:|----------:|:----------
|              382.82 |        2,612,188.28 |    0.0% |      0.00 | `MerkleRoot`

|               ns/op |                op/s |    err% |     total | benchmark
|--------------------:|--------------------:|--------:|----------:|:----------
|           44,810.00 |           22,316.45 |    0.0% |      0.00 | `MuHash`
|           31,720.00 |           31,525.85 |    0.0% |      0.00 | `MuHashDiv`
|           31,370.00 |           31,877.59 |    0.0% |      0.00 | `MuHashMul`
|            5,020.00 |          199,203.19 |    0.0% |      0.00 | `MuHashPrecompute`

|             ns/byte |              byte/s |    err% |     total | benchmark
|--------------------:|--------------------:|--------:|----------:|:----------
|                3.68 |      271,839,918.24 |    0.0% |      0.00 | `POLY1305_1MB`
|                6.25 |      160,000,000.00 |    0.0% |      0.00 | `POLY1305_256BYTES`
|               15.62 |       64,000,000.00 |    0.0% |      0.00 | `POLY1305_64BYTES`

|               ns/op |                op/s |    err% |     total | benchmark
|--------------------:|--------------------:|--------:|----------:|:----------
|            2,620.00 |          381,679.39 |    0.0% |      0.00 | `PrePadded`
|              875.00 |        1,142,857.14 |    0.0% |      0.00 | `PrevectorClearNontrivial`
|              720.00 |        1,388,888.89 |    0.0% |      0.00 | `PrevectorClearTrivial`
|            4,913.06 |          203,539.18 |    0.0% |      0.00 | `PrevectorDeserializeNontrivial`
|              292.36 |        3,420,440.55 |    0.0% |      0.00 | `PrevectorDeserializeTrivial`
|               40.00 |       25,000,000.00 |    0.0% |      0.00 | `PrevectorDestructorNontrivial`
|               80.00 |       12,500,000.00 |    0.0% |      0.00 | `PrevectorDestructorTrivial`
|              285.00 |        3,508,771.93 |    0.0% |      0.00 | `PrevectorResizeNontrivial`
|              375.00 |        2,666,666.67 |    0.0% |      0.00 | `PrevectorResizeTrivial`

|             ns/byte |              byte/s |    err% |     total | benchmark
|--------------------:|--------------------:|--------:|----------:|:----------
|                5.64 |      177,177,767.24 |    0.0% |      0.01 | `RIPEMD160`

|               ns/op |                op/s |    err% |     total | benchmark
|--------------------:|--------------------:|--------:|----------:|:----------
|            3,800.00 |          263,157.89 |    0.0% |      0.00 | `RegularPadded`
|            4,110.00 |          243,309.00 |    0.0% |      0.00 | `RollingBloom`
|          784,409.00 |            1,274.85 |    0.0% |      0.00 | `RollingBloomReset`
|       98,271,112.00 |               10.18 |    0.0% |      0.10 | `RpcMempool`

|             ns/byte |              byte/s |    err% |     total | benchmark
|--------------------:|--------------------:|--------:|----------:|:----------
|                4.57 |      218,899,809.56 |    0.0% |      0.00 | `SHA1`
|                1.06 |      941,558,410.99 |    0.0% |      0.00 | `SHA256`
|                1.87 |      534,987,755.10 |    0.0% |      0.00 | `SHA256D64_1024`
|               55.62 |       17,977,528.09 |    0.0% |      0.00 | `SHA256_32b`
|                5.18 |      193,022,990.97 |    0.0% |      0.01 | `SHA3_256_1M`
|                3.63 |      275,650,673.41 |    0.0% |      0.00 | `SHA512`

|               ns/op |                op/s |    err% |     total | benchmark
|--------------------:|--------------------:|--------:|----------:|:----------
|              450.00 |        2,222,222.22 |    0.0% |      0.00 | `SipHash_32b`
|            9,850.00 |          101,522.84 |    0.0% |      0.00 | `Trig`
|          740,500.00 |            1,350.44 |    0.0% |      0.00 | `VerifyNestedIfScript`
|          225,920.00 |            4,426.35 |    0.0% |      0.00 | `VerifyScriptBench`
|        1,354,760.00 |              738.14 |    0.0% |      0.00 | `WalletBalanceClean`
|       12,906,279.00 |               77.48 |    0.0% |      0.01 | `WalletBalanceDirty`
|        1,303,410.00 |              767.22 |    0.0% |      0.00 | `WalletBalanceMine`
|            7,110.00 |          140,646.98 |    0.0% |      0.00 | `WalletBalanceWatch`
|    1,008,726,796.00 |                0.99 |    0.1% |      5.05 | `WalletLoadingDescriptors`
|      782,412,335.00 |                1.28 |    0.2% |      3.92 | `WalletLoadingLegacy`
Internal ctest changing into directory: /tmp/cirrus-ci-build/ci/scratch/build/src/test
Test project /tmp/cirrus-ci-build/ci/scratch/build/src/test
        Start   1: addrman_tests:addrman_tests.cpp
        Start   2: allocator_tests:allocator_tests.cpp
        Start   3: amount_tests:amount_tests.cpp
        Start   4: arith_uint256_tests:arith_uint256_tests.cpp
        Start   5: banman_tests:banman_tests.cpp
        Start   6: base32_tests:base32_tests.cpp
        Start   7: base58_tests:base58_tests.cpp
        Start   8: base64_tests:base64_tests.cpp
        Start   9: bech32_tests:bech32_tests.cpp
        Start  10: bip32_tests:bip32_tests.cpp
        Start  11: blockchain_tests:blockchain_tests.cpp
        Start  12: blockencodings_tests:blockencodings_tests.cpp
        Start  13: blockfilter_index_tests:blockfilter_index_tests.cpp
        Start  14: blockfilter_tests:blockfilter_tests.cpp
        Start  15: bloom_tests:bloom_tests.cpp
        Start  16: bswap_tests:bswap_tests.cpp
        Start  17: checkqueue_tests:checkqueue_tests.cpp
        Start  18: coinstatsindex_tests:coinstatsindex_tests.cpp
        Start  19: coins_tests:coins_tests.cpp
        Start  20: compress_tests:compress_tests.cpp
        Start  21: crypto_tests:crypto_tests.cpp
        Start  22: cuckoocache_tests:cuckoocache_tests.cpp
        Start  23: dbwrapper_tests:dbwrapper_tests.cpp
        Start  24: denialofservice_tests:denialofservice_tests.cpp
        Start  25: descriptor_tests:descriptor_tests.cpp
        Start  26: flatfile_tests:flatfile_tests.cpp
        Start  27: fs_tests:fs_tests.cpp
        Start  28: getarg_tests:getarg_tests.cpp
        Start  29: hash_tests:hash_tests.cpp
        Start  30: headers_sync_chainwork_tests:headers_sync_chainwork_tests.cpp
        Start  31: httpserver_tests:httpserver_tests.cpp
        Start  32: i2p_tests:i2p_tests.cpp
  1/110 Test   #2: allocator_tests:allocator_tests.cpp .........................................   Passed    0.18 sec
        Start  33: interfaces_tests:interfaces_tests.cpp
  2/110 Test   #3: amount_tests:amount_tests.cpp ...............................................   Passed    0.19 sec
        Start  34: key_io_tests:key_io_tests.cpp
  3/110 Test   #6: base32_tests:base32_tests.cpp ...............................................   Passed    0.19 sec
        Start  35: key_tests:key_tests.cpp
  4/110 Test   #9: bech32_tests:bech32_tests.cpp ...............................................   Passed    0.19 sec
        Start  36: logging_tests:logging_tests.cpp
  5/110 Test   #8: base64_tests:base64_tests.cpp ...............................................   Passed    0.21 sec
        Start  37: mempool_tests:mempool_tests.cpp
  6/110 Test  #14: blockfilter_tests:blockfilter_tests.cpp .....................................   Passed    0.21 sec
        Start  38: merkleblock_tests:merkleblock_tests.cpp
  7/110 Test  #16: bswap_tests:bswap_tests.cpp .................................................   Passed    0.23 sec
        Start  39: merkle_tests:merkle_tests.cpp
  8/110 Test  #29: hash_tests:hash_tests.cpp ...................................................   Passed    0.18 sec
        Start  40: miner_tests:miner_tests.cpp
  9/110 Test   #4: arith_uint256_tests:arith_uint256_tests.cpp .................................   Passed    0.30 sec
        Start  41: miniscript_tests:miniscript_tests.cpp
 10/110 Test   #5: banman_tests:banman_tests.cpp ...............................................   Passed    0.37 sec
        Start  42: minisketch_tests:minisketch_tests.cpp
 11/110 Test  #38: merkleblock_tests:merkleblock_tests.cpp .....................................   Passed    0.20 sec
        Start  43: multisig_tests:multisig_tests.cpp
 12/110 Test  #31: httpserver_tests:httpserver_tests.cpp .......................................   Passed    0.49 sec
        Start  44: netbase_tests:netbase_tests.cpp
 13/110 Test  #42: minisketch_tests:minisketch_tests.cpp .......................................   Passed    0.29 sec
        Start  45: net_peer_eviction_tests:net_peer_eviction_tests.cpp
 14/110 Test  #10: bip32_tests:bip32_tests.cpp .................................................   Passed    0.69 sec
        Start  46: net_tests:net_tests.cpp
 15/110 Test  #41: miniscript_tests:miniscript_tests.cpp .......................................   Passed    0.41 sec
        Start  47: orphanage_tests:orphanage_tests.cpp
 16/110 Test  #32: i2p_tests:i2p_tests.cpp .....................................................   Passed    0.59 sec
        Start  48: pmt_tests:pmt_tests.cpp
 17/110 Test  #11: blockchain_tests:blockchain_tests.cpp .......................................   Passed    0.75 sec
        Start  49: policyestimator_tests:policyestimator_tests.cpp
 18/110 Test  #26: flatfile_tests:flatfile_tests.cpp ...........................................   Passed    0.73 sec
        Start  50: policy_fee_tests:policy_fee_tests.cpp
 19/110 Test  #27: fs_tests:fs_tests.cpp .......................................................   Passed    0.74 sec
        Start  51: pow_tests:pow_tests.cpp
 20/110 Test  #34: key_io_tests:key_io_tests.cpp ...............................................   Passed    0.70 sec
        Start  52: prevector_tests:prevector_tests.cpp
 21/110 Test  #35: key_tests:key_tests.cpp .....................................................   Passed    0.70 sec
        Start  53: raii_event_tests:raii_event_tests.cpp
 22/110 Test  #50: policy_fee_tests:policy_fee_tests.cpp .......................................   Passed    0.15 sec
        Start  54: random_tests:random_tests.cpp
 23/110 Test  #43: multisig_tests:multisig_tests.cpp ...........................................   Passed    0.58 sec
        Start  55: rbf_tests:rbf_tests.cpp
 24/110 Test  #15: bloom_tests:bloom_tests.cpp .................................................   Passed    1.08 sec
        Start  56: rest_tests:rest_tests.cpp
 25/110 Test  #36: logging_tests:logging_tests.cpp .............................................   Passed    0.95 sec
        Start  57: result_tests:result_tests.cpp
 26/110 Test  #25: descriptor_tests:descriptor_tests.cpp .......................................   Passed    1.23 sec
        Start  58: reverselock_tests:reverselock_tests.cpp
 27/110 Test  #28: getarg_tests:getarg_tests.cpp ...............................................   Passed    1.20 sec
        Start  59: rpc_tests:rpc_tests.cpp
 28/110 Test  #53: raii_event_tests:raii_event_tests.cpp .......................................   Passed    0.43 sec
        Start  60: sanity_tests:sanity_tests.cpp
 29/110 Test  #30: headers_sync_chainwork_tests:headers_sync_chainwork_tests.cpp ...............   Passed    1.26 sec
        Start  61: scheduler_tests:scheduler_tests.cpp
 30/110 Test  #57: result_tests:result_tests.cpp ...............................................   Passed    0.21 sec
        Start  62: scriptnum_tests:scriptnum_tests.cpp
 31/110 Test   #7: base58_tests:base58_tests.cpp ...............................................   Passed    1.37 sec
        Start  63: script_p2sh_tests:script_p2sh_tests.cpp
 32/110 Test  #23: dbwrapper_tests:dbwrapper_tests.cpp .........................................   Passed    1.41 sec
        Start  64: script_parse_tests:script_parse_tests.cpp
 33/110 Test  #56: rest_tests:rest_tests.cpp ...................................................   Passed    0.37 sec
        Start  65: script_segwit_tests:script_segwit_tests.cpp
 34/110 Test  #58: reverselock_tests:reverselock_tests.cpp .....................................   Passed    0.20 sec
        Start  66: script_standard_tests:script_standard_tests.cpp
 35/110 Test  #47: orphanage_tests:orphanage_tests.cpp .........................................   Passed    0.83 sec
        Start  67: script_tests:script_tests.cpp
 36/110 Test  #24: denialofservice_tests:denialofservice_tests.cpp .............................   Passed    1.53 sec
        Start  68: serfloat_tests:serfloat_tests.cpp
 37/110 Test  #64: script_parse_tests:script_parse_tests.cpp ...................................   Passed    0.21 sec
        Start  69: serialize_tests:serialize_tests.cpp
 38/110 Test  #12: blockencodings_tests:blockencodings_tests.cpp ...............................   Passed    1.71 sec
        Start  70: settings_tests:settings_tests.cpp
 39/110 Test  #60: sanity_tests:sanity_tests.cpp ...............................................   Passed    0.45 sec
        Start  71: sighash_tests:sighash_tests.cpp
 40/110 Test  #61: scheduler_tests:scheduler_tests.cpp .........................................   Passed    0.46 sec
        Start  72: sigopcount_tests:sigopcount_tests.cpp
 41/110 Test  #37: mempool_tests:mempool_tests.cpp .............................................   Passed    1.67 sec
        Start  73: skiplist_tests:skiplist_tests.cpp
 42/110 Test  #13: blockfilter_index_tests:blockfilter_index_tests.cpp .........................   Passed    1.95 sec
        Start  74: sock_tests:sock_tests.cpp
 43/110 Test  #44: netbase_tests:netbase_tests.cpp .............................................   Passed    1.38 sec
        Start  75: streams_tests:streams_tests.cpp
 44/110 Test  #48: pmt_tests:pmt_tests.cpp .....................................................   Passed    1.29 sec
        Start  76: sync_tests:sync_tests.cpp
 45/110 Test  #72: sigopcount_tests:sigopcount_tests.cpp .......................................   Passed    0.36 sec
        Start  77: system_tests:system_tests.cpp
 46/110 Test  #76: sync_tests:sync_tests.cpp ...................................................   Passed    0.18 sec
        Start  78: timedata_tests:timedata_tests.cpp
 47/110 Test  #51: pow_tests:pow_tests.cpp .....................................................   Passed    1.38 sec
        Start  79: torcontrol_tests:torcontrol_tests.cpp
 48/110 Test  #66: script_standard_tests:script_standard_tests.cpp .............................   Passed    0.76 sec
        Start  80: transaction_tests:transaction_tests.cpp
 49/110 Test  #63: script_p2sh_tests:script_p2sh_tests.cpp .....................................   Passed    0.96 sec
        Start  81: txindex_tests:txindex_tests.cpp
 50/110 Test  #79: torcontrol_tests:torcontrol_tests.cpp .......................................   Passed    0.21 sec
        Start  82: txpackage_tests:txpackage_tests.cpp
 51/110 Test  #55: rbf_tests:rbf_tests.cpp .....................................................   Passed    1.42 sec
        Start  83: txreconciliation_tests:txreconciliation_tests.cpp
 52/110 Test  #54: random_tests:random_tests.cpp ...............................................   Passed    1.49 sec
        Start  84: txrequest_tests:txrequest_tests.cpp
 53/110 Test  #62: scriptnum_tests:scriptnum_tests.cpp .........................................   Passed    1.12 sec
        Start  85: txvalidationcache_tests:txvalidationcache_tests.cpp
 54/110 Test  #70: settings_tests:settings_tests.cpp ...........................................   Passed    0.95 sec
        Start  86: txvalidation_tests:txvalidation_tests.cpp
 55/110 Test  #77: system_tests:system_tests.cpp ...............................................   Passed    0.51 sec
        Start  87: uint256_tests:uint256_tests.cpp
 56/110 Test  #45: net_peer_eviction_tests:net_peer_eviction_tests.cpp .........................   Passed    2.07 sec
        Start  88: util_tests:util_tests.cpp
 57/110 Test  #78: timedata_tests:timedata_tests.cpp ...........................................   Passed    0.57 sec
        Start  89: util_threadnames_tests:util_threadnames_tests.cpp
 58/110 Test  #74: sock_tests:sock_tests.cpp ...................................................   Passed    0.85 sec
        Start  90: validation_block_tests:validation_block_tests.cpp
 59/110 Test  #65: script_segwit_tests:script_segwit_tests.cpp .................................   Passed    1.35 sec
        Start  91: validation_chainstatemanager_tests:validation_chainstatemanager_tests.cpp
 60/110 Test  #20: compress_tests:compress_tests.cpp ...........................................   Passed    2.83 sec
        Start  92: validation_chainstate_tests:validation_chainstate_tests.cpp
 61/110 Test  #75: streams_tests:streams_tests.cpp .............................................   Passed    0.92 sec
        Start  93: validation_flush_tests:validation_flush_tests.cpp
 62/110 Test  #87: uint256_tests:uint256_tests.cpp .............................................   Passed    0.21 sec
        Start  94: validationinterface_tests:validationinterface_tests.cpp
 63/110 Test  #89: util_threadnames_tests:util_threadnames_tests.cpp ...........................   Passed    0.20 sec
        Start  95: validation_tests:validation_tests.cpp
 64/110 Test  #83: txreconciliation_tests:txreconciliation_tests.cpp ...........................   Passed    0.68 sec
        Start  96: versionbits_tests:versionbits_tests.cpp
 65/110 Test  #69: serialize_tests:serialize_tests.cpp .........................................   Passed    1.74 sec
        Start  97: availablecoins_tests:../wallet/test/availablecoins_tests.cpp
 66/110 Test  #93: validation_flush_tests:validation_flush_tests.cpp ...........................   Passed    0.53 sec
        Start  98: coinselector_tests:../wallet/test/coinselector_tests.cpp
 67/110 Test  #39: merkle_tests:merkle_tests.cpp ...............................................   Passed    3.48 sec
        Start  99: init_tests:../wallet/test/init_tests.cpp
 68/110 Test  #46: net_tests:net_tests.cpp .....................................................   Passed    3.04 sec
        Start 100: ismine_tests:../wallet/test/ismine_tests.cpp
 69/110 Test  #59: rpc_tests:rpc_tests.cpp .....................................................   Passed    2.46 sec
        Start 101: psbt_wallet_tests:../wallet/test/psbt_wallet_tests.cpp
 70/110 Test  #81: txindex_tests:txindex_tests.cpp .............................................   Passed    1.55 sec
        Start 102: wallet_util_tests:../wallet/test/rpc_util_tests.cpp
 71/110 Test #102: wallet_util_tests:../wallet/test/rpc_util_tests.cpp .........................   Passed    0.21 sec
        Start 103: scriptpubkeyman_tests:../wallet/test/scriptpubkeyman_tests.cpp
 72/110 Test   #1: addrman_tests:addrman_tests.cpp .............................................   Passed    4.29 sec
        Start 104: spend_tests:../wallet/test/spend_tests.cpp
 73/110 Test #100: ismine_tests:../wallet/test/ismine_tests.cpp ................................   Passed    0.63 sec
        Start 105: wallet_crypto_tests:../wallet/test/wallet_crypto_tests.cpp
 74/110 Test  #95: validation_tests:validation_tests.cpp .......................................   Passed    1.47 sec
        Start 106: wallet_tests:../wallet/test/wallet_tests.cpp
 75/110 Test #103: scriptpubkeyman_tests:../wallet/test/scriptpubkeyman_tests.cpp ..............   Passed    0.50 sec
        Start 107: wallet_transaction_tests:../wallet/test/wallet_transaction_tests.cpp
 76/110 Test  #99: init_tests:../wallet/test/init_tests.cpp ....................................   Passed    1.08 sec
        Start 108: walletdb_tests:../wallet/test/walletdb_tests.cpp
 77/110 Test  #71: sighash_tests:sighash_tests.cpp .............................................   Passed    3.03 sec
        Start 109: walletload_tests:../wallet/test/walletload_tests.cpp
 78/110 Test  #86: txvalidation_tests:txvalidation_tests.cpp ...................................   Passed    2.20 sec
        Start 110: db_tests:../wallet/test/db_tests.cpp
 79/110 Test #101: psbt_wallet_tests:../wallet/test/psbt_wallet_tests.cpp ......................   Passed    1.11 sec
 80/110 Test #108: walletdb_tests:../wallet/test/walletdb_tests.cpp ............................   Passed    0.38 sec
 81/110 Test  #92: validation_chainstate_tests:validation_chainstate_tests.cpp .................   Passed    2.47 sec
 82/110 Test  #49: policyestimator_tests:policyestimator_tests.cpp .............................   Passed    4.57 sec
 83/110 Test #107: wallet_transaction_tests:../wallet/test/wallet_transaction_tests.cpp ........   Passed    0.84 sec
 84/110 Test #109: walletload_tests:../wallet/test/walletload_tests.cpp ........................   Passed    0.66 sec
 85/110 Test #110: db_tests:../wallet/test/db_tests.cpp ........................................   Passed    0.71 sec
 86/110 Test  #52: prevector_tests:prevector_tests.cpp .........................................   Passed    4.77 sec
 87/110 Test  #97: availablecoins_tests:../wallet/test/availablecoins_tests.cpp ................   Passed    2.50 sec
 88/110 Test  #21: crypto_tests:crypto_tests.cpp ...............................................   Passed    6.08 sec
 89/110 Test  #88: util_tests:util_tests.cpp ...................................................   Passed    4.00 sec
 90/110 Test #104: spend_tests:../wallet/test/spend_tests.cpp ..................................   Passed    2.62 sec
 91/110 Test #105: wallet_crypto_tests:../wallet/test/wallet_crypto_tests.cpp ..................   Passed    2.59 sec
 92/110 Test  #33: interfaces_tests:interfaces_tests.cpp .......................................   Passed    6.87 sec
 93/110 Test  #73: skiplist_tests:skiplist_tests.cpp ...........................................   Passed    5.25 sec
 94/110 Test  #94: validationinterface_tests:validationinterface_tests.cpp .....................   Passed    5.59 sec
 95/110 Test  #82: txpackage_tests:txpackage_tests.cpp .........................................   Passed    6.21 sec
 96/110 Test  #96: versionbits_tests:versionbits_tests.cpp .....................................   Passed    6.41 sec
 97/110 Test  #18: coinstatsindex_tests:coinstatsindex_tests.cpp ...............................   Passed    9.55 sec
 98/110 Test  #68: serfloat_tests:serfloat_tests.cpp ...........................................   Passed    8.05 sec
 99/110 Test  #91: validation_chainstatemanager_tests:validation_chainstatemanager_tests.cpp ...   Passed    7.43 sec
100/110 Test  #85: txvalidationcache_tests:txvalidationcache_tests.cpp .........................   Passed    8.74 sec
101/110 Test  #22: cuckoocache_tests:cuckoocache_tests.cpp .....................................   Passed   11.51 sec
102/110 Test  #67: script_tests:script_tests.cpp ...............................................   Passed   10.81 sec
103/110 Test  #84: txrequest_tests:txrequest_tests.cpp .........................................   Passed   11.45 sec
104/110 Test #106: wallet_tests:../wallet/test/wallet_tests.cpp ................................   Passed   13.21 sec
105/110 Test  #40: miner_tests:miner_tests.cpp .................................................   Passed   17.98 sec
106/110 Test  #80: transaction_tests:transaction_tests.cpp .....................................   Passed   16.72 sec
107/110 Test  #90: validation_block_tests:validation_block_tests.cpp ...........................   Passed   30.75 sec
108/110 Test  #98: coinselector_tests:../wallet/test/coinselector_tests.cpp ....................   Passed   37.15 sec
109/110 Test  #19: coins_tests:coins_tests.cpp .................................................   Passed  109.12 sec
110/110 Test  #17: checkqueue_tests:checkqueue_tests.cpp .......................................   Passed  127.89 sec

100% tests passed, 0 tests failed out of 110

Total Test time (real) = 127.91 sec
...
----------------------------------------------------------------------
Ran 3 tests in 0.002s

OK
[100%] Built target check
E
======================================================================
ERROR: test_framework (unittest.loader._FailedTest)
----------------------------------------------------------------------
ImportError: Failed to import test module: test_framework
Traceback (most recent call last):
  File "/usr/lib/python3.10/unittest/loader.py", line 154, in loadTestsFromName
    module = __import__(module_name)
ModuleNotFoundError: No module named 'test_framework'


----------------------------------------------------------------------
Ran 1 test in 0.000s

FAILED (errors=1)
Running Unit Tests for Test Framework Modules
