./ci/test_run_all.sh
Setting specific values in env
Fallback to default values in env (if not yet set)
BASE_OUTDIR=/private/var/folders/v7/fs2b0v3s0lz1n57gj9y4xb5m0000gn/T/cirrus-ci-build/ci/scratch/out/arm64-apple-darwin
CCACHE_NOHASHDIR=1
UBSAN_OPTIONS=suppressions=/private/var/folders/v7/fs2b0v3s0lz1n57gj9y4xb5m0000gn/T/cirrus-ci-build/test/sanitizer_suppressions/ubsan:print_stacktrace=1:halt_on_error=1:report_error_type=1
CCACHE_SIZE=300M
BASE_ROOT_DIR=/private/var/folders/v7/fs2b0v3s0lz1n57gj9y4xb5m0000gn/T/cirrus-ci-build
TSAN_OPTIONS=suppressions=/private/var/folders/v7/fs2b0v3s0lz1n57gj9y4xb5m0000gn/T/cirrus-ci-build/test/sanitizer_suppressions/tsan:halt_on_error=1:log_path=/private/var/folders/v7/fs2b0v3s0lz1n57gj9y4xb5m0000gn/T/cirrus-ci-build/ci/scratch/sanitizer-output/tsan
LC_ALL=C.UTF-8
BASE_SCRATCH_DIR=/private/var/folders/v7/fs2b0v3s0lz1n57gj9y4xb5m0000gn/T/cirrus-ci-build/ci/scratch
ASAN_OPTIONS=detect_stack_use_after_return=1:check_initialization_order=1:strict_init_order=1
CCACHE_DIR=/tmp/ccache_dir
LSAN_OPTIONS=suppressions=/private/var/folders/v7/fs2b0v3s0lz1n57gj9y4xb5m0000gn/T/cirrus-ci-build/test/sanitizer_suppressions/lsan
CCACHE_COMPRESS=1
BITCOIN_CONFIG=-DWITH_GUI=Qt5 -DWITH_MINIUPNPC=ON -DWITH_NATPMP=ON -DREDUCE_EXPORTS=ON
BOOST_TEST_RANDOM=1
PREVIOUS_RELEASES_DIR=/private/var/folders/v7/fs2b0v3s0lz1n57gj9y4xb5m0000gn/T/cirrus-ci-build/releases/arm64-apple-darwin
BASE_BUILD_DIR=/private/var/folders/v7/fs2b0v3s0lz1n57gj9y4xb5m0000gn/T/cirrus-ci-build/ci/scratch/build
CCACHE_TEMPDIR=/tmp/.ccache-temp
DEBIAN_FRONTEND=noninteractive
Running on host system without docker wrapper
Requirement already satisfied: pip in /Applications/Xcode.app/Contents/Developer/Library/Frameworks/Python3.framework/Versions/3.9/lib/python3.9/site-packages (21.2.4)
Collecting pip
  Downloading pip-22.3.1-py3-none-any.whl (2.1 MB)
Installing collected packages: pip
  Attempting uninstall: pip
    Found existing installation: pip 21.2.4
    WARNING: Value for bin_prefix does not match. Please report this to <https://github.com/pypa/pip/issues/10151>
    distutils: /Applications/Xcode.app/Contents/Developer/Library/Frameworks/Python3.framework/Versions/3.9/bin
    sysconfig: /usr/local/bin
    WARNING: Additional context:
    user = False
    home = None
    root = None
    prefix = None
    Uninstalling pip-21.2.4:
      Successfully uninstalled pip-21.2.4
Successfully installed pip-22.3.1
WARNING: Running pip as the 'root' user can result in broken permissions and conflicting behaviour with the system package manager. It is recommended to use a virtual environment instead: https://pip.pypa.io/warnings/venv
Collecting zmq
  Downloading zmq-0.0.0.zip (2.2 kB)
  Preparing metadata (setup.py): started
  Preparing metadata (setup.py): finished with status 'done'
Collecting pyzmq
  Downloading pyzmq-24.0.1-cp39-cp39-macosx_10_15_universal2.whl (1.8 MB)
     ━━━━━━━━━━━━━━━━━━━━━━━━━━━━━━━━━━━━━━━━ 1.8/1.8 MB 11.3 MB/s eta 0:00:00
Building wheels for collected packages: zmq
  Building wheel for zmq (setup.py): started
  Building wheel for zmq (setup.py): finished with status 'done'
  Created wheel for zmq: filename=zmq-0.0.0-py3-none-any.whl size=1275 sha256=68df92a724c751d852e44109bf3b4b78b4bc260a261b5976b56683ce914920c2
  Stored in directory: /Users/admin/Library/Caches/pip/wheels/f8/1b/99/75793d44d4ed5875cf2803373a2099ba8335378e2c908fad8d
Successfully built zmq
Installing collected packages: pyzmq, zmq
Successfully installed pyzmq-24.0.1 zmq-0.0.0
PhysMem: 7196M used (859M wired, 0B compressor), 974M unused.
Number of CPUs: 4
Free disk space:
Filesystem       Size   Used  Avail Capacity iused      ifree %iused  Mounted on
/dev/disk3s1s1   74Gi  8.2Gi   24Gi    26%  348619  250869800    0%   /
devfs           191Ki  191Ki    0Bi   100%     662          0  100%   /dev
/dev/disk3s6     74Gi   20Ki   24Gi     1%       0  250869800    0%   /System/Volumes/VM
/dev/disk3s2     74Gi  4.0Gi   24Gi    15%     139  250869800    0%   /System/Volumes/Preboot
/dev/disk3s4     74Gi  328Ki   24Gi     1%      13  250869800    0%   /System/Volumes/Update
/dev/disk2s2    500Mi   20Ki  495Mi     1%       0    5067680    0%   /System/Volumes/xarts
/dev/disk2s1    500Mi   96Ki  495Mi     1%      20    5067680    0%   /System/Volumes/iSCPreboot
/dev/disk2s3    500Mi  256Ki  495Mi     1%      15    5067680    0%   /System/Volumes/Hardware
/dev/disk3s5     74Gi   37Gi   24Gi    61%  855102  250869800    0%   /System/Volumes/Data
/dev/disk0      926Gi  543Gi  383Gi    59%  348619 4017189240    0%   /Volumes/My Shared Files
map auto_home     0Bi    0Bi    0Bi   100%       0          0  100%   /System/Volumes/Data/home
  % Total    % Received % Xferd  Average Speed   Time    Time     Time  Current
                                 Dload  Upload   Total   Spent    Left  Speed
  0     0    0     0    0     0      0      0 --:--:-- --:--:-- --:--:--     0  0     0    0     0    0     0      0      0 --:--:-- --:--:-- --:--:--     0  0     0    0     0    0     0      0      0 --:--:-- --:--:-- --:--:--     0
100 9026k  100 9026k    0     0  6526k      0  0:00:01  0:00:01 --:--:-- 6526k
Statistics zeroed
Set cache size limit to 300.0 MB
-- The CXX compiler identification is AppleClang 14.0.0.14000029
-- The C compiler identification is AppleClang 14.0.0.14000029
-- The ASM compiler identification is Clang with GNU-like command-line
-- Found assembler: /Applications/Xcode.app/Contents/Developer/Toolchains/XcodeDefault.xctoolchain/usr/bin/cc
-- Detecting CXX compiler ABI info
-- Detecting CXX compiler ABI info - done
-- Check for working CXX compiler: /Applications/Xcode.app/Contents/Developer/Toolchains/XcodeDefault.xctoolchain/usr/bin/c++ - skipped
-- Detecting CXX compile features
-- Detecting CXX compile features - done
-- Detecting C compiler ABI info
-- Detecting C compiler ABI info - done
-- Check for working C compiler: /Applications/Xcode.app/Contents/Developer/Toolchains/XcodeDefault.xctoolchain/usr/bin/cc - skipped
-- Detecting C compile features
-- Detecting C compile features - done
-- Performing Test C_SUPPORTS_O0
-- Performing Test C_SUPPORTS_O0 - Success
-- Performing Test C_SUPPORTS_G3
-- Performing Test C_SUPPORTS_G3 - Success
-- Performing Test CXX_SUPPORTS_O0
-- Performing Test CXX_SUPPORTS_O0 - Success
-- Performing Test CXX_SUPPORTS_G3
-- Performing Test CXX_SUPPORTS_G3 - Success
-- Performing Test CXX_SUPPORTS_FTRAPV
-- Performing Test CXX_SUPPORTS_FTRAPV - Success
-- Performing Test C_SUPPORTS_O2
-- Performing Test C_SUPPORTS_O2 - Success
-- Performing Test C_SUPPORTS_G
-- Performing Test C_SUPPORTS_G - Success
-- Performing Test CXX_SUPPORTS_O2
-- Performing Test CXX_SUPPORTS_O2 - Success
-- Performing Test CXX_SUPPORTS_G
-- Performing Test CXX_SUPPORTS_G - Success
-- Setting build type to "Release" as none was specified
-- Performing Test CXX_SUPPORTS_WSTACK_PROTECTOR
-- Performing Test CXX_SUPPORTS_WSTACK_PROTECTOR - Success
-- Performing Test CXX_SUPPORTS_FSTACK_PROTECTOR_ALL
-- Performing Test CXX_SUPPORTS_FSTACK_PROTECTOR_ALL - Success
-- Performing Test CXX_SUPPORTS_FCF_PROTECTION_FULL
-- Performing Test CXX_SUPPORTS_FCF_PROTECTION_FULL - Failed
-- Performing Test CXX_SUPPORTS_FSTACK_CLASH_PROTECTION
-- Performing Test CXX_SUPPORTS_FSTACK_CLASH_PROTECTION - Failed
-- Performing Test LINKER_SUPPORTS_WL___ENABLE_RELOC_SECTION
-- Performing Test LINKER_SUPPORTS_WL___ENABLE_RELOC_SECTION - Failed
-- Performing Test LINKER_SUPPORTS_WL___DYNAMICBASE
-- Performing Test LINKER_SUPPORTS_WL___DYNAMICBASE - Failed
-- Performing Test LINKER_SUPPORTS_WL___NXCOMPAT
-- Performing Test LINKER_SUPPORTS_WL___NXCOMPAT - Failed
-- Performing Test LINKER_SUPPORTS_WL___HIGH_ENTROPY_VA
-- Performing Test LINKER_SUPPORTS_WL___HIGH_ENTROPY_VA - Failed
-- Performing Test LINKER_SUPPORTS_WL__Z_RELRO
-- Performing Test LINKER_SUPPORTS_WL__Z_RELRO - Failed
-- Performing Test LINKER_SUPPORTS_WL__Z_NOW
-- Performing Test LINKER_SUPPORTS_WL__Z_NOW - Failed
-- Performing Test LINKER_SUPPORTS_WL__Z_SEPARATE_CODE
-- Performing Test LINKER_SUPPORTS_WL__Z_SEPARATE_CODE - Failed
-- Performing Test LINKER_SUPPORTS_WL__BIND_AT_LOAD
-- Performing Test LINKER_SUPPORTS_WL__BIND_AT_LOAD - Success
-- Performing Test LINKER_SUPPORTS_WL__DEAD_STRIP
-- Performing Test LINKER_SUPPORTS_WL__DEAD_STRIP - Success
-- Performing Test LINKER_SUPPORTS_WL__DEAD_STRIP_DYLIBS
-- Performing Test LINKER_SUPPORTS_WL__DEAD_STRIP_DYLIBS - Success
-- Performing Test LINKER_SUPPORTS_WL__HEADERPAD_MAX_INSTALL_NAMES
-- Performing Test LINKER_SUPPORTS_WL__HEADERPAD_MAX_INSTALL_NAMES - Success
-- Looking for C++ include byteswap.h
-- Looking for C++ include byteswap.h - not found
-- Looking for C++ include endian.h
-- Looking for C++ include endian.h - not found
-- Looking for C++ include stdio.h
-- Looking for C++ include stdio.h - found
-- Looking for C++ include stdlib.h
-- Looking for C++ include stdlib.h - found
-- Looking for C++ include string.h
-- Looking for C++ include string.h - found
-- Looking for C++ include strings.h
-- Looking for C++ include strings.h - found
-- Looking for C++ include sys/endian.h
-- Looking for C++ include sys/endian.h - not found
-- Looking for C++ include sys/prctl.h
-- Looking for C++ include sys/prctl.h - not found
-- Looking for C++ include sys/resources.h
-- Looking for C++ include sys/resources.h - not found
-- Looking for C++ include sys/select.h
-- Looking for C++ include sys/select.h - found
-- Looking for C++ include sys/stat.h
-- Looking for C++ include sys/stat.h - found
-- Looking for C++ include sys/sysctl.h
-- Looking for C++ include sys/sysctl.h - found
-- Looking for C++ include sys/types.h
-- Looking for C++ include sys/types.h - found
-- Looking for C++ include sys/vmmeter.h
-- Looking for C++ include sys/vmmeter.h - found
-- Looking for C++ include unistd.h
-- Looking for C++ include unistd.h - found
-- Looking for C++ include vm/vm_param.h
-- Looking for C++ include vm/vm_param.h - not found
-- Looking for fdatasync
-- Looking for fdatasync - not found
-- Looking for fork
-- Looking for fork - found
-- Looking for pipe2
-- Looking for pipe2 - not found
-- Looking for setsid
-- Looking for setsid - found
-- Performing Test HAVE_GMTIME_R
-- Performing Test HAVE_GMTIME_R - Success
-- Performing Test HAVE_SYSTEM
-- Performing Test HAVE_SYSTEM - Success
-- Performing Test STRERROR_R_CHAR_P
-- Performing Test STRERROR_R_CHAR_P - Failed
-- Performing Test HAVE_DEFAULT_VISIBILITY_ATTRIBUTE
-- Performing Test HAVE_DEFAULT_VISIBILITY_ATTRIBUTE - Success
-- Performing Test HAVE_CLMUL
-- Performing Test HAVE_CLMUL - Failed
-- Performing Test HAVE_CLZ
-- Performing Test HAVE_CLZ - Success
-- Performing Test STD_FILESYSTEM_WORKS_WITHOUT_LINK
-- Performing Test STD_FILESYSTEM_WORKS_WITHOUT_LINK - Success
-- Performing Test CMAKE_HAVE_LIBC_PTHREAD
-- Performing Test CMAKE_HAVE_LIBC_PTHREAD - Success
-- Found Threads: TRUE  
-- Found Boost: /opt/homebrew/opt/boost/include (found suitable version "1.80.0", minimum required is "1.64.0")  
-- Found PkgConfig: /opt/homebrew/bin/pkg-config (found version "0.29.2") 
-- Checking for module 'libevent>=2.1.8'
--   Found libevent, version 2.1.12-stable
-- Checking for module 'libevent_pthreads>=2.1.8'
--   Found libevent_pthreads, version 2.1.12-stable
-- The OBJCXX compiler identification is AppleClang 14.0.0.14000029
-- Detecting OBJCXX compiler ABI info
-- Detecting OBJCXX compiler ABI info - done
-- Check for working OBJCXX compiler: /Applications/Xcode.app/Contents/Developer/Toolchains/XcodeDefault.xctoolchain/usr/bin/c++ - skipped
-- Checking for module 'sqlite3>=3.7.17'
--   Found sqlite3, version 3.39.4
-- Could NOT find BerkeleyDB: Found unsuitable version ".", but required is at least "4.8" (found BerkeleyDB_LIBRARY-NOTFOUND)
CMake Warning at cmake/optional.cmake:65 (message):
  Berkeley DB (BDB) required for legacy wallet support, but not found.

  Passing "-DWITH_BDB=OFF" will suppress this warning.

Call Stack (most recent call first):
  CMakeLists.txt:420 (include)


-- Found NATPMP: /opt/homebrew/opt/libnatpmp/lib/libnatpmp.dylib  
-- Found MiniUPnPc: /opt/homebrew/opt/miniupnpc/lib/libminiupnpc.dylib  
-- Checking for module 'libzmq>=4'
--   Found libzmq, version 4.3.4
-- Performing Test HAVE_USDT_H
-- Performing Test HAVE_USDT_H - Failed
-- Checking for module 'libqrencode'
--   Found libqrencode, version 4.1.1
-- Performing Test HAVE_SECCOMP_H
-- Performing Test HAVE_SECCOMP_H - Failed
-- Performing Test HAVE_BOOST_PROCESS_H
-- Performing Test HAVE_BOOST_PROCESS_H - Success
-- Performing Test CRC32C_HAVE_NO_DEPRECATED
-- Performing Test CRC32C_HAVE_NO_DEPRECATED - Success
-- Performing Test CRC32C_HAVE_NO_SIGN_COMPARE
-- Performing Test CRC32C_HAVE_NO_SIGN_COMPARE - Success
-- Performing Test CRC32C_HAVE_NO_UNUSED_PARAMETER
-- Performing Test CRC32C_HAVE_NO_UNUSED_PARAMETER - Success
-- Performing Test CRC32C_HAVE_NO_MISSING_FIELD_INITIALIZERS
-- Performing Test CRC32C_HAVE_NO_MISSING_FIELD_INITIALIZERS - Success
-- Performing Test HAVE_BUILTIN_PREFETCH
-- Performing Test HAVE_BUILTIN_PREFETCH - Success
-- Performing Test HAVE_MM_PREFETCH
-- Performing Test HAVE_MM_PREFETCH - Failed
-- Performing Test HAVE_SSE42
-- Performing Test HAVE_SSE42 - Failed
-- Performing Test HAVE_ARM64_CRC32C
-- Performing Test HAVE_ARM64_CRC32C - Success
-- Performing Test HAVE_STRONG_GETAUXVAL
-- Performing Test HAVE_STRONG_GETAUXVAL - Failed
-- Performing Test HAVE_WEAK_GETAUXVAL
-- Performing Test HAVE_WEAK_GETAUXVAL - Failed
-- Looking for F_FULLFSYNC
-- Looking for F_FULLFSYNC - found
-- Looking for O_CLOEXEC
-- Looking for O_CLOEXEC - found
-- Performing Test HAVE_CXX17_HAS_INCLUDE
-- Performing Test HAVE_CXX17_HAS_INCLUDE - Success
-- Performing Test HAVE_SSE41
-- Performing Test HAVE_SSE41 - Failed
-- Performing Test HAVE_AVX2
-- Performing Test HAVE_AVX2 - Failed
-- Performing Test HAVE_X86_SHANI
-- Performing Test HAVE_X86_SHANI - Failed
-- Performing Test HAVE_ARM_SHANI
-- Performing Test HAVE_ARM_SHANI - Success
-- Found Qt: /opt/homebrew/opt/qt@5/lib/cmake/Qt5 (found suitable version "5.15.7", minimum required is "5.11.3")
-- Performing Test LINKER_SUPPORTS
-- Performing Test LINKER_SUPPORTS - Failed
-- Performing Test HAVE_BUILTIN_MUL_OVERFLOW
-- Performing Test HAVE_BUILTIN_MUL_OVERFLOW - Success


Configure summary
=================
Executables:
  bitcoind ............................ ON
  bitcoin-cli ......................... ON
  bitcoin-tx .......................... ON
  bitcoin-util ........................ ON
  bitcoin-chainstate (experimental) ... OFF
  bitcoin-wallet ...................... ON
Libraries:
  build shared ........................ ON
  build static ........................ ON
  libbitcoinconsensus ................. ON
  libbitcoinkernel (experimental) ..... OFF
Wallet support:
  SQLite, descriptor wallets .......... ON
  Berkeley DB, legacy wallets ......... OFF
Optional packages:
  GUI ................................. Qt5
  QR code (GUI) ....................... ON
  external signer ..................... ON
  NAT-PMP ............................. ON
  UPnP ................................ ON
  ZeroMQ .............................. ON
  USDT tracing ........................ OFF
  experimental syscall sandbox ........ OFF
Tests:
  test_bitcoin ........................ ON
  bench_bitcoin ....................... ON
  fuzz binary ......................... ON

Cross compiling ....................... FALSE
Preprocessor defined macros ........... MAC_OSX OBJC_OLD_DISPATCH_PROTOTYPES=0
C compiler ............................ /Applications/Xcode.app/Contents/Developer/Toolchains/XcodeDefault.xctoolchain/usr/bin/cc
CFLAGS ................................ 
C++ compiler .......................... /Applications/Xcode.app/Contents/Developer/Toolchains/XcodeDefault.xctoolchain/usr/bin/c++
CXXFLAGS .............................. 
Common compile options ................ -Wstack-protector -fstack-protector-all
Common link options ................... -Wl,-bind_at_load -Wl,-dead_strip -Wl,-dead_strip_dylibs -Wl,-headerpad_max_install_names
Build type:
 - CMAKE_BUILD_TYPE ................... Release
 - CFLAGS ............................. -O2 -g
 - CXXFLAGS ........................... -O2 -g
 - LDFLAGS for executables ............ 
 - LDFLAGS for shared libraries ....... 
Use assembly routines ................. ON
Treat compiler warnings as errors ..... OFF
Use ccache for compiling .............. ON


-- Configuring done
-- Generating done
-- Build files have been written to: /private/var/folders/v7/fs2b0v3s0lz1n57gj9y4xb5m0000gn/T/cirrus-ci-build/ci/scratch/build
[  0%] Building CXX object src/CMakeFiles/bitcoin_consensus.dir/arith_uint256.cpp.o
[  0%] Building CXX object src/CMakeFiles/bitcoin_consensus.dir/consensus/merkle.cpp.o
[  0%] Building CXX object CMakeFiles/minisketch.dir/src/minisketch/src/minisketch.cpp.o
[  0%] Building CXX object src/crypto/CMakeFiles/bitcoin_crypto.dir/sha256_sse4.cpp.o
[  1%] Building CXX object src/CMakeFiles/bitcoin_consensus.dir/consensus/tx_check.cpp.o
[  1%] Building CXX object src/univalue/CMakeFiles/univalue.dir/lib/univalue.cpp.o
[  1%] Building C object CMakeFiles/secp256k1.dir/src/secp256k1/src/secp256k1.c.o
[  1%] Building CXX object CMakeFiles/minisketch.dir/src/minisketch/src/fields/generic_1byte.cpp.o
[  1%] Building CXX object src/crc32c/CMakeFiles/crc32c_sse42.dir/src/crc32c_sse42.cc.o
[  2%] Building CXX object src/crc32c/CMakeFiles/crc32c_arm64.dir/src/crc32c_arm64.cc.o
[  2%] Building CXX object CMakeFiles/minisketch.dir/src/minisketch/src/fields/generic_2bytes.cpp.o
[  2%] Building CXX object src/crypto/CMakeFiles/bitcoin_crypto.dir/sha256_arm_shani.cpp.o
[  2%] Built target crc32c_sse42
[  3%] Building CXX object CMakeFiles/minisketch.dir/src/minisketch/src/fields/generic_3bytes.cpp.o
[  3%] Building CXX object src/univalue/CMakeFiles/univalue.dir/lib/univalue_get.cpp.o
[  3%] Building CXX object src/CMakeFiles/bitcoin_consensus.dir/hash.cpp.o
[  3%] Built target crc32c_arm64
[  3%] Building CXX object CMakeFiles/minisketch.dir/src/minisketch/src/fields/generic_4bytes.cpp.o
[  3%] Building CXX object src/crc32c/CMakeFiles/crc32c.dir/src/crc32c_portable.cc.o
[  3%] Building CXX object src/crc32c/CMakeFiles/crc32c.dir/src/crc32c.cc.o
[  3%] Building CXX object src/crypto/CMakeFiles/bitcoin_crypto.dir/aes.cpp.o
[  3%] Building CXX object src/univalue/CMakeFiles/univalue.dir/lib/univalue_read.cpp.o
[  4%] Building C object CMakeFiles/secp256k1.dir/src/secp256k1/src/precomputed_ecmult.c.o
[  4%] Linking CXX static library libcrc32c.a
[  4%] Building CXX object src/crypto/CMakeFiles/bitcoin_crypto.dir/chacha_poly_aead.cpp.o
[  4%] Built target crc32c
[  4%] Building CXX object CMakeFiles/minisketch.dir/src/minisketch/src/fields/generic_5bytes.cpp.o
[  4%] Building CXX object src/univalue/CMakeFiles/univalue.dir/lib/univalue_write.cpp.o
[  4%] Building CXX object src/CMakeFiles/bitcoin_consensus.dir/primitives/block.cpp.o
[  4%] Building CXX object CMakeFiles/minisketch.dir/src/minisketch/src/fields/generic_6bytes.cpp.o
[  4%] Building CXX object src/crypto/CMakeFiles/bitcoin_crypto.dir/chacha20.cpp.o
[  4%] Building C object CMakeFiles/secp256k1.dir/src/secp256k1/src/precomputed_ecmult_gen.c.o
[  4%] Building CXX object src/leveldb/CMakeFiles/leveldb.dir/db/builder.cc.o
[  5%] Building CXX object src/crypto/CMakeFiles/bitcoin_crypto.dir/hkdf_sha256_32.cpp.o
[  5%] Building CXX object CMakeFiles/minisketch.dir/src/minisketch/src/fields/generic_7bytes.cpp.o
[  5%] Building CXX object src/CMakeFiles/bitcoin_consensus.dir/primitives/transaction.cpp.o
[  5%] Building CXX object CMakeFiles/minisketch.dir/src/minisketch/src/fields/generic_8bytes.cpp.o
[  5%] Linking CXX static library libminisketch.a
[  5%] Building CXX object src/crypto/CMakeFiles/bitcoin_crypto.dir/hmac_sha256.cpp.o
[  5%] Built target minisketch
[  5%] Building CXX object src/leveldb/CMakeFiles/leveldb.dir/db/c.cc.o
[  5%] Building CXX object src/CMakeFiles/bitcoin_consensus.dir/pubkey.cpp.o
[  5%] Building CXX object src/leveldb/CMakeFiles/leveldb.dir/db/db_impl.cc.o
[  5%] Building CXX object src/crypto/CMakeFiles/bitcoin_crypto.dir/hmac_sha512.cpp.o
[  5%] Building CXX object src/CMakeFiles/bitcoin_consensus.dir/script/interpreter.cpp.o
[  6%] Linking CXX static library libunivalue.a
[  6%] Building CXX object src/leveldb/CMakeFiles/leveldb.dir/db/db_iter.cc.o
[  6%] Built target univalue
[  6%] Building CXX object src/crypto/CMakeFiles/bitcoin_crypto.dir/poly1305.cpp.o
[  6%] Building CXX object src/CMakeFiles/bitcoin_cli.dir/compat/stdin.cpp.o
[  6%] Building CXX object src/crypto/CMakeFiles/bitcoin_crypto.dir/muhash.cpp.o
[  7%] Building CXX object src/CMakeFiles/bitcoin_cli.dir/rpc/client.cpp.o
[  7%] Linking C static library libsecp256k1.a
[  7%] Built target secp256k1
[  8%] Building CXX object src/leveldb/CMakeFiles/leveldb.dir/db/dbformat.cc.o
[  8%] Building CXX object src/CMakeFiles/bitcoin_consensus.dir/script/script.cpp.o
[  8%] Building CXX object src/crypto/CMakeFiles/bitcoin_crypto.dir/ripemd160.cpp.o
[  8%] Building CXX object src/leveldb/CMakeFiles/leveldb.dir/db/dumpfile.cc.o
[  8%] Building CXX object src/crypto/CMakeFiles/bitcoin_crypto.dir/sha1.cpp.o
[  8%] Building CXX object src/leveldb/CMakeFiles/leveldb.dir/db/filename.cc.o
[  8%] Building CXX object src/leveldb/CMakeFiles/leveldb.dir/db/log_reader.cc.o
[  9%] Building CXX object src/CMakeFiles/bitcoin_consensus.dir/script/script_error.cpp.o
[  9%] Building CXX object src/crypto/CMakeFiles/bitcoin_crypto.dir/sha256.cpp.o
[  9%] Building CXX object src/CMakeFiles/bitcoin_consensus.dir/uint256.cpp.o
[ 10%] Building CXX object src/crypto/CMakeFiles/bitcoin_crypto.dir/sha3.cpp.o
[ 10%] Building CXX object src/CMakeFiles/bitcoin_consensus.dir/util/strencodings.cpp.o
[ 10%] Building CXX object src/leveldb/CMakeFiles/leveldb.dir/db/log_writer.cc.o
[ 10%] Building CXX object src/crypto/CMakeFiles/bitcoin_crypto.dir/sha512.cpp.o
[ 10%] Building CXX object src/leveldb/CMakeFiles/leveldb.dir/db/memtable.cc.o
[ 10%] Building CXX object src/leveldb/CMakeFiles/leveldb.dir/db/repair.cc.o
[ 10%] Building CXX object src/leveldb/CMakeFiles/leveldb.dir/db/table_cache.cc.o
[ 10%] Building CXX object src/crypto/CMakeFiles/bitcoin_crypto.dir/siphash.cpp.o
[ 11%] Building CXX object src/leveldb/CMakeFiles/leveldb.dir/db/version_edit.cc.o
[ 11%] Building CXX object src/leveldb/CMakeFiles/leveldb.dir/db/version_set.cc.o
[ 11%] Building CXX object src/leveldb/CMakeFiles/leveldb.dir/db/write_batch.cc.o
[ 11%] Building CXX object src/leveldb/CMakeFiles/leveldb.dir/table/block_builder.cc.o
[ 11%] Building CXX object src/leveldb/CMakeFiles/leveldb.dir/table/block.cc.o
[ 11%] Building CXX object src/leveldb/CMakeFiles/leveldb.dir/table/filter_block.cc.o
[ 11%] Built target bitcoin_crypto
[ 11%] Building CXX object src/leveldb/CMakeFiles/leveldb.dir/table/format.cc.o
[ 11%] Building CXX object src/util/CMakeFiles/bitcoin_util.dir/asmap.cpp.o
[ 11%] Building CXX object src/script/CMakeFiles/bitcoinconsensus.dir/bitcoinconsensus.cpp.o
[ 11%] Building CXX object src/util/CMakeFiles/bitcoin_util.dir/bip32.cpp.o
[ 11%] Building CXX object src/script/CMakeFiles/bitcoinconsensus_static.dir/bitcoinconsensus.cpp.o
[ 11%] Built target bitcoin_consensus
[ 11%] Building CXX object src/script/CMakeFiles/bitcoinconsensus.dir/__/support/cleanse.cpp.o
[ 11%] Building CXX object src/script/CMakeFiles/bitcoinconsensus.dir/interpreter.cpp.o
[ 12%] Building CXX object src/util/CMakeFiles/bitcoin_util.dir/bytevectorhash.cpp.o
[ 12%] Building CXX object src/script/CMakeFiles/bitcoinconsensus_static.dir/__/support/cleanse.cpp.o
[ 12%] Building CXX object src/util/CMakeFiles/bitcoin_util.dir/check.cpp.o
[ 12%] Building CXX object src/script/CMakeFiles/bitcoinconsensus_static.dir/interpreter.cpp.o
[ 12%] Building CXX object src/script/CMakeFiles/bitcoinconsensus.dir/script.cpp.o
[ 12%] Building CXX object src/util/CMakeFiles/bitcoin_util.dir/error.cpp.o
[ 12%] Building CXX object src/leveldb/CMakeFiles/leveldb.dir/table/iterator.cc.o
[ 12%] Building CXX object src/util/CMakeFiles/bitcoin_util.dir/fees.cpp.o
[ 12%] Linking CXX static library libbitcoin_cli.a
[ 12%] Built target bitcoin_cli
[ 12%] Building CXX object src/script/CMakeFiles/bitcoinconsensus.dir/script_error.cpp.o
[ 12%] Building CXX object src/script/CMakeFiles/bitcoinconsensus_static.dir/script.cpp.o
[ 12%] Building CXX object src/util/CMakeFiles/bitcoin_util.dir/getuniquepath.cpp.o
[ 12%] Building CXX object src/script/CMakeFiles/bitcoinconsensus_static.dir/script_error.cpp.o
[ 12%] Building CXX object src/script/CMakeFiles/bitcoinconsensus.dir/__/arith_uint256.cpp.o
[ 13%] Building CXX object src/leveldb/CMakeFiles/leveldb.dir/table/merger.cc.o
[ 13%] Building CXX object src/util/CMakeFiles/bitcoin_util.dir/hasher.cpp.o
[ 13%] Building CXX object src/script/CMakeFiles/bitcoinconsensus_static.dir/__/arith_uint256.cpp.o
[ 14%] Building CXX object src/script/CMakeFiles/bitcoinconsensus.dir/__/consensus/merkle.cpp.o
[ 14%] Building CXX object src/leveldb/CMakeFiles/leveldb.dir/table/table_builder.cc.o
[ 14%] Building CXX object src/util/CMakeFiles/bitcoin_util.dir/message.cpp.o
[ 15%] Building CXX object src/script/CMakeFiles/bitcoinconsensus_static.dir/__/consensus/merkle.cpp.o
[ 15%] Building CXX object src/util/CMakeFiles/bitcoin_util.dir/moneystr.cpp.o
[ 15%] Building CXX object src/script/CMakeFiles/bitcoinconsensus.dir/__/consensus/tx_check.cpp.o
[ 15%] Building CXX object src/leveldb/CMakeFiles/leveldb.dir/table/table.cc.o
[ 15%] Building CXX object src/script/CMakeFiles/bitcoinconsensus_static.dir/__/consensus/tx_check.cpp.o
[ 15%] Building CXX object src/script/CMakeFiles/bitcoinconsensus.dir/__/hash.cpp.o
[ 15%] Building CXX object src/leveldb/CMakeFiles/leveldb.dir/table/two_level_iterator.cc.o
[ 16%] Building CXX object src/util/CMakeFiles/bitcoin_util.dir/rbf.cpp.o
[ 16%] Building CXX object src/util/CMakeFiles/bitcoin_util.dir/readwritefile.cpp.o
[ 16%] Building CXX object src/script/CMakeFiles/bitcoinconsensus_static.dir/__/hash.cpp.o
[ 16%] Building CXX object src/leveldb/CMakeFiles/leveldb.dir/util/arena.cc.o
[ 16%] Building CXX object src/script/CMakeFiles/bitcoinconsensus.dir/__/primitives/block.cpp.o
[ 16%] Building CXX object src/script/CMakeFiles/bitcoinconsensus_static.dir/__/primitives/block.cpp.o
[ 16%] Building CXX object src/util/CMakeFiles/bitcoin_util.dir/settings.cpp.o
[ 16%] Building CXX object src/script/CMakeFiles/bitcoinconsensus_static.dir/__/primitives/transaction.cpp.o
[ 16%] Building CXX object src/script/CMakeFiles/bitcoinconsensus.dir/__/primitives/transaction.cpp.o
[ 16%] Building CXX object src/leveldb/CMakeFiles/leveldb.dir/util/bloom.cc.o
[ 16%] Building CXX object src/util/CMakeFiles/bitcoin_util.dir/serfloat.cpp.o
[ 16%] Building CXX object src/script/CMakeFiles/bitcoinconsensus_static.dir/__/pubkey.cpp.o
[ 16%] Building CXX object src/leveldb/CMakeFiles/leveldb.dir/util/cache.cc.o
[ 16%] Building CXX object src/script/CMakeFiles/bitcoinconsensus.dir/__/pubkey.cpp.o
[ 16%] Building CXX object src/util/CMakeFiles/bitcoin_util.dir/sock.cpp.o
[ 16%] Building CXX object src/script/CMakeFiles/bitcoinconsensus_static.dir/__/uint256.cpp.o
[ 16%] Building CXX object src/leveldb/CMakeFiles/leveldb.dir/util/coding.cc.o
[ 16%] Building CXX object src/util/CMakeFiles/bitcoin_util.dir/spanparsing.cpp.o
[ 16%] Building CXX object src/script/CMakeFiles/bitcoinconsensus.dir/__/uint256.cpp.o
[ 16%] Building CXX object src/script/CMakeFiles/bitcoinconsensus_static.dir/__/util/strencodings.cpp.o
[ 16%] Building CXX object src/util/CMakeFiles/bitcoin_util.dir/strencodings.cpp.o
[ 17%] Building CXX object src/leveldb/CMakeFiles/leveldb.dir/util/comparator.cc.o
[ 17%] Building CXX object src/util/CMakeFiles/bitcoin_util.dir/string.cpp.o
[ 17%] Building CXX object src/script/CMakeFiles/bitcoinconsensus.dir/__/util/strencodings.cpp.o
[ 17%] Building CXX object src/leveldb/CMakeFiles/leveldb.dir/util/crc32c.cc.o
[ 18%] Linking CXX static library libbitcoinconsensus.a
[ 18%] Building CXX object src/leveldb/CMakeFiles/leveldb.dir/util/env.cc.o
[ 18%] Built target bitcoinconsensus_static
[ 18%] Building CXX object src/leveldb/CMakeFiles/leveldb.dir/util/filter_policy.cc.o
[ 19%] Building CXX object src/util/CMakeFiles/bitcoin_util.dir/syscall_sandbox.cpp.o
[ 19%] Building CXX object src/util/CMakeFiles/bitcoin_util.dir/syserror.cpp.o
[ 20%] Linking CXX shared library libbitcoinconsensus.dylib
[ 20%] Building CXX object src/leveldb/CMakeFiles/leveldb.dir/util/hash.cc.o
[ 20%] Built target bitcoinconsensus
[ 20%] Building CXX object src/util/CMakeFiles/bitcoin_util.dir/system.cpp.o
[ 20%] Building CXX object src/util/CMakeFiles/bitcoin_util.dir/thread.cpp.o
[ 20%] Building CXX object src/leveldb/CMakeFiles/leveldb.dir/util/logging.cc.o
[ 20%] Building CXX object src/leveldb/CMakeFiles/leveldb.dir/util/options.cc.o
[ 20%] Building CXX object src/leveldb/CMakeFiles/leveldb.dir/util/status.cc.o
[ 20%] Building CXX object src/util/CMakeFiles/bitcoin_util.dir/threadinterrupt.cpp.o
[ 20%] Building CXX object src/util/CMakeFiles/bitcoin_util.dir/threadnames.cpp.o
[ 20%] Building CXX object src/util/CMakeFiles/bitcoin_util.dir/time.cpp.o
[ 21%] Building CXX object src/leveldb/CMakeFiles/leveldb.dir/util/env_posix.cc.o
[ 21%] Building CXX object src/util/CMakeFiles/bitcoin_util.dir/tokenpipe.cpp.o
[ 21%] Building CXX object src/leveldb/CMakeFiles/leveldb.dir/helpers/memenv/memenv.cc.o
[ 22%] Building CXX object src/util/CMakeFiles/bitcoin_util.dir/__/chainparamsbase.cpp.o
[ 22%] Building CXX object src/util/CMakeFiles/bitcoin_util.dir/__/clientversion.cpp.o
[ 22%] Building CXX object src/util/CMakeFiles/bitcoin_util.dir/__/fs.cpp.o
[ 22%] Building CXX object src/util/CMakeFiles/bitcoin_util.dir/__/interfaces/echo.cpp.o
[ 22%] Building CXX object src/util/CMakeFiles/bitcoin_util.dir/__/interfaces/handler.cpp.o
[ 22%] Building CXX object src/util/CMakeFiles/bitcoin_util.dir/__/interfaces/init.cpp.o
[ 22%] Building CXX object src/util/CMakeFiles/bitcoin_util.dir/__/logging.cpp.o
[ 22%] Building CXX object src/util/CMakeFiles/bitcoin_util.dir/__/random.cpp.o
[ 23%] Building CXX object src/util/CMakeFiles/bitcoin_util.dir/__/randomenv.cpp.o
[ 23%] Building CXX object src/util/CMakeFiles/bitcoin_util.dir/__/rpc/request.cpp.o
[ 23%] Linking CXX static library libleveldb.a
[ 23%] Built target leveldb
[ 23%] Building CXX object src/util/CMakeFiles/bitcoin_util.dir/__/support/cleanse.cpp.o
[ 23%] Building CXX object src/zmq/CMakeFiles/bitcoin_zmq.dir/zmqabstractnotifier.cpp.o
[ 23%] Building CXX object src/zmq/CMakeFiles/bitcoin_zmq.dir/zmqnotificationinterface.cpp.o
[ 23%] Building CXX object src/zmq/CMakeFiles/bitcoin_zmq.dir/zmqpublishnotifier.cpp.o
[ 23%] Building CXX object src/util/CMakeFiles/bitcoin_util.dir/__/support/lockedpool.cpp.o
[ 23%] Building CXX object src/util/CMakeFiles/bitcoin_util.dir/__/sync.cpp.o
[ 23%] Building CXX object src/zmq/CMakeFiles/bitcoin_zmq.dir/zmqrpc.cpp.o
[ 24%] Building CXX object src/zmq/CMakeFiles/bitcoin_zmq.dir/zmqutil.cpp.o
[ 24%] Linking CXX static library libbitcoin_util.a
[ 24%] Built target bitcoin_util
[ 24%] Linking CXX static library libbitcoin_zmq.a
[ 24%] Building CXX object src/CMakeFiles/bitcoin_common.dir/base58.cpp.o
[ 24%] Building CXX object src/CMakeFiles/bitcoin_common.dir/bech32.cpp.o
[ 24%] Building CXX object src/CMakeFiles/bitcoin_common.dir/chainparams.cpp.o
[ 24%] Building CXX object src/CMakeFiles/bitcoin_common.dir/coins.cpp.o
[ 24%] Building CXX object src/CMakeFiles/bitcoin_common.dir/common/bloom.cpp.o
[ 24%] Building CXX object src/CMakeFiles/bitcoin_common.dir/common/run_command.cpp.o
[ 25%] Building CXX object src/CMakeFiles/bitcoin_common.dir/compressor.cpp.o
[ 25%] Building CXX object src/CMakeFiles/bitcoin_common.dir/core_read.cpp.o
[ 25%] Building CXX object src/CMakeFiles/bitcoin_common.dir/core_write.cpp.o
[ 25%] Built target bitcoin_zmq
[ 25%] Building CXX object src/CMakeFiles/bitcoin_common.dir/deploymentinfo.cpp.o
[ 25%] Building CXX object src/CMakeFiles/bitcoin_common.dir/external_signer.cpp.o
[ 25%] Building CXX object src/CMakeFiles/bitcoin_common.dir/init/common.cpp.o
[ 25%] Building CXX object src/CMakeFiles/bitcoin_common.dir/key.cpp.o
[ 25%] Building CXX object src/CMakeFiles/bitcoin_common.dir/key_io.cpp.o
[ 26%] Building CXX object src/CMakeFiles/bitcoin_common.dir/merkleblock.cpp.o
[ 26%] Building CXX object src/CMakeFiles/bitcoin_common.dir/net_types.cpp.o
[ 26%] Building CXX object src/CMakeFiles/bitcoin_common.dir/netaddress.cpp.o
[ 26%] Building CXX object src/CMakeFiles/bitcoin_common.dir/netbase.cpp.o
[ 26%] Building CXX object src/CMakeFiles/bitcoin_common.dir/net_permissions.cpp.o
[ 26%] Building CXX object src/CMakeFiles/bitcoin_common.dir/outputtype.cpp.o
[ 26%] Building CXX object src/CMakeFiles/bitcoin_common.dir/policy/feerate.cpp.o
[ 26%] Building CXX object src/CMakeFiles/bitcoin_common.dir/policy/policy.cpp.o
[ 27%] Building CXX object src/CMakeFiles/bitcoin_common.dir/protocol.cpp.o
[ 27%] Building CXX object src/CMakeFiles/bitcoin_common.dir/psbt.cpp.o
[ 27%] Building CXX object src/CMakeFiles/bitcoin_common.dir/rpc/rawtransaction_util.cpp.o
[ 27%] Building CXX object src/CMakeFiles/bitcoin_common.dir/rpc/external_signer.cpp.o
[ 27%] Building CXX object src/CMakeFiles/bitcoin_common.dir/rpc/util.cpp.o
[ 27%] Building CXX object src/CMakeFiles/bitcoin_common.dir/scheduler.cpp.o
[ 27%] Building CXX object src/CMakeFiles/bitcoin_common.dir/script/descriptor.cpp.o
[ 27%] Building CXX object src/CMakeFiles/bitcoin_common.dir/script/miniscript.cpp.o
[ 28%] Building CXX object src/CMakeFiles/bitcoin_common.dir/script/sign.cpp.o
[ 28%] Building CXX object src/CMakeFiles/bitcoin_common.dir/script/signingprovider.cpp.o
[ 28%] Building CXX object src/CMakeFiles/bitcoin_common.dir/script/standard.cpp.o
[ 28%] Building CXX object src/CMakeFiles/bitcoin_common.dir/warnings.cpp.o
[ 28%] Building CXX object src/CMakeFiles/bitcoin_common.dir/common/url.cpp.o
[ 28%] Linking CXX static library libbitcoin_common.a
[ 28%] Built target bitcoin_common
[ 28%] Building CXX object src/CMakeFiles/bitcoin-cli.dir/bitcoin-cli.cpp.o
[ 29%] Building CXX object src/CMakeFiles/bitcoin-tx.dir/bitcoin-tx.cpp.o
[ 29%] Building CXX object src/CMakeFiles/bitcoin-util.dir/bitcoin-util.cpp.o
[ 29%] Building CXX object src/wallet/CMakeFiles/bitcoin_wallet.dir/coincontrol.cpp.o
[ 29%] Building CXX object src/wallet/CMakeFiles/bitcoin_wallet.dir/coinselection.cpp.o
[ 30%] Building CXX object src/wallet/CMakeFiles/bitcoin_wallet.dir/context.cpp.o
[ 30%] Building CXX object src/wallet/CMakeFiles/bitcoin_wallet.dir/crypter.cpp.o
[ 30%] Building CXX object src/wallet/CMakeFiles/bitcoin_wallet.dir/db.cpp.o
[ 30%] Building CXX object src/wallet/CMakeFiles/bitcoin_wallet.dir/dump.cpp.o
[ 30%] Building CXX object src/wallet/CMakeFiles/bitcoin_wallet.dir/external_signer_scriptpubkeyman.cpp.o
[ 30%] Building CXX object src/wallet/CMakeFiles/bitcoin_wallet.dir/feebumper.cpp.o
[ 30%] Building CXX object src/wallet/CMakeFiles/bitcoin_wallet.dir/fees.cpp.o
[ 31%] Building CXX object src/wallet/CMakeFiles/bitcoin_wallet.dir/interfaces.cpp.o
[ 31%] Linking CXX executable bitcoin-util
[ 31%] Built target bitcoin-util
[ 31%] Building CXX object src/wallet/CMakeFiles/bitcoin_wallet.dir/load.cpp.o
[ 31%] Building CXX object src/wallet/CMakeFiles/bitcoin_wallet.dir/receive.cpp.o
[ 31%] Building CXX object src/wallet/CMakeFiles/bitcoin_wallet.dir/rpc/addresses.cpp.o
[ 31%] Building CXX object src/wallet/CMakeFiles/bitcoin_wallet.dir/rpc/backup.cpp.o
[ 31%] Linking CXX executable bitcoin-tx
[ 31%] Built target bitcoin-tx
[ 31%] Building CXX object src/wallet/CMakeFiles/bitcoin_wallet.dir/rpc/coins.cpp.o
[ 32%] Linking CXX executable bitcoin-cli
[ 32%] Built target bitcoin-cli
[ 32%] Building CXX object src/wallet/CMakeFiles/bitcoin_wallet.dir/rpc/encrypt.cpp.o
[ 32%] Building CXX object src/wallet/CMakeFiles/bitcoin_wallet.dir/rpc/spend.cpp.o
[ 33%] Building CXX object src/wallet/CMakeFiles/bitcoin_wallet.dir/rpc/signmessage.cpp.o
[ 33%] Building CXX object src/wallet/CMakeFiles/bitcoin_wallet.dir/rpc/transactions.cpp.o
[ 33%] Building CXX object src/wallet/CMakeFiles/bitcoin_wallet.dir/rpc/util.cpp.o
[ 33%] Building CXX object src/wallet/CMakeFiles/bitcoin_wallet.dir/rpc/wallet.cpp.o
[ 33%] Building CXX object src/wallet/CMakeFiles/bitcoin_wallet.dir/scriptpubkeyman.cpp.o
[ 33%] Building CXX object src/wallet/CMakeFiles/bitcoin_wallet.dir/spend.cpp.o
[ 33%] Building CXX object src/wallet/CMakeFiles/bitcoin_wallet.dir/transaction.cpp.o
[ 33%] Building CXX object src/wallet/CMakeFiles/bitcoin_wallet.dir/wallet.cpp.o
[ 34%] Building CXX object src/wallet/CMakeFiles/bitcoin_wallet.dir/walletdb.cpp.o
[ 34%] Building CXX object src/wallet/CMakeFiles/bitcoin_wallet.dir/walletutil.cpp.o
[ 34%] Building CXX object src/wallet/CMakeFiles/bitcoin_wallet.dir/sqlite.cpp.o
[ 34%] Linking CXX static library libbitcoin_wallet.a
[ 34%] Built target bitcoin_wallet
[ 34%] Building CXX object src/CMakeFiles/bitcoin-wallet.dir/init/bitcoin-wallet.cpp.o
[ 34%] Automatic MOC and UIC for target bitcoinqt
[ 34%] Building CXX object src/CMakeFiles/bitcoin-wallet.dir/wallet/wallettool.cpp.o
[ 34%] Building CXX object src/CMakeFiles/bitcoin-wallet.dir/bitcoin-wallet.cpp.o
[ 34%] Building CXX object src/CMakeFiles/bitcoin_node.dir/addrdb.cpp.o
[ 34%] Building CXX object src/CMakeFiles/bitcoin_node.dir/banman.cpp.o
[ 34%] Building CXX object src/CMakeFiles/bitcoin_node.dir/blockencodings.cpp.o
[ 34%] Building CXX object src/CMakeFiles/bitcoin_node.dir/addrman.cpp.o
[ 34%] Building CXX object src/CMakeFiles/bitcoin_node.dir/blockfilter.cpp.o
[ 35%] Building CXX object src/CMakeFiles/bitcoin_node.dir/chain.cpp.o
[ 35%] Building CXX object src/CMakeFiles/bitcoin_node.dir/consensus/tx_verify.cpp.o
[ 35%] Building CXX object src/CMakeFiles/bitcoin_node.dir/dbwrapper.cpp.o
[ 35%] Building CXX object src/CMakeFiles/bitcoin_node.dir/deploymentstatus.cpp.o
[ 35%] Building CXX object src/CMakeFiles/bitcoin_node.dir/flatfile.cpp.o
[ 35%] Building CXX object src/CMakeFiles/bitcoin_node.dir/headerssync.cpp.o
[ 35%] Building CXX object src/CMakeFiles/bitcoin_node.dir/httprpc.cpp.o
[ 35%] Building CXX object src/CMakeFiles/bitcoin_node.dir/httpserver.cpp.o
[ 36%] Building CXX object src/CMakeFiles/bitcoin_node.dir/i2p.cpp.o
[ 36%] Building CXX object src/CMakeFiles/bitcoin_node.dir/index/base.cpp.o
[ 36%] Building CXX object src/CMakeFiles/bitcoin_node.dir/index/blockfilterindex.cpp.o
[ 36%] Building CXX object src/CMakeFiles/bitcoin_node.dir/index/coinstatsindex.cpp.o
[ 36%] Building CXX object src/CMakeFiles/bitcoin_node.dir/index/txindex.cpp.o
[ 36%] Built target bitcoinqt_autogen
[ 36%] Generating /private/var/folders/v7/fs2b0v3s0lz1n57gj9y4xb5m0000gn/T/cirrus-ci-build/src/qt/locale/bitcoin_zu.qm
[ 36%] Building CXX object src/CMakeFiles/bitcoin_node.dir/init.cpp.o
Updating '/private/var/folders/v7/fs2b0v3s0lz1n57gj9y4xb5m0000gn/T/cirrus-ci-build/src/qt/locale/bitcoin_zu.qm'...
    Generated 19 translation(s) (0 finished and 19 unfinished)
    Ignored 11 untranslated source text(s)
[ 36%] Automatic RCC for bitcoin.qrc
[ 37%] Generating /private/var/folders/v7/fs2b0v3s0lz1n57gj9y4xb5m0000gn/T/cirrus-ci-build/src/qt/locale/bitcoin_fr.qm
Updating '/private/var/folders/v7/fs2b0v3s0lz1n57gj9y4xb5m0000gn/T/cirrus-ci-build/src/qt/locale/bitcoin_fr.qm'...
    Generated 1053 translation(s) (0 finished and 1053 unfinished)
[ 37%] Generating /private/var/folders/v7/fs2b0v3s0lz1n57gj9y4xb5m0000gn/T/cirrus-ci-build/src/qt/locale/bitcoin_si.qm
Updating '/private/var/folders/v7/fs2b0v3s0lz1n57gj9y4xb5m0000gn/T/cirrus-ci-build/src/qt/locale/bitcoin_si.qm'...
    Generated 249 translation(s) (0 finished and 249 unfinished)
    Ignored 11 untranslated source text(s)
[ 37%] Generating /private/var/folders/v7/fs2b0v3s0lz1n57gj9y4xb5m0000gn/T/cirrus-ci-build/src/qt/locale/bitcoin_bn.qm
Updating '/private/var/folders/v7/fs2b0v3s0lz1n57gj9y4xb5m0000gn/T/cirrus-ci-build/src/qt/locale/bitcoin_bn.qm'...
    Generated 83 translation(s) (0 finished and 83 unfinished)
    Ignored 11 untranslated source text(s)
[ 37%] Generating /private/var/folders/v7/fs2b0v3s0lz1n57gj9y4xb5m0000gn/T/cirrus-ci-build/src/qt/locale/bitcoin_sk.qm
Updating '/private/var/folders/v7/fs2b0v3s0lz1n57gj9y4xb5m0000gn/T/cirrus-ci-build/src/qt/locale/bitcoin_sk.qm'...
    Generated 1004 translation(s) (0 finished and 1004 unfinished)
    Ignored 11 untranslated source text(s)
[ 37%] Generating /private/var/folders/v7/fs2b0v3s0lz1n57gj9y4xb5m0000gn/T/cirrus-ci-build/src/qt/locale/bitcoin_sl.qm
Updating '/private/var/folders/v7/fs2b0v3s0lz1n57gj9y4xb5m0000gn/T/cirrus-ci-build/src/qt/locale/bitcoin_sl.qm'...
    Generated 1031 translation(s) (0 finished and 1031 unfinished)
[ 37%] Generating /private/var/folders/v7/fs2b0v3s0lz1n57gj9y4xb5m0000gn/T/cirrus-ci-build/src/qt/locale/bitcoin_sn.qm
Updating '/private/var/folders/v7/fs2b0v3s0lz1n57gj9y4xb5m0000gn/T/cirrus-ci-build/src/qt/locale/bitcoin_sn.qm'...
    Generated 47 translation(s) (0 finished and 47 unfinished)
    Ignored 11 untranslated source text(s)
[ 37%] Generating /private/var/folders/v7/fs2b0v3s0lz1n57gj9y4xb5m0000gn/T/cirrus-ci-build/src/qt/locale/bitcoin_ka.qm
Updating '/private/var/folders/v7/fs2b0v3s0lz1n57gj9y4xb5m0000gn/T/cirrus-ci-build/src/qt/locale/bitcoin_ka.qm'...
    Generated 463 translation(s) (0 finished and 463 unfinished)
    Ignored 11 untranslated source text(s)
[ 37%] Generating /private/var/folders/v7/fs2b0v3s0lz1n57gj9y4xb5m0000gn/T/cirrus-ci-build/src/qt/locale/bitcoin_bs.qm
Updating '/private/var/folders/v7/fs2b0v3s0lz1n57gj9y4xb5m0000gn/T/cirrus-ci-build/src/qt/locale/bitcoin_bs.qm'...
    Generated 372 translation(s) (0 finished and 372 unfinished)
    Ignored 11 untranslated source text(s)
[ 37%] Generating /private/var/folders/v7/fs2b0v3s0lz1n57gj9y4xb5m0000gn/T/cirrus-ci-build/src/qt/locale/bitcoin_sq.qm
Updating '/private/var/folders/v7/fs2b0v3s0lz1n57gj9y4xb5m0000gn/T/cirrus-ci-build/src/qt/locale/bitcoin_sq.qm'...
    Generated 159 translation(s) (0 finished and 159 unfinished)
    Ignored 11 untranslated source text(s)
[ 37%] Generating /private/var/folders/v7/fs2b0v3s0lz1n57gj9y4xb5m0000gn/T/cirrus-ci-build/src/qt/locale/bitcoin_sr.qm
[ 37%] Building CXX object src/CMakeFiles/bitcoin_node.dir/kernel/chain.cpp.o
Updating '/private/var/folders/v7/fs2b0v3s0lz1n57gj9y4xb5m0000gn/T/cirrus-ci-build/src/qt/locale/bitcoin_sr.qm'...
    Generated 795 translation(s) (0 finished and 795 unfinished)
    Ignored 11 untranslated source text(s)
[ 37%] Generating /private/var/folders/v7/fs2b0v3s0lz1n57gj9y4xb5m0000gn/T/cirrus-ci-build/src/qt/locale/bitcoin_ga.qm
Updating '/private/var/folders/v7/fs2b0v3s0lz1n57gj9y4xb5m0000gn/T/cirrus-ci-build/src/qt/locale/bitcoin_ga.qm'...
    Generated 837 translation(s) (0 finished and 837 unfinished)
    Ignored 11 untranslated source text(s)
[ 38%] Generating /private/var/folders/v7/fs2b0v3s0lz1n57gj9y4xb5m0000gn/T/cirrus-ci-build/src/qt/locale/bitcoin_sv.qm
Updating '/private/var/folders/v7/fs2b0v3s0lz1n57gj9y4xb5m0000gn/T/cirrus-ci-build/src/qt/locale/bitcoin_sv.qm'...
    Generated 864 translation(s) (0 finished and 864 unfinished)
    Ignored 11 untranslated source text(s)
[ 38%] Generating /private/var/folders/v7/fs2b0v3s0lz1n57gj9y4xb5m0000gn/T/cirrus-ci-build/src/qt/locale/bitcoin_sw.qm
Updating '/private/var/folders/v7/fs2b0v3s0lz1n57gj9y4xb5m0000gn/T/cirrus-ci-build/src/qt/locale/bitcoin_sw.qm'...
    Generated 13 translation(s) (0 finished and 13 unfinished)
    Ignored 11 untranslated source text(s)
[ 38%] Generating /private/var/folders/v7/fs2b0v3s0lz1n57gj9y4xb5m0000gn/T/cirrus-ci-build/src/qt/locale/bitcoin_kk.qm
Updating '/private/var/folders/v7/fs2b0v3s0lz1n57gj9y4xb5m0000gn/T/cirrus-ci-build/src/qt/locale/bitcoin_kk.qm'...
    Generated 184 translation(s) (0 finished and 184 unfinished)
    Ignored 11 untranslated source text(s)
[ 38%] Generating /private/var/folders/v7/fs2b0v3s0lz1n57gj9y4xb5m0000gn/T/cirrus-ci-build/src/qt/locale/bitcoin_gd.qm
Updating '/private/var/folders/v7/fs2b0v3s0lz1n57gj9y4xb5m0000gn/T/cirrus-ci-build/src/qt/locale/bitcoin_gd.qm'...
    Generated 19 translation(s) (0 finished and 19 unfinished)
    Ignored 11 untranslated source text(s)
[ 39%] Generating /private/var/folders/v7/fs2b0v3s0lz1n57gj9y4xb5m0000gn/T/cirrus-ci-build/src/qt/locale/bitcoin_kl.qm
Updating '/private/var/folders/v7/fs2b0v3s0lz1n57gj9y4xb5m0000gn/T/cirrus-ci-build/src/qt/locale/bitcoin_kl.qm'...
    Generated 48 translation(s) (0 finished and 48 unfinished)
    Ignored 11 untranslated source text(s)
[ 39%] Generating /private/var/folders/v7/fs2b0v3s0lz1n57gj9y4xb5m0000gn/T/cirrus-ci-build/src/qt/locale/bitcoin_km.qm
Updating '/private/var/folders/v7/fs2b0v3s0lz1n57gj9y4xb5m0000gn/T/cirrus-ci-build/src/qt/locale/bitcoin_km.qm'...
    Generated 487 translation(s) (0 finished and 487 unfinished)
    Ignored 11 untranslated source text(s)
[ 39%] Generating /private/var/folders/v7/fs2b0v3s0lz1n57gj9y4xb5m0000gn/T/cirrus-ci-build/src/qt/locale/bitcoin_ko.qm
Updating '/private/var/folders/v7/fs2b0v3s0lz1n57gj9y4xb5m0000gn/T/cirrus-ci-build/src/qt/locale/bitcoin_ko.qm'...
    Generated 970 translation(s) (0 finished and 970 unfinished)
    Ignored 11 untranslated source text(s)
[ 39%] Generating /private/var/folders/v7/fs2b0v3s0lz1n57gj9y4xb5m0000gn/T/cirrus-ci-build/src/qt/locale/bitcoin_ca.qm
Updating '/private/var/folders/v7/fs2b0v3s0lz1n57gj9y4xb5m0000gn/T/cirrus-ci-build/src/qt/locale/bitcoin_ca.qm'...
    Generated 987 translation(s) (0 finished and 987 unfinished)
    Ignored 11 untranslated source text(s)
[ 39%] Generating /private/var/folders/v7/fs2b0v3s0lz1n57gj9y4xb5m0000gn/T/cirrus-ci-build/src/qt/locale/bitcoin_pt_BR.qm
Updating '/private/var/folders/v7/fs2b0v3s0lz1n57gj9y4xb5m0000gn/T/cirrus-ci-build/src/qt/locale/bitcoin_pt_BR.qm'...
    Generated 911 translation(s) (0 finished and 911 unfinished)
    Ignored 11 untranslated source text(s)
[ 39%] Generating /private/var/folders/v7/fs2b0v3s0lz1n57gj9y4xb5m0000gn/T/cirrus-ci-build/src/qt/locale/bitcoin_ta.qm
Updating '/private/var/folders/v7/fs2b0v3s0lz1n57gj9y4xb5m0000gn/T/cirrus-ci-build/src/qt/locale/bitcoin_ta.qm'...
    Generated 724 translation(s) (0 finished and 724 unfinished)
    Ignored 11 untranslated source text(s)
[ 39%] Generating /private/var/folders/v7/fs2b0v3s0lz1n57gj9y4xb5m0000gn/T/cirrus-ci-build/src/qt/locale/bitcoin_gl.qm
Updating '/private/var/folders/v7/fs2b0v3s0lz1n57gj9y4xb5m0000gn/T/cirrus-ci-build/src/qt/locale/bitcoin_gl.qm'...
    Generated 386 translation(s) (0 finished and 386 unfinished)
    Ignored 11 untranslated source text(s)
[ 39%] Generating /private/var/folders/v7/fs2b0v3s0lz1n57gj9y4xb5m0000gn/T/cirrus-ci-build/src/qt/locale/bitcoin_te.qm
Updating '/private/var/folders/v7/fs2b0v3s0lz1n57gj9y4xb5m0000gn/T/cirrus-ci-build/src/qt/locale/bitcoin_te.qm'...
    Generated 118 translation(s) (0 finished and 118 unfinished)
    Ignored 11 untranslated source text(s)
[ 39%] Generating /private/var/folders/v7/fs2b0v3s0lz1n57gj9y4xb5m0000gn/T/cirrus-ci-build/src/qt/locale/bitcoin_zh_CN.qm
Updating '/private/var/folders/v7/fs2b0v3s0lz1n57gj9y4xb5m0000gn/T/cirrus-ci-build/src/qt/locale/bitcoin_zh_CN.qm'...
    Generated 1016 translation(s) (0 finished and 1016 unfinished)
    Ignored 11 untranslated source text(s)
[ 39%] Generating /private/var/folders/v7/fs2b0v3s0lz1n57gj9y4xb5m0000gn/T/cirrus-ci-build/src/qt/locale/bitcoin_ky.qm
Updating '/private/var/folders/v7/fs2b0v3s0lz1n57gj9y4xb5m0000gn/T/cirrus-ci-build/src/qt/locale/bitcoin_ky.qm'...
    Generated 56 translation(s) (0 finished and 56 unfinished)
    Ignored 11 untranslated source text(s)
[ 39%] Generating /private/var/folders/v7/fs2b0v3s0lz1n57gj9y4xb5m0000gn/T/cirrus-ci-build/src/qt/locale/bitcoin_th.qm
Updating '/private/var/folders/v7/fs2b0v3s0lz1n57gj9y4xb5m0000gn/T/cirrus-ci-build/src/qt/locale/bitcoin_th.qm'...
    Generated 319 translation(s) (0 finished and 319 unfinished)
    Ignored 3 untranslated source text(s)
[ 39%] Generating /private/var/folders/v7/fs2b0v3s0lz1n57gj9y4xb5m0000gn/T/cirrus-ci-build/src/qt/locale/bitcoin_gu.qm
Updating '/private/var/folders/v7/fs2b0v3s0lz1n57gj9y4xb5m0000gn/T/cirrus-ci-build/src/qt/locale/bitcoin_gu.qm'...
    Generated 51 translation(s) (0 finished and 51 unfinished)
    Ignored 11 untranslated source text(s)
[ 39%] Generating /private/var/folders/v7/fs2b0v3s0lz1n57gj9y4xb5m0000gn/T/cirrus-ci-build/src/qt/locale/bitcoin_la.qm
Updating '/private/var/folders/v7/fs2b0v3s0lz1n57gj9y4xb5m0000gn/T/cirrus-ci-build/src/qt/locale/bitcoin_la.qm'...
    Generated 290 translation(s) (0 finished and 290 unfinished)
    Ignored 11 untranslated source text(s)
[ 39%] Generating /private/var/folders/v7/fs2b0v3s0lz1n57gj9y4xb5m0000gn/T/cirrus-ci-build/src/qt/locale/bitcoin_cs.qm
Updating '/private/var/folders/v7/fs2b0v3s0lz1n57gj9y4xb5m0000gn/T/cirrus-ci-build/src/qt/locale/bitcoin_cs.qm'...
    Generated 1002 translation(s) (0 finished and 1002 unfinished)
    Ignored 11 untranslated source text(s)
[ 39%] Generating /private/var/folders/v7/fs2b0v3s0lz1n57gj9y4xb5m0000gn/T/cirrus-ci-build/src/qt/locale/bitcoin_zh_TW.qm
Updating '/private/var/folders/v7/fs2b0v3s0lz1n57gj9y4xb5m0000gn/T/cirrus-ci-build/src/qt/locale/bitcoin_zh_TW.qm'...
    Generated 823 translation(s) (0 finished and 823 unfinished)
    Ignored 11 untranslated source text(s)
[ 39%] Generating /private/var/folders/v7/fs2b0v3s0lz1n57gj9y4xb5m0000gn/T/cirrus-ci-build/src/qt/locale/bitcoin_szl.qm
Updating '/private/var/folders/v7/fs2b0v3s0lz1n57gj9y4xb5m0000gn/T/cirrus-ci-build/src/qt/locale/bitcoin_szl.qm'...
    Generated 378 translation(s) (0 finished and 378 unfinished)
    Ignored 11 untranslated source text(s)
[ 39%] Generating /private/var/folders/v7/fs2b0v3s0lz1n57gj9y4xb5m0000gn/T/cirrus-ci-build/src/qt/locale/bitcoin_tr.qm
Updating '/private/var/folders/v7/fs2b0v3s0lz1n57gj9y4xb5m0000gn/T/cirrus-ci-build/src/qt/locale/bitcoin_tr.qm'...
    Generated 858 translation(s) (0 finished and 858 unfinished)
    Ignored 5 untranslated source text(s)
[ 39%] Generating /private/var/folders/v7/fs2b0v3s0lz1n57gj9y4xb5m0000gn/T/cirrus-ci-build/src/qt/locale/bitcoin_pl.qm
Updating '/private/var/folders/v7/fs2b0v3s0lz1n57gj9y4xb5m0000gn/T/cirrus-ci-build/src/qt/locale/bitcoin_pl.qm'...
    Generated 857 translation(s) (0 finished and 857 unfinished)
    Ignored 11 untranslated source text(s)
[ 39%] Generating /private/var/folders/v7/fs2b0v3s0lz1n57gj9y4xb5m0000gn/T/cirrus-ci-build/src/qt/locale/bitcoin_ku_IQ.qm
[ 39%] Generating /private/var/folders/v7/fs2b0v3s0lz1n57gj9y4xb5m0000gn/T/cirrus-ci-build/src/qt/locale/bitcoin_cy.qm
Updating '/private/var/folders/v7/fs2b0v3s0lz1n57gj9y4xb5m0000gn/T/cirrus-ci-build/src/qt/locale/bitcoin_ku_IQ.qm'...
    Generated 156 translation(s) (0 finished and 156 unfinished)
    Ignored 11 untranslated source text(s)
Updating '/private/var/folders/v7/fs2b0v3s0lz1n57gj9y4xb5m0000gn/T/cirrus-ci-build/src/qt/locale/bitcoin_cy.qm'...
[ 39%] Generating /private/var/folders/v7/fs2b0v3s0lz1n57gj9y4xb5m0000gn/T/cirrus-ci-build/src/qt/locale/bitcoin_he.qm
    Generated 198 translation(s) (0 finished and 198 unfinished)
    Ignored 11 untranslated source text(s)
[ 39%] Generating /private/var/folders/v7/fs2b0v3s0lz1n57gj9y4xb5m0000gn/T/cirrus-ci-build/src/qt/locale/bitcoin_zh_HK.qm
[ 39%] Generating /private/var/folders/v7/fs2b0v3s0lz1n57gj9y4xb5m0000gn/T/cirrus-ci-build/src/qt/locale/bitcoin_es_CL.qm
Updating '/private/var/folders/v7/fs2b0v3s0lz1n57gj9y4xb5m0000gn/T/cirrus-ci-build/src/qt/locale/bitcoin_he.qm'...
    Generated 859 translation(s) (0 finished and 859 unfinished)
    Ignored 11 untranslated source text(s)
Updating '/private/var/folders/v7/fs2b0v3s0lz1n57gj9y4xb5m0000gn/T/cirrus-ci-build/src/qt/locale/bitcoin_zh_HK.qm'...
    Generated 129 translation(s) (0 finished and 129 unfinished)
    Ignored 11 untranslated source text(s)
Updating '/private/var/folders/v7/fs2b0v3s0lz1n57gj9y4xb5m0000gn/T/cirrus-ci-build/src/qt/locale/bitcoin_es_CL.qm'...
    Generated 633 translation(s) (0 finished and 633 unfinished)
    Ignored 11 untranslated source text(s)
[ 39%] Building CXX object src/CMakeFiles/bitcoin_node.dir/kernel/checks.cpp.o
[ 39%] Generating /private/var/folders/v7/fs2b0v3s0lz1n57gj9y4xb5m0000gn/T/cirrus-ci-build/src/qt/locale/bitcoin_pt.qm
[ 40%] Building CXX object src/CMakeFiles/bitcoin_node.dir/kernel/coinstats.cpp.o
Updating '/private/var/folders/v7/fs2b0v3s0lz1n57gj9y4xb5m0000gn/T/cirrus-ci-build/src/qt/locale/bitcoin_pt.qm'...
    Generated 981 translation(s) (0 finished and 981 unfinished)
    Ignored 11 untranslated source text(s)
[ 41%] Generating /private/var/folders/v7/fs2b0v3s0lz1n57gj9y4xb5m0000gn/T/cirrus-ci-build/src/qt/locale/bitcoin_da.qm
Updating '/private/var/folders/v7/fs2b0v3s0lz1n57gj9y4xb5m0000gn/T/cirrus-ci-build/src/qt/locale/bitcoin_da.qm'...
    Generated 861 translation(s) (0 finished and 861 unfinished)
    Ignored 11 untranslated source text(s)
[ 41%] Generating /private/var/folders/v7/fs2b0v3s0lz1n57gj9y4xb5m0000gn/T/cirrus-ci-build/src/qt/locale/bitcoin_pam.qm
Updating '/private/var/folders/v7/fs2b0v3s0lz1n57gj9y4xb5m0000gn/T/cirrus-ci-build/src/qt/locale/bitcoin_pam.qm'...
    Generated 238 translation(s) (0 finished and 238 unfinished)
    Ignored 11 untranslated source text(s)
[ 41%] Generating /private/var/folders/v7/fs2b0v3s0lz1n57gj9y4xb5m0000gn/T/cirrus-ci-build/src/qt/locale/bitcoin_es_CO.qm
Updating '/private/var/folders/v7/fs2b0v3s0lz1n57gj9y4xb5m0000gn/T/cirrus-ci-build/src/qt/locale/bitcoin_es_CO.qm'...
    Generated 672 translation(s) (0 finished and 672 unfinished)
    Ignored 11 untranslated source text(s)
[ 41%] Generating /private/var/folders/v7/fs2b0v3s0lz1n57gj9y4xb5m0000gn/T/cirrus-ci-build/src/qt/locale/bitcoin_de.qm
Updating '/private/var/folders/v7/fs2b0v3s0lz1n57gj9y4xb5m0000gn/T/cirrus-ci-build/src/qt/locale/bitcoin_de.qm'...
    Generated 1019 translation(s) (0 finished and 1019 unfinished)
    Ignored 11 untranslated source text(s)
[ 41%] Generating /private/var/folders/v7/fs2b0v3s0lz1n57gj9y4xb5m0000gn/T/cirrus-ci-build/src/qt/locale/bitcoin_lt.qm
Updating '/private/var/folders/v7/fs2b0v3s0lz1n57gj9y4xb5m0000gn/T/cirrus-ci-build/src/qt/locale/bitcoin_lt.qm'...
    Generated 693 translation(s) (0 finished and 693 unfinished)
    Ignored 11 untranslated source text(s)
[ 41%] Generating /private/var/folders/v7/fs2b0v3s0lz1n57gj9y4xb5m0000gn/T/cirrus-ci-build/src/qt/locale/bitcoin_lv.qm
Updating '/private/var/folders/v7/fs2b0v3s0lz1n57gj9y4xb5m0000gn/T/cirrus-ci-build/src/qt/locale/bitcoin_lv.qm'...
    Generated 264 translation(s) (0 finished and 264 unfinished)
    Ignored 11 untranslated source text(s)
[ 42%] Generating /private/var/folders/v7/fs2b0v3s0lz1n57gj9y4xb5m0000gn/T/cirrus-ci-build/src/qt/locale/bitcoin_ug.qm
Updating '/private/var/folders/v7/fs2b0v3s0lz1n57gj9y4xb5m0000gn/T/cirrus-ci-build/src/qt/locale/bitcoin_ug.qm'...
    Generated 44 translation(s) (0 finished and 44 unfinished)
    Ignored 11 untranslated source text(s)
[ 43%] Generating /private/var/folders/v7/fs2b0v3s0lz1n57gj9y4xb5m0000gn/T/cirrus-ci-build/src/qt/locale/bitcoin_hr.qm
Updating '/private/var/folders/v7/fs2b0v3s0lz1n57gj9y4xb5m0000gn/T/cirrus-ci-build/src/qt/locale/bitcoin_hr.qm'...
    Generated 762 translation(s) (0 finished and 762 unfinished)
    Ignored 11 untranslated source text(s)
[ 43%] Generating /private/var/folders/v7/fs2b0v3s0lz1n57gj9y4xb5m0000gn/T/cirrus-ci-build/src/qt/locale/bitcoin_yo.qm
Updating '/private/var/folders/v7/fs2b0v3s0lz1n57gj9y4xb5m0000gn/T/cirrus-ci-build/src/qt/locale/bitcoin_yo.qm'...
    Generated 19 translation(s) (0 finished and 19 unfinished)
    Ignored 11 untranslated source text(s)
[ 43%] Generating /private/var/folders/v7/fs2b0v3s0lz1n57gj9y4xb5m0000gn/T/cirrus-ci-build/src/qt/locale/bitcoin_hu.qm
Updating '/private/var/folders/v7/fs2b0v3s0lz1n57gj9y4xb5m0000gn/T/cirrus-ci-build/src/qt/locale/bitcoin_hu.qm'...
    Generated 1055 translation(s) (0 finished and 1055 unfinished)
    Ignored 11 untranslated source text(s)
[ 43%] Generating /private/var/folders/v7/fs2b0v3s0lz1n57gj9y4xb5m0000gn/T/cirrus-ci-build/src/qt/locale/bitcoin_uk.qm
Updating '/private/var/folders/v7/fs2b0v3s0lz1n57gj9y4xb5m0000gn/T/cirrus-ci-build/src/qt/locale/bitcoin_uk.qm'...
    Generated 1081 translation(s) (0 finished and 1081 unfinished)
[ 43%] Generating /private/var/folders/v7/fs2b0v3s0lz1n57gj9y4xb5m0000gn/T/cirrus-ci-build/src/qt/locale/bitcoin_ur.qm
Updating '/private/var/folders/v7/fs2b0v3s0lz1n57gj9y4xb5m0000gn/T/cirrus-ci-build/src/qt/locale/bitcoin_ur.qm'...
    Generated 134 translation(s) (0 finished and 134 unfinished)
    Ignored 11 untranslated source text(s)
[ 43%] Generating /private/var/folders/v7/fs2b0v3s0lz1n57gj9y4xb5m0000gn/T/cirrus-ci-build/src/qt/locale/bitcoin_gl_ES.qm
Updating '/private/var/folders/v7/fs2b0v3s0lz1n57gj9y4xb5m0000gn/T/cirrus-ci-build/src/qt/locale/bitcoin_gl_ES.qm'...
    Generated 216 translation(s) (0 finished and 216 unfinished)
    Ignored 11 untranslated source text(s)
[ 43%] Generating /private/var/folders/v7/fs2b0v3s0lz1n57gj9y4xb5m0000gn/T/cirrus-ci-build/src/qt/locale/bitcoin_sr@latin.qm
Updating '/private/var/folders/v7/fs2b0v3s0lz1n57gj9y4xb5m0000gn/T/cirrus-ci-build/src/qt/locale/bitcoin_sr@latin.qm'...
    Generated 173 translation(s) (0 finished and 173 unfinished)
    Ignored 11 untranslated source text(s)
[ 44%] Generating /private/var/folders/v7/fs2b0v3s0lz1n57gj9y4xb5m0000gn/T/cirrus-ci-build/src/qt/locale/bitcoin_mk.qm
Updating '/private/var/folders/v7/fs2b0v3s0lz1n57gj9y4xb5m0000gn/T/cirrus-ci-build/src/qt/locale/bitcoin_mk.qm'...
    Generated 105 translation(s) (0 finished and 105 unfinished)
    Ignored 11 untranslated source text(s)
[ 44%] Generating /private/var/folders/v7/fs2b0v3s0lz1n57gj9y4xb5m0000gn/T/cirrus-ci-build/src/qt/locale/bitcoin_id.qm
Updating '/private/var/folders/v7/fs2b0v3s0lz1n57gj9y4xb5m0000gn/T/cirrus-ci-build/src/qt/locale/bitcoin_id.qm'...
    Generated 974 translation(s) (0 finished and 974 unfinished)
    Ignored 11 untranslated source text(s)
[ 44%] Generating /private/var/folders/v7/fs2b0v3s0lz1n57gj9y4xb5m0000gn/T/cirrus-ci-build/src/qt/locale/bitcoin_ml.qm
Updating '/private/var/folders/v7/fs2b0v3s0lz1n57gj9y4xb5m0000gn/T/cirrus-ci-build/src/qt/locale/bitcoin_ml.qm'...
    Generated 287 translation(s) (0 finished and 287 unfinished)
    Ignored 11 untranslated source text(s)
[ 44%] Generating /private/var/folders/v7/fs2b0v3s0lz1n57gj9y4xb5m0000gn/T/cirrus-ci-build/src/qt/locale/bitcoin_mn.qm
Updating '/private/var/folders/v7/fs2b0v3s0lz1n57gj9y4xb5m0000gn/T/cirrus-ci-build/src/qt/locale/bitcoin_mn.qm'...
    Generated 211 translation(s) (0 finished and 211 unfinished)
    Ignored 11 untranslated source text(s)
[ 44%] Generating /private/var/folders/v7/fs2b0v3s0lz1n57gj9y4xb5m0000gn/T/cirrus-ci-build/src/qt/locale/bitcoin_mr_IN.qm
Updating '/private/var/folders/v7/fs2b0v3s0lz1n57gj9y4xb5m0000gn/T/cirrus-ci-build/src/qt/locale/bitcoin_mr_IN.qm'...
    Generated 37 translation(s) (0 finished and 37 unfinished)
    Ignored 11 untranslated source text(s)
[ 45%] Generating /private/var/folders/v7/fs2b0v3s0lz1n57gj9y4xb5m0000gn/T/cirrus-ci-build/src/qt/locale/bitcoin_es_DO.qm
Updating '/private/var/folders/v7/fs2b0v3s0lz1n57gj9y4xb5m0000gn/T/cirrus-ci-build/src/qt/locale/bitcoin_es_DO.qm'...
    Generated 402 translation(s) (0 finished and 402 unfinished)
    Ignored 11 untranslated source text(s)
[ 46%] Generating /private/var/folders/v7/fs2b0v3s0lz1n57gj9y4xb5m0000gn/T/cirrus-ci-build/src/qt/locale/bitcoin_zh.qm
Updating '/private/var/folders/v7/fs2b0v3s0lz1n57gj9y4xb5m0000gn/T/cirrus-ci-build/src/qt/locale/bitcoin_zh.qm'...
    Generated 30 translation(s) (0 finished and 30 unfinished)
    Ignored 11 untranslated source text(s)
[ 46%] Generating /private/var/folders/v7/fs2b0v3s0lz1n57gj9y4xb5m0000gn/T/cirrus-ci-build/src/qt/locale/bitcoin_ms.qm
Updating '/private/var/folders/v7/fs2b0v3s0lz1n57gj9y4xb5m0000gn/T/cirrus-ci-build/src/qt/locale/bitcoin_ms.qm'...
    Generated 102 translation(s) (0 finished and 102 unfinished)
    Ignored 11 untranslated source text(s)
[ 46%] Generating /private/var/folders/v7/fs2b0v3s0lz1n57gj9y4xb5m0000gn/T/cirrus-ci-build/src/qt/locale/bitcoin_uz@Cyrl.qm
Updating '/private/var/folders/v7/fs2b0v3s0lz1n57gj9y4xb5m0000gn/T/cirrus-ci-build/src/qt/locale/bitcoin_uz@Cyrl.qm'...
    Generated 378 translation(s) (0 finished and 378 unfinished)
    Ignored 11 untranslated source text(s)
[ 46%] Generating /private/var/folders/v7/fs2b0v3s0lz1n57gj9y4xb5m0000gn/T/cirrus-ci-build/src/qt/locale/bitcoin_my.qm
Updating '/private/var/folders/v7/fs2b0v3s0lz1n57gj9y4xb5m0000gn/T/cirrus-ci-build/src/qt/locale/bitcoin_my.qm'...
    Generated 43 translation(s) (0 finished and 43 unfinished)
    Ignored 11 untranslated source text(s)
[ 46%] Generating /private/var/folders/v7/fs2b0v3s0lz1n57gj9y4xb5m0000gn/T/cirrus-ci-build/src/qt/locale/bitcoin_is.qm
Updating '/private/var/folders/v7/fs2b0v3s0lz1n57gj9y4xb5m0000gn/T/cirrus-ci-build/src/qt/locale/bitcoin_is.qm'...
    Generated 168 translation(s) (0 finished and 168 unfinished)
    Ignored 11 untranslated source text(s)
[ 46%] Generating /private/var/folders/v7/fs2b0v3s0lz1n57gj9y4xb5m0000gn/T/cirrus-ci-build/src/qt/locale/bitcoin_el.qm
Updating '/private/var/folders/v7/fs2b0v3s0lz1n57gj9y4xb5m0000gn/T/cirrus-ci-build/src/qt/locale/bitcoin_el.qm'...
    Generated 945 translation(s) (0 finished and 945 unfinished)
    Ignored 11 untranslated source text(s)
[ 46%] Generating /private/var/folders/v7/fs2b0v3s0lz1n57gj9y4xb5m0000gn/T/cirrus-ci-build/src/qt/locale/bitcoin_vi.qm
Updating '/private/var/folders/v7/fs2b0v3s0lz1n57gj9y4xb5m0000gn/T/cirrus-ci-build/src/qt/locale/bitcoin_vi.qm'...
    Generated 573 translation(s) (0 finished and 573 unfinished)
    Ignored 11 untranslated source text(s)
[ 46%] Generating /private/var/folders/v7/fs2b0v3s0lz1n57gj9y4xb5m0000gn/T/cirrus-ci-build/src/qt/locale/bitcoin_it.qm
Updating '/private/var/folders/v7/fs2b0v3s0lz1n57gj9y4xb5m0000gn/T/cirrus-ci-build/src/qt/locale/bitcoin_it.qm'...
    Generated 1032 translation(s) (0 finished and 1032 unfinished)
    Ignored 11 untranslated source text(s)
[ 46%] Generating /private/var/folders/v7/fs2b0v3s0lz1n57gj9y4xb5m0000gn/T/cirrus-ci-build/src/qt/locale/bitcoin_en.qm
Updating '/private/var/folders/v7/fs2b0v3s0lz1n57gj9y4xb5m0000gn/T/cirrus-ci-build/src/qt/locale/bitcoin_en.qm'...
    Generated 161 translation(s) (131 finished and 30 unfinished)
    Ignored 988 untranslated source text(s)
[ 46%] Generating /private/var/folders/v7/fs2b0v3s0lz1n57gj9y4xb5m0000gn/T/cirrus-ci-build/src/qt/locale/bitcoin_eo.qm
Updating '/private/var/folders/v7/fs2b0v3s0lz1n57gj9y4xb5m0000gn/T/cirrus-ci-build/src/qt/locale/bitcoin_eo.qm'...
    Generated 488 translation(s) (0 finished and 488 unfinished)
    Ignored 11 untranslated source text(s)
[ 46%] Generating /private/var/folders/v7/fs2b0v3s0lz1n57gj9y4xb5m0000gn/T/cirrus-ci-build/src/qt/locale/bitcoin_nb.qm
Updating '/private/var/folders/v7/fs2b0v3s0lz1n57gj9y4xb5m0000gn/T/cirrus-ci-build/src/qt/locale/bitcoin_nb.qm'...
    Generated 956 translation(s) (0 finished and 956 unfinished)
    Ignored 11 untranslated source text(s)
[ 46%] Generating /private/var/folders/v7/fs2b0v3s0lz1n57gj9y4xb5m0000gn/T/cirrus-ci-build/src/qt/locale/bitcoin_es.qm
Updating '/private/var/folders/v7/fs2b0v3s0lz1n57gj9y4xb5m0000gn/T/cirrus-ci-build/src/qt/locale/bitcoin_es.qm'...
    Generated 577 translation(s) (0 finished and 577 unfinished)
    Ignored 11 untranslated source text(s)
[ 46%] Generating /private/var/folders/v7/fs2b0v3s0lz1n57gj9y4xb5m0000gn/T/cirrus-ci-build/src/qt/locale/bitcoin_et.qm
Updating '/private/var/folders/v7/fs2b0v3s0lz1n57gj9y4xb5m0000gn/T/cirrus-ci-build/src/qt/locale/bitcoin_et.qm'...
    Generated 413 translation(s) (0 finished and 413 unfinished)
    Ignored 11 untranslated source text(s)
[ 46%] Generating /private/var/folders/v7/fs2b0v3s0lz1n57gj9y4xb5m0000gn/T/cirrus-ci-build/src/qt/locale/bitcoin_am.qm
Updating '/private/var/folders/v7/fs2b0v3s0lz1n57gj9y4xb5m0000gn/T/cirrus-ci-build/src/qt/locale/bitcoin_am.qm'...
    Generated 132 translation(s) (0 finished and 132 unfinished)
    Ignored 11 untranslated source text(s)
[ 46%] Generating /private/var/folders/v7/fs2b0v3s0lz1n57gj9y4xb5m0000gn/T/cirrus-ci-build/src/qt/locale/bitcoin_eu.qm
Updating '/private/var/folders/v7/fs2b0v3s0lz1n57gj9y4xb5m0000gn/T/cirrus-ci-build/src/qt/locale/bitcoin_eu.qm'...
    Generated 344 translation(s) (0 finished and 344 unfinished)
    Ignored 11 untranslated source text(s)
[ 46%] Generating /private/var/folders/v7/fs2b0v3s0lz1n57gj9y4xb5m0000gn/T/cirrus-ci-build/src/qt/locale/bitcoin_ne.qm
[ 46%] Generating /private/var/folders/v7/fs2b0v3s0lz1n57gj9y4xb5m0000gn/T/cirrus-ci-build/src/qt/locale/bitcoin_ro.qm
Updating '/private/var/folders/v7/fs2b0v3s0lz1n57gj9y4xb5m0000gn/T/cirrus-ci-build/src/qt/locale/bitcoin_ne.qm'...
    Generated 78 translation(s) (0 finished and 78 unfinished)
    Ignored 11 untranslated source text(s)
[ 46%] Building CXX object src/CMakeFiles/bitcoin_node.dir/kernel/context.cpp.o
Updating '/private/var/folders/v7/fs2b0v3s0lz1n57gj9y4xb5m0000gn/T/cirrus-ci-build/src/qt/locale/bitcoin_ro.qm'...
    Generated 756 translation(s) (0 finished and 756 unfinished)
    Ignored 11 untranslated source text(s)
[ 46%] Generating /private/var/folders/v7/fs2b0v3s0lz1n57gj9y4xb5m0000gn/T/cirrus-ci-build/src/qt/locale/bitcoin_ja.qm
Updating '/private/var/folders/v7/fs2b0v3s0lz1n57gj9y4xb5m0000gn/T/cirrus-ci-build/src/qt/locale/bitcoin_ja.qm'...
    Generated 1071 translation(s) (0 finished and 1071 unfinished)
[ 46%] Generating /private/var/folders/v7/fs2b0v3s0lz1n57gj9y4xb5m0000gn/T/cirrus-ci-build/src/qt/locale/bitcoin_ar.qm
Updating '/private/var/folders/v7/fs2b0v3s0lz1n57gj9y4xb5m0000gn/T/cirrus-ci-build/src/qt/locale/bitcoin_ar.qm'...
    Generated 946 translation(s) (0 finished and 946 unfinished)
    Ignored 11 untranslated source text(s)
[ 46%] Generating /private/var/folders/v7/fs2b0v3s0lz1n57gj9y4xb5m0000gn/T/cirrus-ci-build/src/qt/locale/bitcoin_es_VE.qm
Updating '/private/var/folders/v7/fs2b0v3s0lz1n57gj9y4xb5m0000gn/T/cirrus-ci-build/src/qt/locale/bitcoin_es_VE.qm'...
    Generated 327 translation(s) (0 finished and 327 unfinished)
    Ignored 11 untranslated source text(s)
[ 46%] Generating /private/var/folders/v7/fs2b0v3s0lz1n57gj9y4xb5m0000gn/T/cirrus-ci-build/src/qt/locale/bitcoin_uz@Latn.qm
Updating '/private/var/folders/v7/fs2b0v3s0lz1n57gj9y4xb5m0000gn/T/cirrus-ci-build/src/qt/locale/bitcoin_uz@Latn.qm'...
    Generated 14 translation(s) (0 finished and 14 unfinished)
    Ignored 11 untranslated source text(s)
[ 46%] Generating /private/var/folders/v7/fs2b0v3s0lz1n57gj9y4xb5m0000gn/T/cirrus-ci-build/src/qt/locale/bitcoin_zh-Hans.qm
Updating '/private/var/folders/v7/fs2b0v3s0lz1n57gj9y4xb5m0000gn/T/cirrus-ci-build/src/qt/locale/bitcoin_zh-Hans.qm'...
    Generated 57 translation(s) (0 finished and 57 unfinished)
    Ignored 11 untranslated source text(s)
[ 46%] Generating /private/var/folders/v7/fs2b0v3s0lz1n57gj9y4xb5m0000gn/T/cirrus-ci-build/src/qt/locale/bitcoin_es_MX.qm
Updating '/private/var/folders/v7/fs2b0v3s0lz1n57gj9y4xb5m0000gn/T/cirrus-ci-build/src/qt/locale/bitcoin_es_MX.qm'...
    Generated 548 translation(s) (0 finished and 548 unfinished)
    Ignored 11 untranslated source text(s)
[ 47%] Generating /private/var/folders/v7/fs2b0v3s0lz1n57gj9y4xb5m0000gn/T/cirrus-ci-build/src/qt/locale/bitcoin_nl.qm
Updating '/private/var/folders/v7/fs2b0v3s0lz1n57gj9y4xb5m0000gn/T/cirrus-ci-build/src/qt/locale/bitcoin_nl.qm'...
    Generated 1014 translation(s) (0 finished and 1014 unfinished)
    Ignored 11 untranslated source text(s)
[ 47%] Generating /private/var/folders/v7/fs2b0v3s0lz1n57gj9y4xb5m0000gn/T/cirrus-ci-build/src/qt/locale/bitcoin_ru.qm
Updating '/private/var/folders/v7/fs2b0v3s0lz1n57gj9y4xb5m0000gn/T/cirrus-ci-build/src/qt/locale/bitcoin_ru.qm'...
    Generated 985 translation(s) (0 finished and 985 unfinished)
    Ignored 11 untranslated source text(s)
[ 47%] Generating /private/var/folders/v7/fs2b0v3s0lz1n57gj9y4xb5m0000gn/T/cirrus-ci-build/src/qt/locale/bitcoin_no.qm
Updating '/private/var/folders/v7/fs2b0v3s0lz1n57gj9y4xb5m0000gn/T/cirrus-ci-build/src/qt/locale/bitcoin_no.qm'...
    Generated 25 translation(s) (0 finished and 25 unfinished)
    Ignored 11 untranslated source text(s)
[ 47%] Generating /private/var/folders/v7/fs2b0v3s0lz1n57gj9y4xb5m0000gn/T/cirrus-ci-build/src/qt/locale/bitcoin_fa.qm
Updating '/private/var/folders/v7/fs2b0v3s0lz1n57gj9y4xb5m0000gn/T/cirrus-ci-build/src/qt/locale/bitcoin_fa.qm'...
    Generated 879 translation(s) (0 finished and 879 unfinished)
    Ignored 11 untranslated source text(s)
[ 48%] Generating /private/var/folders/v7/fs2b0v3s0lz1n57gj9y4xb5m0000gn/T/cirrus-ci-build/src/qt/locale/bitcoin_az.qm
Updating '/private/var/folders/v7/fs2b0v3s0lz1n57gj9y4xb5m0000gn/T/cirrus-ci-build/src/qt/locale/bitcoin_az.qm'...
    Generated 78 translation(s) (0 finished and 78 unfinished)
    Ignored 11 untranslated source text(s)
[ 48%] Generating /private/var/folders/v7/fs2b0v3s0lz1n57gj9y4xb5m0000gn/T/cirrus-ci-build/src/qt/locale/bitcoin_fil.qm
Updating '/private/var/folders/v7/fs2b0v3s0lz1n57gj9y4xb5m0000gn/T/cirrus-ci-build/src/qt/locale/bitcoin_fil.qm'...
    Generated 711 translation(s) (0 finished and 711 unfinished)
    Ignored 11 untranslated source text(s)
[ 48%] Generating /private/var/folders/v7/fs2b0v3s0lz1n57gj9y4xb5m0000gn/T/cirrus-ci-build/src/qt/locale/bitcoin_fi.qm
Updating '/private/var/folders/v7/fs2b0v3s0lz1n57gj9y4xb5m0000gn/T/cirrus-ci-build/src/qt/locale/bitcoin_fi.qm'...
    Generated 964 translation(s) (0 finished and 964 unfinished)
    Ignored 11 untranslated source text(s)
[ 48%] Generating /private/var/folders/v7/fs2b0v3s0lz1n57gj9y4xb5m0000gn/T/cirrus-ci-build/src/qt/locale/bitcoin_be.qm
Updating '/private/var/folders/v7/fs2b0v3s0lz1n57gj9y4xb5m0000gn/T/cirrus-ci-build/src/qt/locale/bitcoin_be.qm'...
    Generated 237 translation(s) (0 finished and 237 unfinished)
    Ignored 11 untranslated source text(s)
[ 49%] Generating /private/var/folders/v7/fs2b0v3s0lz1n57gj9y4xb5m0000gn/T/cirrus-ci-build/src/qt/locale/bitcoin_sc.qm
Updating '/private/var/folders/v7/fs2b0v3s0lz1n57gj9y4xb5m0000gn/T/cirrus-ci-build/src/qt/locale/bitcoin_sc.qm'...
    Generated 15 translation(s) (0 finished and 15 unfinished)
    Ignored 11 untranslated source text(s)
[ 49%] Generating /private/var/folders/v7/fs2b0v3s0lz1n57gj9y4xb5m0000gn/T/cirrus-ci-build/src/qt/locale/bitcoin_bg.qm
Updating '/private/var/folders/v7/fs2b0v3s0lz1n57gj9y4xb5m0000gn/T/cirrus-ci-build/src/qt/locale/bitcoin_bg.qm'...
    Generated 571 translation(s) (0 finished and 571 unfinished)
    Ignored 11 untranslated source text(s)
[ 49%] Automatic RCC for bitcoin_locale.qrc
[ 49%] Building CXX object src/CMakeFiles/bitcoin_node.dir/kernel/mempool_persist.cpp.o
[ 49%] Building CXX object src/qt/CMakeFiles/bitcoinqt.dir/bitcoinqt_autogen/mocs_compilation.cpp.o
[ 49%] Linking CXX executable bitcoin-wallet
[ 49%] Built target bitcoin-wallet
[ 49%] Building CXX object src/CMakeFiles/bitcoin_node.dir/mapport.cpp.o
[ 49%] Building CXX object src/qt/CMakeFiles/bitcoinqt.dir/bantablemodel.cpp.o
[ 49%] Building CXX object src/qt/CMakeFiles/bitcoinqt.dir/bitcoin.cpp.o
[ 50%] Building CXX object src/qt/CMakeFiles/bitcoinqt.dir/bitcoinaddressvalidator.cpp.o
[ 50%] Building CXX object src/qt/CMakeFiles/bitcoinqt.dir/bitcoinamountfield.cpp.o
[ 50%] Building CXX object src/qt/CMakeFiles/bitcoinqt.dir/bitcoingui.cpp.o
[ 50%] Building CXX object src/qt/CMakeFiles/bitcoinqt.dir/bitcoinunits.cpp.o
[ 50%] Building CXX object src/CMakeFiles/bitcoin_node.dir/net.cpp.o
[ 50%] Building CXX object src/qt/CMakeFiles/bitcoinqt.dir/clientmodel.cpp.o
[ 50%] Building CXX object src/CMakeFiles/bitcoin_node.dir/netgroup.cpp.o
[ 50%] Building CXX object src/CMakeFiles/bitcoin_node.dir/net_processing.cpp.o
[ 51%] Building CXX object src/CMakeFiles/bitcoin_node.dir/node/blockstorage.cpp.o
[ 51%] Building CXX object src/qt/CMakeFiles/bitcoinqt.dir/csvmodelwriter.cpp.o
[ 51%] Building CXX object src/qt/CMakeFiles/bitcoinqt.dir/guiutil.cpp.o
[ 51%] Building CXX object src/CMakeFiles/bitcoin_node.dir/node/caches.cpp.o
[ 51%] Building CXX object src/CMakeFiles/bitcoin_node.dir/node/chainstate.cpp.o
[ 51%] Building CXX object src/qt/CMakeFiles/bitcoinqt.dir/initexecutor.cpp.o
[ 51%] Building CXX object src/CMakeFiles/bitcoin_node.dir/node/chainstatemanager_args.cpp.o
[ 51%] Building CXX object src/CMakeFiles/bitcoin_node.dir/node/coin.cpp.o
[ 51%] Building CXX object src/CMakeFiles/bitcoin_node.dir/node/connection_types.cpp.o
[ 52%] Building CXX object src/qt/CMakeFiles/bitcoinqt.dir/intro.cpp.o
[ 52%] Building CXX object src/qt/CMakeFiles/bitcoinqt.dir/modaloverlay.cpp.o
[ 52%] Building CXX object src/CMakeFiles/bitcoin_node.dir/node/context.cpp.o
[ 52%] Building CXX object src/qt/CMakeFiles/bitcoinqt.dir/networkstyle.cpp.o
[ 52%] Building CXX object src/qt/CMakeFiles/bitcoinqt.dir/notificator.cpp.o
[ 52%] Building CXX object src/qt/CMakeFiles/bitcoinqt.dir/optionsdialog.cpp.o
[ 52%] Building CXX object src/CMakeFiles/bitcoin_node.dir/node/eviction.cpp.o
[ 52%] Building CXX object src/qt/CMakeFiles/bitcoinqt.dir/optionsmodel.cpp.o
[ 52%] Building CXX object src/qt/CMakeFiles/bitcoinqt.dir/peertablemodel.cpp.o
[ 53%] Building CXX object src/CMakeFiles/bitcoin_node.dir/node/interface_ui.cpp.o
[ 53%] Building CXX object src/CMakeFiles/bitcoin_node.dir/node/interfaces.cpp.o
[ 53%] Building CXX object src/qt/CMakeFiles/bitcoinqt.dir/peertablesortproxy.cpp.o
[ 54%] Building CXX object src/qt/CMakeFiles/bitcoinqt.dir/platformstyle.cpp.o
[ 54%] Building CXX object src/CMakeFiles/bitcoin_node.dir/node/mempool_args.cpp.o
[ 54%] Building CXX object src/qt/CMakeFiles/bitcoinqt.dir/qvalidatedlineedit.cpp.o
[ 54%] Building CXX object src/CMakeFiles/bitcoin_node.dir/node/mempool_persist_args.cpp.o
[ 54%] Building CXX object src/CMakeFiles/bitcoin_node.dir/node/miner.cpp.o
[ 54%] Building CXX object src/CMakeFiles/bitcoin_node.dir/node/minisketchwrapper.cpp.o
[ 54%] Building CXX object src/CMakeFiles/bitcoin_node.dir/node/psbt.cpp.o
[ 54%] Building CXX object src/qt/CMakeFiles/bitcoinqt.dir/qvaluecombobox.cpp.o
[ 54%] Building CXX object src/CMakeFiles/bitcoin_node.dir/node/transaction.cpp.o
[ 54%] Building CXX object src/qt/CMakeFiles/bitcoinqt.dir/rpcconsole.cpp.o
[ 54%] Building CXX object src/qt/CMakeFiles/bitcoinqt.dir/splashscreen.cpp.o
[ 55%] Building CXX object src/CMakeFiles/bitcoin_node.dir/node/txreconciliation.cpp.o
[ 55%] Building CXX object src/qt/CMakeFiles/bitcoinqt.dir/trafficgraphwidget.cpp.o
[ 55%] Building CXX object src/qt/CMakeFiles/bitcoinqt.dir/utilitydialog.cpp.o
[ 55%] Building OBJCXX object src/qt/CMakeFiles/bitcoinqt.dir/macdockiconhandler.mm.o
[ 56%] Building OBJCXX object src/qt/CMakeFiles/bitcoinqt.dir/macnotificationhandler.mm.o
[ 56%] Building CXX object src/CMakeFiles/bitcoin_node.dir/node/utxo_snapshot.cpp.o
[ 56%] Building OBJCXX object src/qt/CMakeFiles/bitcoinqt.dir/macos_appnap.mm.o
[ 56%] Building CXX object src/CMakeFiles/bitcoin_node.dir/node/validation_cache_args.cpp.o
[ 56%] Building CXX object src/qt/CMakeFiles/bitcoinqt.dir/addressbookpage.cpp.o
[ 56%] Building CXX object src/CMakeFiles/bitcoin_node.dir/noui.cpp.o
/private/var/folders/v7/fs2b0v3s0lz1n57gj9y4xb5m0000gn/T/cirrus-ci-build/src/qt/macnotificationhandler.mm:27:9: warning: 'NSUserNotification' is deprecated: first deprecated in macOS 11.0 - All NSUserNotifications API should be replaced with UserNotifications.frameworks API [-Wdeprecated-declarations]
        NSUserNotification* userNotification = [[NSUserNotification alloc] init];
        ^
/Applications/Xcode.app/Contents/Developer/Platforms/MacOSX.platform/Developer/SDKs/MacOSX13.0.sdk/System/Library/Frameworks/Foundation.framework/Headers/NSUserNotification.h:24:12: note: 'NSUserNotification' has been explicitly marked deprecated here
@interface NSUserNotification : NSObject <NSCopying> {
           ^
/private/var/folders/v7/fs2b0v3s0lz1n57gj9y4xb5m0000gn/T/cirrus-ci-build/src/qt/macnotificationhandler.mm:27:50: warning: 'NSUserNotification' is deprecated: first deprecated in macOS 11.0 - All NSUserNotifications API should be replaced with UserNotifications.frameworks API [-Wdeprecated-declarations]
        NSUserNotification* userNotification = [[NSUserNotification alloc] init];
                                                 ^
/Applications/Xcode.app/Contents/Developer/Platforms/MacOSX.platform/Developer/SDKs/MacOSX13.0.sdk/System/Library/Frameworks/Foundation.framework/Headers/NSUserNotification.h:24:12: note: 'NSUserNotification' has been explicitly marked deprecated here
@interface NSUserNotification : NSObject <NSCopying> {
           ^
/private/var/folders/v7/fs2b0v3s0lz1n57gj9y4xb5m0000gn/T/cirrus-ci-build/src/qt/macnotificationhandler.mm:30:11: warning: 'NSUserNotificationCenter' is deprecated: first deprecated in macOS 11.0 - All NSUserNotifications API should be replaced with UserNotifications.frameworks API [-Wdeprecated-declarations]
        [[NSUserNotificationCenter defaultUserNotificationCenter] deliverNotification: userNotification];
          ^
/Applications/Xcode.app/Contents/Developer/Platforms/MacOSX.platform/Developer/SDKs/MacOSX13.0.sdk/System/Library/Frameworks/Foundation.framework/Headers/NSUserNotification.h:118:12: note: 'NSUserNotificationCenter' has been explicitly marked deprecated here
@interface NSUserNotificationCenter : NSObject {
           ^
3 warnings generated.
[ 56%] Building CXX object src/CMakeFiles/bitcoin_node.dir/policy/fees.cpp.o
[ 56%] Building CXX object src/CMakeFiles/bitcoin_node.dir/policy/fees_args.cpp.o
[ 56%] Building CXX object src/qt/CMakeFiles/bitcoinqt.dir/addresstablemodel.cpp.o
[ 56%] Building CXX object src/CMakeFiles/bitcoin_node.dir/policy/packages.cpp.o
[ 56%] Building CXX object src/qt/CMakeFiles/bitcoinqt.dir/askpassphrasedialog.cpp.o
[ 56%] Building CXX object src/qt/CMakeFiles/bitcoinqt.dir/coincontroldialog.cpp.o
[ 56%] Building CXX object src/qt/CMakeFiles/bitcoinqt.dir/coincontroltreewidget.cpp.o
[ 56%] Building CXX object src/qt/CMakeFiles/bitcoinqt.dir/createwalletdialog.cpp.o
[ 56%] Building CXX object src/CMakeFiles/bitcoin_node.dir/policy/rbf.cpp.o
[ 57%] Building CXX object src/qt/CMakeFiles/bitcoinqt.dir/editaddressdialog.cpp.o
[ 58%] Building CXX object src/CMakeFiles/bitcoin_node.dir/policy/settings.cpp.o
[ 58%] Building CXX object src/qt/CMakeFiles/bitcoinqt.dir/openuridialog.cpp.o
[ 58%] Building CXX object src/CMakeFiles/bitcoin_node.dir/pow.cpp.o
[ 58%] Building CXX object src/qt/CMakeFiles/bitcoinqt.dir/overviewpage.cpp.o
[ 58%] Building CXX object src/CMakeFiles/bitcoin_node.dir/rest.cpp.o
[ 58%] Building CXX object src/qt/CMakeFiles/bitcoinqt.dir/paymentserver.cpp.o
[ 58%] Building CXX object src/CMakeFiles/bitcoin_node.dir/rpc/blockchain.cpp.o
[ 58%] Building CXX object src/CMakeFiles/bitcoin_node.dir/rpc/fees.cpp.o
[ 58%] Building CXX object src/CMakeFiles/bitcoin_node.dir/rpc/mempool.cpp.o
[ 58%] Building CXX object src/qt/CMakeFiles/bitcoinqt.dir/psbtoperationsdialog.cpp.o
[ 58%] Building CXX object src/CMakeFiles/bitcoin_node.dir/rpc/mining.cpp.o
[ 58%] Building CXX object src/CMakeFiles/bitcoin_node.dir/rpc/net.cpp.o
[ 59%] Building CXX object src/CMakeFiles/bitcoin_node.dir/rpc/node.cpp.o
[ 59%] Building CXX object src/qt/CMakeFiles/bitcoinqt.dir/qrimagewidget.cpp.o
[ 59%] Building CXX object src/CMakeFiles/bitcoin_node.dir/rpc/output_script.cpp.o
[ 59%] Building CXX object src/CMakeFiles/bitcoin_node.dir/rpc/rawtransaction.cpp.o
[ 59%] Building CXX object src/qt/CMakeFiles/bitcoinqt.dir/receivecoinsdialog.cpp.o
[ 59%] Building CXX object src/CMakeFiles/bitcoin_node.dir/rpc/server.cpp.o
[ 60%] Building CXX object src/qt/CMakeFiles/bitcoinqt.dir/receiverequestdialog.cpp.o
[ 60%] Building CXX object src/CMakeFiles/bitcoin_node.dir/rpc/server_util.cpp.o
[ 60%] Building CXX object src/qt/CMakeFiles/bitcoinqt.dir/recentrequeststablemodel.cpp.o
[ 60%] Building CXX object src/qt/CMakeFiles/bitcoinqt.dir/sendcoinsdialog.cpp.o
[ 60%] Building CXX object src/CMakeFiles/bitcoin_node.dir/rpc/signmessage.cpp.o
[ 60%] Building CXX object src/qt/CMakeFiles/bitcoinqt.dir/sendcoinsentry.cpp.o
[ 60%] Building CXX object src/CMakeFiles/bitcoin_node.dir/rpc/txoutproof.cpp.o
[ 60%] Building CXX object src/CMakeFiles/bitcoin_node.dir/script/sigcache.cpp.o
[ 61%] Building CXX object src/CMakeFiles/bitcoin_node.dir/shutdown.cpp.o
[ 61%] Building CXX object src/qt/CMakeFiles/bitcoinqt.dir/signverifymessagedialog.cpp.o
[ 61%] Building CXX object src/qt/CMakeFiles/bitcoinqt.dir/transactiondesc.cpp.o
[ 61%] Building CXX object src/qt/CMakeFiles/bitcoinqt.dir/transactiondescdialog.cpp.o
[ 61%] Building CXX object src/qt/CMakeFiles/bitcoinqt.dir/transactionfilterproxy.cpp.o
[ 61%] Building CXX object src/CMakeFiles/bitcoin_node.dir/signet.cpp.o
[ 62%] Building CXX object src/qt/CMakeFiles/bitcoinqt.dir/transactionoverviewwidget.cpp.o
[ 62%] Building CXX object src/CMakeFiles/bitcoin_node.dir/timedata.cpp.o
[ 62%] Building CXX object src/CMakeFiles/bitcoin_node.dir/torcontrol.cpp.o
[ 62%] Building CXX object src/CMakeFiles/bitcoin_node.dir/txdb.cpp.o
[ 62%] Building CXX object src/qt/CMakeFiles/bitcoinqt.dir/transactionrecord.cpp.o
[ 62%] Building CXX object src/qt/CMakeFiles/bitcoinqt.dir/transactiontablemodel.cpp.o
[ 62%] Building CXX object src/CMakeFiles/bitcoin_node.dir/txmempool.cpp.o
[ 62%] Building CXX object src/CMakeFiles/bitcoin_node.dir/txorphanage.cpp.o
[ 62%] Building CXX object src/qt/CMakeFiles/bitcoinqt.dir/transactionview.cpp.o
[ 63%] Building CXX object src/CMakeFiles/bitcoin_node.dir/txrequest.cpp.o
[ 63%] Building CXX object src/qt/CMakeFiles/bitcoinqt.dir/walletcontroller.cpp.o
[ 63%] Building CXX object src/CMakeFiles/bitcoin_node.dir/validation.cpp.o
[ 63%] Building CXX object src/CMakeFiles/bitcoin_node.dir/validationinterface.cpp.o
[ 63%] Building CXX object src/qt/CMakeFiles/bitcoinqt.dir/walletframe.cpp.o
[ 63%] Building CXX object src/CMakeFiles/bitcoin_node.dir/versionbits.cpp.o
[ 63%] Building CXX object src/CMakeFiles/bitcoin_node.dir/wallet/init.cpp.o
[ 63%] Building CXX object src/qt/CMakeFiles/bitcoinqt.dir/walletmodel.cpp.o
[ 63%] Building CXX object src/qt/CMakeFiles/bitcoinqt.dir/walletmodeltransaction.cpp.o
[ 64%] Building CXX object src/qt/CMakeFiles/bitcoinqt.dir/walletview.cpp.o
[ 64%] Building CXX object src/qt/CMakeFiles/bitcoinqt.dir/bitcoinqt_autogen/EWIEGA46WW/qrc_bitcoin.cpp.o
[ 64%] Building CXX object src/qt/CMakeFiles/bitcoinqt.dir/bitcoinqt_autogen/EWIEGA46WW/qrc_bitcoin_locale.cpp.o
[ 64%] Linking CXX static library libbitcoinqt.a
[ 64%] Built target bitcoinqt
[ 64%] Linking CXX static library libbitcoin_node.a
[ 64%] Built target bitcoin_node
[ 64%] Automatic MOC and UIC for target bitcoin-qt
[ 64%] Building CXX object src/CMakeFiles/bitcoind.dir/init/bitcoind.cpp.o
[ 65%] Building CXX object src/test/util/CMakeFiles/test_util.dir/logging.cpp.o
[ 65%] Building CXX object src/test/util/CMakeFiles/test_util.dir/blockfilter.cpp.o
[ 65%] Building CXX object src/CMakeFiles/bitcoind.dir/bitcoind.cpp.o
[ 65%] Building CXX object src/test/util/CMakeFiles/test_util.dir/mining.cpp.o
[ 65%] Building CXX object src/test/util/CMakeFiles/test_util.dir/net.cpp.o
[ 65%] Building CXX object src/test/util/CMakeFiles/test_util.dir/script.cpp.o
[ 65%] Building CXX object src/test/util/CMakeFiles/test_util.dir/str.cpp.o
[ 65%] Building CXX object src/test/util/CMakeFiles/test_util.dir/setup_common.cpp.o
[ 65%] Built target bitcoin-qt_autogen
[ 65%] Building CXX object src/qt/CMakeFiles/bitcoin-qt.dir/bitcoin-qt_autogen/mocs_compilation.cpp.o
[ 65%] Building CXX object src/qt/CMakeFiles/bitcoin-qt.dir/main.cpp.o
[ 65%] Building CXX object src/test/util/CMakeFiles/test_util.dir/transaction_utils.cpp.o
[ 65%] Building CXX object src/qt/CMakeFiles/bitcoin-qt.dir/__/init/bitcoin-qt.cpp.o
[ 65%] Building CXX object src/test/util/CMakeFiles/test_util.dir/txmempool.cpp.o
[ 66%] Building CXX object src/test/util/CMakeFiles/test_util.dir/validation.cpp.o
[ 66%] Building CXX object src/test/util/CMakeFiles/test_util.dir/wallet.cpp.o
[ 66%] Linking CXX executable bitcoind
[ 66%] Built target bitcoind
[ 66%] Linking CXX executable bitcoin-qt
[ 66%] Built target bitcoin-qt
[ 66%] Linking CXX static library libtest_util.a
[ 66%] Built target test_util
[ 66%] Generating data/block413567.raw.h
[ 66%] Generating data/tx_valid.json.h
[ 66%] Generating data/asmap.raw.h
[ 66%] Generating data/base58_encode_decode.json.h
[ 66%] Generating data/bip341_wallet_vectors.json.h
[ 66%] Generating data/blockfilters.json.h
[ 67%] Generating data/key_io_invalid.json.h
[ 67%] Generating data/key_io_valid.json.h
[ 67%] Generating data/script_tests.json.h
[ 67%] Building CXX object src/test/fuzz/util/CMakeFiles/test_fuzz.dir/mempool.cpp.o
[ 67%] Generating data/sighash.json.h
[ 67%] Building CXX object src/test/fuzz/util/CMakeFiles/test_fuzz.dir/net.cpp.o
[ 67%] Generating data/tx_invalid.json.h
[ 67%] Building CXX object src/test/fuzz/util/CMakeFiles/test_fuzz.dir/__/fuzz.cpp.o
[ 67%] Building CXX object src/test/fuzz/util/CMakeFiles/test_fuzz.dir/__/util.cpp.o
[ 67%] Linking CXX static library libtest_fuzz.a
[ 67%] Built target test_fuzz
[ 67%] Building CXX object src/test/fuzz/CMakeFiles/fuzz.dir/addition_overflow.cpp.o
[ 67%] Building CXX object src/test/fuzz/CMakeFiles/fuzz.dir/addrman.cpp.o
[ 67%] Building CXX object src/test/fuzz/CMakeFiles/fuzz.dir/asmap.cpp.o
[ 67%] Building CXX object src/test/fuzz/CMakeFiles/fuzz.dir/asmap_direct.cpp.o
[ 67%] Building CXX object src/test/fuzz/CMakeFiles/fuzz.dir/autofile.cpp.o
[ 67%] Building CXX object src/test/fuzz/CMakeFiles/fuzz.dir/banman.cpp.o
[ 68%] Building CXX object src/test/fuzz/CMakeFiles/fuzz.dir/base_encode_decode.cpp.o
[ 68%] Building CXX object src/test/fuzz/CMakeFiles/fuzz.dir/bech32.cpp.o
[ 68%] Building CXX object src/test/fuzz/CMakeFiles/fuzz.dir/bitdeque.cpp.o
[ 68%] Building CXX object src/test/fuzz/CMakeFiles/fuzz.dir/block.cpp.o
[ 68%] Building CXX object src/test/fuzz/CMakeFiles/fuzz.dir/block_header.cpp.o
[ 68%] Building CXX object src/test/fuzz/CMakeFiles/fuzz.dir/blockfilter.cpp.o
[ 68%] Building CXX object src/test/fuzz/CMakeFiles/fuzz.dir/bloom_filter.cpp.o
[ 68%] Building CXX object src/test/fuzz/CMakeFiles/fuzz.dir/buffered_file.cpp.o
[ 69%] Building CXX object src/test/fuzz/CMakeFiles/fuzz.dir/chain.cpp.o
[ 69%] Building CXX object src/test/fuzz/CMakeFiles/fuzz.dir/checkqueue.cpp.o
[ 69%] Building CXX object src/test/fuzz/CMakeFiles/fuzz.dir/coins_view.cpp.o
[ 69%] Building CXX object src/test/fuzz/CMakeFiles/fuzz.dir/connman.cpp.o
[ 69%] Building CXX object src/test/fuzz/CMakeFiles/fuzz.dir/crypto.cpp.o
[ 69%] Building CXX object src/test/fuzz/CMakeFiles/fuzz.dir/crypto_aes256.cpp.o
[ 69%] Building CXX object src/test/fuzz/CMakeFiles/fuzz.dir/crypto_aes256cbc.cpp.o
[ 70%] Building CXX object src/test/fuzz/CMakeFiles/fuzz.dir/crypto_chacha20.cpp.o
[ 70%] Building CXX object src/test/fuzz/CMakeFiles/fuzz.dir/crypto_chacha20_poly1305_aead.cpp.o
[ 70%] Building CXX object src/test/fuzz/CMakeFiles/fuzz.dir/crypto_common.cpp.o
[ 70%] Building CXX object src/test/fuzz/CMakeFiles/fuzz.dir/crypto_diff_fuzz_chacha20.cpp.o
[ 70%] Building CXX object src/test/fuzz/CMakeFiles/fuzz.dir/crypto_hkdf_hmac_sha256_l32.cpp.o
[ 70%] Building CXX object src/test/fuzz/CMakeFiles/fuzz.dir/crypto_poly1305.cpp.o
[ 70%] Building CXX object src/test/fuzz/CMakeFiles/fuzz.dir/cuckoocache.cpp.o
[ 70%] Building CXX object src/test/fuzz/CMakeFiles/fuzz.dir/decode_tx.cpp.o
[ 71%] Building CXX object src/test/fuzz/CMakeFiles/fuzz.dir/descriptor_parse.cpp.o
[ 71%] Building CXX object src/test/fuzz/CMakeFiles/fuzz.dir/deserialize.cpp.o
[ 71%] Building CXX object src/test/fuzz/CMakeFiles/fuzz.dir/eval_script.cpp.o
[ 71%] Building CXX object src/test/fuzz/CMakeFiles/fuzz.dir/fee_rate.cpp.o
[ 71%] Building CXX object src/test/fuzz/CMakeFiles/fuzz.dir/fees.cpp.o
[ 71%] Building CXX object src/test/fuzz/CMakeFiles/fuzz.dir/flatfile.cpp.o
[ 71%] Building CXX object src/test/fuzz/CMakeFiles/fuzz.dir/float.cpp.o
[ 71%] Building CXX object src/test/fuzz/CMakeFiles/fuzz.dir/golomb_rice.cpp.o
[ 72%] Building CXX object src/test/fuzz/CMakeFiles/fuzz.dir/hex.cpp.o
[ 72%] Building CXX object src/test/fuzz/CMakeFiles/fuzz.dir/http_request.cpp.o
[ 72%] Building CXX object src/test/fuzz/CMakeFiles/fuzz.dir/i2p.cpp.o
[ 72%] Building CXX object src/test/fuzz/CMakeFiles/fuzz.dir/integer.cpp.o
[ 72%] Building CXX object src/test/fuzz/CMakeFiles/fuzz.dir/key.cpp.o
[ 72%] Building CXX object src/test/fuzz/CMakeFiles/fuzz.dir/key_io.cpp.o
[ 72%] Building CXX object src/test/fuzz/CMakeFiles/fuzz.dir/kitchen_sink.cpp.o
[ 72%] Building CXX object src/test/fuzz/CMakeFiles/fuzz.dir/load_external_block_file.cpp.o
[ 73%] Building CXX object src/test/fuzz/CMakeFiles/fuzz.dir/locale.cpp.o
[ 73%] Building CXX object src/test/fuzz/CMakeFiles/fuzz.dir/merkleblock.cpp.o
[ 73%] Building CXX object src/test/fuzz/CMakeFiles/fuzz.dir/message.cpp.o
[ 73%] Building CXX object src/test/fuzz/CMakeFiles/fuzz.dir/miniscript.cpp.o
[ 73%] Building CXX object src/test/fuzz/CMakeFiles/fuzz.dir/minisketch.cpp.o
[ 73%] Building CXX object src/test/fuzz/CMakeFiles/fuzz.dir/muhash.cpp.o
[ 73%] Building CXX object src/test/fuzz/CMakeFiles/fuzz.dir/multiplication_overflow.cpp.o
[ 73%] Building CXX object src/test/fuzz/CMakeFiles/fuzz.dir/net.cpp.o
[ 74%] Building CXX object src/test/fuzz/CMakeFiles/fuzz.dir/net_permissions.cpp.o
[ 74%] Building CXX object src/test/fuzz/CMakeFiles/fuzz.dir/netaddress.cpp.o
[ 74%] Building CXX object src/test/fuzz/CMakeFiles/fuzz.dir/netbase_dns_lookup.cpp.o
[ 74%] Building CXX object src/test/fuzz/CMakeFiles/fuzz.dir/node_eviction.cpp.o
[ 74%] Building CXX object src/test/fuzz/CMakeFiles/fuzz.dir/p2p_transport_serialization.cpp.o
[ 74%] Building CXX object src/test/fuzz/CMakeFiles/fuzz.dir/parse_hd_keypath.cpp.o
[ 74%] Building CXX object src/test/fuzz/CMakeFiles/fuzz.dir/parse_numbers.cpp.o
[ 74%] Building CXX object src/test/fuzz/CMakeFiles/fuzz.dir/parse_script.cpp.o
[ 75%] Building CXX object src/test/fuzz/CMakeFiles/fuzz.dir/parse_univalue.cpp.o
[ 75%] Building CXX object src/test/fuzz/CMakeFiles/fuzz.dir/policy_estimator.cpp.o
[ 75%] Building CXX object src/test/fuzz/CMakeFiles/fuzz.dir/policy_estimator_io.cpp.o
[ 75%] Building CXX object src/test/fuzz/CMakeFiles/fuzz.dir/pow.cpp.o
[ 75%] Building CXX object src/test/fuzz/CMakeFiles/fuzz.dir/prevector.cpp.o
[ 75%] Building CXX object src/test/fuzz/CMakeFiles/fuzz.dir/primitives_transaction.cpp.o
[ 75%] Building CXX object src/test/fuzz/CMakeFiles/fuzz.dir/process_message.cpp.o
[ 76%] Building CXX object src/test/fuzz/CMakeFiles/fuzz.dir/process_messages.cpp.o
[ 76%] Building CXX object src/test/fuzz/CMakeFiles/fuzz.dir/protocol.cpp.o
[ 76%] Building CXX object src/test/fuzz/CMakeFiles/fuzz.dir/psbt.cpp.o
[ 76%] Building CXX object src/test/fuzz/CMakeFiles/fuzz.dir/random.cpp.o
[ 76%] Building CXX object src/test/CMakeFiles/test_bitcoin.dir/addrman_tests.cpp.o
[ 76%] Building CXX object src/test/CMakeFiles/test_bitcoin.dir/allocator_tests.cpp.o
[ 77%] Building CXX object src/test/CMakeFiles/test_bitcoin.dir/amount_tests.cpp.o
[ 77%] Building CXX object src/test/fuzz/CMakeFiles/fuzz.dir/rbf.cpp.o
[ 77%] Building CXX object src/test/CMakeFiles/test_bitcoin.dir/arith_uint256_tests.cpp.o
[ 77%] Building CXX object src/test/CMakeFiles/test_bitcoin.dir/banman_tests.cpp.o
[ 77%] Building CXX object src/test/fuzz/CMakeFiles/fuzz.dir/rolling_bloom_filter.cpp.o
[ 77%] Building CXX object src/test/CMakeFiles/test_bitcoin.dir/base32_tests.cpp.o
[ 77%] Building CXX object src/test/fuzz/CMakeFiles/fuzz.dir/rpc.cpp.o
[ 77%] Building CXX object src/test/fuzz/CMakeFiles/fuzz.dir/script.cpp.o
[ 77%] Building CXX object src/test/CMakeFiles/test_bitcoin.dir/base58_tests.cpp.o
[ 78%] Building CXX object src/test/fuzz/CMakeFiles/fuzz.dir/script_assets_test_minimizer.cpp.o
[ 78%] Building CXX object src/test/CMakeFiles/test_bitcoin.dir/base64_tests.cpp.o
[ 78%] Building CXX object src/test/fuzz/CMakeFiles/fuzz.dir/script_bitcoin_consensus.cpp.o
[ 78%] Building CXX object src/test/CMakeFiles/test_bitcoin.dir/bech32_tests.cpp.o
[ 78%] Building CXX object src/test/fuzz/CMakeFiles/fuzz.dir/script_descriptor_cache.cpp.o
[ 78%] Building CXX object src/test/CMakeFiles/test_bitcoin.dir/bip32_tests.cpp.o
[ 78%] Building CXX object src/test/fuzz/CMakeFiles/fuzz.dir/script_flags.cpp.o
[ 78%] Building CXX object src/test/fuzz/CMakeFiles/fuzz.dir/script_format.cpp.o
[ 79%] Building CXX object src/test/CMakeFiles/test_bitcoin.dir/blockchain_tests.cpp.o
[ 79%] Building CXX object src/test/fuzz/CMakeFiles/fuzz.dir/script_interpreter.cpp.o
[ 79%] Building CXX object src/test/fuzz/CMakeFiles/fuzz.dir/script_ops.cpp.o
[ 79%] Building CXX object src/test/CMakeFiles/test_bitcoin.dir/blockencodings_tests.cpp.o
[ 79%] Building CXX object src/test/CMakeFiles/test_bitcoin.dir/blockfilter_index_tests.cpp.o
[ 79%] Building CXX object src/test/CMakeFiles/test_bitcoin.dir/blockfilter_tests.cpp.o
[ 79%] Building CXX object src/test/CMakeFiles/test_bitcoin.dir/bloom_tests.cpp.o
[ 79%] Building CXX object src/test/CMakeFiles/test_bitcoin.dir/bswap_tests.cpp.o
[ 79%] Building CXX object src/test/CMakeFiles/test_bitcoin.dir/checkqueue_tests.cpp.o
[ 79%] Building CXX object src/test/fuzz/CMakeFiles/fuzz.dir/script_sigcache.cpp.o
[ 80%] Building CXX object src/test/fuzz/CMakeFiles/fuzz.dir/script_sign.cpp.o
[ 80%] Building CXX object src/test/fuzz/CMakeFiles/fuzz.dir/scriptnum_ops.cpp.o
[ 80%] Building CXX object src/test/CMakeFiles/test_bitcoin.dir/coinstatsindex_tests.cpp.o
[ 80%] Building CXX object src/test/fuzz/CMakeFiles/fuzz.dir/secp256k1_ec_seckey_import_export_der.cpp.o
[ 80%] Building CXX object src/test/fuzz/CMakeFiles/fuzz.dir/secp256k1_ecdsa_signature_parse_der_lax.cpp.o
[ 81%] Building CXX object src/test/CMakeFiles/test_bitcoin.dir/coins_tests.cpp.o
[ 81%] Building CXX object src/test/CMakeFiles/test_bitcoin.dir/compress_tests.cpp.o
[ 81%] Building CXX object src/test/CMakeFiles/test_bitcoin.dir/crypto_tests.cpp.o
[ 81%] Building CXX object src/test/CMakeFiles/test_bitcoin.dir/cuckoocache_tests.cpp.o
[ 81%] Building CXX object src/test/fuzz/CMakeFiles/fuzz.dir/signature_checker.cpp.o
[ 81%] Building CXX object src/test/fuzz/CMakeFiles/fuzz.dir/signet.cpp.o
[ 81%] Building CXX object src/test/fuzz/CMakeFiles/fuzz.dir/socks5.cpp.o
[ 81%] Building CXX object src/test/CMakeFiles/test_bitcoin.dir/dbwrapper_tests.cpp.o
[ 81%] Building CXX object src/test/CMakeFiles/test_bitcoin.dir/denialofservice_tests.cpp.o
[ 81%] Building CXX object src/test/fuzz/CMakeFiles/fuzz.dir/span.cpp.o
[ 82%] Building CXX object src/test/fuzz/CMakeFiles/fuzz.dir/spanparsing.cpp.o
[ 82%] Building CXX object src/test/fuzz/CMakeFiles/fuzz.dir/string.cpp.o
[ 82%] Building CXX object src/test/CMakeFiles/test_bitcoin.dir/descriptor_tests.cpp.o
[ 82%] Building CXX object src/test/CMakeFiles/test_bitcoin.dir/flatfile_tests.cpp.o
[ 82%] Building CXX object src/test/fuzz/CMakeFiles/fuzz.dir/strprintf.cpp.o
[ 83%] Building CXX object src/test/CMakeFiles/test_bitcoin.dir/fs_tests.cpp.o
[ 83%] Building CXX object src/test/fuzz/CMakeFiles/fuzz.dir/system.cpp.o
[ 83%] Building CXX object src/test/fuzz/CMakeFiles/fuzz.dir/timedata.cpp.o
[ 83%] Building CXX object src/test/CMakeFiles/test_bitcoin.dir/getarg_tests.cpp.o
[ 83%] Building CXX object src/test/CMakeFiles/test_bitcoin.dir/hash_tests.cpp.o
[ 83%] Building CXX object src/test/fuzz/CMakeFiles/fuzz.dir/torcontrol.cpp.o
[ 83%] Building CXX object src/test/fuzz/CMakeFiles/fuzz.dir/transaction.cpp.o
[ 83%] Building CXX object src/test/fuzz/CMakeFiles/fuzz.dir/tx_in.cpp.o
[ 84%] Building CXX object src/test/fuzz/CMakeFiles/fuzz.dir/tx_out.cpp.o
[ 84%] Building CXX object src/test/CMakeFiles/test_bitcoin.dir/headers_sync_chainwork_tests.cpp.o
[ 84%] Building CXX object src/test/CMakeFiles/test_bitcoin.dir/httpserver_tests.cpp.o
[ 84%] Building CXX object src/test/CMakeFiles/test_bitcoin.dir/i2p_tests.cpp.o
[ 84%] Building CXX object src/test/CMakeFiles/test_bitcoin.dir/interfaces_tests.cpp.o
[ 84%] Building CXX object src/test/fuzz/CMakeFiles/fuzz.dir/tx_pool.cpp.o
[ 84%] Building CXX object src/test/CMakeFiles/test_bitcoin.dir/key_io_tests.cpp.o
[ 85%] Building CXX object src/test/CMakeFiles/test_bitcoin.dir/key_tests.cpp.o
[ 85%] Building CXX object src/test/fuzz/CMakeFiles/fuzz.dir/txorphan.cpp.o
[ 85%] Building CXX object src/test/fuzz/CMakeFiles/fuzz.dir/txrequest.cpp.o
[ 85%] Building CXX object src/test/fuzz/CMakeFiles/fuzz.dir/utxo_snapshot.cpp.o
[ 85%] Building CXX object src/test/fuzz/CMakeFiles/fuzz.dir/validation_load_mempool.cpp.o
[ 85%] Building CXX object src/test/fuzz/CMakeFiles/fuzz.dir/versionbits.cpp.o
[ 85%] Building CXX object src/test/CMakeFiles/test_bitcoin.dir/logging_tests.cpp.o
[ 85%] Building CXX object src/test/CMakeFiles/test_bitcoin.dir/main.cpp.o
[ 85%] Building CXX object src/test/fuzz/CMakeFiles/fuzz.dir/__/__/wallet/test/fuzz/coinselection.cpp.o
[ 85%] Building CXX object src/test/CMakeFiles/test_bitcoin.dir/mempool_tests.cpp.o
[ 86%] Building CXX object src/test/fuzz/CMakeFiles/fuzz.dir/__/__/wallet/test/fuzz/parse_iso8601.cpp.o
[ 86%] Building CXX object src/test/fuzz/CMakeFiles/fuzz.dir/__/__/wallet/test/fuzz/notifications.cpp.o
[ 86%] Building CXX object src/test/CMakeFiles/test_bitcoin.dir/merkleblock_tests.cpp.o
[ 86%] Building CXX object src/test/CMakeFiles/test_bitcoin.dir/merkle_tests.cpp.o
[ 86%] Building CXX object src/test/CMakeFiles/test_bitcoin.dir/miner_tests.cpp.o
[ 87%] Building CXX object src/test/CMakeFiles/test_bitcoin.dir/miniscript_tests.cpp.o
[ 87%] Building CXX object src/test/CMakeFiles/test_bitcoin.dir/minisketch_tests.cpp.o
[ 87%] Building CXX object src/test/CMakeFiles/test_bitcoin.dir/multisig_tests.cpp.o
[ 87%] Building CXX object src/test/CMakeFiles/test_bitcoin.dir/netbase_tests.cpp.o
[ 87%] Building CXX object src/test/CMakeFiles/test_bitcoin.dir/net_peer_eviction_tests.cpp.o
[ 87%] Building CXX object src/test/CMakeFiles/test_bitcoin.dir/net_tests.cpp.o
[ 87%] Building CXX object src/test/CMakeFiles/test_bitcoin.dir/orphanage_tests.cpp.o
[ 87%] Linking CXX executable fuzz
[ 87%] Built target fuzz
[ 87%] Building CXX object src/test/CMakeFiles/test_bitcoin.dir/pmt_tests.cpp.o
[ 88%] Building CXX object src/test/CMakeFiles/test_bitcoin.dir/policyestimator_tests.cpp.o
[ 88%] Building CXX object src/test/CMakeFiles/test_bitcoin.dir/policy_fee_tests.cpp.o
[ 88%] Building CXX object src/test/CMakeFiles/test_bitcoin.dir/pow_tests.cpp.o
[ 88%] Building CXX object src/test/CMakeFiles/test_bitcoin.dir/prevector_tests.cpp.o
[ 88%] Building CXX object src/test/CMakeFiles/test_bitcoin.dir/raii_event_tests.cpp.o
[ 88%] Building CXX object src/test/CMakeFiles/test_bitcoin.dir/random_tests.cpp.o
[ 88%] Building CXX object src/test/CMakeFiles/test_bitcoin.dir/rbf_tests.cpp.o
[ 88%] Building CXX object src/test/CMakeFiles/test_bitcoin.dir/rest_tests.cpp.o
[ 89%] Building CXX object src/test/CMakeFiles/test_bitcoin.dir/result_tests.cpp.o
[ 89%] Building CXX object src/test/CMakeFiles/test_bitcoin.dir/reverselock_tests.cpp.o
[ 89%] Building CXX object src/test/CMakeFiles/test_bitcoin.dir/rpc_tests.cpp.o
[ 89%] Building CXX object src/test/CMakeFiles/test_bitcoin.dir/sanity_tests.cpp.o
[ 89%] Building CXX object src/test/CMakeFiles/test_bitcoin.dir/scheduler_tests.cpp.o
[ 89%] Building CXX object src/test/CMakeFiles/test_bitcoin.dir/scriptnum_tests.cpp.o
[ 89%] Building CXX object src/test/CMakeFiles/test_bitcoin.dir/script_p2sh_tests.cpp.o
[ 89%] Building CXX object src/test/CMakeFiles/test_bitcoin.dir/script_parse_tests.cpp.o
[ 90%] Building CXX object src/test/CMakeFiles/test_bitcoin.dir/script_segwit_tests.cpp.o
[ 90%] Building CXX object src/test/CMakeFiles/test_bitcoin.dir/script_standard_tests.cpp.o
[ 90%] Building CXX object src/test/CMakeFiles/test_bitcoin.dir/script_tests.cpp.o
[ 90%] Building CXX object src/test/CMakeFiles/test_bitcoin.dir/serfloat_tests.cpp.o
[ 90%] Building CXX object src/test/CMakeFiles/test_bitcoin.dir/serialize_tests.cpp.o
[ 90%] Building CXX object src/test/CMakeFiles/test_bitcoin.dir/settings_tests.cpp.o
[ 90%] Building CXX object src/test/CMakeFiles/test_bitcoin.dir/sighash_tests.cpp.o
[ 90%] Building CXX object src/test/CMakeFiles/test_bitcoin.dir/sigopcount_tests.cpp.o
[ 91%] Building CXX object src/test/CMakeFiles/test_bitcoin.dir/skiplist_tests.cpp.o
[ 91%] Building CXX object src/test/CMakeFiles/test_bitcoin.dir/sock_tests.cpp.o
[ 91%] Building CXX object src/bench/CMakeFiles/bench_bitcoin.dir/addrman.cpp.o
[ 91%] Building CXX object src/bench/CMakeFiles/bench_bitcoin.dir/base58.cpp.o
[ 91%] Building CXX object src/bench/CMakeFiles/bench_bitcoin.dir/bech32.cpp.o
[ 91%] Building CXX object src/bench/CMakeFiles/bench_bitcoin.dir/bench.cpp.o
[ 91%] Building CXX object src/bench/CMakeFiles/bench_bitcoin.dir/bench_bitcoin.cpp.o
[ 91%] Building CXX object src/test/CMakeFiles/test_bitcoin.dir/streams_tests.cpp.o
[ 91%] Building CXX object src/test/CMakeFiles/test_bitcoin.dir/sync_tests.cpp.o
[ 91%] Building CXX object src/test/CMakeFiles/test_bitcoin.dir/system_tests.cpp.o
[ 91%] Building CXX object src/test/CMakeFiles/test_bitcoin.dir/timedata_tests.cpp.o
[ 91%] Building CXX object src/bench/CMakeFiles/bench_bitcoin.dir/block_assemble.cpp.o
[ 92%] Building CXX object src/bench/CMakeFiles/bench_bitcoin.dir/ccoins_caching.cpp.o
[ 92%] Building CXX object src/bench/CMakeFiles/bench_bitcoin.dir/chacha20.cpp.o
[ 92%] Building CXX object src/test/CMakeFiles/test_bitcoin.dir/torcontrol_tests.cpp.o
[ 92%] Building CXX object src/test/CMakeFiles/test_bitcoin.dir/transaction_tests.cpp.o
[ 92%] Building CXX object src/bench/CMakeFiles/bench_bitcoin.dir/chacha_poly_aead.cpp.o
[ 93%] Building CXX object src/test/CMakeFiles/test_bitcoin.dir/txindex_tests.cpp.o
[ 93%] Building CXX object src/bench/CMakeFiles/bench_bitcoin.dir/checkblock.cpp.o
[ 93%] Building CXX object src/test/CMakeFiles/test_bitcoin.dir/txpackage_tests.cpp.o
[ 93%] Building CXX object src/bench/CMakeFiles/bench_bitcoin.dir/checkqueue.cpp.o
[ 93%] Building CXX object src/bench/CMakeFiles/bench_bitcoin.dir/crypto_hash.cpp.o
[ 93%] Building CXX object src/bench/CMakeFiles/bench_bitcoin.dir/data.cpp.o
[ 93%] Building CXX object src/test/CMakeFiles/test_bitcoin.dir/txreconciliation_tests.cpp.o
[ 93%] Building CXX object src/test/CMakeFiles/test_bitcoin.dir/txrequest_tests.cpp.o
[ 93%] Building CXX object src/test/CMakeFiles/test_bitcoin.dir/txvalidationcache_tests.cpp.o
[ 93%] Building CXX object src/bench/CMakeFiles/bench_bitcoin.dir/descriptors.cpp.o
[ 93%] Building CXX object src/test/CMakeFiles/test_bitcoin.dir/txvalidation_tests.cpp.o
[ 93%] Building CXX object src/test/CMakeFiles/test_bitcoin.dir/uint256_tests.cpp.o
[ 94%] Building CXX object src/bench/CMakeFiles/bench_bitcoin.dir/duplicate_inputs.cpp.o
[ 94%] Building CXX object src/bench/CMakeFiles/bench_bitcoin.dir/examples.cpp.o
[ 95%] Building CXX object src/test/CMakeFiles/test_bitcoin.dir/util_tests.cpp.o
[ 95%] Building CXX object src/test/CMakeFiles/test_bitcoin.dir/util_threadnames_tests.cpp.o
[ 95%] Building CXX object src/bench/CMakeFiles/bench_bitcoin.dir/gcs_filter.cpp.o
[ 95%] Building CXX object src/bench/CMakeFiles/bench_bitcoin.dir/hashpadding.cpp.o
[ 95%] Building CXX object src/test/CMakeFiles/test_bitcoin.dir/validation_block_tests.cpp.o
[ 95%] Building CXX object src/bench/CMakeFiles/bench_bitcoin.dir/lockedpool.cpp.o
[ 95%] Building CXX object src/test/CMakeFiles/test_bitcoin.dir/validation_chainstatemanager_tests.cpp.o
[ 95%] Building CXX object src/test/CMakeFiles/test_bitcoin.dir/validation_chainstate_tests.cpp.o
[ 95%] Building CXX object src/bench/CMakeFiles/bench_bitcoin.dir/logging.cpp.o
[ 95%] Building CXX object src/test/CMakeFiles/test_bitcoin.dir/validation_flush_tests.cpp.o
[ 95%] Building CXX object src/bench/CMakeFiles/bench_bitcoin.dir/mempool_eviction.cpp.o
[ 95%] Building CXX object src/bench/CMakeFiles/bench_bitcoin.dir/mempool_stress.cpp.o
[ 95%] Building CXX object src/test/CMakeFiles/test_bitcoin.dir/validationinterface_tests.cpp.o
[ 96%] Building CXX object src/bench/CMakeFiles/bench_bitcoin.dir/merkle_root.cpp.o
[ 96%] Building CXX object src/test/CMakeFiles/test_bitcoin.dir/validation_tests.cpp.o
[ 97%] Building CXX object src/test/CMakeFiles/test_bitcoin.dir/versionbits_tests.cpp.o
[ 97%] Building CXX object src/bench/CMakeFiles/bench_bitcoin.dir/nanobench.cpp.o
[ 97%] Building CXX object src/bench/CMakeFiles/bench_bitcoin.dir/peer_eviction.cpp.o
[ 97%] Building CXX object src/bench/CMakeFiles/bench_bitcoin.dir/poly1305.cpp.o
[ 97%] Building CXX object src/test/CMakeFiles/test_bitcoin.dir/__/wallet/test/availablecoins_tests.cpp.o
[ 97%] Building CXX object src/bench/CMakeFiles/bench_bitcoin.dir/prevector.cpp.o
[ 97%] Building CXX object src/test/CMakeFiles/test_bitcoin.dir/__/wallet/test/coinselector_tests.cpp.o
[ 97%] Building CXX object src/test/CMakeFiles/test_bitcoin.dir/__/wallet/test/init_test_fixture.cpp.o
[ 97%] Building CXX object src/bench/CMakeFiles/bench_bitcoin.dir/rollingbloom.cpp.o
[ 97%] Building CXX object src/test/CMakeFiles/test_bitcoin.dir/__/wallet/test/init_tests.cpp.o
[ 97%] Building CXX object src/test/CMakeFiles/test_bitcoin.dir/__/wallet/test/ismine_tests.cpp.o
[ 97%] Building CXX object src/bench/CMakeFiles/bench_bitcoin.dir/rpc_blockchain.cpp.o
[ 97%] Building CXX object src/test/CMakeFiles/test_bitcoin.dir/__/wallet/test/psbt_wallet_tests.cpp.o
[ 97%] Building CXX object src/bench/CMakeFiles/bench_bitcoin.dir/rpc_mempool.cpp.o
[ 98%] Building CXX object src/bench/CMakeFiles/bench_bitcoin.dir/strencodings.cpp.o
[ 98%] Building CXX object src/test/CMakeFiles/test_bitcoin.dir/__/wallet/test/rpc_util_tests.cpp.o
[ 99%] Building CXX object src/test/CMakeFiles/test_bitcoin.dir/__/wallet/test/scriptpubkeyman_tests.cpp.o
[ 99%] Building CXX object src/bench/CMakeFiles/bench_bitcoin.dir/util_time.cpp.o
[ 99%] Building CXX object src/bench/CMakeFiles/bench_bitcoin.dir/verify_script.cpp.o
[ 99%] Building CXX object src/test/CMakeFiles/test_bitcoin.dir/__/wallet/test/spend_tests.cpp.o
[ 99%] Building CXX object src/test/CMakeFiles/test_bitcoin.dir/__/wallet/test/util.cpp.o
[ 99%] Building CXX object src/test/CMakeFiles/test_bitcoin.dir/__/wallet/test/wallet_crypto_tests.cpp.o
[ 99%] Building CXX object src/bench/CMakeFiles/bench_bitcoin.dir/coin_selection.cpp.o
[ 99%] Building CXX object src/bench/CMakeFiles/bench_bitcoin.dir/wallet_balance.cpp.o
[ 99%] Building CXX object src/bench/CMakeFiles/bench_bitcoin.dir/wallet_loading.cpp.o
[ 99%] Building CXX object src/test/CMakeFiles/test_bitcoin.dir/__/wallet/test/wallet_test_fixture.cpp.o
[ 99%] Building CXX object src/test/CMakeFiles/test_bitcoin.dir/__/wallet/test/wallet_tests.cpp.o
[ 99%] Building CXX object src/test/CMakeFiles/test_bitcoin.dir/__/wallet/test/wallet_transaction_tests.cpp.o
[ 99%] Building CXX object src/test/CMakeFiles/test_bitcoin.dir/__/wallet/test/walletdb_tests.cpp.o
[100%] Building CXX object src/test/CMakeFiles/test_bitcoin.dir/__/wallet/test/walletload_tests.cpp.o
[100%] Linking CXX executable bench_bitcoin
[100%] Built target bench_bitcoin
[100%] Linking CXX executable test_bitcoin
[100%] Built target test_bitcoin
Install the project...
-- Install configuration: "Release"
-- Installing: /private/var/folders/v7/fs2b0v3s0lz1n57gj9y4xb5m0000gn/T/cirrus-ci-build/ci/scratch/out/arm64-apple-darwin/bin/bitcoin-wallet
-- Installing: /private/var/folders/v7/fs2b0v3s0lz1n57gj9y4xb5m0000gn/T/cirrus-ci-build/ci/scratch/out/arm64-apple-darwin/bin/bitcoind
-- Installing: /private/var/folders/v7/fs2b0v3s0lz1n57gj9y4xb5m0000gn/T/cirrus-ci-build/ci/scratch/out/arm64-apple-darwin/bin/bitcoin-cli
-- Installing: /private/var/folders/v7/fs2b0v3s0lz1n57gj9y4xb5m0000gn/T/cirrus-ci-build/ci/scratch/out/arm64-apple-darwin/bin/bitcoin-tx
-- Installing: /private/var/folders/v7/fs2b0v3s0lz1n57gj9y4xb5m0000gn/T/cirrus-ci-build/ci/scratch/out/arm64-apple-darwin/bin/bitcoin-util
-- Installing: /private/var/folders/v7/fs2b0v3s0lz1n57gj9y4xb5m0000gn/T/cirrus-ci-build/ci/scratch/out/arm64-apple-darwin/share/man/man1
-- Installing: /private/var/folders/v7/fs2b0v3s0lz1n57gj9y4xb5m0000gn/T/cirrus-ci-build/ci/scratch/out/arm64-apple-darwin/share/man/man1/bitcoin-util.1
-- Installing: /private/var/folders/v7/fs2b0v3s0lz1n57gj9y4xb5m0000gn/T/cirrus-ci-build/ci/scratch/out/arm64-apple-darwin/share/man/man1/bitcoin-tx.1
-- Installing: /private/var/folders/v7/fs2b0v3s0lz1n57gj9y4xb5m0000gn/T/cirrus-ci-build/ci/scratch/out/arm64-apple-darwin/share/man/man1/bitcoin-wallet.1
-- Installing: /private/var/folders/v7/fs2b0v3s0lz1n57gj9y4xb5m0000gn/T/cirrus-ci-build/ci/scratch/out/arm64-apple-darwin/share/man/man1/bitcoin-qt.1
-- Installing: /private/var/folders/v7/fs2b0v3s0lz1n57gj9y4xb5m0000gn/T/cirrus-ci-build/ci/scratch/out/arm64-apple-darwin/share/man/man1/bitcoin-cli.1
-- Installing: /private/var/folders/v7/fs2b0v3s0lz1n57gj9y4xb5m0000gn/T/cirrus-ci-build/ci/scratch/out/arm64-apple-darwin/share/man/man1/bitcoind.1
-- Installing: /private/var/folders/v7/fs2b0v3s0lz1n57gj9y4xb5m0000gn/T/cirrus-ci-build/ci/scratch/out/arm64-apple-darwin/lib/libbitcoinconsensus.0.0.0.dylib
-- Installing: /private/var/folders/v7/fs2b0v3s0lz1n57gj9y4xb5m0000gn/T/cirrus-ci-build/ci/scratch/out/arm64-apple-darwin/lib/libbitcoinconsensus.0.dylib
-- Installing: /private/var/folders/v7/fs2b0v3s0lz1n57gj9y4xb5m0000gn/T/cirrus-ci-build/ci/scratch/out/arm64-apple-darwin/lib/libbitcoinconsensus.dylib
-- Installing: /private/var/folders/v7/fs2b0v3s0lz1n57gj9y4xb5m0000gn/T/cirrus-ci-build/ci/scratch/out/arm64-apple-darwin/lib/libbitcoinconsensus.a
-- Installing: /private/var/folders/v7/fs2b0v3s0lz1n57gj9y4xb5m0000gn/T/cirrus-ci-build/ci/scratch/out/arm64-apple-darwin/include/bitcoinconsensus.h
-- Installing: /private/var/folders/v7/fs2b0v3s0lz1n57gj9y4xb5m0000gn/T/cirrus-ci-build/ci/scratch/out/arm64-apple-darwin/lib/pkgconfig/libbitcoinconsensus.pc
-- Installing: /private/var/folders/v7/fs2b0v3s0lz1n57gj9y4xb5m0000gn/T/cirrus-ci-build/ci/scratch/out/arm64-apple-darwin/bin/bitcoin-qt
-- Installing: /private/var/folders/v7/fs2b0v3s0lz1n57gj9y4xb5m0000gn/T/cirrus-ci-build/ci/scratch/out/arm64-apple-darwin/bin/test_bitcoin
-- Installing: /private/var/folders/v7/fs2b0v3s0lz1n57gj9y4xb5m0000gn/T/cirrus-ci-build/ci/scratch/out/arm64-apple-darwin/bin/bench_bitcoin
ccache version 4.7.3
Cacheable calls:    634 /  634 (100.0%)
  Hits:              27 /  634 ( 4.26%)
    Direct:           0 /   27 ( 0.00%)
    Preprocessed:    27 /   27 (100.0%)
  Misses:           607 /  634 (95.74%)
Local storage:
  Cache size (GB): 0.25 / 0.30 (83.61%)
  Cleanups:           3
  0B	/private/var/folders/v7/fs2b0v3s0lz1n57gj9y4xb5m0000gn/T/cirrus-ci-build/depends/SDKs/
 24K	/private/var/folders/v7/fs2b0v3s0lz1n57gj9y4xb5m0000gn/T/cirrus-ci-build/depends/builders/
 36K	/private/var/folders/v7/fs2b0v3s0lz1n57gj9y4xb5m0000gn/T/cirrus-ci-build/depends/hosts/
144K	/private/var/folders/v7/fs2b0v3s0lz1n57gj9y4xb5m0000gn/T/cirrus-ci-build/depends/packages/
100K	/private/var/folders/v7/fs2b0v3s0lz1n57gj9y4xb5m0000gn/T/cirrus-ci-build/depends/patches/
  0B	/private/var/folders/v7/fs2b0v3s0lz1n57gj9y4xb5m0000gn/T/cirrus-ci-build/depends/sdk-sources/
  0B	/private/var/folders/v7/fs2b0v3s0lz1n57gj9y4xb5m0000gn/T/cirrus-ci-build/releases/arm64-apple-darwin
Consolidate compiler generated dependencies of target univalue
[  1%] Built target univalue
Consolidate compiler generated dependencies of target bitcoin_crypto
[  4%] Built target bitcoin_crypto
Consolidate compiler generated dependencies of target bitcoin_util
[ 12%] Built target bitcoin_util
Consolidate compiler generated dependencies of target secp256k1
[ 14%] Built target secp256k1
Consolidate compiler generated dependencies of target bitcoin_consensus
[ 17%] Built target bitcoin_consensus
Consolidate compiler generated dependencies of target bitcoin_common
[ 24%] Built target bitcoin_common
Consolidate compiler generated dependencies of target bitcoin_wallet
[ 30%] Built target bitcoin_wallet
Consolidate compiler generated dependencies of target minisketch
[ 32%] Built target minisketch
Consolidate compiler generated dependencies of target crc32c_sse42
[ 32%] Built target crc32c_sse42
Consolidate compiler generated dependencies of target crc32c_arm64
[ 33%] Built target crc32c_arm64
Consolidate compiler generated dependencies of target crc32c
[ 33%] Built target crc32c
Consolidate compiler generated dependencies of target leveldb
[ 41%] Built target leveldb
Consolidate compiler generated dependencies of target bitcoin_zmq
[ 43%] Built target bitcoin_zmq
Consolidate compiler generated dependencies of target bitcoin_node
[ 59%] Built target bitcoin_node
Consolidate compiler generated dependencies of target test_util
[ 62%] Built target test_util
Consolidate compiler generated dependencies of target bitcoinconsensus_static
[ 66%] Built target bitcoinconsensus_static
Consolidate compiler generated dependencies of target bench_bitcoin
[ 72%] Built target bench_bitcoin
Consolidate compiler generated dependencies of target bitcoin_cli
[ 74%] Built target bitcoin_cli
Consolidate compiler generated dependencies of target test_bitcoin
[100%] Built target test_bitcoin
Running with --sanity-check option, benchmark results will be useless.

|               ns/op |                op/s |    err% |     total | benchmark
|--------------------:|--------------------:|--------:|----------:|:----------
|       14,829,959.00 |               67.43 |    0.0% |      0.01 | `AddrManAdd`
|       32,044,334.00 |               31.21 |    0.0% |      0.03 | `AddrManAddThenGood`
|          135,708.00 |            7,368.76 |    0.0% |      0.00 | `AddrManGetAddr`
|              916.00 |        1,091,703.06 |    0.0% |      0.00 | `AddrManSelect`
|          203,292.00 |            4,919.03 |    0.0% |      0.00 | `AssembleBlock`

|             ns/byte |              byte/s |    err% |     total | benchmark
|--------------------:|--------------------:|--------:|----------:|:----------
|              152.34 |        6,564,102.56 |    0.0% |      0.00 | `Base58CheckEncode`
|               57.59 |       17,364,657.81 |    0.0% |      0.00 | `Base58Decode`
|               88.53 |       11,295,446.52 |    0.0% |      0.00 | `Base58Encode`
|               31.25 |       32,000,000.00 |    0.0% |      0.00 | `Bech32Decode`
|               36.47 |       27,420,736.93 |    0.0% |      0.00 | `Bech32Encode`

|               ns/op |                op/s |    err% |     total | benchmark
|--------------------:|--------------------:|--------:|----------:|:----------
|              792.00 |        1,262,626.26 |    0.0% |      0.00 | `BenchLockedPool`
|              208.00 |        4,807,692.31 |    0.0% |      0.00 | `BenchTimeDeprecated`
|               83.00 |       12,048,192.77 |    0.0% |      0.00 | `BenchTimeMillis`
|               83.00 |       12,048,192.77 |    0.0% |      0.00 | `BenchTimeMillisSys`
|               42.00 |       23,809,523.81 |    0.0% |      0.00 | `BenchTimeMock`
|       53,564,708.00 |               18.67 |    0.0% |      0.05 | `BlockToJsonVerbose`
|       31,215,167.00 |               32.04 |    0.0% |      0.03 | `BlockToJsonVerboseWrite`
|          343,917.00 |            2,907.68 |    0.0% |      0.00 | `BnBExhaustion`

|              ns/job |               job/s |    err% |     total | benchmark
|--------------------:|--------------------:|--------:|----------:|:----------
|              124.02 |        8,062,971.01 |    0.0% |      0.00 | `CCheckQueueSpeedPrevectorJob`

|               ns/op |                op/s |    err% |     total | benchmark
|--------------------:|--------------------:|--------:|----------:|:----------
|            1,542.00 |          648,508.43 |    0.0% |      0.00 | `CCoinsCaching`

|             ns/byte |              byte/s |    err% |     total | benchmark
|--------------------:|--------------------:|--------:|----------:|:----------
|                1.46 |      683,946,840.60 |    0.0% |      0.00 | `CHACHA20_1MB`
|                1.62 |      615,384,615.38 |    0.0% |      0.00 | `CHACHA20_256BYTES`
|                1.95 |      512,000,000.00 |    0.0% |      0.00 | `CHACHA20_64BYTES`
|                4.13 |      241,865,121.24 |    0.0% |      0.00 | `CHACHA20_POLY1305_AEAD_1MB_ENCRYPT_DECRYPT`
|                2.12 |      470,688,362.70 |    0.0% |      0.00 | `CHACHA20_POLY1305_AEAD_1MB_ONLY_ENCRYPT`
|                6.51 |      153,569,286.14 |    0.0% |      0.00 | `CHACHA20_POLY1305_AEAD_256BYTES_ENCRYPT_DECRYPT`
|                2.77 |      361,581,920.90 |    0.0% |      0.00 | `CHACHA20_POLY1305_AEAD_256BYTES_ONLY_ENCRYPT`
|                9.11 |      109,777,015.44 |    0.0% |      0.00 | `CHACHA20_POLY1305_AEAD_64BYTES_ENCRYPT_DECRYPT`
|                5.20 |      192,192,192.19 |    0.0% |      0.00 | `CHACHA20_POLY1305_AEAD_64BYTES_ONLY_ENCRYPT`

|               ns/op |                op/s |    err% |     total | benchmark
|--------------------:|--------------------:|--------:|----------:|:----------
|          595,417.00 |            1,679.50 |    0.0% |      0.00 | `CoinSelection`
|      137,266,708.00 |                7.29 |    0.0% |      0.14 | `ComplexMemPool`

|            ns/block |             block/s |    err% |     total | benchmark
|--------------------:|--------------------:|--------:|----------:|:----------
|        1,866,709.00 |              535.70 |    0.0% |      0.00 | `DeserializeAndCheckBlockTest`
|        1,267,166.00 |              789.16 |    0.0% |      0.00 | `DeserializeBlockTest`

|               ns/op |                op/s |    err% |     total | benchmark
|--------------------:|--------------------:|--------:|----------:|:----------
|        3,611,167.00 |              276.92 |    0.0% |      0.00 | `DuplicateInputs`
|           16,583.00 |           60,302.72 |    0.0% |      0.00 | `EvictionProtection0Networks250Candidates`
|            9,750.00 |          102,564.10 |    0.0% |      0.00 | `EvictionProtection1Networks250Candidates`
|           14,083.00 |           71,007.60 |    0.0% |      0.00 | `EvictionProtection2Networks250Candidates`
|            4,250.00 |          235,294.12 |    0.0% |      0.00 | `EvictionProtection3Networks050Candidates`
|           11,458.00 |           87,275.27 |    0.0% |      0.00 | `EvictionProtection3Networks100Candidates`
|           19,708.00 |           50,740.82 |    0.0% |      0.00 | `EvictionProtection3Networks250Candidates`
|        9,839,583.00 |              101.63 |    0.0% |      0.01 | `ExpandDescriptor`
|              375.00 |        2,666,666.67 |    0.0% |      0.00 | `FastRandom_1bit`
|              167.00 |        5,988,023.95 |    0.0% |      0.00 | `FastRandom_32bit`
|           78,708.00 |           12,705.19 |    0.0% |      0.00 | `GCSBlockFilterGetHash`
|        6,933,334.00 |              144.23 |    0.0% |      0.01 | `GCSFilterConstruct`
|        1,433,750.00 |              697.47 |    0.0% |      0.00 | `GCSFilterDecode`
|            3,041.00 |          328,839.20 |    0.0% |      0.00 | `GCSFilterDecodeSkipCheck`
|          175,083.00 |            5,711.58 |    0.0% |      0.00 | `GCSFilterMatch`

|             ns/byte |              byte/s |    err% |     total | benchmark
|--------------------:|--------------------:|--------:|----------:|:----------
|                0.46 |    2,185,863,066.70 |    0.0% |      0.00 | `HASH_1MB`
|                1.14 |      876,712,328.77 |    0.0% |      0.00 | `HASH_256BYTES`
|                2.61 |      383,233,532.93 |    0.0% |      0.00 | `HASH_64BYTES`
|                0.46 |    2,161,525,258.12 |    0.0% |      0.00 | `HexStrBench`

|               ns/op |                op/s |    err% |     total | benchmark
|--------------------:|--------------------:|--------:|----------:|:----------
|              417.00 |        2,398,081.53 |    0.0% |      0.00 | `LoggingNoCategory`
|              667.00 |        1,499,250.37 |    0.0% |      0.00 | `LoggingNoFile`
|            7,208.00 |          138,734.74 |    0.0% |      0.00 | `LoggingNoThreadNames`
|            8,167.00 |          122,443.98 |    0.0% |      0.00 | `LoggingYoCategory`
|            5,500.00 |          181,818.18 |    0.0% |      0.00 | `LoggingYoThreadNames`
|       39,634,041.00 |               25.23 |    0.0% |      0.04 | `MempoolCheck`
|           45,292.00 |           22,078.95 |    0.0% |      0.00 | `MempoolEviction`

|             ns/leaf |              leaf/s |    err% |     total | benchmark
|--------------------:|--------------------:|--------:|----------:|:----------
|               81.63 |       12,250,425.31 |    0.0% |      0.00 | `MerkleRoot`

|               ns/op |                op/s |    err% |     total | benchmark
|--------------------:|--------------------:|--------:|----------:|:----------
|            5,417.00 |          184,604.02 |    0.0% |      0.00 | `MuHash`
|            3,416.00 |          292,740.05 |    0.0% |      0.00 | `MuHashDiv`
|            3,292.00 |          303,766.71 |    0.0% |      0.00 | `MuHashMul`
|              709.00 |        1,410,437.24 |    0.0% |      0.00 | `MuHashPrecompute`

|             ns/byte |              byte/s |    err% |     total | benchmark
|--------------------:|--------------------:|--------:|----------:|:----------
|                0.60 |    1,654,231,512.52 |    0.0% |      0.00 | `POLY1305_1MB`
|                0.81 |    1,230,769,230.77 |    0.0% |      0.00 | `POLY1305_256BYTES`
|                1.31 |      761,904,761.90 |    0.0% |      0.00 | `POLY1305_64BYTES`

|               ns/op |                op/s |    err% |     total | benchmark
|--------------------:|--------------------:|--------:|----------:|:----------
|              125.00 |        8,000,000.00 |    0.0% |      0.00 | `PrePadded`
|              125.00 |        8,000,000.00 |    0.0% |      0.00 | `PrevectorClearNontrivial`
|               83.50 |       11,976,047.90 |    0.0% |      0.00 | `PrevectorClearTrivial`
|              233.21 |        4,288,017.56 |    0.0% |      0.00 | `PrevectorDeserializeNontrivial`
|               14.50 |       68,965,517.24 |    0.0% |      0.00 | `PrevectorDeserializeTrivial`
|               21.00 |       47,619,047.62 |    0.0% |      0.00 | `PrevectorDestructorNontrivial`
|               21.00 |       47,619,047.62 |    0.0% |      0.00 | `PrevectorDestructorTrivial`
|               52.00 |       19,230,769.23 |    0.0% |      0.00 | `PrevectorResizeNontrivial`
|               41.75 |       23,952,095.81 |    0.0% |      0.00 | `PrevectorResizeTrivial`

|             ns/byte |              byte/s |    err% |     total | benchmark
|--------------------:|--------------------:|--------:|----------:|:----------
|                2.35 |      424,756,147.50 |    0.0% |      0.00 | `RIPEMD160`

|               ns/op |                op/s |    err% |     total | benchmark
|--------------------:|--------------------:|--------:|----------:|:----------
|              167.00 |        5,988,023.95 |    0.0% |      0.00 | `RegularPadded`
|              709.00 |        1,410,437.24 |    0.0% |      0.00 | `RollingBloom`
|           10,292.00 |           97,162.84 |    0.0% |      0.00 | `RollingBloomReset`
|        4,879,250.00 |              204.95 |    0.0% |      0.00 | `RpcMempool`

|             ns/byte |              byte/s |    err% |     total | benchmark
|--------------------:|--------------------:|--------:|----------:|:----------
|                1.36 |      737,735,153.08 |    0.0% |      0.00 | `SHA1`
|                0.48 |    2,065,582,235.99 |    0.0% |      0.00 | `SHA256`
|                1.00 |    1,001,176,308.83 |    0.0% |      0.00 | `SHA256D64_1024`
|                3.91 |      256,000,000.00 |    0.0% |      0.00 | `SHA256_32b`
|                1.71 |      583,345,486.36 |    0.0% |      0.00 | `SHA3_256_1M`
|                1.90 |      526,246,546.51 |    0.0% |      0.00 | `SHA512`

|               ns/op |                op/s |    err% |     total | benchmark
|--------------------:|--------------------:|--------:|----------:|:----------
|               83.00 |       12,048,192.77 |    0.0% |      0.00 | `SipHash_32b`
|              417.00 |        2,398,081.53 |    0.0% |      0.00 | `Trig`
|           35,667.00 |           28,037.12 |    0.0% |      0.00 | `VerifyNestedIfScript`
|           65,916.00 |           15,170.82 |    0.0% |      0.00 | `VerifyScriptBench`
|            6,167.00 |          162,153.40 |    0.0% |      0.00 | `WalletBalanceClean`
|           92,000.00 |           10,869.57 |    0.0% |      0.00 | `WalletBalanceDirty`
|            5,834.00 |          171,408.98 |    0.0% |      0.00 | `WalletBalanceMine`
|               42.00 |       23,809,523.81 |    0.0% |      0.00 | `WalletBalanceWatch`
|      320,412,375.00 |                3.12 |    0.5% |      1.61 | `WalletLoadingDescriptors`
Internal ctest changing into directory: /private/var/folders/v7/fs2b0v3s0lz1n57gj9y4xb5m0000gn/T/cirrus-ci-build/ci/scratch/build/src/test
Test project /private/var/folders/v7/fs2b0v3s0lz1n57gj9y4xb5m0000gn/T/cirrus-ci-build/ci/scratch/build/src/test
        Start   1: addrman_tests:addrman_tests.cpp
        Start   2: allocator_tests:allocator_tests.cpp
        Start   3: amount_tests:amount_tests.cpp
        Start   4: arith_uint256_tests:arith_uint256_tests.cpp
  1/109 Test   #3: amount_tests:amount_tests.cpp ...............................................   Passed    0.11 sec
        Start   5: banman_tests:banman_tests.cpp
  2/109 Test   #2: allocator_tests:allocator_tests.cpp .........................................   Passed    0.12 sec
        Start   6: base32_tests:base32_tests.cpp
  3/109 Test   #4: arith_uint256_tests:arith_uint256_tests.cpp .................................   Passed    0.12 sec
        Start   7: base58_tests:base58_tests.cpp
  4/109 Test   #1: addrman_tests:addrman_tests.cpp .............................................   Passed    0.23 sec
        Start   8: base64_tests:base64_tests.cpp
  5/109 Test   #6: base32_tests:base32_tests.cpp ...............................................   Passed    0.11 sec
        Start   9: bech32_tests:bech32_tests.cpp
  6/109 Test   #5: banman_tests:banman_tests.cpp ...............................................   Passed    0.13 sec
        Start  10: bip32_tests:bip32_tests.cpp
  7/109 Test   #7: base58_tests:base58_tests.cpp ...............................................   Passed    0.20 sec
        Start  11: blockchain_tests:blockchain_tests.cpp
  8/109 Test   #8: base64_tests:base64_tests.cpp ...............................................   Passed    0.11 sec
        Start  12: blockencodings_tests:blockencodings_tests.cpp
  9/109 Test   #9: bech32_tests:bech32_tests.cpp ...............................................   Passed    0.11 sec
        Start  13: blockfilter_index_tests:blockfilter_index_tests.cpp
 10/109 Test  #10: bip32_tests:bip32_tests.cpp .................................................   Passed    0.15 sec
        Start  14: blockfilter_tests:blockfilter_tests.cpp
 11/109 Test  #11: blockchain_tests:blockchain_tests.cpp .......................................   Passed    0.14 sec
        Start  15: bloom_tests:bloom_tests.cpp
 12/109 Test  #14: blockfilter_tests:blockfilter_tests.cpp .....................................   Passed    0.12 sec
        Start  16: bswap_tests:bswap_tests.cpp
 13/109 Test  #16: bswap_tests:bswap_tests.cpp .................................................   Passed    0.12 sec
        Start  17: checkqueue_tests:checkqueue_tests.cpp
 14/109 Test  #15: bloom_tests:bloom_tests.cpp .................................................   Passed    0.20 sec
        Start  18: coinstatsindex_tests:coinstatsindex_tests.cpp
 15/109 Test  #12: blockencodings_tests:blockencodings_tests.cpp ...............................   Passed    0.57 sec
        Start  19: coins_tests:coins_tests.cpp
 16/109 Test  #13: blockfilter_index_tests:blockfilter_index_tests.cpp .........................   Passed    0.82 sec
        Start  20: compress_tests:compress_tests.cpp
 17/109 Test  #20: compress_tests:compress_tests.cpp ...........................................   Passed    0.26 sec
        Start  21: crypto_tests:crypto_tests.cpp
 18/109 Test  #17: checkqueue_tests:checkqueue_tests.cpp .......................................   Passed    0.90 sec
        Start  22: cuckoocache_tests:cuckoocache_tests.cpp
 19/109 Test  #22: cuckoocache_tests:cuckoocache_tests.cpp .....................................   Passed    0.45 sec
        Start  23: dbwrapper_tests:dbwrapper_tests.cpp
 20/109 Test  #23: dbwrapper_tests:dbwrapper_tests.cpp .........................................   Passed    0.52 sec
        Start  24: denialofservice_tests:denialofservice_tests.cpp
 21/109 Test  #21: crypto_tests:crypto_tests.cpp ...............................................   Passed    1.11 sec
        Start  25: descriptor_tests:descriptor_tests.cpp
 22/109 Test  #18: coinstatsindex_tests:coinstatsindex_tests.cpp ...............................   Passed    2.02 sec
        Start  26: flatfile_tests:flatfile_tests.cpp
 23/109 Test  #24: denialofservice_tests:denialofservice_tests.cpp .............................   Passed    0.34 sec
        Start  27: fs_tests:fs_tests.cpp
 24/109 Test  #25: descriptor_tests:descriptor_tests.cpp .......................................   Passed    0.33 sec
        Start  28: getarg_tests:getarg_tests.cpp
 25/109 Test  #26: flatfile_tests:flatfile_tests.cpp ...........................................   Passed    0.18 sec
        Start  29: hash_tests:hash_tests.cpp
 26/109 Test  #27: fs_tests:fs_tests.cpp .......................................................   Passed    0.13 sec
        Start  30: headers_sync_chainwork_tests:headers_sync_chainwork_tests.cpp
 27/109 Test  #29: hash_tests:hash_tests.cpp ...................................................   Passed    0.11 sec
        Start  31: httpserver_tests:httpserver_tests.cpp
 28/109 Test  #28: getarg_tests:getarg_tests.cpp ...............................................   Passed    0.16 sec
        Start  32: i2p_tests:i2p_tests.cpp
 29/109 Test  #31: httpserver_tests:httpserver_tests.cpp .......................................   Passed    0.16 sec
        Start  33: interfaces_tests:interfaces_tests.cpp
 30/109 Test  #30: headers_sync_chainwork_tests:headers_sync_chainwork_tests.cpp ...............   Passed    0.18 sec
        Start  34: key_io_tests:key_io_tests.cpp
 31/109 Test  #32: i2p_tests:i2p_tests.cpp .....................................................   Passed    0.13 sec
        Start  35: key_tests:key_tests.cpp
 32/109 Test  #34: key_io_tests:key_io_tests.cpp ...............................................   Passed    0.18 sec
        Start  36: logging_tests:logging_tests.cpp
 33/109 Test  #35: key_tests:key_tests.cpp .....................................................   Passed    0.23 sec
        Start  37: mempool_tests:mempool_tests.cpp
 34/109 Test  #36: logging_tests:logging_tests.cpp .............................................   Passed    0.15 sec
        Start  38: merkleblock_tests:merkleblock_tests.cpp
 35/109 Test  #38: merkleblock_tests:merkleblock_tests.cpp .....................................   Passed    0.11 sec
        Start  39: merkle_tests:merkle_tests.cpp
 36/109 Test  #37: mempool_tests:mempool_tests.cpp .............................................   Passed    0.41 sec
        Start  40: miner_tests:miner_tests.cpp
 37/109 Test  #33: interfaces_tests:interfaces_tests.cpp .......................................   Passed    0.98 sec
        Start  41: miniscript_tests:miniscript_tests.cpp
 38/109 Test  #39: merkle_tests:merkle_tests.cpp ...............................................   Passed    0.60 sec
        Start  42: minisketch_tests:minisketch_tests.cpp
 39/109 Test  #41: miniscript_tests:miniscript_tests.cpp .......................................   Passed    0.14 sec
        Start  43: multisig_tests:multisig_tests.cpp
 40/109 Test  #42: minisketch_tests:minisketch_tests.cpp .......................................   Passed    0.18 sec
        Start  44: netbase_tests:netbase_tests.cpp
 41/109 Test  #43: multisig_tests:multisig_tests.cpp ...........................................   Passed    0.14 sec
        Start  45: net_peer_eviction_tests:net_peer_eviction_tests.cpp
 42/109 Test  #44: netbase_tests:netbase_tests.cpp .............................................   Passed    0.16 sec
        Start  46: net_tests:net_tests.cpp
 43/109 Test  #45: net_peer_eviction_tests:net_peer_eviction_tests.cpp .........................   Passed    0.20 sec
        Start  47: orphanage_tests:orphanage_tests.cpp
 44/109 Test  #47: orphanage_tests:orphanage_tests.cpp .........................................   Passed    0.24 sec
        Start  48: pmt_tests:pmt_tests.cpp
 45/109 Test  #19: coins_tests:coins_tests.cpp .................................................   Passed    4.05 sec
        Start  49: policyestimator_tests:policyestimator_tests.cpp
 46/109 Test  #48: pmt_tests:pmt_tests.cpp .....................................................   Passed    0.21 sec
        Start  50: policy_fee_tests:policy_fee_tests.cpp
 47/109 Test  #50: policy_fee_tests:policy_fee_tests.cpp .......................................   Passed    0.11 sec
        Start  51: pow_tests:pow_tests.cpp
 48/109 Test  #49: policyestimator_tests:policyestimator_tests.cpp .............................   Passed    0.22 sec
        Start  52: prevector_tests:prevector_tests.cpp
 49/109 Test  #46: net_tests:net_tests.cpp .....................................................   Passed    0.71 sec
        Start  53: raii_event_tests:raii_event_tests.cpp
 50/109 Test  #51: pow_tests:pow_tests.cpp .....................................................   Passed    0.16 sec
        Start  54: random_tests:random_tests.cpp
 51/109 Test  #40: miner_tests:miner_tests.cpp .................................................   Passed    1.51 sec
        Start  55: rbf_tests:rbf_tests.cpp
 52/109 Test  #53: raii_event_tests:raii_event_tests.cpp .......................................   Passed    0.12 sec
        Start  56: rest_tests:rest_tests.cpp
 53/109 Test  #52: prevector_tests:prevector_tests.cpp .........................................   Passed    0.34 sec
        Start  57: result_tests:result_tests.cpp
 54/109 Test  #54: random_tests:random_tests.cpp ...............................................   Passed    0.21 sec
        Start  58: reverselock_tests:reverselock_tests.cpp
 55/109 Test  #56: rest_tests:rest_tests.cpp ...................................................   Passed    0.15 sec
        Start  59: rpc_tests:rpc_tests.cpp
 56/109 Test  #55: rbf_tests:rbf_tests.cpp .....................................................   Passed    0.25 sec
        Start  60: sanity_tests:sanity_tests.cpp
 57/109 Test  #57: result_tests:result_tests.cpp ...............................................   Passed    0.11 sec
        Start  61: scheduler_tests:scheduler_tests.cpp
 58/109 Test  #58: reverselock_tests:reverselock_tests.cpp .....................................   Passed    0.11 sec
        Start  62: scriptnum_tests:scriptnum_tests.cpp
 59/109 Test  #60: sanity_tests:sanity_tests.cpp ...............................................   Passed    0.13 sec
        Start  63: script_p2sh_tests:script_p2sh_tests.cpp
 60/109 Test  #61: scheduler_tests:scheduler_tests.cpp .........................................   Passed    0.12 sec
        Start  64: script_parse_tests:script_parse_tests.cpp
 61/109 Test  #62: scriptnum_tests:scriptnum_tests.cpp .........................................   Passed    0.15 sec
        Start  65: script_segwit_tests:script_segwit_tests.cpp
 62/109 Test  #63: script_p2sh_tests:script_p2sh_tests.cpp .....................................   Passed    0.14 sec
        Start  66: script_standard_tests:script_standard_tests.cpp
 63/109 Test  #64: script_parse_tests:script_parse_tests.cpp ...................................   Passed    0.12 sec
        Start  67: script_tests:script_tests.cpp
 64/109 Test  #65: script_segwit_tests:script_segwit_tests.cpp .................................   Passed    0.17 sec
        Start  68: serfloat_tests:serfloat_tests.cpp
 65/109 Test  #66: script_standard_tests:script_standard_tests.cpp .............................   Passed    0.16 sec
        Start  69: serialize_tests:serialize_tests.cpp
 66/109 Test  #59: rpc_tests:rpc_tests.cpp .....................................................   Passed    0.57 sec
        Start  70: settings_tests:settings_tests.cpp
 67/109 Test  #69: serialize_tests:serialize_tests.cpp .........................................   Passed    0.17 sec
        Start  71: sighash_tests:sighash_tests.cpp
 68/109 Test  #70: settings_tests:settings_tests.cpp ...........................................   Passed    0.14 sec
        Start  72: sigopcount_tests:sigopcount_tests.cpp
 69/109 Test  #72: sigopcount_tests:sigopcount_tests.cpp .......................................   Passed    0.13 sec
        Start  73: skiplist_tests:skiplist_tests.cpp
 70/109 Test  #71: sighash_tests:sighash_tests.cpp .............................................   Passed    0.27 sec
        Start  74: sock_tests:sock_tests.cpp
 71/109 Test  #68: serfloat_tests:serfloat_tests.cpp ...........................................   Passed    0.50 sec
        Start  75: streams_tests:streams_tests.cpp
 72/109 Test  #74: sock_tests:sock_tests.cpp ...................................................   Passed    0.15 sec
        Start  76: sync_tests:sync_tests.cpp
 73/109 Test  #75: streams_tests:streams_tests.cpp .............................................   Passed    0.16 sec
        Start  77: system_tests:system_tests.cpp
 74/109 Test  #76: sync_tests:sync_tests.cpp ...................................................   Passed    0.12 sec
        Start  78: timedata_tests:timedata_tests.cpp
 75/109 Test  #73: skiplist_tests:skiplist_tests.cpp ...........................................   Passed    0.33 sec
        Start  79: torcontrol_tests:torcontrol_tests.cpp
 76/109 Test  #77: system_tests:system_tests.cpp ...............................................   Passed    0.14 sec
        Start  80: transaction_tests:transaction_tests.cpp
 77/109 Test  #79: torcontrol_tests:torcontrol_tests.cpp .......................................   Passed    0.11 sec
        Start  81: txindex_tests:txindex_tests.cpp
 78/109 Test  #78: timedata_tests:timedata_tests.cpp ...........................................   Passed    0.13 sec
        Start  82: txpackage_tests:txpackage_tests.cpp
 79/109 Test  #81: txindex_tests:txindex_tests.cpp .............................................   Passed    0.36 sec
        Start  83: txreconciliation_tests:txreconciliation_tests.cpp
 80/109 Test  #83: txreconciliation_tests:txreconciliation_tests.cpp ...........................   Passed    0.13 sec
        Start  84: txrequest_tests:txrequest_tests.cpp
 81/109 Test  #67: script_tests:script_tests.cpp ...............................................   Passed    1.45 sec
        Start  85: txvalidationcache_tests:txvalidationcache_tests.cpp
 82/109 Test  #82: txpackage_tests:txpackage_tests.cpp .........................................   Passed    0.58 sec
        Start  86: txvalidation_tests:txvalidation_tests.cpp
 83/109 Test  #86: txvalidation_tests:txvalidation_tests.cpp ...................................   Passed    0.29 sec
        Start  87: uint256_tests:uint256_tests.cpp
 84/109 Test  #87: uint256_tests:uint256_tests.cpp .............................................   Passed    0.11 sec
        Start  88: util_tests:util_tests.cpp
 85/109 Test  #88: util_tests:util_tests.cpp ...................................................   Passed    0.17 sec
        Start  89: util_threadnames_tests:util_threadnames_tests.cpp
 86/109 Test  #85: txvalidationcache_tests:txvalidationcache_tests.cpp .........................   Passed    0.66 sec
        Start  90: validation_block_tests:validation_block_tests.cpp
 87/109 Test  #89: util_threadnames_tests:util_threadnames_tests.cpp ...........................   Passed    0.11 sec
        Start  91: validation_chainstatemanager_tests:validation_chainstatemanager_tests.cpp
 88/109 Test  #84: txrequest_tests:txrequest_tests.cpp .........................................   Passed    0.80 sec
        Start  92: validation_chainstate_tests:validation_chainstate_tests.cpp
 89/109 Test  #80: transaction_tests:transaction_tests.cpp .....................................   Passed    2.07 sec
        Start  93: validation_flush_tests:validation_flush_tests.cpp
 90/109 Test  #92: validation_chainstate_tests:validation_chainstate_tests.cpp .................   Passed    0.72 sec
        Start  94: validationinterface_tests:validationinterface_tests.cpp
 91/109 Test  #93: validation_flush_tests:validation_flush_tests.cpp ...........................   Passed    0.19 sec
        Start  95: validation_tests:validation_tests.cpp
 92/109 Test  #94: validationinterface_tests:validationinterface_tests.cpp .....................   Passed    0.27 sec
        Start  96: versionbits_tests:versionbits_tests.cpp
 93/109 Test  #95: validation_tests:validation_tests.cpp .......................................   Passed    0.38 sec
        Start  97: availablecoins_tests:../wallet/test/availablecoins_tests.cpp
 94/109 Test  #96: versionbits_tests:versionbits_tests.cpp .....................................   Passed    0.61 sec
        Start  98: coinselector_tests:../wallet/test/coinselector_tests.cpp
 95/109 Test  #97: availablecoins_tests:../wallet/test/availablecoins_tests.cpp ................   Passed    1.15 sec
        Start  99: init_tests:../wallet/test/init_tests.cpp
 96/109 Test  #99: init_tests:../wallet/test/init_tests.cpp ....................................   Passed    0.22 sec
        Start 100: ismine_tests:../wallet/test/ismine_tests.cpp
 97/109 Test #100: ismine_tests:../wallet/test/ismine_tests.cpp ................................   Passed    0.14 sec
        Start 101: psbt_wallet_tests:../wallet/test/psbt_wallet_tests.cpp
 98/109 Test #101: psbt_wallet_tests:../wallet/test/psbt_wallet_tests.cpp ......................   Passed    0.38 sec
        Start 102: wallet_util_tests:../wallet/test/rpc_util_tests.cpp
 99/109 Test #102: wallet_util_tests:../wallet/test/rpc_util_tests.cpp .........................   Passed    0.11 sec
        Start 103: scriptpubkeyman_tests:../wallet/test/scriptpubkeyman_tests.cpp
100/109 Test #103: scriptpubkeyman_tests:../wallet/test/scriptpubkeyman_tests.cpp ..............   Passed    0.14 sec
        Start 104: spend_tests:../wallet/test/spend_tests.cpp
101/109 Test #104: spend_tests:../wallet/test/spend_tests.cpp ..................................   Passed    1.05 sec
        Start 105: wallet_crypto_tests:../wallet/test/wallet_crypto_tests.cpp
102/109 Test  #90: validation_block_tests:validation_block_tests.cpp ...........................   Passed    4.77 sec
        Start 106: wallet_tests:../wallet/test/wallet_tests.cpp
103/109 Test #105: wallet_crypto_tests:../wallet/test/wallet_crypto_tests.cpp ..................   Passed    0.76 sec
        Start 107: wallet_transaction_tests:../wallet/test/wallet_transaction_tests.cpp
104/109 Test #107: wallet_transaction_tests:../wallet/test/wallet_transaction_tests.cpp ........   Passed    0.21 sec
        Start 108: walletdb_tests:../wallet/test/walletdb_tests.cpp
105/109 Test #108: walletdb_tests:../wallet/test/walletdb_tests.cpp ............................   Passed    0.14 sec
        Start 109: walletload_tests:../wallet/test/walletload_tests.cpp
106/109 Test #109: walletload_tests:../wallet/test/walletload_tests.cpp ........................   Passed    0.20 sec
107/109 Test  #91: validation_chainstatemanager_tests:validation_chainstatemanager_tests.cpp ...   Passed    6.63 sec
108/109 Test  #98: coinselector_tests:../wallet/test/coinselector_tests.cpp ....................   Passed    6.54 sec
109/109 Test #106: wallet_tests:../wallet/test/wallet_tests.cpp ................................   Passed   14.83 sec

100% tests passed, 0 tests failed out of 109

Total Test time (real) =  27.59 sec
...
----------------------------------------------------------------------
Ran 3 tests in 0.014s

OK
[100%] Built target check
E
======================================================================
ERROR: test_framework (unittest.loader._FailedTest)
----------------------------------------------------------------------
ImportError: Failed to import test module: test_framework
Traceback (most recent call last):
  File "/Applications/Xcode.app/Contents/Developer/Library/Frameworks/Python3.framework/Versions/3.9/lib/python3.9/unittest/loader.py", line 154, in loadTestsFromName
    module = __import__(module_name)
ModuleNotFoundError: No module named 'test_framework'


----------------------------------------------------------------------
Ran 1 test in 0.000s

FAILED (errors=1)
Running Unit Tests for Test Framework Modules
                                                                                